[2025-01-23T13:36:23.440+0000] {processor.py:157} INFO - Started process (PID=405) to work on /opt/airflow/dags/pipeline.py
[2025-01-23T13:36:23.441+0000] {processor.py:829} INFO - Processing file /opt/airflow/dags/pipeline.py for tasks to queue
[2025-01-23T13:36:23.441+0000] {logging_mixin.py:151} INFO - [2025-01-23T13:36:23.441+0000] {dagbag.py:539} INFO - Filling up the DagBag from /opt/airflow/dags/pipeline.py
[2025-01-23T13:36:23.450+0000] {processor.py:839} INFO - DAG(s) dict_keys(['hello_airflow']) retrieved from /opt/airflow/dags/pipeline.py
[2025-01-23T13:36:23.524+0000] {logging_mixin.py:151} INFO - [2025-01-23T13:36:23.524+0000] {dag.py:2907} INFO - Sync 1 DAGs
[2025-01-23T13:36:23.539+0000] {logging_mixin.py:151} INFO - [2025-01-23T13:36:23.538+0000] {dag.py:3677} INFO - Setting next_dagrun for hello_airflow to 2025-01-26T00:00:00+00:00, run_after=2025-02-02T00:00:00+00:00
[2025-01-23T13:36:23.555+0000] {processor.py:179} INFO - Processing /opt/airflow/dags/pipeline.py took 0.117 seconds
[2025-01-23T13:36:53.647+0000] {processor.py:157} INFO - Started process (PID=417) to work on /opt/airflow/dags/pipeline.py
[2025-01-23T13:36:53.650+0000] {processor.py:829} INFO - Processing file /opt/airflow/dags/pipeline.py for tasks to queue
[2025-01-23T13:36:53.651+0000] {logging_mixin.py:151} INFO - [2025-01-23T13:36:53.650+0000] {dagbag.py:539} INFO - Filling up the DagBag from /opt/airflow/dags/pipeline.py
[2025-01-23T13:36:53.658+0000] {processor.py:839} INFO - DAG(s) dict_keys(['hello_airflow']) retrieved from /opt/airflow/dags/pipeline.py
[2025-01-23T13:36:53.677+0000] {logging_mixin.py:151} INFO - [2025-01-23T13:36:53.677+0000] {dag.py:2907} INFO - Sync 1 DAGs
[2025-01-23T13:36:53.691+0000] {logging_mixin.py:151} INFO - [2025-01-23T13:36:53.691+0000] {dag.py:3677} INFO - Setting next_dagrun for hello_airflow to 2025-01-26T00:00:00+00:00, run_after=2025-02-02T00:00:00+00:00
[2025-01-23T13:36:53.706+0000] {processor.py:179} INFO - Processing /opt/airflow/dags/pipeline.py took 0.062 seconds
[2025-01-23T13:37:23.911+0000] {processor.py:157} INFO - Started process (PID=429) to work on /opt/airflow/dags/pipeline.py
[2025-01-23T13:37:23.913+0000] {processor.py:829} INFO - Processing file /opt/airflow/dags/pipeline.py for tasks to queue
[2025-01-23T13:37:23.913+0000] {logging_mixin.py:151} INFO - [2025-01-23T13:37:23.913+0000] {dagbag.py:539} INFO - Filling up the DagBag from /opt/airflow/dags/pipeline.py
[2025-01-23T13:37:23.924+0000] {processor.py:839} INFO - DAG(s) dict_keys(['hello_airflow']) retrieved from /opt/airflow/dags/pipeline.py
[2025-01-23T13:37:23.943+0000] {logging_mixin.py:151} INFO - [2025-01-23T13:37:23.942+0000] {dag.py:2907} INFO - Sync 1 DAGs
[2025-01-23T13:37:23.955+0000] {logging_mixin.py:151} INFO - [2025-01-23T13:37:23.955+0000] {dag.py:3677} INFO - Setting next_dagrun for hello_airflow to 2025-01-26T00:00:00+00:00, run_after=2025-02-02T00:00:00+00:00
[2025-01-23T13:37:23.967+0000] {processor.py:179} INFO - Processing /opt/airflow/dags/pipeline.py took 0.058 seconds
[2025-01-23T13:37:29.002+0000] {processor.py:157} INFO - Started process (PID=441) to work on /opt/airflow/dags/pipeline.py
[2025-01-23T13:37:29.003+0000] {processor.py:829} INFO - Processing file /opt/airflow/dags/pipeline.py for tasks to queue
[2025-01-23T13:37:29.004+0000] {logging_mixin.py:151} INFO - [2025-01-23T13:37:29.003+0000] {dagbag.py:539} INFO - Filling up the DagBag from /opt/airflow/dags/pipeline.py
[2025-01-23T13:37:29.012+0000] {processor.py:839} INFO - DAG(s) dict_keys(['hello_airflow']) retrieved from /opt/airflow/dags/pipeline.py
[2025-01-23T13:37:29.106+0000] {logging_mixin.py:151} INFO - [2025-01-23T13:37:29.106+0000] {dag.py:2907} INFO - Sync 1 DAGs
[2025-01-23T13:37:29.119+0000] {logging_mixin.py:151} INFO - [2025-01-23T13:37:29.119+0000] {dag.py:3677} INFO - Setting next_dagrun for hello_airflow to 2025-01-26T00:00:00+00:00, run_after=2025-02-02T00:00:00+00:00
[2025-01-23T13:37:29.132+0000] {processor.py:179} INFO - Processing /opt/airflow/dags/pipeline.py took 0.132 seconds
[2025-01-23T13:37:59.218+0000] {processor.py:157} INFO - Started process (PID=456) to work on /opt/airflow/dags/pipeline.py
[2025-01-23T13:37:59.220+0000] {processor.py:829} INFO - Processing file /opt/airflow/dags/pipeline.py for tasks to queue
[2025-01-23T13:37:59.221+0000] {logging_mixin.py:151} INFO - [2025-01-23T13:37:59.221+0000] {dagbag.py:539} INFO - Filling up the DagBag from /opt/airflow/dags/pipeline.py
[2025-01-23T13:37:59.233+0000] {processor.py:839} INFO - DAG(s) dict_keys(['hello_airflow']) retrieved from /opt/airflow/dags/pipeline.py
[2025-01-23T13:37:59.254+0000] {logging_mixin.py:151} INFO - [2025-01-23T13:37:59.254+0000] {dag.py:2907} INFO - Sync 1 DAGs
[2025-01-23T13:37:59.269+0000] {logging_mixin.py:151} INFO - [2025-01-23T13:37:59.269+0000] {dag.py:3677} INFO - Setting next_dagrun for hello_airflow to 2025-01-26T00:00:00+00:00, run_after=2025-02-02T00:00:00+00:00
[2025-01-23T13:37:59.284+0000] {processor.py:179} INFO - Processing /opt/airflow/dags/pipeline.py took 0.069 seconds
[2025-01-23T13:38:29.438+0000] {processor.py:157} INFO - Started process (PID=468) to work on /opt/airflow/dags/pipeline.py
[2025-01-23T13:38:29.439+0000] {processor.py:829} INFO - Processing file /opt/airflow/dags/pipeline.py for tasks to queue
[2025-01-23T13:38:29.440+0000] {logging_mixin.py:151} INFO - [2025-01-23T13:38:29.440+0000] {dagbag.py:539} INFO - Filling up the DagBag from /opt/airflow/dags/pipeline.py
[2025-01-23T13:38:29.450+0000] {processor.py:839} INFO - DAG(s) dict_keys(['hello_airflow']) retrieved from /opt/airflow/dags/pipeline.py
[2025-01-23T13:38:29.472+0000] {logging_mixin.py:151} INFO - [2025-01-23T13:38:29.471+0000] {dag.py:2907} INFO - Sync 1 DAGs
[2025-01-23T13:38:29.488+0000] {logging_mixin.py:151} INFO - [2025-01-23T13:38:29.488+0000] {dag.py:3677} INFO - Setting next_dagrun for hello_airflow to 2025-01-26T00:00:00+00:00, run_after=2025-02-02T00:00:00+00:00
[2025-01-23T13:38:29.509+0000] {processor.py:179} INFO - Processing /opt/airflow/dags/pipeline.py took 0.073 seconds
[2025-01-23T13:38:59.657+0000] {processor.py:157} INFO - Started process (PID=480) to work on /opt/airflow/dags/pipeline.py
[2025-01-23T13:38:59.659+0000] {processor.py:829} INFO - Processing file /opt/airflow/dags/pipeline.py for tasks to queue
[2025-01-23T13:38:59.660+0000] {logging_mixin.py:151} INFO - [2025-01-23T13:38:59.660+0000] {dagbag.py:539} INFO - Filling up the DagBag from /opt/airflow/dags/pipeline.py
[2025-01-23T13:38:59.672+0000] {processor.py:839} INFO - DAG(s) dict_keys(['hello_airflow']) retrieved from /opt/airflow/dags/pipeline.py
[2025-01-23T13:38:59.691+0000] {logging_mixin.py:151} INFO - [2025-01-23T13:38:59.691+0000] {dag.py:2907} INFO - Sync 1 DAGs
[2025-01-23T13:38:59.704+0000] {logging_mixin.py:151} INFO - [2025-01-23T13:38:59.704+0000] {dag.py:3677} INFO - Setting next_dagrun for hello_airflow to 2025-01-26T00:00:00+00:00, run_after=2025-02-02T00:00:00+00:00
[2025-01-23T13:38:59.718+0000] {processor.py:179} INFO - Processing /opt/airflow/dags/pipeline.py took 0.063 seconds
[2025-01-23T13:39:29.890+0000] {processor.py:157} INFO - Started process (PID=492) to work on /opt/airflow/dags/pipeline.py
[2025-01-23T13:39:29.892+0000] {processor.py:829} INFO - Processing file /opt/airflow/dags/pipeline.py for tasks to queue
[2025-01-23T13:39:29.893+0000] {logging_mixin.py:151} INFO - [2025-01-23T13:39:29.893+0000] {dagbag.py:539} INFO - Filling up the DagBag from /opt/airflow/dags/pipeline.py
[2025-01-23T13:39:29.903+0000] {processor.py:839} INFO - DAG(s) dict_keys(['hello_airflow']) retrieved from /opt/airflow/dags/pipeline.py
[2025-01-23T13:39:29.923+0000] {logging_mixin.py:151} INFO - [2025-01-23T13:39:29.922+0000] {dag.py:2907} INFO - Sync 1 DAGs
[2025-01-23T13:39:29.946+0000] {logging_mixin.py:151} INFO - [2025-01-23T13:39:29.946+0000] {dag.py:3677} INFO - Setting next_dagrun for hello_airflow to 2025-01-26T00:00:00+00:00, run_after=2025-02-02T00:00:00+00:00
[2025-01-23T13:39:29.967+0000] {processor.py:179} INFO - Processing /opt/airflow/dags/pipeline.py took 0.079 seconds
[2025-01-23T13:40:00.093+0000] {processor.py:157} INFO - Started process (PID=505) to work on /opt/airflow/dags/pipeline.py
[2025-01-23T13:40:00.095+0000] {processor.py:829} INFO - Processing file /opt/airflow/dags/pipeline.py for tasks to queue
[2025-01-23T13:40:00.096+0000] {logging_mixin.py:151} INFO - [2025-01-23T13:40:00.096+0000] {dagbag.py:539} INFO - Filling up the DagBag from /opt/airflow/dags/pipeline.py
[2025-01-23T13:40:00.105+0000] {processor.py:839} INFO - DAG(s) dict_keys(['hello_airflow']) retrieved from /opt/airflow/dags/pipeline.py
[2025-01-23T13:40:00.127+0000] {logging_mixin.py:151} INFO - [2025-01-23T13:40:00.127+0000] {dag.py:2907} INFO - Sync 1 DAGs
[2025-01-23T13:40:00.143+0000] {logging_mixin.py:151} INFO - [2025-01-23T13:40:00.143+0000] {dag.py:3677} INFO - Setting next_dagrun for hello_airflow to 2025-01-26T00:00:00+00:00, run_after=2025-02-02T00:00:00+00:00
[2025-01-23T13:40:00.158+0000] {processor.py:179} INFO - Processing /opt/airflow/dags/pipeline.py took 0.068 seconds
[2025-01-23T13:40:30.341+0000] {processor.py:157} INFO - Started process (PID=516) to work on /opt/airflow/dags/pipeline.py
[2025-01-23T13:40:30.349+0000] {processor.py:829} INFO - Processing file /opt/airflow/dags/pipeline.py for tasks to queue
[2025-01-23T13:40:30.349+0000] {logging_mixin.py:151} INFO - [2025-01-23T13:40:30.349+0000] {dagbag.py:539} INFO - Filling up the DagBag from /opt/airflow/dags/pipeline.py
[2025-01-23T13:40:30.359+0000] {processor.py:839} INFO - DAG(s) dict_keys(['hello_airflow']) retrieved from /opt/airflow/dags/pipeline.py
[2025-01-23T13:40:30.376+0000] {logging_mixin.py:151} INFO - [2025-01-23T13:40:30.376+0000] {dag.py:2907} INFO - Sync 1 DAGs
[2025-01-23T13:40:30.389+0000] {logging_mixin.py:151} INFO - [2025-01-23T13:40:30.389+0000] {dag.py:3677} INFO - Setting next_dagrun for hello_airflow to 2025-01-26T00:00:00+00:00, run_after=2025-02-02T00:00:00+00:00
[2025-01-23T13:40:30.402+0000] {processor.py:179} INFO - Processing /opt/airflow/dags/pipeline.py took 0.063 seconds
[2025-01-23T13:41:00.543+0000] {processor.py:157} INFO - Started process (PID=528) to work on /opt/airflow/dags/pipeline.py
[2025-01-23T13:41:00.545+0000] {processor.py:829} INFO - Processing file /opt/airflow/dags/pipeline.py for tasks to queue
[2025-01-23T13:41:00.546+0000] {logging_mixin.py:151} INFO - [2025-01-23T13:41:00.546+0000] {dagbag.py:539} INFO - Filling up the DagBag from /opt/airflow/dags/pipeline.py
[2025-01-23T13:41:00.555+0000] {processor.py:839} INFO - DAG(s) dict_keys(['hello_airflow']) retrieved from /opt/airflow/dags/pipeline.py
[2025-01-23T13:41:00.575+0000] {logging_mixin.py:151} INFO - [2025-01-23T13:41:00.574+0000] {dag.py:2907} INFO - Sync 1 DAGs
[2025-01-23T13:41:00.589+0000] {logging_mixin.py:151} INFO - [2025-01-23T13:41:00.589+0000] {dag.py:3677} INFO - Setting next_dagrun for hello_airflow to 2025-01-26T00:00:00+00:00, run_after=2025-02-02T00:00:00+00:00
[2025-01-23T13:41:00.603+0000] {processor.py:179} INFO - Processing /opt/airflow/dags/pipeline.py took 0.064 seconds
[2025-01-23T13:41:30.784+0000] {processor.py:157} INFO - Started process (PID=540) to work on /opt/airflow/dags/pipeline.py
[2025-01-23T13:41:30.786+0000] {processor.py:829} INFO - Processing file /opt/airflow/dags/pipeline.py for tasks to queue
[2025-01-23T13:41:30.787+0000] {logging_mixin.py:151} INFO - [2025-01-23T13:41:30.787+0000] {dagbag.py:539} INFO - Filling up the DagBag from /opt/airflow/dags/pipeline.py
[2025-01-23T13:41:30.801+0000] {processor.py:839} INFO - DAG(s) dict_keys(['hello_airflow']) retrieved from /opt/airflow/dags/pipeline.py
[2025-01-23T13:41:30.822+0000] {logging_mixin.py:151} INFO - [2025-01-23T13:41:30.822+0000] {dag.py:2907} INFO - Sync 1 DAGs
[2025-01-23T13:41:30.843+0000] {logging_mixin.py:151} INFO - [2025-01-23T13:41:30.843+0000] {dag.py:3677} INFO - Setting next_dagrun for hello_airflow to 2025-01-26T00:00:00+00:00, run_after=2025-02-02T00:00:00+00:00
[2025-01-23T13:41:30.862+0000] {processor.py:179} INFO - Processing /opt/airflow/dags/pipeline.py took 0.080 seconds
[2025-01-23T13:42:01.001+0000] {processor.py:157} INFO - Started process (PID=552) to work on /opt/airflow/dags/pipeline.py
[2025-01-23T13:42:01.002+0000] {processor.py:829} INFO - Processing file /opt/airflow/dags/pipeline.py for tasks to queue
[2025-01-23T13:42:01.003+0000] {logging_mixin.py:151} INFO - [2025-01-23T13:42:01.003+0000] {dagbag.py:539} INFO - Filling up the DagBag from /opt/airflow/dags/pipeline.py
[2025-01-23T13:42:01.013+0000] {processor.py:839} INFO - DAG(s) dict_keys(['hello_airflow']) retrieved from /opt/airflow/dags/pipeline.py
[2025-01-23T13:42:01.034+0000] {logging_mixin.py:151} INFO - [2025-01-23T13:42:01.034+0000] {dag.py:2907} INFO - Sync 1 DAGs
[2025-01-23T13:42:01.062+0000] {logging_mixin.py:151} INFO - [2025-01-23T13:42:01.062+0000] {dag.py:3677} INFO - Setting next_dagrun for hello_airflow to 2025-01-26T00:00:00+00:00, run_after=2025-02-02T00:00:00+00:00
[2025-01-23T13:42:01.080+0000] {processor.py:179} INFO - Processing /opt/airflow/dags/pipeline.py took 0.082 seconds
[2025-01-23T13:42:31.266+0000] {processor.py:157} INFO - Started process (PID=564) to work on /opt/airflow/dags/pipeline.py
[2025-01-23T13:42:31.269+0000] {processor.py:829} INFO - Processing file /opt/airflow/dags/pipeline.py for tasks to queue
[2025-01-23T13:42:31.269+0000] {logging_mixin.py:151} INFO - [2025-01-23T13:42:31.269+0000] {dagbag.py:539} INFO - Filling up the DagBag from /opt/airflow/dags/pipeline.py
[2025-01-23T13:42:31.278+0000] {processor.py:839} INFO - DAG(s) dict_keys(['hello_airflow']) retrieved from /opt/airflow/dags/pipeline.py
[2025-01-23T13:42:31.297+0000] {logging_mixin.py:151} INFO - [2025-01-23T13:42:31.297+0000] {dag.py:2907} INFO - Sync 1 DAGs
[2025-01-23T13:42:31.311+0000] {logging_mixin.py:151} INFO - [2025-01-23T13:42:31.311+0000] {dag.py:3677} INFO - Setting next_dagrun for hello_airflow to 2025-01-26T00:00:00+00:00, run_after=2025-02-02T00:00:00+00:00
[2025-01-23T13:42:31.325+0000] {processor.py:179} INFO - Processing /opt/airflow/dags/pipeline.py took 0.061 seconds
[2025-01-23T13:43:01.479+0000] {processor.py:157} INFO - Started process (PID=579) to work on /opt/airflow/dags/pipeline.py
[2025-01-23T13:43:01.481+0000] {processor.py:829} INFO - Processing file /opt/airflow/dags/pipeline.py for tasks to queue
[2025-01-23T13:43:01.482+0000] {logging_mixin.py:151} INFO - [2025-01-23T13:43:01.481+0000] {dagbag.py:539} INFO - Filling up the DagBag from /opt/airflow/dags/pipeline.py
[2025-01-23T13:43:01.491+0000] {processor.py:839} INFO - DAG(s) dict_keys(['hello_airflow']) retrieved from /opt/airflow/dags/pipeline.py
[2025-01-23T13:43:01.511+0000] {logging_mixin.py:151} INFO - [2025-01-23T13:43:01.510+0000] {dag.py:2907} INFO - Sync 1 DAGs
[2025-01-23T13:43:01.527+0000] {logging_mixin.py:151} INFO - [2025-01-23T13:43:01.527+0000] {dag.py:3677} INFO - Setting next_dagrun for hello_airflow to 2025-01-26T00:00:00+00:00, run_after=2025-02-02T00:00:00+00:00
[2025-01-23T13:43:01.542+0000] {processor.py:179} INFO - Processing /opt/airflow/dags/pipeline.py took 0.065 seconds
[2025-01-23T13:43:31.725+0000] {processor.py:157} INFO - Started process (PID=592) to work on /opt/airflow/dags/pipeline.py
[2025-01-23T13:43:31.727+0000] {processor.py:829} INFO - Processing file /opt/airflow/dags/pipeline.py for tasks to queue
[2025-01-23T13:43:31.729+0000] {logging_mixin.py:151} INFO - [2025-01-23T13:43:31.729+0000] {dagbag.py:539} INFO - Filling up the DagBag from /opt/airflow/dags/pipeline.py
[2025-01-23T13:43:31.737+0000] {processor.py:839} INFO - DAG(s) dict_keys(['hello_airflow']) retrieved from /opt/airflow/dags/pipeline.py
[2025-01-23T13:43:31.756+0000] {logging_mixin.py:151} INFO - [2025-01-23T13:43:31.756+0000] {dag.py:2907} INFO - Sync 1 DAGs
[2025-01-23T13:43:31.770+0000] {logging_mixin.py:151} INFO - [2025-01-23T13:43:31.770+0000] {dag.py:3677} INFO - Setting next_dagrun for hello_airflow to 2025-01-26T00:00:00+00:00, run_after=2025-02-02T00:00:00+00:00
[2025-01-23T13:43:31.784+0000] {processor.py:179} INFO - Processing /opt/airflow/dags/pipeline.py took 0.062 seconds
[2025-01-23T13:44:01.924+0000] {processor.py:157} INFO - Started process (PID=604) to work on /opt/airflow/dags/pipeline.py
[2025-01-23T13:44:01.926+0000] {processor.py:829} INFO - Processing file /opt/airflow/dags/pipeline.py for tasks to queue
[2025-01-23T13:44:01.926+0000] {logging_mixin.py:151} INFO - [2025-01-23T13:44:01.926+0000] {dagbag.py:539} INFO - Filling up the DagBag from /opt/airflow/dags/pipeline.py
[2025-01-23T13:44:01.938+0000] {processor.py:839} INFO - DAG(s) dict_keys(['hello_airflow']) retrieved from /opt/airflow/dags/pipeline.py
[2025-01-23T13:44:01.961+0000] {logging_mixin.py:151} INFO - [2025-01-23T13:44:01.960+0000] {dag.py:2907} INFO - Sync 1 DAGs
[2025-01-23T13:44:01.977+0000] {logging_mixin.py:151} INFO - [2025-01-23T13:44:01.977+0000] {dag.py:3677} INFO - Setting next_dagrun for hello_airflow to 2025-01-26T00:00:00+00:00, run_after=2025-02-02T00:00:00+00:00
[2025-01-23T13:44:01.992+0000] {processor.py:179} INFO - Processing /opt/airflow/dags/pipeline.py took 0.071 seconds
[2025-01-23T13:44:32.163+0000] {processor.py:157} INFO - Started process (PID=616) to work on /opt/airflow/dags/pipeline.py
[2025-01-23T13:44:32.165+0000] {processor.py:829} INFO - Processing file /opt/airflow/dags/pipeline.py for tasks to queue
[2025-01-23T13:44:32.165+0000] {logging_mixin.py:151} INFO - [2025-01-23T13:44:32.165+0000] {dagbag.py:539} INFO - Filling up the DagBag from /opt/airflow/dags/pipeline.py
[2025-01-23T13:44:32.177+0000] {processor.py:839} INFO - DAG(s) dict_keys(['hello_airflow']) retrieved from /opt/airflow/dags/pipeline.py
[2025-01-23T13:44:32.199+0000] {logging_mixin.py:151} INFO - [2025-01-23T13:44:32.199+0000] {dag.py:2907} INFO - Sync 1 DAGs
[2025-01-23T13:44:32.213+0000] {logging_mixin.py:151} INFO - [2025-01-23T13:44:32.213+0000] {dag.py:3677} INFO - Setting next_dagrun for hello_airflow to 2025-01-26T00:00:00+00:00, run_after=2025-02-02T00:00:00+00:00
[2025-01-23T13:44:32.226+0000] {processor.py:179} INFO - Processing /opt/airflow/dags/pipeline.py took 0.069 seconds
[2025-01-23T13:45:02.379+0000] {processor.py:157} INFO - Started process (PID=629) to work on /opt/airflow/dags/pipeline.py
[2025-01-23T13:45:02.382+0000] {processor.py:829} INFO - Processing file /opt/airflow/dags/pipeline.py for tasks to queue
[2025-01-23T13:45:02.382+0000] {logging_mixin.py:151} INFO - [2025-01-23T13:45:02.382+0000] {dagbag.py:539} INFO - Filling up the DagBag from /opt/airflow/dags/pipeline.py
[2025-01-23T13:45:02.391+0000] {processor.py:839} INFO - DAG(s) dict_keys(['hello_airflow']) retrieved from /opt/airflow/dags/pipeline.py
[2025-01-23T13:45:02.412+0000] {logging_mixin.py:151} INFO - [2025-01-23T13:45:02.412+0000] {dag.py:2907} INFO - Sync 1 DAGs
[2025-01-23T13:45:02.428+0000] {logging_mixin.py:151} INFO - [2025-01-23T13:45:02.427+0000] {dag.py:3677} INFO - Setting next_dagrun for hello_airflow to 2025-01-26T00:00:00+00:00, run_after=2025-02-02T00:00:00+00:00
[2025-01-23T13:45:02.442+0000] {processor.py:179} INFO - Processing /opt/airflow/dags/pipeline.py took 0.065 seconds
[2025-01-23T13:45:32.601+0000] {processor.py:157} INFO - Started process (PID=641) to work on /opt/airflow/dags/pipeline.py
[2025-01-23T13:45:32.602+0000] {processor.py:829} INFO - Processing file /opt/airflow/dags/pipeline.py for tasks to queue
[2025-01-23T13:45:32.603+0000] {logging_mixin.py:151} INFO - [2025-01-23T13:45:32.602+0000] {dagbag.py:539} INFO - Filling up the DagBag from /opt/airflow/dags/pipeline.py
[2025-01-23T13:45:32.612+0000] {processor.py:839} INFO - DAG(s) dict_keys(['hello_airflow']) retrieved from /opt/airflow/dags/pipeline.py
[2025-01-23T13:45:32.633+0000] {logging_mixin.py:151} INFO - [2025-01-23T13:45:32.633+0000] {dag.py:2907} INFO - Sync 1 DAGs
[2025-01-23T13:45:32.648+0000] {logging_mixin.py:151} INFO - [2025-01-23T13:45:32.648+0000] {dag.py:3677} INFO - Setting next_dagrun for hello_airflow to 2025-01-26T00:00:00+00:00, run_after=2025-02-02T00:00:00+00:00
[2025-01-23T13:45:32.661+0000] {processor.py:179} INFO - Processing /opt/airflow/dags/pipeline.py took 0.062 seconds
[2025-01-23T13:46:02.817+0000] {processor.py:157} INFO - Started process (PID=653) to work on /opt/airflow/dags/pipeline.py
[2025-01-23T13:46:02.819+0000] {processor.py:829} INFO - Processing file /opt/airflow/dags/pipeline.py for tasks to queue
[2025-01-23T13:46:02.819+0000] {logging_mixin.py:151} INFO - [2025-01-23T13:46:02.819+0000] {dagbag.py:539} INFO - Filling up the DagBag from /opt/airflow/dags/pipeline.py
[2025-01-23T13:46:02.834+0000] {processor.py:839} INFO - DAG(s) dict_keys(['hello_airflow']) retrieved from /opt/airflow/dags/pipeline.py
[2025-01-23T13:46:02.853+0000] {logging_mixin.py:151} INFO - [2025-01-23T13:46:02.852+0000] {dag.py:2907} INFO - Sync 1 DAGs
[2025-01-23T13:46:02.867+0000] {logging_mixin.py:151} INFO - [2025-01-23T13:46:02.867+0000] {dag.py:3677} INFO - Setting next_dagrun for hello_airflow to 2025-01-26T00:00:00+00:00, run_after=2025-02-02T00:00:00+00:00
[2025-01-23T13:46:02.881+0000] {processor.py:179} INFO - Processing /opt/airflow/dags/pipeline.py took 0.067 seconds
[2025-01-23T13:46:33.005+0000] {processor.py:157} INFO - Started process (PID=665) to work on /opt/airflow/dags/pipeline.py
[2025-01-23T13:46:33.006+0000] {processor.py:829} INFO - Processing file /opt/airflow/dags/pipeline.py for tasks to queue
[2025-01-23T13:46:33.007+0000] {logging_mixin.py:151} INFO - [2025-01-23T13:46:33.007+0000] {dagbag.py:539} INFO - Filling up the DagBag from /opt/airflow/dags/pipeline.py
[2025-01-23T13:46:33.017+0000] {processor.py:839} INFO - DAG(s) dict_keys(['hello_airflow']) retrieved from /opt/airflow/dags/pipeline.py
[2025-01-23T13:46:33.037+0000] {logging_mixin.py:151} INFO - [2025-01-23T13:46:33.036+0000] {dag.py:2907} INFO - Sync 1 DAGs
[2025-01-23T13:46:33.052+0000] {logging_mixin.py:151} INFO - [2025-01-23T13:46:33.052+0000] {dag.py:3677} INFO - Setting next_dagrun for hello_airflow to 2025-01-26T00:00:00+00:00, run_after=2025-02-02T00:00:00+00:00
[2025-01-23T13:46:33.068+0000] {processor.py:179} INFO - Processing /opt/airflow/dags/pipeline.py took 0.065 seconds
[2025-01-23T13:46:59.534+0000] {processor.py:157} INFO - Started process (PID=178) to work on /opt/airflow/dags/pipeline.py
[2025-01-23T13:46:59.535+0000] {processor.py:829} INFO - Processing file /opt/airflow/dags/pipeline.py for tasks to queue
[2025-01-23T13:46:59.536+0000] {logging_mixin.py:151} INFO - [2025-01-23T13:46:59.536+0000] {dagbag.py:539} INFO - Filling up the DagBag from /opt/airflow/dags/pipeline.py
[2025-01-23T13:46:59.550+0000] {processor.py:839} INFO - DAG(s) dict_keys(['hello_airflow']) retrieved from /opt/airflow/dags/pipeline.py
[2025-01-23T13:46:59.677+0000] {logging_mixin.py:151} INFO - [2025-01-23T13:46:59.676+0000] {dag.py:2907} INFO - Sync 1 DAGs
[2025-01-23T13:46:59.699+0000] {logging_mixin.py:151} INFO - [2025-01-23T13:46:59.699+0000] {dag.py:3677} INFO - Setting next_dagrun for hello_airflow to 2025-01-26T00:00:00+00:00, run_after=2025-02-02T00:00:00+00:00
[2025-01-23T13:46:59.722+0000] {processor.py:179} INFO - Processing /opt/airflow/dags/pipeline.py took 0.191 seconds
[2025-01-23T13:47:29.860+0000] {processor.py:157} INFO - Started process (PID=193) to work on /opt/airflow/dags/pipeline.py
[2025-01-23T13:47:29.862+0000] {processor.py:829} INFO - Processing file /opt/airflow/dags/pipeline.py for tasks to queue
[2025-01-23T13:47:29.863+0000] {logging_mixin.py:151} INFO - [2025-01-23T13:47:29.863+0000] {dagbag.py:539} INFO - Filling up the DagBag from /opt/airflow/dags/pipeline.py
[2025-01-23T13:47:29.870+0000] {processor.py:839} INFO - DAG(s) dict_keys(['hello_airflow']) retrieved from /opt/airflow/dags/pipeline.py
[2025-01-23T13:47:29.904+0000] {logging_mixin.py:151} INFO - [2025-01-23T13:47:29.904+0000] {dag.py:2907} INFO - Sync 1 DAGs
[2025-01-23T13:47:29.929+0000] {logging_mixin.py:151} INFO - [2025-01-23T13:47:29.929+0000] {dag.py:3677} INFO - Setting next_dagrun for hello_airflow to 2025-01-26T00:00:00+00:00, run_after=2025-02-02T00:00:00+00:00
[2025-01-23T13:47:29.950+0000] {processor.py:179} INFO - Processing /opt/airflow/dags/pipeline.py took 0.092 seconds
[2025-01-23T13:48:00.057+0000] {processor.py:157} INFO - Started process (PID=205) to work on /opt/airflow/dags/pipeline.py
[2025-01-23T13:48:00.058+0000] {processor.py:829} INFO - Processing file /opt/airflow/dags/pipeline.py for tasks to queue
[2025-01-23T13:48:00.059+0000] {logging_mixin.py:151} INFO - [2025-01-23T13:48:00.059+0000] {dagbag.py:539} INFO - Filling up the DagBag from /opt/airflow/dags/pipeline.py
[2025-01-23T13:48:00.067+0000] {processor.py:839} INFO - DAG(s) dict_keys(['hello_airflow']) retrieved from /opt/airflow/dags/pipeline.py
[2025-01-23T13:48:00.086+0000] {logging_mixin.py:151} INFO - [2025-01-23T13:48:00.086+0000] {dag.py:2907} INFO - Sync 1 DAGs
[2025-01-23T13:48:00.104+0000] {logging_mixin.py:151} INFO - [2025-01-23T13:48:00.104+0000] {dag.py:3677} INFO - Setting next_dagrun for hello_airflow to 2025-01-26T00:00:00+00:00, run_after=2025-02-02T00:00:00+00:00
[2025-01-23T13:48:00.121+0000] {processor.py:179} INFO - Processing /opt/airflow/dags/pipeline.py took 0.066 seconds
[2025-01-23T13:48:30.325+0000] {processor.py:157} INFO - Started process (PID=217) to work on /opt/airflow/dags/pipeline.py
[2025-01-23T13:48:30.326+0000] {processor.py:829} INFO - Processing file /opt/airflow/dags/pipeline.py for tasks to queue
[2025-01-23T13:48:30.326+0000] {logging_mixin.py:151} INFO - [2025-01-23T13:48:30.326+0000] {dagbag.py:539} INFO - Filling up the DagBag from /opt/airflow/dags/pipeline.py
[2025-01-23T13:48:30.334+0000] {processor.py:839} INFO - DAG(s) dict_keys(['hello_airflow']) retrieved from /opt/airflow/dags/pipeline.py
[2025-01-23T13:48:30.350+0000] {logging_mixin.py:151} INFO - [2025-01-23T13:48:30.350+0000] {dag.py:2907} INFO - Sync 1 DAGs
[2025-01-23T13:48:30.363+0000] {logging_mixin.py:151} INFO - [2025-01-23T13:48:30.363+0000] {dag.py:3677} INFO - Setting next_dagrun for hello_airflow to 2025-01-26T00:00:00+00:00, run_after=2025-02-02T00:00:00+00:00
[2025-01-23T13:48:30.378+0000] {processor.py:179} INFO - Processing /opt/airflow/dags/pipeline.py took 0.055 seconds
[2025-01-23T13:49:00.523+0000] {processor.py:157} INFO - Started process (PID=229) to work on /opt/airflow/dags/pipeline.py
[2025-01-23T13:49:00.523+0000] {processor.py:829} INFO - Processing file /opt/airflow/dags/pipeline.py for tasks to queue
[2025-01-23T13:49:00.524+0000] {logging_mixin.py:151} INFO - [2025-01-23T13:49:00.524+0000] {dagbag.py:539} INFO - Filling up the DagBag from /opt/airflow/dags/pipeline.py
[2025-01-23T13:49:00.531+0000] {processor.py:839} INFO - DAG(s) dict_keys(['hello_airflow']) retrieved from /opt/airflow/dags/pipeline.py
[2025-01-23T13:49:00.549+0000] {logging_mixin.py:151} INFO - [2025-01-23T13:49:00.549+0000] {dag.py:2907} INFO - Sync 1 DAGs
[2025-01-23T13:49:00.562+0000] {logging_mixin.py:151} INFO - [2025-01-23T13:49:00.562+0000] {dag.py:3677} INFO - Setting next_dagrun for hello_airflow to 2025-01-26T00:00:00+00:00, run_after=2025-02-02T00:00:00+00:00
[2025-01-23T13:49:00.577+0000] {processor.py:179} INFO - Processing /opt/airflow/dags/pipeline.py took 0.057 seconds
[2025-01-23T13:49:30.752+0000] {processor.py:157} INFO - Started process (PID=241) to work on /opt/airflow/dags/pipeline.py
[2025-01-23T13:49:30.753+0000] {processor.py:829} INFO - Processing file /opt/airflow/dags/pipeline.py for tasks to queue
[2025-01-23T13:49:30.754+0000] {logging_mixin.py:151} INFO - [2025-01-23T13:49:30.754+0000] {dagbag.py:539} INFO - Filling up the DagBag from /opt/airflow/dags/pipeline.py
[2025-01-23T13:49:30.763+0000] {processor.py:839} INFO - DAG(s) dict_keys(['hello_airflow']) retrieved from /opt/airflow/dags/pipeline.py
[2025-01-23T13:49:30.790+0000] {logging_mixin.py:151} INFO - [2025-01-23T13:49:30.790+0000] {dag.py:2907} INFO - Sync 1 DAGs
[2025-01-23T13:49:30.808+0000] {logging_mixin.py:151} INFO - [2025-01-23T13:49:30.808+0000] {dag.py:3677} INFO - Setting next_dagrun for hello_airflow to 2025-01-26T00:00:00+00:00, run_after=2025-02-02T00:00:00+00:00
[2025-01-23T13:49:30.828+0000] {processor.py:179} INFO - Processing /opt/airflow/dags/pipeline.py took 0.079 seconds
[2025-01-23T13:50:00.990+0000] {processor.py:157} INFO - Started process (PID=253) to work on /opt/airflow/dags/pipeline.py
[2025-01-23T13:50:00.992+0000] {processor.py:829} INFO - Processing file /opt/airflow/dags/pipeline.py for tasks to queue
[2025-01-23T13:50:00.992+0000] {logging_mixin.py:151} INFO - [2025-01-23T13:50:00.992+0000] {dagbag.py:539} INFO - Filling up the DagBag from /opt/airflow/dags/pipeline.py
[2025-01-23T13:50:01.000+0000] {processor.py:839} INFO - DAG(s) dict_keys(['hello_airflow']) retrieved from /opt/airflow/dags/pipeline.py
[2025-01-23T13:50:01.020+0000] {logging_mixin.py:151} INFO - [2025-01-23T13:50:01.020+0000] {dag.py:2907} INFO - Sync 1 DAGs
[2025-01-23T13:50:01.033+0000] {logging_mixin.py:151} INFO - [2025-01-23T13:50:01.033+0000] {dag.py:3677} INFO - Setting next_dagrun for hello_airflow to 2025-01-26T00:00:00+00:00, run_after=2025-02-02T00:00:00+00:00
[2025-01-23T13:50:01.047+0000] {processor.py:179} INFO - Processing /opt/airflow/dags/pipeline.py took 0.059 seconds
[2025-01-23T13:50:31.210+0000] {processor.py:157} INFO - Started process (PID=265) to work on /opt/airflow/dags/pipeline.py
[2025-01-23T13:50:31.211+0000] {processor.py:829} INFO - Processing file /opt/airflow/dags/pipeline.py for tasks to queue
[2025-01-23T13:50:31.211+0000] {logging_mixin.py:151} INFO - [2025-01-23T13:50:31.211+0000] {dagbag.py:539} INFO - Filling up the DagBag from /opt/airflow/dags/pipeline.py
[2025-01-23T13:50:31.223+0000] {processor.py:839} INFO - DAG(s) dict_keys(['hello_airflow']) retrieved from /opt/airflow/dags/pipeline.py
[2025-01-23T13:50:31.244+0000] {logging_mixin.py:151} INFO - [2025-01-23T13:50:31.244+0000] {dag.py:2907} INFO - Sync 1 DAGs
[2025-01-23T13:50:31.259+0000] {logging_mixin.py:151} INFO - [2025-01-23T13:50:31.259+0000] {dag.py:3677} INFO - Setting next_dagrun for hello_airflow to 2025-01-26T00:00:00+00:00, run_after=2025-02-02T00:00:00+00:00
[2025-01-23T13:50:31.275+0000] {processor.py:179} INFO - Processing /opt/airflow/dags/pipeline.py took 0.069 seconds
[2025-01-23T13:50:57.422+0000] {processor.py:157} INFO - Started process (PID=171) to work on /opt/airflow/dags/pipeline.py
[2025-01-23T13:50:57.423+0000] {processor.py:829} INFO - Processing file /opt/airflow/dags/pipeline.py for tasks to queue
[2025-01-23T13:50:57.424+0000] {logging_mixin.py:151} INFO - [2025-01-23T13:50:57.424+0000] {dagbag.py:539} INFO - Filling up the DagBag from /opt/airflow/dags/pipeline.py
[2025-01-23T13:50:57.434+0000] {processor.py:839} INFO - DAG(s) dict_keys(['hello_airflow']) retrieved from /opt/airflow/dags/pipeline.py
[2025-01-23T13:50:57.546+0000] {logging_mixin.py:151} INFO - [2025-01-23T13:50:57.546+0000] {dag.py:2907} INFO - Sync 1 DAGs
[2025-01-23T13:50:57.570+0000] {logging_mixin.py:151} INFO - [2025-01-23T13:50:57.570+0000] {dag.py:3677} INFO - Setting next_dagrun for hello_airflow to 2025-01-26T00:00:00+00:00, run_after=2025-02-02T00:00:00+00:00
[2025-01-23T13:50:57.591+0000] {processor.py:179} INFO - Processing /opt/airflow/dags/pipeline.py took 0.172 seconds
[2025-01-23T13:51:27.740+0000] {processor.py:157} INFO - Started process (PID=187) to work on /opt/airflow/dags/pipeline.py
[2025-01-23T13:51:27.743+0000] {processor.py:829} INFO - Processing file /opt/airflow/dags/pipeline.py for tasks to queue
[2025-01-23T13:51:27.743+0000] {logging_mixin.py:151} INFO - [2025-01-23T13:51:27.743+0000] {dagbag.py:539} INFO - Filling up the DagBag from /opt/airflow/dags/pipeline.py
[2025-01-23T13:51:27.750+0000] {processor.py:839} INFO - DAG(s) dict_keys(['hello_airflow']) retrieved from /opt/airflow/dags/pipeline.py
[2025-01-23T13:51:27.769+0000] {logging_mixin.py:151} INFO - [2025-01-23T13:51:27.769+0000] {dag.py:2907} INFO - Sync 1 DAGs
[2025-01-23T13:51:27.783+0000] {logging_mixin.py:151} INFO - [2025-01-23T13:51:27.783+0000] {dag.py:3677} INFO - Setting next_dagrun for hello_airflow to 2025-01-26T00:00:00+00:00, run_after=2025-02-02T00:00:00+00:00
[2025-01-23T13:51:27.800+0000] {processor.py:179} INFO - Processing /opt/airflow/dags/pipeline.py took 0.063 seconds
[2025-01-23T13:51:57.934+0000] {processor.py:157} INFO - Started process (PID=206) to work on /opt/airflow/dags/pipeline.py
[2025-01-23T13:51:57.935+0000] {processor.py:829} INFO - Processing file /opt/airflow/dags/pipeline.py for tasks to queue
[2025-01-23T13:51:57.936+0000] {logging_mixin.py:151} INFO - [2025-01-23T13:51:57.936+0000] {dagbag.py:539} INFO - Filling up the DagBag from /opt/airflow/dags/pipeline.py
[2025-01-23T13:51:57.948+0000] {processor.py:839} INFO - DAG(s) dict_keys(['hello_airflow']) retrieved from /opt/airflow/dags/pipeline.py
[2025-01-23T13:51:57.969+0000] {logging_mixin.py:151} INFO - [2025-01-23T13:51:57.969+0000] {dag.py:2907} INFO - Sync 1 DAGs
[2025-01-23T13:51:57.984+0000] {logging_mixin.py:151} INFO - [2025-01-23T13:51:57.984+0000] {dag.py:3677} INFO - Setting next_dagrun for hello_airflow to 2025-01-26T00:00:00+00:00, run_after=2025-02-02T00:00:00+00:00
[2025-01-23T13:51:57.999+0000] {processor.py:179} INFO - Processing /opt/airflow/dags/pipeline.py took 0.067 seconds
[2025-01-23T13:52:28.148+0000] {processor.py:157} INFO - Started process (PID=218) to work on /opt/airflow/dags/pipeline.py
[2025-01-23T13:52:28.150+0000] {processor.py:829} INFO - Processing file /opt/airflow/dags/pipeline.py for tasks to queue
[2025-01-23T13:52:28.150+0000] {logging_mixin.py:151} INFO - [2025-01-23T13:52:28.150+0000] {dagbag.py:539} INFO - Filling up the DagBag from /opt/airflow/dags/pipeline.py
[2025-01-23T13:52:28.158+0000] {processor.py:839} INFO - DAG(s) dict_keys(['hello_airflow']) retrieved from /opt/airflow/dags/pipeline.py
[2025-01-23T13:52:28.177+0000] {logging_mixin.py:151} INFO - [2025-01-23T13:52:28.177+0000] {dag.py:2907} INFO - Sync 1 DAGs
[2025-01-23T13:52:28.194+0000] {logging_mixin.py:151} INFO - [2025-01-23T13:52:28.194+0000] {dag.py:3677} INFO - Setting next_dagrun for hello_airflow to 2025-01-26T00:00:00+00:00, run_after=2025-02-02T00:00:00+00:00
[2025-01-23T13:52:28.211+0000] {processor.py:179} INFO - Processing /opt/airflow/dags/pipeline.py took 0.065 seconds
[2025-01-23T13:52:58.333+0000] {processor.py:157} INFO - Started process (PID=230) to work on /opt/airflow/dags/pipeline.py
[2025-01-23T13:52:58.336+0000] {processor.py:829} INFO - Processing file /opt/airflow/dags/pipeline.py for tasks to queue
[2025-01-23T13:52:58.336+0000] {logging_mixin.py:151} INFO - [2025-01-23T13:52:58.336+0000] {dagbag.py:539} INFO - Filling up the DagBag from /opt/airflow/dags/pipeline.py
[2025-01-23T13:52:58.345+0000] {processor.py:839} INFO - DAG(s) dict_keys(['hello_airflow']) retrieved from /opt/airflow/dags/pipeline.py
[2025-01-23T13:52:58.364+0000] {logging_mixin.py:151} INFO - [2025-01-23T13:52:58.364+0000] {dag.py:2907} INFO - Sync 1 DAGs
[2025-01-23T13:52:58.377+0000] {logging_mixin.py:151} INFO - [2025-01-23T13:52:58.377+0000] {dag.py:3677} INFO - Setting next_dagrun for hello_airflow to 2025-01-26T00:00:00+00:00, run_after=2025-02-02T00:00:00+00:00
[2025-01-23T13:52:58.389+0000] {processor.py:179} INFO - Processing /opt/airflow/dags/pipeline.py took 0.057 seconds
[2025-01-23T13:53:28.578+0000] {processor.py:157} INFO - Started process (PID=242) to work on /opt/airflow/dags/pipeline.py
[2025-01-23T13:53:28.581+0000] {processor.py:829} INFO - Processing file /opt/airflow/dags/pipeline.py for tasks to queue
[2025-01-23T13:53:28.581+0000] {logging_mixin.py:151} INFO - [2025-01-23T13:53:28.581+0000] {dagbag.py:539} INFO - Filling up the DagBag from /opt/airflow/dags/pipeline.py
[2025-01-23T13:53:28.589+0000] {processor.py:839} INFO - DAG(s) dict_keys(['hello_airflow']) retrieved from /opt/airflow/dags/pipeline.py
[2025-01-23T13:53:28.607+0000] {logging_mixin.py:151} INFO - [2025-01-23T13:53:28.607+0000] {dag.py:2907} INFO - Sync 1 DAGs
[2025-01-23T13:53:28.619+0000] {logging_mixin.py:151} INFO - [2025-01-23T13:53:28.619+0000] {dag.py:3677} INFO - Setting next_dagrun for hello_airflow to 2025-01-26T00:00:00+00:00, run_after=2025-02-02T00:00:00+00:00
[2025-01-23T13:53:28.634+0000] {processor.py:179} INFO - Processing /opt/airflow/dags/pipeline.py took 0.059 seconds
[2025-01-23T13:53:58.786+0000] {processor.py:157} INFO - Started process (PID=254) to work on /opt/airflow/dags/pipeline.py
[2025-01-23T13:53:58.788+0000] {processor.py:829} INFO - Processing file /opt/airflow/dags/pipeline.py for tasks to queue
[2025-01-23T13:53:58.789+0000] {logging_mixin.py:151} INFO - [2025-01-23T13:53:58.789+0000] {dagbag.py:539} INFO - Filling up the DagBag from /opt/airflow/dags/pipeline.py
[2025-01-23T13:53:58.796+0000] {processor.py:839} INFO - DAG(s) dict_keys(['hello_airflow']) retrieved from /opt/airflow/dags/pipeline.py
[2025-01-23T13:53:58.816+0000] {logging_mixin.py:151} INFO - [2025-01-23T13:53:58.816+0000] {dag.py:2907} INFO - Sync 1 DAGs
[2025-01-23T13:53:58.830+0000] {logging_mixin.py:151} INFO - [2025-01-23T13:53:58.829+0000] {dag.py:3677} INFO - Setting next_dagrun for hello_airflow to 2025-01-26T00:00:00+00:00, run_after=2025-02-02T00:00:00+00:00
[2025-01-23T13:53:58.844+0000] {processor.py:179} INFO - Processing /opt/airflow/dags/pipeline.py took 0.060 seconds
[2025-01-23T13:54:29.009+0000] {processor.py:157} INFO - Started process (PID=266) to work on /opt/airflow/dags/pipeline.py
[2025-01-23T13:54:29.011+0000] {processor.py:829} INFO - Processing file /opt/airflow/dags/pipeline.py for tasks to queue
[2025-01-23T13:54:29.011+0000] {logging_mixin.py:151} INFO - [2025-01-23T13:54:29.011+0000] {dagbag.py:539} INFO - Filling up the DagBag from /opt/airflow/dags/pipeline.py
[2025-01-23T13:54:29.022+0000] {processor.py:839} INFO - DAG(s) dict_keys(['hello_airflow']) retrieved from /opt/airflow/dags/pipeline.py
[2025-01-23T13:54:29.043+0000] {logging_mixin.py:151} INFO - [2025-01-23T13:54:29.043+0000] {dag.py:2907} INFO - Sync 1 DAGs
[2025-01-23T13:54:29.057+0000] {logging_mixin.py:151} INFO - [2025-01-23T13:54:29.056+0000] {dag.py:3677} INFO - Setting next_dagrun for hello_airflow to 2025-01-26T00:00:00+00:00, run_after=2025-02-02T00:00:00+00:00
[2025-01-23T13:54:29.073+0000] {processor.py:179} INFO - Processing /opt/airflow/dags/pipeline.py took 0.066 seconds
[2025-01-23T13:54:59.229+0000] {processor.py:157} INFO - Started process (PID=277) to work on /opt/airflow/dags/pipeline.py
[2025-01-23T13:54:59.229+0000] {processor.py:829} INFO - Processing file /opt/airflow/dags/pipeline.py for tasks to queue
[2025-01-23T13:54:59.230+0000] {logging_mixin.py:151} INFO - [2025-01-23T13:54:59.230+0000] {dagbag.py:539} INFO - Filling up the DagBag from /opt/airflow/dags/pipeline.py
[2025-01-23T13:54:59.238+0000] {processor.py:839} INFO - DAG(s) dict_keys(['hello_airflow']) retrieved from /opt/airflow/dags/pipeline.py
[2025-01-23T13:54:59.254+0000] {logging_mixin.py:151} INFO - [2025-01-23T13:54:59.253+0000] {dag.py:2907} INFO - Sync 1 DAGs
[2025-01-23T13:54:59.267+0000] {logging_mixin.py:151} INFO - [2025-01-23T13:54:59.267+0000] {dag.py:3677} INFO - Setting next_dagrun for hello_airflow to 2025-01-26T00:00:00+00:00, run_after=2025-02-02T00:00:00+00:00
[2025-01-23T13:54:59.281+0000] {processor.py:179} INFO - Processing /opt/airflow/dags/pipeline.py took 0.054 seconds
[2025-01-23T13:55:29.443+0000] {processor.py:157} INFO - Started process (PID=289) to work on /opt/airflow/dags/pipeline.py
[2025-01-23T13:55:29.446+0000] {processor.py:829} INFO - Processing file /opt/airflow/dags/pipeline.py for tasks to queue
[2025-01-23T13:55:29.447+0000] {logging_mixin.py:151} INFO - [2025-01-23T13:55:29.446+0000] {dagbag.py:539} INFO - Filling up the DagBag from /opt/airflow/dags/pipeline.py
[2025-01-23T13:55:29.456+0000] {processor.py:839} INFO - DAG(s) dict_keys(['hello_airflow']) retrieved from /opt/airflow/dags/pipeline.py
[2025-01-23T13:55:29.476+0000] {logging_mixin.py:151} INFO - [2025-01-23T13:55:29.476+0000] {dag.py:2907} INFO - Sync 1 DAGs
[2025-01-23T13:55:29.493+0000] {logging_mixin.py:151} INFO - [2025-01-23T13:55:29.492+0000] {dag.py:3677} INFO - Setting next_dagrun for hello_airflow to 2025-01-26T00:00:00+00:00, run_after=2025-02-02T00:00:00+00:00
[2025-01-23T13:55:29.507+0000] {processor.py:179} INFO - Processing /opt/airflow/dags/pipeline.py took 0.066 seconds
[2025-01-23T13:55:59.682+0000] {processor.py:157} INFO - Started process (PID=301) to work on /opt/airflow/dags/pipeline.py
[2025-01-23T13:55:59.685+0000] {processor.py:829} INFO - Processing file /opt/airflow/dags/pipeline.py for tasks to queue
[2025-01-23T13:55:59.686+0000] {logging_mixin.py:151} INFO - [2025-01-23T13:55:59.685+0000] {dagbag.py:539} INFO - Filling up the DagBag from /opt/airflow/dags/pipeline.py
[2025-01-23T13:55:59.693+0000] {processor.py:839} INFO - DAG(s) dict_keys(['hello_airflow']) retrieved from /opt/airflow/dags/pipeline.py
[2025-01-23T13:55:59.715+0000] {logging_mixin.py:151} INFO - [2025-01-23T13:55:59.715+0000] {dag.py:2907} INFO - Sync 1 DAGs
[2025-01-23T13:55:59.729+0000] {logging_mixin.py:151} INFO - [2025-01-23T13:55:59.729+0000] {dag.py:3677} INFO - Setting next_dagrun for hello_airflow to 2025-01-26T00:00:00+00:00, run_after=2025-02-02T00:00:00+00:00
[2025-01-23T13:55:59.741+0000] {processor.py:179} INFO - Processing /opt/airflow/dags/pipeline.py took 0.065 seconds
[2025-01-23T13:56:29.873+0000] {processor.py:157} INFO - Started process (PID=316) to work on /opt/airflow/dags/pipeline.py
[2025-01-23T13:56:29.874+0000] {processor.py:829} INFO - Processing file /opt/airflow/dags/pipeline.py for tasks to queue
[2025-01-23T13:56:29.874+0000] {logging_mixin.py:151} INFO - [2025-01-23T13:56:29.874+0000] {dagbag.py:539} INFO - Filling up the DagBag from /opt/airflow/dags/pipeline.py
[2025-01-23T13:56:29.882+0000] {processor.py:839} INFO - DAG(s) dict_keys(['hello_airflow']) retrieved from /opt/airflow/dags/pipeline.py
[2025-01-23T13:56:29.901+0000] {logging_mixin.py:151} INFO - [2025-01-23T13:56:29.901+0000] {dag.py:2907} INFO - Sync 1 DAGs
[2025-01-23T13:56:29.915+0000] {logging_mixin.py:151} INFO - [2025-01-23T13:56:29.915+0000] {dag.py:3677} INFO - Setting next_dagrun for hello_airflow to 2025-01-26T00:00:00+00:00, run_after=2025-02-02T00:00:00+00:00
[2025-01-23T13:56:29.929+0000] {processor.py:179} INFO - Processing /opt/airflow/dags/pipeline.py took 0.058 seconds
[2025-01-23T13:57:00.069+0000] {processor.py:157} INFO - Started process (PID=328) to work on /opt/airflow/dags/pipeline.py
[2025-01-23T13:57:00.071+0000] {processor.py:829} INFO - Processing file /opt/airflow/dags/pipeline.py for tasks to queue
[2025-01-23T13:57:00.072+0000] {logging_mixin.py:151} INFO - [2025-01-23T13:57:00.072+0000] {dagbag.py:539} INFO - Filling up the DagBag from /opt/airflow/dags/pipeline.py
[2025-01-23T13:57:00.079+0000] {processor.py:839} INFO - DAG(s) dict_keys(['hello_airflow']) retrieved from /opt/airflow/dags/pipeline.py
[2025-01-23T13:57:00.097+0000] {logging_mixin.py:151} INFO - [2025-01-23T13:57:00.097+0000] {dag.py:2907} INFO - Sync 1 DAGs
[2025-01-23T13:57:00.111+0000] {logging_mixin.py:151} INFO - [2025-01-23T13:57:00.111+0000] {dag.py:3677} INFO - Setting next_dagrun for hello_airflow to 2025-01-26T00:00:00+00:00, run_after=2025-02-02T00:00:00+00:00
[2025-01-23T13:57:00.126+0000] {processor.py:179} INFO - Processing /opt/airflow/dags/pipeline.py took 0.059 seconds
[2025-01-23T13:57:30.262+0000] {processor.py:157} INFO - Started process (PID=340) to work on /opt/airflow/dags/pipeline.py
[2025-01-23T13:57:30.263+0000] {processor.py:829} INFO - Processing file /opt/airflow/dags/pipeline.py for tasks to queue
[2025-01-23T13:57:30.264+0000] {logging_mixin.py:151} INFO - [2025-01-23T13:57:30.264+0000] {dagbag.py:539} INFO - Filling up the DagBag from /opt/airflow/dags/pipeline.py
[2025-01-23T13:57:30.273+0000] {processor.py:839} INFO - DAG(s) dict_keys(['hello_airflow']) retrieved from /opt/airflow/dags/pipeline.py
[2025-01-23T13:57:30.294+0000] {logging_mixin.py:151} INFO - [2025-01-23T13:57:30.294+0000] {dag.py:2907} INFO - Sync 1 DAGs
[2025-01-23T13:57:30.311+0000] {logging_mixin.py:151} INFO - [2025-01-23T13:57:30.311+0000] {dag.py:3677} INFO - Setting next_dagrun for hello_airflow to 2025-01-26T00:00:00+00:00, run_after=2025-02-02T00:00:00+00:00
[2025-01-23T13:57:30.399+0000] {processor.py:179} INFO - Processing /opt/airflow/dags/pipeline.py took 0.139 seconds
[2025-01-23T13:58:00.500+0000] {processor.py:157} INFO - Started process (PID=352) to work on /opt/airflow/dags/pipeline.py
[2025-01-23T13:58:00.501+0000] {processor.py:829} INFO - Processing file /opt/airflow/dags/pipeline.py for tasks to queue
[2025-01-23T13:58:00.502+0000] {logging_mixin.py:151} INFO - [2025-01-23T13:58:00.502+0000] {dagbag.py:539} INFO - Filling up the DagBag from /opt/airflow/dags/pipeline.py
[2025-01-23T13:58:00.509+0000] {processor.py:839} INFO - DAG(s) dict_keys(['hello_airflow']) retrieved from /opt/airflow/dags/pipeline.py
[2025-01-23T13:58:00.526+0000] {logging_mixin.py:151} INFO - [2025-01-23T13:58:00.526+0000] {dag.py:2907} INFO - Sync 1 DAGs
[2025-01-23T13:58:00.606+0000] {logging_mixin.py:151} INFO - [2025-01-23T13:58:00.606+0000] {dag.py:3677} INFO - Setting next_dagrun for hello_airflow to 2025-01-26T00:00:00+00:00, run_after=2025-02-02T00:00:00+00:00
[2025-01-23T13:58:00.619+0000] {processor.py:179} INFO - Processing /opt/airflow/dags/pipeline.py took 0.120 seconds
[2025-01-23T13:58:30.725+0000] {processor.py:157} INFO - Started process (PID=364) to work on /opt/airflow/dags/pipeline.py
[2025-01-23T13:58:30.727+0000] {processor.py:829} INFO - Processing file /opt/airflow/dags/pipeline.py for tasks to queue
[2025-01-23T13:58:30.727+0000] {logging_mixin.py:151} INFO - [2025-01-23T13:58:30.727+0000] {dagbag.py:539} INFO - Filling up the DagBag from /opt/airflow/dags/pipeline.py
[2025-01-23T13:58:30.735+0000] {processor.py:839} INFO - DAG(s) dict_keys(['hello_airflow']) retrieved from /opt/airflow/dags/pipeline.py
[2025-01-23T13:58:30.754+0000] {logging_mixin.py:151} INFO - [2025-01-23T13:58:30.754+0000] {dag.py:2907} INFO - Sync 1 DAGs
[2025-01-23T13:58:30.834+0000] {logging_mixin.py:151} INFO - [2025-01-23T13:58:30.834+0000] {dag.py:3677} INFO - Setting next_dagrun for hello_airflow to 2025-01-26T00:00:00+00:00, run_after=2025-02-02T00:00:00+00:00
[2025-01-23T13:58:30.849+0000] {processor.py:179} INFO - Processing /opt/airflow/dags/pipeline.py took 0.127 seconds
[2025-01-23T13:59:00.999+0000] {processor.py:157} INFO - Started process (PID=376) to work on /opt/airflow/dags/pipeline.py
[2025-01-23T13:59:01.000+0000] {processor.py:829} INFO - Processing file /opt/airflow/dags/pipeline.py for tasks to queue
[2025-01-23T13:59:01.001+0000] {logging_mixin.py:151} INFO - [2025-01-23T13:59:01.001+0000] {dagbag.py:539} INFO - Filling up the DagBag from /opt/airflow/dags/pipeline.py
[2025-01-23T13:59:01.013+0000] {processor.py:839} INFO - DAG(s) dict_keys(['hello_airflow']) retrieved from /opt/airflow/dags/pipeline.py
[2025-01-23T13:59:01.108+0000] {logging_mixin.py:151} INFO - [2025-01-23T13:59:01.107+0000] {dag.py:2907} INFO - Sync 1 DAGs
[2025-01-23T13:59:01.120+0000] {logging_mixin.py:151} INFO - [2025-01-23T13:59:01.120+0000] {dag.py:3677} INFO - Setting next_dagrun for hello_airflow to 2025-01-26T00:00:00+00:00, run_after=2025-02-02T00:00:00+00:00
[2025-01-23T13:59:01.137+0000] {processor.py:179} INFO - Processing /opt/airflow/dags/pipeline.py took 0.141 seconds
[2025-01-23T13:59:31.237+0000] {processor.py:157} INFO - Started process (PID=388) to work on /opt/airflow/dags/pipeline.py
[2025-01-23T13:59:31.239+0000] {processor.py:829} INFO - Processing file /opt/airflow/dags/pipeline.py for tasks to queue
[2025-01-23T13:59:31.240+0000] {logging_mixin.py:151} INFO - [2025-01-23T13:59:31.240+0000] {dagbag.py:539} INFO - Filling up the DagBag from /opt/airflow/dags/pipeline.py
[2025-01-23T13:59:31.328+0000] {processor.py:839} INFO - DAG(s) dict_keys(['hello_airflow']) retrieved from /opt/airflow/dags/pipeline.py
[2025-01-23T13:59:31.343+0000] {logging_mixin.py:151} INFO - [2025-01-23T13:59:31.343+0000] {dag.py:2907} INFO - Sync 1 DAGs
[2025-01-23T13:59:31.356+0000] {logging_mixin.py:151} INFO - [2025-01-23T13:59:31.356+0000] {dag.py:3677} INFO - Setting next_dagrun for hello_airflow to 2025-01-26T00:00:00+00:00, run_after=2025-02-02T00:00:00+00:00
[2025-01-23T13:59:31.369+0000] {processor.py:179} INFO - Processing /opt/airflow/dags/pipeline.py took 0.135 seconds
[2025-01-23T14:00:01.597+0000] {processor.py:157} INFO - Started process (PID=401) to work on /opt/airflow/dags/pipeline.py
[2025-01-23T14:00:01.598+0000] {processor.py:829} INFO - Processing file /opt/airflow/dags/pipeline.py for tasks to queue
[2025-01-23T14:00:01.598+0000] {logging_mixin.py:151} INFO - [2025-01-23T14:00:01.598+0000] {dagbag.py:539} INFO - Filling up the DagBag from /opt/airflow/dags/pipeline.py
[2025-01-23T14:00:01.606+0000] {processor.py:839} INFO - DAG(s) dict_keys(['hello_airflow']) retrieved from /opt/airflow/dags/pipeline.py
[2025-01-23T14:00:01.625+0000] {logging_mixin.py:151} INFO - [2025-01-23T14:00:01.625+0000] {dag.py:2907} INFO - Sync 1 DAGs
[2025-01-23T14:00:01.639+0000] {logging_mixin.py:151} INFO - [2025-01-23T14:00:01.639+0000] {dag.py:3677} INFO - Setting next_dagrun for hello_airflow to 2025-01-26T00:00:00+00:00, run_after=2025-02-02T00:00:00+00:00
[2025-01-23T14:00:01.655+0000] {processor.py:179} INFO - Processing /opt/airflow/dags/pipeline.py took 0.060 seconds
[2025-01-23T14:00:31.801+0000] {processor.py:157} INFO - Started process (PID=413) to work on /opt/airflow/dags/pipeline.py
[2025-01-23T14:00:31.803+0000] {processor.py:829} INFO - Processing file /opt/airflow/dags/pipeline.py for tasks to queue
[2025-01-23T14:00:31.804+0000] {logging_mixin.py:151} INFO - [2025-01-23T14:00:31.804+0000] {dagbag.py:539} INFO - Filling up the DagBag from /opt/airflow/dags/pipeline.py
[2025-01-23T14:00:31.816+0000] {processor.py:839} INFO - DAG(s) dict_keys(['hello_airflow']) retrieved from /opt/airflow/dags/pipeline.py
[2025-01-23T14:00:31.862+0000] {logging_mixin.py:151} INFO - [2025-01-23T14:00:31.862+0000] {dag.py:2907} INFO - Sync 1 DAGs
[2025-01-23T14:00:31.898+0000] {logging_mixin.py:151} INFO - [2025-01-23T14:00:31.897+0000] {dag.py:3677} INFO - Setting next_dagrun for hello_airflow to 2025-01-26T00:00:00+00:00, run_after=2025-02-02T00:00:00+00:00
[2025-01-23T14:00:31.923+0000] {processor.py:179} INFO - Processing /opt/airflow/dags/pipeline.py took 0.125 seconds
[2025-01-23T14:01:02.055+0000] {processor.py:157} INFO - Started process (PID=425) to work on /opt/airflow/dags/pipeline.py
[2025-01-23T14:01:02.056+0000] {processor.py:829} INFO - Processing file /opt/airflow/dags/pipeline.py for tasks to queue
[2025-01-23T14:01:02.056+0000] {logging_mixin.py:151} INFO - [2025-01-23T14:01:02.056+0000] {dagbag.py:539} INFO - Filling up the DagBag from /opt/airflow/dags/pipeline.py
[2025-01-23T14:01:02.064+0000] {processor.py:839} INFO - DAG(s) dict_keys(['hello_airflow']) retrieved from /opt/airflow/dags/pipeline.py
[2025-01-23T14:01:02.085+0000] {logging_mixin.py:151} INFO - [2025-01-23T14:01:02.085+0000] {dag.py:2907} INFO - Sync 1 DAGs
[2025-01-23T14:01:02.100+0000] {logging_mixin.py:151} INFO - [2025-01-23T14:01:02.100+0000] {dag.py:3677} INFO - Setting next_dagrun for hello_airflow to 2025-01-26T00:00:00+00:00, run_after=2025-02-02T00:00:00+00:00
[2025-01-23T14:01:02.112+0000] {processor.py:179} INFO - Processing /opt/airflow/dags/pipeline.py took 0.060 seconds
[2025-01-23T14:01:32.287+0000] {processor.py:157} INFO - Started process (PID=437) to work on /opt/airflow/dags/pipeline.py
[2025-01-23T14:01:32.289+0000] {processor.py:829} INFO - Processing file /opt/airflow/dags/pipeline.py for tasks to queue
[2025-01-23T14:01:32.290+0000] {logging_mixin.py:151} INFO - [2025-01-23T14:01:32.289+0000] {dagbag.py:539} INFO - Filling up the DagBag from /opt/airflow/dags/pipeline.py
[2025-01-23T14:01:32.298+0000] {processor.py:839} INFO - DAG(s) dict_keys(['hello_airflow']) retrieved from /opt/airflow/dags/pipeline.py
[2025-01-23T14:01:32.316+0000] {logging_mixin.py:151} INFO - [2025-01-23T14:01:32.316+0000] {dag.py:2907} INFO - Sync 1 DAGs
[2025-01-23T14:01:32.329+0000] {logging_mixin.py:151} INFO - [2025-01-23T14:01:32.329+0000] {dag.py:3677} INFO - Setting next_dagrun for hello_airflow to 2025-01-26T00:00:00+00:00, run_after=2025-02-02T00:00:00+00:00
[2025-01-23T14:01:32.343+0000] {processor.py:179} INFO - Processing /opt/airflow/dags/pipeline.py took 0.059 seconds
[2025-01-23T14:02:02.478+0000] {processor.py:157} INFO - Started process (PID=449) to work on /opt/airflow/dags/pipeline.py
[2025-01-23T14:02:02.480+0000] {processor.py:829} INFO - Processing file /opt/airflow/dags/pipeline.py for tasks to queue
[2025-01-23T14:02:02.481+0000] {logging_mixin.py:151} INFO - [2025-01-23T14:02:02.481+0000] {dagbag.py:539} INFO - Filling up the DagBag from /opt/airflow/dags/pipeline.py
[2025-01-23T14:02:02.490+0000] {processor.py:839} INFO - DAG(s) dict_keys(['hello_airflow']) retrieved from /opt/airflow/dags/pipeline.py
[2025-01-23T14:02:02.510+0000] {logging_mixin.py:151} INFO - [2025-01-23T14:02:02.510+0000] {dag.py:2907} INFO - Sync 1 DAGs
[2025-01-23T14:02:02.523+0000] {logging_mixin.py:151} INFO - [2025-01-23T14:02:02.523+0000] {dag.py:3677} INFO - Setting next_dagrun for hello_airflow to 2025-01-26T00:00:00+00:00, run_after=2025-02-02T00:00:00+00:00
[2025-01-23T14:02:02.539+0000] {processor.py:179} INFO - Processing /opt/airflow/dags/pipeline.py took 0.063 seconds
[2025-01-23T14:02:32.720+0000] {processor.py:157} INFO - Started process (PID=461) to work on /opt/airflow/dags/pipeline.py
[2025-01-23T14:02:32.721+0000] {processor.py:829} INFO - Processing file /opt/airflow/dags/pipeline.py for tasks to queue
[2025-01-23T14:02:32.721+0000] {logging_mixin.py:151} INFO - [2025-01-23T14:02:32.721+0000] {dagbag.py:539} INFO - Filling up the DagBag from /opt/airflow/dags/pipeline.py
[2025-01-23T14:02:32.729+0000] {processor.py:839} INFO - DAG(s) dict_keys(['hello_airflow']) retrieved from /opt/airflow/dags/pipeline.py
[2025-01-23T14:02:32.749+0000] {logging_mixin.py:151} INFO - [2025-01-23T14:02:32.749+0000] {dag.py:2907} INFO - Sync 1 DAGs
[2025-01-23T14:02:32.768+0000] {logging_mixin.py:151} INFO - [2025-01-23T14:02:32.768+0000] {dag.py:3677} INFO - Setting next_dagrun for hello_airflow to 2025-01-26T00:00:00+00:00, run_after=2025-02-02T00:00:00+00:00
[2025-01-23T14:02:32.785+0000] {processor.py:179} INFO - Processing /opt/airflow/dags/pipeline.py took 0.067 seconds
[2025-01-23T14:03:02.933+0000] {processor.py:157} INFO - Started process (PID=473) to work on /opt/airflow/dags/pipeline.py
[2025-01-23T14:03:02.935+0000] {processor.py:829} INFO - Processing file /opt/airflow/dags/pipeline.py for tasks to queue
[2025-01-23T14:03:02.936+0000] {logging_mixin.py:151} INFO - [2025-01-23T14:03:02.936+0000] {dagbag.py:539} INFO - Filling up the DagBag from /opt/airflow/dags/pipeline.py
[2025-01-23T14:03:02.946+0000] {processor.py:839} INFO - DAG(s) dict_keys(['hello_airflow']) retrieved from /opt/airflow/dags/pipeline.py
[2025-01-23T14:03:02.968+0000] {logging_mixin.py:151} INFO - [2025-01-23T14:03:02.968+0000] {dag.py:2907} INFO - Sync 1 DAGs
[2025-01-23T14:03:02.983+0000] {logging_mixin.py:151} INFO - [2025-01-23T14:03:02.982+0000] {dag.py:3677} INFO - Setting next_dagrun for hello_airflow to 2025-01-26T00:00:00+00:00, run_after=2025-02-02T00:00:00+00:00
[2025-01-23T14:03:03.000+0000] {processor.py:179} INFO - Processing /opt/airflow/dags/pipeline.py took 0.068 seconds
[2025-01-23T14:03:33.172+0000] {processor.py:157} INFO - Started process (PID=486) to work on /opt/airflow/dags/pipeline.py
[2025-01-23T14:03:33.173+0000] {processor.py:829} INFO - Processing file /opt/airflow/dags/pipeline.py for tasks to queue
[2025-01-23T14:03:33.174+0000] {logging_mixin.py:151} INFO - [2025-01-23T14:03:33.173+0000] {dagbag.py:539} INFO - Filling up the DagBag from /opt/airflow/dags/pipeline.py
[2025-01-23T14:03:33.181+0000] {processor.py:839} INFO - DAG(s) dict_keys(['hello_airflow']) retrieved from /opt/airflow/dags/pipeline.py
[2025-01-23T14:03:33.198+0000] {logging_mixin.py:151} INFO - [2025-01-23T14:03:33.198+0000] {dag.py:2907} INFO - Sync 1 DAGs
[2025-01-23T14:03:33.212+0000] {logging_mixin.py:151} INFO - [2025-01-23T14:03:33.212+0000] {dag.py:3677} INFO - Setting next_dagrun for hello_airflow to 2025-01-26T00:00:00+00:00, run_after=2025-02-02T00:00:00+00:00
[2025-01-23T14:03:33.225+0000] {processor.py:179} INFO - Processing /opt/airflow/dags/pipeline.py took 0.055 seconds
[2025-01-23T14:04:03.387+0000] {processor.py:157} INFO - Started process (PID=498) to work on /opt/airflow/dags/pipeline.py
[2025-01-23T14:04:03.389+0000] {processor.py:829} INFO - Processing file /opt/airflow/dags/pipeline.py for tasks to queue
[2025-01-23T14:04:03.391+0000] {logging_mixin.py:151} INFO - [2025-01-23T14:04:03.391+0000] {dagbag.py:539} INFO - Filling up the DagBag from /opt/airflow/dags/pipeline.py
[2025-01-23T14:04:03.400+0000] {processor.py:839} INFO - DAG(s) dict_keys(['hello_airflow']) retrieved from /opt/airflow/dags/pipeline.py
[2025-01-23T14:04:03.417+0000] {logging_mixin.py:151} INFO - [2025-01-23T14:04:03.417+0000] {dag.py:2907} INFO - Sync 1 DAGs
[2025-01-23T14:04:03.430+0000] {logging_mixin.py:151} INFO - [2025-01-23T14:04:03.430+0000] {dag.py:3677} INFO - Setting next_dagrun for hello_airflow to 2025-01-26T00:00:00+00:00, run_after=2025-02-02T00:00:00+00:00
[2025-01-23T14:04:03.444+0000] {processor.py:179} INFO - Processing /opt/airflow/dags/pipeline.py took 0.060 seconds
[2025-01-23T14:04:33.584+0000] {processor.py:157} INFO - Started process (PID=510) to work on /opt/airflow/dags/pipeline.py
[2025-01-23T14:04:33.586+0000] {processor.py:829} INFO - Processing file /opt/airflow/dags/pipeline.py for tasks to queue
[2025-01-23T14:04:33.586+0000] {logging_mixin.py:151} INFO - [2025-01-23T14:04:33.586+0000] {dagbag.py:539} INFO - Filling up the DagBag from /opt/airflow/dags/pipeline.py
[2025-01-23T14:04:33.594+0000] {processor.py:839} INFO - DAG(s) dict_keys(['hello_airflow']) retrieved from /opt/airflow/dags/pipeline.py
[2025-01-23T14:04:33.616+0000] {logging_mixin.py:151} INFO - [2025-01-23T14:04:33.616+0000] {dag.py:2907} INFO - Sync 1 DAGs
[2025-01-23T14:04:33.632+0000] {logging_mixin.py:151} INFO - [2025-01-23T14:04:33.632+0000] {dag.py:3677} INFO - Setting next_dagrun for hello_airflow to 2025-01-26T00:00:00+00:00, run_after=2025-02-02T00:00:00+00:00
[2025-01-23T14:04:33.649+0000] {processor.py:179} INFO - Processing /opt/airflow/dags/pipeline.py took 0.068 seconds
[2025-01-23T14:05:03.791+0000] {processor.py:157} INFO - Started process (PID=522) to work on /opt/airflow/dags/pipeline.py
[2025-01-23T14:05:03.792+0000] {processor.py:829} INFO - Processing file /opt/airflow/dags/pipeline.py for tasks to queue
[2025-01-23T14:05:03.793+0000] {logging_mixin.py:151} INFO - [2025-01-23T14:05:03.793+0000] {dagbag.py:539} INFO - Filling up the DagBag from /opt/airflow/dags/pipeline.py
[2025-01-23T14:05:03.804+0000] {processor.py:839} INFO - DAG(s) dict_keys(['hello_airflow']) retrieved from /opt/airflow/dags/pipeline.py
[2025-01-23T14:05:03.827+0000] {logging_mixin.py:151} INFO - [2025-01-23T14:05:03.826+0000] {dag.py:2907} INFO - Sync 1 DAGs
[2025-01-23T14:05:03.847+0000] {logging_mixin.py:151} INFO - [2025-01-23T14:05:03.847+0000] {dag.py:3677} INFO - Setting next_dagrun for hello_airflow to 2025-01-26T00:00:00+00:00, run_after=2025-02-02T00:00:00+00:00
[2025-01-23T14:05:03.871+0000] {processor.py:179} INFO - Processing /opt/airflow/dags/pipeline.py took 0.082 seconds
[2025-01-23T14:05:34.008+0000] {processor.py:157} INFO - Started process (PID=534) to work on /opt/airflow/dags/pipeline.py
[2025-01-23T14:05:34.011+0000] {processor.py:829} INFO - Processing file /opt/airflow/dags/pipeline.py for tasks to queue
[2025-01-23T14:05:34.011+0000] {logging_mixin.py:151} INFO - [2025-01-23T14:05:34.011+0000] {dagbag.py:539} INFO - Filling up the DagBag from /opt/airflow/dags/pipeline.py
[2025-01-23T14:05:34.019+0000] {processor.py:839} INFO - DAG(s) dict_keys(['hello_airflow']) retrieved from /opt/airflow/dags/pipeline.py
[2025-01-23T14:05:34.039+0000] {logging_mixin.py:151} INFO - [2025-01-23T14:05:34.038+0000] {dag.py:2907} INFO - Sync 1 DAGs
[2025-01-23T14:05:34.054+0000] {logging_mixin.py:151} INFO - [2025-01-23T14:05:34.054+0000] {dag.py:3677} INFO - Setting next_dagrun for hello_airflow to 2025-01-26T00:00:00+00:00, run_after=2025-02-02T00:00:00+00:00
[2025-01-23T14:05:34.071+0000] {processor.py:179} INFO - Processing /opt/airflow/dags/pipeline.py took 0.064 seconds
[2025-01-23T14:06:04.278+0000] {processor.py:157} INFO - Started process (PID=546) to work on /opt/airflow/dags/pipeline.py
[2025-01-23T14:06:04.281+0000] {processor.py:829} INFO - Processing file /opt/airflow/dags/pipeline.py for tasks to queue
[2025-01-23T14:06:04.282+0000] {logging_mixin.py:151} INFO - [2025-01-23T14:06:04.281+0000] {dagbag.py:539} INFO - Filling up the DagBag from /opt/airflow/dags/pipeline.py
[2025-01-23T14:06:04.290+0000] {processor.py:839} INFO - DAG(s) dict_keys(['hello_airflow']) retrieved from /opt/airflow/dags/pipeline.py
[2025-01-23T14:06:04.308+0000] {logging_mixin.py:151} INFO - [2025-01-23T14:06:04.308+0000] {dag.py:2907} INFO - Sync 1 DAGs
[2025-01-23T14:06:04.323+0000] {logging_mixin.py:151} INFO - [2025-01-23T14:06:04.323+0000] {dag.py:3677} INFO - Setting next_dagrun for hello_airflow to 2025-01-26T00:00:00+00:00, run_after=2025-02-02T00:00:00+00:00
[2025-01-23T14:06:04.336+0000] {processor.py:179} INFO - Processing /opt/airflow/dags/pipeline.py took 0.060 seconds
[2025-01-23T14:06:34.495+0000] {processor.py:157} INFO - Started process (PID=558) to work on /opt/airflow/dags/pipeline.py
[2025-01-23T14:06:34.497+0000] {processor.py:829} INFO - Processing file /opt/airflow/dags/pipeline.py for tasks to queue
[2025-01-23T14:06:34.497+0000] {logging_mixin.py:151} INFO - [2025-01-23T14:06:34.497+0000] {dagbag.py:539} INFO - Filling up the DagBag from /opt/airflow/dags/pipeline.py
[2025-01-23T14:06:34.506+0000] {processor.py:839} INFO - DAG(s) dict_keys(['hello_airflow']) retrieved from /opt/airflow/dags/pipeline.py
[2025-01-23T14:06:34.525+0000] {logging_mixin.py:151} INFO - [2025-01-23T14:06:34.524+0000] {dag.py:2907} INFO - Sync 1 DAGs
[2025-01-23T14:06:34.539+0000] {logging_mixin.py:151} INFO - [2025-01-23T14:06:34.538+0000] {dag.py:3677} INFO - Setting next_dagrun for hello_airflow to 2025-01-26T00:00:00+00:00, run_after=2025-02-02T00:00:00+00:00
[2025-01-23T14:06:34.551+0000] {processor.py:179} INFO - Processing /opt/airflow/dags/pipeline.py took 0.059 seconds
[2025-01-23T14:07:04.721+0000] {processor.py:157} INFO - Started process (PID=570) to work on /opt/airflow/dags/pipeline.py
[2025-01-23T14:07:04.723+0000] {processor.py:829} INFO - Processing file /opt/airflow/dags/pipeline.py for tasks to queue
[2025-01-23T14:07:04.723+0000] {logging_mixin.py:151} INFO - [2025-01-23T14:07:04.723+0000] {dagbag.py:539} INFO - Filling up the DagBag from /opt/airflow/dags/pipeline.py
[2025-01-23T14:07:04.731+0000] {processor.py:839} INFO - DAG(s) dict_keys(['hello_airflow']) retrieved from /opt/airflow/dags/pipeline.py
[2025-01-23T14:07:04.749+0000] {logging_mixin.py:151} INFO - [2025-01-23T14:07:04.748+0000] {dag.py:2907} INFO - Sync 1 DAGs
[2025-01-23T14:07:04.762+0000] {logging_mixin.py:151} INFO - [2025-01-23T14:07:04.762+0000] {dag.py:3677} INFO - Setting next_dagrun for hello_airflow to 2025-01-26T00:00:00+00:00, run_after=2025-02-02T00:00:00+00:00
[2025-01-23T14:07:04.775+0000] {processor.py:179} INFO - Processing /opt/airflow/dags/pipeline.py took 0.056 seconds
[2025-01-23T14:07:34.894+0000] {processor.py:157} INFO - Started process (PID=582) to work on /opt/airflow/dags/pipeline.py
[2025-01-23T14:07:34.894+0000] {processor.py:829} INFO - Processing file /opt/airflow/dags/pipeline.py for tasks to queue
[2025-01-23T14:07:34.895+0000] {logging_mixin.py:151} INFO - [2025-01-23T14:07:34.895+0000] {dagbag.py:539} INFO - Filling up the DagBag from /opt/airflow/dags/pipeline.py
[2025-01-23T14:07:34.909+0000] {processor.py:839} INFO - DAG(s) dict_keys(['hello_airflow']) retrieved from /opt/airflow/dags/pipeline.py
[2025-01-23T14:07:34.931+0000] {logging_mixin.py:151} INFO - [2025-01-23T14:07:34.931+0000] {dag.py:2907} INFO - Sync 1 DAGs
[2025-01-23T14:07:34.956+0000] {logging_mixin.py:151} INFO - [2025-01-23T14:07:34.956+0000] {dag.py:3677} INFO - Setting next_dagrun for hello_airflow to 2025-01-26T00:00:00+00:00, run_after=2025-02-02T00:00:00+00:00
[2025-01-23T14:07:34.991+0000] {processor.py:179} INFO - Processing /opt/airflow/dags/pipeline.py took 0.100 seconds
[2025-01-23T14:08:05.137+0000] {processor.py:157} INFO - Started process (PID=593) to work on /opt/airflow/dags/pipeline.py
[2025-01-23T14:08:05.139+0000] {processor.py:829} INFO - Processing file /opt/airflow/dags/pipeline.py for tasks to queue
[2025-01-23T14:08:05.139+0000] {logging_mixin.py:151} INFO - [2025-01-23T14:08:05.139+0000] {dagbag.py:539} INFO - Filling up the DagBag from /opt/airflow/dags/pipeline.py
[2025-01-23T14:08:05.147+0000] {processor.py:839} INFO - DAG(s) dict_keys(['hello_airflow']) retrieved from /opt/airflow/dags/pipeline.py
[2025-01-23T14:08:05.165+0000] {logging_mixin.py:151} INFO - [2025-01-23T14:08:05.165+0000] {dag.py:2907} INFO - Sync 1 DAGs
[2025-01-23T14:08:05.179+0000] {logging_mixin.py:151} INFO - [2025-01-23T14:08:05.179+0000] {dag.py:3677} INFO - Setting next_dagrun for hello_airflow to 2025-01-26T00:00:00+00:00, run_after=2025-02-02T00:00:00+00:00
[2025-01-23T14:08:05.195+0000] {processor.py:179} INFO - Processing /opt/airflow/dags/pipeline.py took 0.060 seconds
[2025-01-23T14:08:35.320+0000] {processor.py:157} INFO - Started process (PID=605) to work on /opt/airflow/dags/pipeline.py
[2025-01-23T14:08:35.322+0000] {processor.py:829} INFO - Processing file /opt/airflow/dags/pipeline.py for tasks to queue
[2025-01-23T14:08:35.323+0000] {logging_mixin.py:151} INFO - [2025-01-23T14:08:35.323+0000] {dagbag.py:539} INFO - Filling up the DagBag from /opt/airflow/dags/pipeline.py
[2025-01-23T14:08:35.331+0000] {processor.py:839} INFO - DAG(s) dict_keys(['hello_airflow']) retrieved from /opt/airflow/dags/pipeline.py
[2025-01-23T14:08:35.350+0000] {logging_mixin.py:151} INFO - [2025-01-23T14:08:35.350+0000] {dag.py:2907} INFO - Sync 1 DAGs
[2025-01-23T14:08:35.365+0000] {logging_mixin.py:151} INFO - [2025-01-23T14:08:35.365+0000] {dag.py:3677} INFO - Setting next_dagrun for hello_airflow to 2025-01-26T00:00:00+00:00, run_after=2025-02-02T00:00:00+00:00
[2025-01-23T14:08:35.410+0000] {processor.py:179} INFO - Processing /opt/airflow/dags/pipeline.py took 0.092 seconds
[2025-01-23T14:09:05.529+0000] {processor.py:157} INFO - Started process (PID=617) to work on /opt/airflow/dags/pipeline.py
[2025-01-23T14:09:05.531+0000] {processor.py:829} INFO - Processing file /opt/airflow/dags/pipeline.py for tasks to queue
[2025-01-23T14:09:05.531+0000] {logging_mixin.py:151} INFO - [2025-01-23T14:09:05.531+0000] {dagbag.py:539} INFO - Filling up the DagBag from /opt/airflow/dags/pipeline.py
[2025-01-23T14:09:05.539+0000] {processor.py:839} INFO - DAG(s) dict_keys(['hello_airflow']) retrieved from /opt/airflow/dags/pipeline.py
[2025-01-23T14:09:05.557+0000] {logging_mixin.py:151} INFO - [2025-01-23T14:09:05.557+0000] {dag.py:2907} INFO - Sync 1 DAGs
[2025-01-23T14:09:05.571+0000] {logging_mixin.py:151} INFO - [2025-01-23T14:09:05.570+0000] {dag.py:3677} INFO - Setting next_dagrun for hello_airflow to 2025-01-26T00:00:00+00:00, run_after=2025-02-02T00:00:00+00:00
[2025-01-23T14:09:05.585+0000] {processor.py:179} INFO - Processing /opt/airflow/dags/pipeline.py took 0.058 seconds
[2025-01-23T14:09:35.777+0000] {processor.py:157} INFO - Started process (PID=629) to work on /opt/airflow/dags/pipeline.py
[2025-01-23T14:09:35.778+0000] {processor.py:829} INFO - Processing file /opt/airflow/dags/pipeline.py for tasks to queue
[2025-01-23T14:09:35.778+0000] {logging_mixin.py:151} INFO - [2025-01-23T14:09:35.778+0000] {dagbag.py:539} INFO - Filling up the DagBag from /opt/airflow/dags/pipeline.py
[2025-01-23T14:09:35.787+0000] {processor.py:839} INFO - DAG(s) dict_keys(['hello_airflow']) retrieved from /opt/airflow/dags/pipeline.py
[2025-01-23T14:09:35.806+0000] {logging_mixin.py:151} INFO - [2025-01-23T14:09:35.806+0000] {dag.py:2907} INFO - Sync 1 DAGs
[2025-01-23T14:09:35.824+0000] {logging_mixin.py:151} INFO - [2025-01-23T14:09:35.824+0000] {dag.py:3677} INFO - Setting next_dagrun for hello_airflow to 2025-01-26T00:00:00+00:00, run_after=2025-02-02T00:00:00+00:00
[2025-01-23T14:09:35.840+0000] {processor.py:179} INFO - Processing /opt/airflow/dags/pipeline.py took 0.064 seconds
[2025-01-23T14:10:05.966+0000] {processor.py:157} INFO - Started process (PID=641) to work on /opt/airflow/dags/pipeline.py
[2025-01-23T14:10:05.968+0000] {processor.py:829} INFO - Processing file /opt/airflow/dags/pipeline.py for tasks to queue
[2025-01-23T14:10:05.968+0000] {logging_mixin.py:151} INFO - [2025-01-23T14:10:05.968+0000] {dagbag.py:539} INFO - Filling up the DagBag from /opt/airflow/dags/pipeline.py
[2025-01-23T14:10:05.975+0000] {processor.py:839} INFO - DAG(s) dict_keys(['hello_airflow']) retrieved from /opt/airflow/dags/pipeline.py
[2025-01-23T14:10:05.994+0000] {logging_mixin.py:151} INFO - [2025-01-23T14:10:05.994+0000] {dag.py:2907} INFO - Sync 1 DAGs
[2025-01-23T14:10:06.009+0000] {logging_mixin.py:151} INFO - [2025-01-23T14:10:06.009+0000] {dag.py:3677} INFO - Setting next_dagrun for hello_airflow to 2025-01-26T00:00:00+00:00, run_after=2025-02-02T00:00:00+00:00
[2025-01-23T14:10:06.023+0000] {processor.py:179} INFO - Processing /opt/airflow/dags/pipeline.py took 0.059 seconds
[2025-01-23T14:10:36.192+0000] {processor.py:157} INFO - Started process (PID=653) to work on /opt/airflow/dags/pipeline.py
[2025-01-23T14:10:36.194+0000] {processor.py:829} INFO - Processing file /opt/airflow/dags/pipeline.py for tasks to queue
[2025-01-23T14:10:36.195+0000] {logging_mixin.py:151} INFO - [2025-01-23T14:10:36.195+0000] {dagbag.py:539} INFO - Filling up the DagBag from /opt/airflow/dags/pipeline.py
[2025-01-23T14:10:36.202+0000] {processor.py:839} INFO - DAG(s) dict_keys(['hello_airflow']) retrieved from /opt/airflow/dags/pipeline.py
[2025-01-23T14:10:36.219+0000] {logging_mixin.py:151} INFO - [2025-01-23T14:10:36.219+0000] {dag.py:2907} INFO - Sync 1 DAGs
[2025-01-23T14:10:36.232+0000] {logging_mixin.py:151} INFO - [2025-01-23T14:10:36.232+0000] {dag.py:3677} INFO - Setting next_dagrun for hello_airflow to 2025-01-26T00:00:00+00:00, run_after=2025-02-02T00:00:00+00:00
[2025-01-23T14:10:36.247+0000] {processor.py:179} INFO - Processing /opt/airflow/dags/pipeline.py took 0.057 seconds
[2025-01-23T14:11:06.404+0000] {processor.py:157} INFO - Started process (PID=665) to work on /opt/airflow/dags/pipeline.py
[2025-01-23T14:11:06.406+0000] {processor.py:829} INFO - Processing file /opt/airflow/dags/pipeline.py for tasks to queue
[2025-01-23T14:11:06.406+0000] {logging_mixin.py:151} INFO - [2025-01-23T14:11:06.406+0000] {dagbag.py:539} INFO - Filling up the DagBag from /opt/airflow/dags/pipeline.py
[2025-01-23T14:11:06.414+0000] {processor.py:839} INFO - DAG(s) dict_keys(['hello_airflow']) retrieved from /opt/airflow/dags/pipeline.py
[2025-01-23T14:11:06.434+0000] {logging_mixin.py:151} INFO - [2025-01-23T14:11:06.434+0000] {dag.py:2907} INFO - Sync 1 DAGs
[2025-01-23T14:11:06.448+0000] {logging_mixin.py:151} INFO - [2025-01-23T14:11:06.448+0000] {dag.py:3677} INFO - Setting next_dagrun for hello_airflow to 2025-01-26T00:00:00+00:00, run_after=2025-02-02T00:00:00+00:00
[2025-01-23T14:11:06.463+0000] {processor.py:179} INFO - Processing /opt/airflow/dags/pipeline.py took 0.061 seconds
[2025-01-23T14:11:36.642+0000] {processor.py:157} INFO - Started process (PID=677) to work on /opt/airflow/dags/pipeline.py
[2025-01-23T14:11:36.646+0000] {processor.py:829} INFO - Processing file /opt/airflow/dags/pipeline.py for tasks to queue
[2025-01-23T14:11:36.646+0000] {logging_mixin.py:151} INFO - [2025-01-23T14:11:36.646+0000] {dagbag.py:539} INFO - Filling up the DagBag from /opt/airflow/dags/pipeline.py
[2025-01-23T14:11:36.654+0000] {processor.py:839} INFO - DAG(s) dict_keys(['hello_airflow']) retrieved from /opt/airflow/dags/pipeline.py
[2025-01-23T14:11:36.672+0000] {logging_mixin.py:151} INFO - [2025-01-23T14:11:36.672+0000] {dag.py:2907} INFO - Sync 1 DAGs
[2025-01-23T14:11:36.686+0000] {logging_mixin.py:151} INFO - [2025-01-23T14:11:36.686+0000] {dag.py:3677} INFO - Setting next_dagrun for hello_airflow to 2025-01-26T00:00:00+00:00, run_after=2025-02-02T00:00:00+00:00
[2025-01-23T14:11:36.703+0000] {processor.py:179} INFO - Processing /opt/airflow/dags/pipeline.py took 0.063 seconds
[2025-01-23T14:12:06.831+0000] {processor.py:157} INFO - Started process (PID=689) to work on /opt/airflow/dags/pipeline.py
[2025-01-23T14:12:06.832+0000] {processor.py:829} INFO - Processing file /opt/airflow/dags/pipeline.py for tasks to queue
[2025-01-23T14:12:06.832+0000] {logging_mixin.py:151} INFO - [2025-01-23T14:12:06.832+0000] {dagbag.py:539} INFO - Filling up the DagBag from /opt/airflow/dags/pipeline.py
[2025-01-23T14:12:06.842+0000] {processor.py:839} INFO - DAG(s) dict_keys(['hello_airflow']) retrieved from /opt/airflow/dags/pipeline.py
[2025-01-23T14:12:06.860+0000] {logging_mixin.py:151} INFO - [2025-01-23T14:12:06.860+0000] {dag.py:2907} INFO - Sync 1 DAGs
[2025-01-23T14:12:06.873+0000] {logging_mixin.py:151} INFO - [2025-01-23T14:12:06.873+0000] {dag.py:3677} INFO - Setting next_dagrun for hello_airflow to 2025-01-26T00:00:00+00:00, run_after=2025-02-02T00:00:00+00:00
[2025-01-23T14:12:06.888+0000] {processor.py:179} INFO - Processing /opt/airflow/dags/pipeline.py took 0.060 seconds
[2025-01-23T14:12:37.109+0000] {processor.py:157} INFO - Started process (PID=701) to work on /opt/airflow/dags/pipeline.py
[2025-01-23T14:12:37.110+0000] {processor.py:829} INFO - Processing file /opt/airflow/dags/pipeline.py for tasks to queue
[2025-01-23T14:12:37.110+0000] {logging_mixin.py:151} INFO - [2025-01-23T14:12:37.110+0000] {dagbag.py:539} INFO - Filling up the DagBag from /opt/airflow/dags/pipeline.py
[2025-01-23T14:12:37.117+0000] {processor.py:839} INFO - DAG(s) dict_keys(['hello_airflow']) retrieved from /opt/airflow/dags/pipeline.py
[2025-01-23T14:12:37.135+0000] {logging_mixin.py:151} INFO - [2025-01-23T14:12:37.135+0000] {dag.py:2907} INFO - Sync 1 DAGs
[2025-01-23T14:12:37.147+0000] {logging_mixin.py:151} INFO - [2025-01-23T14:12:37.147+0000] {dag.py:3677} INFO - Setting next_dagrun for hello_airflow to 2025-01-26T00:00:00+00:00, run_after=2025-02-02T00:00:00+00:00
[2025-01-23T14:12:37.161+0000] {processor.py:179} INFO - Processing /opt/airflow/dags/pipeline.py took 0.054 seconds
[2025-01-23T14:13:07.319+0000] {processor.py:157} INFO - Started process (PID=713) to work on /opt/airflow/dags/pipeline.py
[2025-01-23T14:13:07.321+0000] {processor.py:829} INFO - Processing file /opt/airflow/dags/pipeline.py for tasks to queue
[2025-01-23T14:13:07.322+0000] {logging_mixin.py:151} INFO - [2025-01-23T14:13:07.321+0000] {dagbag.py:539} INFO - Filling up the DagBag from /opt/airflow/dags/pipeline.py
[2025-01-23T14:13:07.331+0000] {processor.py:839} INFO - DAG(s) dict_keys(['hello_airflow']) retrieved from /opt/airflow/dags/pipeline.py
[2025-01-23T14:13:07.347+0000] {logging_mixin.py:151} INFO - [2025-01-23T14:13:07.347+0000] {dag.py:2907} INFO - Sync 1 DAGs
[2025-01-23T14:13:07.360+0000] {logging_mixin.py:151} INFO - [2025-01-23T14:13:07.360+0000] {dag.py:3677} INFO - Setting next_dagrun for hello_airflow to 2025-01-26T00:00:00+00:00, run_after=2025-02-02T00:00:00+00:00
[2025-01-23T14:13:07.372+0000] {processor.py:179} INFO - Processing /opt/airflow/dags/pipeline.py took 0.056 seconds
[2025-01-23T14:13:37.558+0000] {processor.py:157} INFO - Started process (PID=725) to work on /opt/airflow/dags/pipeline.py
[2025-01-23T14:13:37.560+0000] {processor.py:829} INFO - Processing file /opt/airflow/dags/pipeline.py for tasks to queue
[2025-01-23T14:13:37.561+0000] {logging_mixin.py:151} INFO - [2025-01-23T14:13:37.560+0000] {dagbag.py:539} INFO - Filling up the DagBag from /opt/airflow/dags/pipeline.py
[2025-01-23T14:13:37.571+0000] {processor.py:839} INFO - DAG(s) dict_keys(['hello_airflow']) retrieved from /opt/airflow/dags/pipeline.py
[2025-01-23T14:13:37.594+0000] {logging_mixin.py:151} INFO - [2025-01-23T14:13:37.593+0000] {dag.py:2907} INFO - Sync 1 DAGs
[2025-01-23T14:13:37.610+0000] {logging_mixin.py:151} INFO - [2025-01-23T14:13:37.610+0000] {dag.py:3677} INFO - Setting next_dagrun for hello_airflow to 2025-01-26T00:00:00+00:00, run_after=2025-02-02T00:00:00+00:00
[2025-01-23T14:13:37.633+0000] {processor.py:179} INFO - Processing /opt/airflow/dags/pipeline.py took 0.078 seconds
[2025-01-23T14:13:51.534+0000] {processor.py:157} INFO - Started process (PID=179) to work on /opt/airflow/dags/pipeline.py
[2025-01-23T14:13:51.536+0000] {processor.py:829} INFO - Processing file /opt/airflow/dags/pipeline.py for tasks to queue
[2025-01-23T14:13:51.537+0000] {logging_mixin.py:151} INFO - [2025-01-23T14:13:51.536+0000] {dagbag.py:539} INFO - Filling up the DagBag from /opt/airflow/dags/pipeline.py
[2025-01-23T14:13:51.544+0000] {processor.py:839} INFO - DAG(s) dict_keys(['hello_airflow']) retrieved from /opt/airflow/dags/pipeline.py
[2025-01-23T14:13:51.666+0000] {logging_mixin.py:151} INFO - [2025-01-23T14:13:51.666+0000] {dag.py:2907} INFO - Sync 1 DAGs
[2025-01-23T14:13:51.684+0000] {logging_mixin.py:151} INFO - [2025-01-23T14:13:51.684+0000] {dag.py:3677} INFO - Setting next_dagrun for hello_airflow to 2025-01-26T00:00:00+00:00, run_after=2025-02-02T00:00:00+00:00
[2025-01-23T14:13:51.704+0000] {processor.py:179} INFO - Processing /opt/airflow/dags/pipeline.py took 0.172 seconds
