[2025-01-30T07:37:17.408+0000] {manager.py:483} INFO - Processing files using up to 2 processes at a time 
[2025-01-30T07:37:17.408+0000] {manager.py:484} INFO - Process each file at most once every 30 seconds
[2025-01-30T07:37:17.408+0000] {manager.py:485} INFO - Checking for new files in /opt/airflow/dags every 300 seconds
[2025-01-30T07:37:17.409+0000] {manager.py:821} INFO - Searching for files in /opt/airflow/dags
[2025-01-30T07:37:17.411+0000] {manager.py:824} INFO - There are 1 files in /opt/airflow/dags
[2025-01-30T07:37:17.486+0000] {manager.py:997} INFO - 
================================================================================
DAG File Processing Stats

File Path                        PID  Runtime      # DAGs    # Errors  Last Runtime    Last Run      Last # of DB Queries
-----------------------------  -----  ---------  --------  ----------  --------------  ----------  ----------------------
/opt/airflow/dags/pipeline.py    176  0.02s             0           0                                                   0
================================================================================
[2025-01-30T07:37:47.722+0000] {manager.py:997} INFO - 
================================================================================
DAG File Processing Stats

File Path                        PID  Runtime      # DAGs    # Errors  Last Runtime    Last Run               Last # of DB Queries
-----------------------------  -----  ---------  --------  ----------  --------------  -------------------  ----------------------
/opt/airflow/dags/pipeline.py    200  0.01s             1           0  0.13s           2025-01-30T07:37:17                      12
================================================================================
[2025-01-30T07:38:18.089+0000] {manager.py:997} INFO - 
================================================================================
DAG File Processing Stats

File Path                        PID  Runtime      # DAGs    # Errors  Last Runtime    Last Run               Last # of DB Queries
-----------------------------  -----  ---------  --------  ----------  --------------  -------------------  ----------------------
/opt/airflow/dags/pipeline.py    223  0.01s             1           0  0.15s           2025-01-30T07:37:47                      12
================================================================================
[2025-01-30T07:38:48.389+0000] {manager.py:997} INFO - 
================================================================================
DAG File Processing Stats

File Path                        PID  Runtime      # DAGs    # Errors  Last Runtime    Last Run               Last # of DB Queries
-----------------------------  -----  ---------  --------  ----------  --------------  -------------------  ----------------------
/opt/airflow/dags/pipeline.py    281  0.00s             1           0  0.17s           2025-01-30T07:38:18                      12
================================================================================
[2025-01-30T07:38:52.290+0000] {manager.py:465} INFO - Exiting gracefully upon receiving signal 15
[2025-01-30T07:41:49.905+0000] {manager.py:483} INFO - Processing files using up to 2 processes at a time 
[2025-01-30T07:41:49.928+0000] {manager.py:484} INFO - Process each file at most once every 30 seconds
[2025-01-30T07:41:49.928+0000] {manager.py:485} INFO - Checking for new files in /opt/airflow/dags every 300 seconds
[2025-01-30T07:41:49.929+0000] {manager.py:821} INFO - Searching for files in /opt/airflow/dags
[2025-01-30T07:41:49.932+0000] {manager.py:824} INFO - There are 1 files in /opt/airflow/dags
[2025-01-30T07:41:49.989+0000] {manager.py:997} INFO - 
================================================================================
DAG File Processing Stats

File Path                        PID  Runtime      # DAGs    # Errors  Last Runtime    Last Run      Last # of DB Queries
-----------------------------  -----  ---------  --------  ----------  --------------  ----------  ----------------------
/opt/airflow/dags/pipeline.py    179  0.01s             0           0                                                   0
================================================================================
[2025-01-30T07:42:20.204+0000] {manager.py:997} INFO - 
================================================================================
DAG File Processing Stats

File Path                        PID  Runtime      # DAGs    # Errors  Last Runtime    Last Run               Last # of DB Queries
-----------------------------  -----  ---------  --------  ----------  --------------  -------------------  ----------------------
/opt/airflow/dags/pipeline.py    203  0.00s             1           0  0.11s           2025-01-30T07:41:50                      12
================================================================================
[2025-01-30T07:42:50.535+0000] {manager.py:997} INFO - 
================================================================================
DAG File Processing Stats

File Path                        PID  Runtime      # DAGs    # Errors  Last Runtime    Last Run               Last # of DB Queries
-----------------------------  -----  ---------  --------  ----------  --------------  -------------------  ----------------------
/opt/airflow/dags/pipeline.py    226  0.01s             1           0  0.12s           2025-01-30T07:42:20                      12
================================================================================
[2025-01-30T07:43:20.859+0000] {manager.py:997} INFO - 
================================================================================
DAG File Processing Stats

File Path                        PID  Runtime      # DAGs    # Errors  Last Runtime    Last Run               Last # of DB Queries
-----------------------------  -----  ---------  --------  ----------  --------------  -------------------  ----------------------
/opt/airflow/dags/pipeline.py    249  0.01s             1           0  0.23s           2025-01-30T07:42:50                      12
================================================================================
[2025-01-30T07:43:51.149+0000] {manager.py:997} INFO - 
================================================================================
DAG File Processing Stats

File Path                        PID  Runtime      # DAGs    # Errors  Last Runtime    Last Run               Last # of DB Queries
-----------------------------  -----  ---------  --------  ----------  --------------  -------------------  ----------------------
/opt/airflow/dags/pipeline.py    307  0.01s             1           0  0.16s           2025-01-30T07:43:21                      12
================================================================================
[2025-01-30T07:44:21.503+0000] {manager.py:997} INFO - 
================================================================================
DAG File Processing Stats

File Path                        PID  Runtime      # DAGs    # Errors  Last Runtime    Last Run               Last # of DB Queries
-----------------------------  -----  ---------  --------  ----------  --------------  -------------------  ----------------------
/opt/airflow/dags/pipeline.py    330  0.00s             1           0  0.23s           2025-01-30T07:43:51                      12
================================================================================
[2025-01-30T07:44:51.929+0000] {manager.py:997} INFO - 
================================================================================
DAG File Processing Stats

File Path                        PID  Runtime      # DAGs    # Errors  Last Runtime    Last Run               Last # of DB Queries
-----------------------------  -----  ---------  --------  ----------  --------------  -------------------  ----------------------
/opt/airflow/dags/pipeline.py    352  0.01s             1           0  0.13s           2025-01-30T07:44:21                      12
================================================================================
[2025-01-30T07:45:22.234+0000] {manager.py:997} INFO - 
================================================================================
DAG File Processing Stats

File Path                        PID  Runtime      # DAGs    # Errors  Last Runtime    Last Run               Last # of DB Queries
-----------------------------  -----  ---------  --------  ----------  --------------  -------------------  ----------------------
/opt/airflow/dags/pipeline.py    375  0.00s             1           0  0.14s           2025-01-30T07:44:52                      12
================================================================================
[2025-01-30T07:45:52.591+0000] {manager.py:997} INFO - 
================================================================================
DAG File Processing Stats

File Path                        PID  Runtime      # DAGs    # Errors  Last Runtime    Last Run               Last # of DB Queries
-----------------------------  -----  ---------  --------  ----------  --------------  -------------------  ----------------------
/opt/airflow/dags/pipeline.py    398  0.00s             1           0  0.15s           2025-01-30T07:45:22                      12
================================================================================
[2025-01-30T07:46:22.931+0000] {manager.py:997} INFO - 
================================================================================
DAG File Processing Stats

File Path                        PID  Runtime      # DAGs    # Errors  Last Runtime    Last Run               Last # of DB Queries
-----------------------------  -----  ---------  --------  ----------  --------------  -------------------  ----------------------
/opt/airflow/dags/pipeline.py    421  0.01s             1           0  0.12s           2025-01-30T07:45:52                      12
================================================================================
[2025-01-30T07:46:50.224+0000] {manager.py:821} INFO - Searching for files in /opt/airflow/dags
[2025-01-30T07:46:50.227+0000] {manager.py:824} INFO - There are 1 files in /opt/airflow/dags
[2025-01-30T07:46:53.281+0000] {manager.py:997} INFO - 
================================================================================
DAG File Processing Stats

File Path                        PID  Runtime      # DAGs    # Errors  Last Runtime    Last Run               Last # of DB Queries
-----------------------------  -----  ---------  --------  ----------  --------------  -------------------  ----------------------
/opt/airflow/dags/pipeline.py    444  0.00s             1           0  0.16s           2025-01-30T07:46:23                      12
================================================================================
[2025-01-30T07:47:23.612+0000] {manager.py:997} INFO - 
================================================================================
DAG File Processing Stats

File Path                        PID  Runtime      # DAGs    # Errors  Last Runtime    Last Run               Last # of DB Queries
-----------------------------  -----  ---------  --------  ----------  --------------  -------------------  ----------------------
/opt/airflow/dags/pipeline.py    468  0.00s             1           0  0.21s           2025-01-30T07:46:53                      12
================================================================================
[2025-01-30T07:47:50.476+0000] {manager.py:465} INFO - Exiting gracefully upon receiving signal 15
[2025-01-30T08:15:59.733+0000] {manager.py:483} INFO - Processing files using up to 2 processes at a time 
[2025-01-30T08:15:59.734+0000] {manager.py:484} INFO - Process each file at most once every 30 seconds
[2025-01-30T08:15:59.734+0000] {manager.py:485} INFO - Checking for new files in /opt/airflow/dags every 300 seconds
[2025-01-30T08:15:59.734+0000] {manager.py:821} INFO - Searching for files in /opt/airflow/dags
[2025-01-30T08:15:59.739+0000] {manager.py:824} INFO - There are 1 files in /opt/airflow/dags
[2025-01-30T08:15:59.907+0000] {manager.py:997} INFO - 
================================================================================
DAG File Processing Stats

File Path                        PID  Runtime      # DAGs    # Errors  Last Runtime    Last Run      Last # of DB Queries
-----------------------------  -----  ---------  --------  ----------  --------------  ----------  ----------------------
/opt/airflow/dags/pipeline.py    178  0.03s             0           0                                                   0
================================================================================
[2025-01-30T08:16:30.153+0000] {manager.py:997} INFO - 
================================================================================
DAG File Processing Stats

File Path                        PID  Runtime      # DAGs    # Errors  Last Runtime    Last Run               Last # of DB Queries
-----------------------------  -----  ---------  --------  ----------  --------------  -------------------  ----------------------
/opt/airflow/dags/pipeline.py    200  0.00s             1           0  0.20s           2025-01-30T08:16:00                      12
================================================================================
[2025-01-30T08:17:00.555+0000] {manager.py:997} INFO - 
================================================================================
DAG File Processing Stats

File Path                        PID  Runtime      # DAGs    # Errors  Last Runtime    Last Run               Last # of DB Queries
-----------------------------  -----  ---------  --------  ----------  --------------  -------------------  ----------------------
/opt/airflow/dags/pipeline.py    357  0.01s             1           0  0.17s           2025-01-30T08:16:30                      12
================================================================================
[2025-01-30T08:17:30.883+0000] {manager.py:997} INFO - 
================================================================================
DAG File Processing Stats

File Path                        PID  Runtime      # DAGs    # Errors  Last Runtime    Last Run               Last # of DB Queries
-----------------------------  -----  ---------  --------  ----------  --------------  -------------------  ----------------------
/opt/airflow/dags/pipeline.py    423  0.01s             1           0  0.27s           2025-01-30T08:17:00                      12
================================================================================
[2025-01-30T08:18:01.344+0000] {manager.py:997} INFO - 
================================================================================
DAG File Processing Stats

File Path                        PID  Runtime      # DAGs    # Errors  Last Runtime    Last Run               Last # of DB Queries
-----------------------------  -----  ---------  --------  ----------  --------------  -------------------  ----------------------
/opt/airflow/dags/pipeline.py    446  0.00s             1           0  0.18s           2025-01-30T08:17:31                      12
================================================================================
[2025-01-30T08:18:31.675+0000] {manager.py:997} INFO - 
================================================================================
DAG File Processing Stats

File Path                        PID  Runtime      # DAGs    # Errors  Last Runtime    Last Run               Last # of DB Queries
-----------------------------  -----  ---------  --------  ----------  --------------  -------------------  ----------------------
/opt/airflow/dags/pipeline.py    469  0.01s             1           0  0.18s           2025-01-30T08:18:01                      12
================================================================================
[2025-01-30T08:19:02.091+0000] {manager.py:997} INFO - 
================================================================================
DAG File Processing Stats

File Path                        PID  Runtime      # DAGs    # Errors  Last Runtime    Last Run               Last # of DB Queries
-----------------------------  -----  ---------  --------  ----------  --------------  -------------------  ----------------------
/opt/airflow/dags/pipeline.py    492  0.01s             1           0  0.20s           2025-01-30T08:18:31                      12
================================================================================
[2025-01-30T08:19:32.431+0000] {manager.py:997} INFO - 
================================================================================
DAG File Processing Stats

File Path                        PID  Runtime      # DAGs    # Errors  Last Runtime    Last Run               Last # of DB Queries
-----------------------------  -----  ---------  --------  ----------  --------------  -------------------  ----------------------
/opt/airflow/dags/pipeline.py    515  0.00s             1           0  0.20s           2025-01-30T08:19:02                      12
================================================================================
[2025-01-30T08:20:02.817+0000] {manager.py:997} INFO - 
================================================================================
DAG File Processing Stats

File Path                        PID  Runtime      # DAGs    # Errors  Last Runtime    Last Run               Last # of DB Queries
-----------------------------  -----  ---------  --------  ----------  --------------  -------------------  ----------------------
/opt/airflow/dags/pipeline.py    538  0.00s             1           0  0.13s           2025-01-30T08:19:32                      12
================================================================================
[2025-01-30T08:20:33.117+0000] {manager.py:997} INFO - 
================================================================================
DAG File Processing Stats

File Path                        PID  Runtime      # DAGs    # Errors  Last Runtime    Last Run               Last # of DB Queries
-----------------------------  -----  ---------  --------  ----------  --------------  -------------------  ----------------------
/opt/airflow/dags/pipeline.py    560  0.01s             1           0  0.24s           2025-01-30T08:20:03                      12
================================================================================
[2025-01-30T08:21:00.338+0000] {manager.py:821} INFO - Searching for files in /opt/airflow/dags
[2025-01-30T08:21:00.341+0000] {manager.py:824} INFO - There are 1 files in /opt/airflow/dags
[2025-01-30T08:21:03.411+0000] {manager.py:997} INFO - 
================================================================================
DAG File Processing Stats

File Path                        PID  Runtime      # DAGs    # Errors  Last Runtime    Last Run               Last # of DB Queries
-----------------------------  -----  ---------  --------  ----------  --------------  -------------------  ----------------------
/opt/airflow/dags/pipeline.py    582  0.00s             1           0  0.16s           2025-01-30T08:20:33                      12
================================================================================
[2025-01-30T08:21:33.831+0000] {manager.py:997} INFO - 
================================================================================
DAG File Processing Stats

File Path                        PID  Runtime      # DAGs    # Errors  Last Runtime    Last Run               Last # of DB Queries
-----------------------------  -----  ---------  --------  ----------  --------------  -------------------  ----------------------
/opt/airflow/dags/pipeline.py    605  0.00s             1           0  0.24s           2025-01-30T08:21:03                      12
================================================================================
[2025-01-30T08:22:04.171+0000] {manager.py:997} INFO - 
================================================================================
DAG File Processing Stats

File Path                        PID  Runtime      # DAGs    # Errors  Last Runtime    Last Run               Last # of DB Queries
-----------------------------  -----  ---------  --------  ----------  --------------  -------------------  ----------------------
/opt/airflow/dags/pipeline.py    631  0.00s             1           0  0.13s           2025-01-30T08:21:33                      12
================================================================================
[2025-01-30T08:22:34.441+0000] {manager.py:997} INFO - 
================================================================================
DAG File Processing Stats

File Path                        PID  Runtime      # DAGs    # Errors  Last Runtime    Last Run               Last # of DB Queries
-----------------------------  -----  ---------  --------  ----------  --------------  -------------------  ----------------------
/opt/airflow/dags/pipeline.py    828  0.00s             1           0  0.17s           2025-01-30T08:22:04                      12
================================================================================
[2025-01-30T08:23:04.824+0000] {manager.py:997} INFO - 
================================================================================
DAG File Processing Stats

File Path                        PID  Runtime      # DAGs    # Errors  Last Runtime    Last Run               Last # of DB Queries
-----------------------------  -----  ---------  --------  ----------  --------------  -------------------  ----------------------
/opt/airflow/dags/pipeline.py    851  0.01s             1           0  0.18s           2025-01-30T08:22:34                      12
================================================================================
[2025-01-30T08:23:35.113+0000] {manager.py:997} INFO - 
================================================================================
DAG File Processing Stats

File Path                        PID  Runtime      # DAGs    # Errors  Last Runtime    Last Run               Last # of DB Queries
-----------------------------  -----  ---------  --------  ----------  --------------  -------------------  ----------------------
/opt/airflow/dags/pipeline.py    874  0.00s             1           0  0.14s           2025-01-30T08:23:04                      12
================================================================================
[2025-01-30T08:24:05.426+0000] {manager.py:997} INFO - 
================================================================================
DAG File Processing Stats

File Path                        PID  Runtime      # DAGs    # Errors  Last Runtime    Last Run               Last # of DB Queries
-----------------------------  -----  ---------  --------  ----------  --------------  -------------------  ----------------------
/opt/airflow/dags/pipeline.py    897  0.00s             1           0  0.16s           2025-01-30T08:23:35                      12
================================================================================
[2025-01-30T08:24:35.818+0000] {manager.py:997} INFO - 
================================================================================
DAG File Processing Stats

File Path                        PID  Runtime      # DAGs    # Errors  Last Runtime    Last Run               Last # of DB Queries
-----------------------------  -----  ---------  --------  ----------  --------------  -------------------  ----------------------
/opt/airflow/dags/pipeline.py    988  0.00s             1           0  0.11s           2025-01-30T08:24:05                      12
================================================================================
[2025-01-30T08:25:06.093+0000] {manager.py:997} INFO - 
================================================================================
DAG File Processing Stats

File Path                        PID  Runtime      # DAGs    # Errors  Last Runtime    Last Run               Last # of DB Queries
-----------------------------  -----  ---------  --------  ----------  --------------  -------------------  ----------------------
/opt/airflow/dags/pipeline.py   1120  0.00s             1           0  0.16s           2025-01-30T08:24:35                      12
================================================================================
[2025-01-30T08:25:36.504+0000] {manager.py:997} INFO - 
================================================================================
DAG File Processing Stats

File Path                        PID  Runtime      # DAGs    # Errors  Last Runtime    Last Run               Last # of DB Queries
-----------------------------  -----  ---------  --------  ----------  --------------  -------------------  ----------------------
/opt/airflow/dags/pipeline.py   1142  0.01s             1           0  0.20s           2025-01-30T08:25:06                      12
================================================================================
[2025-01-30T08:26:00.724+0000] {manager.py:821} INFO - Searching for files in /opt/airflow/dags
[2025-01-30T08:26:00.730+0000] {manager.py:824} INFO - There are 1 files in /opt/airflow/dags
[2025-01-30T08:26:06.833+0000] {manager.py:997} INFO - 
================================================================================
DAG File Processing Stats

File Path                        PID  Runtime      # DAGs    # Errors  Last Runtime    Last Run               Last # of DB Queries
-----------------------------  -----  ---------  --------  ----------  --------------  -------------------  ----------------------
/opt/airflow/dags/pipeline.py   1165  0.01s             1           0  0.23s           2025-01-30T08:25:36                      12
================================================================================
[2025-01-30T08:26:37.093+0000] {manager.py:997} INFO - 
================================================================================
DAG File Processing Stats

File Path                        PID  Runtime      # DAGs    # Errors  Last Runtime    Last Run               Last # of DB Queries
-----------------------------  -----  ---------  --------  ----------  --------------  -------------------  ----------------------
/opt/airflow/dags/pipeline.py   1188  0.00s             1           0  0.10s           2025-01-30T08:26:06                      12
================================================================================
[2025-01-30T08:27:07.446+0000] {manager.py:997} INFO - 
================================================================================
DAG File Processing Stats

File Path                        PID  Runtime      # DAGs    # Errors  Last Runtime    Last Run               Last # of DB Queries
-----------------------------  -----  ---------  --------  ----------  --------------  -------------------  ----------------------
/opt/airflow/dags/pipeline.py   1210  0.00s             1           0  0.17s           2025-01-30T08:26:37                      12
================================================================================
[2025-01-30T08:27:37.744+0000] {manager.py:997} INFO - 
================================================================================
DAG File Processing Stats

File Path                        PID  Runtime      # DAGs    # Errors  Last Runtime    Last Run               Last # of DB Queries
-----------------------------  -----  ---------  --------  ----------  --------------  -------------------  ----------------------
/opt/airflow/dags/pipeline.py   1233  0.00s             1           0  0.25s           2025-01-30T08:27:07                      12
================================================================================
[2025-01-30T08:28:08.238+0000] {manager.py:997} INFO - 
================================================================================
DAG File Processing Stats

File Path                        PID  Runtime      # DAGs    # Errors  Last Runtime    Last Run               Last # of DB Queries
-----------------------------  -----  ---------  --------  ----------  --------------  -------------------  ----------------------
/opt/airflow/dags/pipeline.py   1305  0.00s             1           0  0.27s           2025-01-30T08:27:38                      12
================================================================================
[2025-01-30T08:28:38.551+0000] {manager.py:997} INFO - 
================================================================================
DAG File Processing Stats

File Path                        PID  Runtime      # DAGs    # Errors  Last Runtime    Last Run               Last # of DB Queries
-----------------------------  -----  ---------  --------  ----------  --------------  -------------------  ----------------------
/opt/airflow/dags/pipeline.py   1456  0.00s             1           0  0.13s           2025-01-30T08:28:08                      12
================================================================================
[2025-01-30T08:29:08.913+0000] {manager.py:997} INFO - 
================================================================================
DAG File Processing Stats

File Path                        PID  Runtime      # DAGs    # Errors  Last Runtime    Last Run               Last # of DB Queries
-----------------------------  -----  ---------  --------  ----------  --------------  -------------------  ----------------------
/opt/airflow/dags/pipeline.py   1478  0.01s             1           0  0.16s           2025-01-30T08:28:38                      12
================================================================================
[2025-01-30T08:29:39.263+0000] {manager.py:997} INFO - 
================================================================================
DAG File Processing Stats

File Path                        PID  Runtime      # DAGs    # Errors  Last Runtime    Last Run               Last # of DB Queries
-----------------------------  -----  ---------  --------  ----------  --------------  -------------------  ----------------------
/opt/airflow/dags/pipeline.py   1501  0.00s             1           0  0.19s           2025-01-30T08:29:09                      12
================================================================================
[2025-01-30T08:30:09.622+0000] {manager.py:997} INFO - 
================================================================================
DAG File Processing Stats

File Path                        PID  Runtime      # DAGs    # Errors  Last Runtime    Last Run               Last # of DB Queries
-----------------------------  -----  ---------  --------  ----------  --------------  -------------------  ----------------------
/opt/airflow/dags/pipeline.py   1524  0.00s             1           0  0.10s           2025-01-30T08:29:39                      12
================================================================================
[2025-01-30T08:30:39.927+0000] {manager.py:997} INFO - 
================================================================================
DAG File Processing Stats

File Path                        PID  Runtime      # DAGs    # Errors  Last Runtime    Last Run               Last # of DB Queries
-----------------------------  -----  ---------  --------  ----------  --------------  -------------------  ----------------------
/opt/airflow/dags/pipeline.py   1547  0.00s             1           0  0.16s           2025-01-30T08:30:09                      12
================================================================================
[2025-01-30T08:31:01.235+0000] {manager.py:821} INFO - Searching for files in /opt/airflow/dags
[2025-01-30T08:31:01.237+0000] {manager.py:824} INFO - There are 1 files in /opt/airflow/dags
[2025-01-30T08:31:10.369+0000] {manager.py:997} INFO - 
================================================================================
DAG File Processing Stats

File Path                        PID  Runtime      # DAGs    # Errors  Last Runtime    Last Run               Last # of DB Queries
-----------------------------  -----  ---------  --------  ----------  --------------  -------------------  ----------------------
/opt/airflow/dags/pipeline.py   1570  0.00s             1           0  0.15s           2025-01-30T08:30:40                      12
================================================================================
[2025-01-30T08:31:40.671+0000] {manager.py:997} INFO - 
================================================================================
DAG File Processing Stats

File Path                        PID  Runtime      # DAGs    # Errors  Last Runtime    Last Run               Last # of DB Queries
-----------------------------  -----  ---------  --------  ----------  --------------  -------------------  ----------------------
/opt/airflow/dags/pipeline.py   1593  0.01s             1           0  0.13s           2025-01-30T08:31:10                      12
================================================================================
[2025-01-30T08:32:11.008+0000] {manager.py:997} INFO - 
================================================================================
DAG File Processing Stats

File Path                        PID  Runtime      # DAGs    # Errors  Last Runtime    Last Run               Last # of DB Queries
-----------------------------  -----  ---------  --------  ----------  --------------  -------------------  ----------------------
/opt/airflow/dags/pipeline.py   1617  0.00s             1           0  0.21s           2025-01-30T08:31:40                      12
================================================================================
[2025-01-30T08:32:41.348+0000] {manager.py:997} INFO - 
================================================================================
DAG File Processing Stats

File Path                        PID  Runtime      # DAGs    # Errors  Last Runtime    Last Run               Last # of DB Queries
-----------------------------  -----  ---------  --------  ----------  --------------  -------------------  ----------------------
/opt/airflow/dags/pipeline.py   1639  0.00s             1           0  0.14s           2025-01-30T08:32:11                      12
================================================================================
[2025-01-30T08:44:09.610+0000] {manager.py:821} INFO - Searching for files in /opt/airflow/dags
[2025-01-30T08:44:09.629+0000] {manager.py:824} INFO - There are 1 files in /opt/airflow/dags
[2025-01-30T08:44:33.887+0000] {manager.py:997} INFO - 
================================================================================
DAG File Processing Stats

File Path                      PID    Runtime      # DAGs    # Errors  Last Runtime    Last Run               Last # of DB Queries
-----------------------------  -----  ---------  --------  ----------  --------------  -------------------  ----------------------
/opt/airflow/dags/pipeline.py                           1           0  1.81s           2025-01-30T08:44:11                      12
================================================================================
[2025-01-30T08:45:04.138+0000] {manager.py:997} INFO - 
================================================================================
DAG File Processing Stats

File Path                      PID    Runtime      # DAGs    # Errors  Last Runtime    Last Run               Last # of DB Queries
-----------------------------  -----  ---------  --------  ----------  --------------  -------------------  ----------------------
/opt/airflow/dags/pipeline.py                           1           0  0.10s           2025-01-30T08:44:42                      12
================================================================================
[2025-01-30T08:45:34.479+0000] {manager.py:997} INFO - 
================================================================================
DAG File Processing Stats

File Path                      PID    Runtime      # DAGs    # Errors  Last Runtime    Last Run               Last # of DB Queries
-----------------------------  -----  ---------  --------  ----------  --------------  -------------------  ----------------------
/opt/airflow/dags/pipeline.py                           1           0  0.09s           2025-01-30T08:45:12                      12
================================================================================
[2025-01-30T08:46:04.734+0000] {manager.py:997} INFO - 
================================================================================
DAG File Processing Stats

File Path                      PID    Runtime      # DAGs    # Errors  Last Runtime    Last Run               Last # of DB Queries
-----------------------------  -----  ---------  --------  ----------  --------------  -------------------  ----------------------
/opt/airflow/dags/pipeline.py                           1           0  0.08s           2025-01-30T08:45:42                      12
================================================================================
[2025-01-30T08:46:35.015+0000] {manager.py:997} INFO - 
================================================================================
DAG File Processing Stats

File Path                      PID    Runtime      # DAGs    # Errors  Last Runtime    Last Run               Last # of DB Queries
-----------------------------  -----  ---------  --------  ----------  --------------  -------------------  ----------------------
/opt/airflow/dags/pipeline.py                           1           0  0.08s           2025-01-30T08:46:12                      12
================================================================================
[2025-01-30T08:47:05.354+0000] {manager.py:997} INFO - 
================================================================================
DAG File Processing Stats

File Path                      PID    Runtime      # DAGs    # Errors  Last Runtime    Last Run               Last # of DB Queries
-----------------------------  -----  ---------  --------  ----------  --------------  -------------------  ----------------------
/opt/airflow/dags/pipeline.py                           1           0  0.08s           2025-01-30T08:46:43                      12
================================================================================
[2025-01-30T08:47:35.614+0000] {manager.py:997} INFO - 
================================================================================
DAG File Processing Stats

File Path                      PID    Runtime      # DAGs    # Errors  Last Runtime    Last Run               Last # of DB Queries
-----------------------------  -----  ---------  --------  ----------  --------------  -------------------  ----------------------
/opt/airflow/dags/pipeline.py                           1           0  0.09s           2025-01-30T08:47:13                      12
================================================================================
[2025-01-30T08:48:05.975+0000] {manager.py:997} INFO - 
================================================================================
DAG File Processing Stats

File Path                      PID    Runtime      # DAGs    # Errors  Last Runtime    Last Run               Last # of DB Queries
-----------------------------  -----  ---------  --------  ----------  --------------  -------------------  ----------------------
/opt/airflow/dags/pipeline.py                           1           0  0.08s           2025-01-30T08:47:43                      12
================================================================================
[2025-01-30T08:48:10.780+0000] {manager.py:465} INFO - Exiting gracefully upon receiving signal 15
[2025-01-30T08:49:00.120+0000] {manager.py:483} INFO - Processing files using up to 2 processes at a time 
[2025-01-30T08:49:00.120+0000] {manager.py:484} INFO - Process each file at most once every 30 seconds
[2025-01-30T08:49:00.121+0000] {manager.py:485} INFO - Checking for new files in /opt/airflow/dags every 300 seconds
[2025-01-30T08:49:00.121+0000] {manager.py:821} INFO - Searching for files in /opt/airflow/dags
[2025-01-30T08:49:00.123+0000] {manager.py:824} INFO - There are 1 files in /opt/airflow/dags
[2025-01-30T08:49:00.200+0000] {manager.py:997} INFO - 
================================================================================
DAG File Processing Stats

File Path                        PID  Runtime      # DAGs    # Errors  Last Runtime    Last Run      Last # of DB Queries
-----------------------------  -----  ---------  --------  ----------  --------------  ----------  ----------------------
/opt/airflow/dags/pipeline.py    172  0.02s             0           0                                                   0
================================================================================
[2025-01-30T08:49:30.449+0000] {manager.py:997} INFO - 
================================================================================
DAG File Processing Stats

File Path                        PID  Runtime      # DAGs    # Errors  Last Runtime    Last Run               Last # of DB Queries
-----------------------------  -----  ---------  --------  ----------  --------------  -------------------  ----------------------
/opt/airflow/dags/pipeline.py    195  0.00s             1           0  0.10s           2025-01-30T08:49:00                      12
================================================================================
[2025-01-30T08:50:00.737+0000] {manager.py:997} INFO - 
================================================================================
DAG File Processing Stats

File Path                        PID  Runtime      # DAGs    # Errors  Last Runtime    Last Run               Last # of DB Queries
-----------------------------  -----  ---------  --------  ----------  --------------  -------------------  ----------------------
/opt/airflow/dags/pipeline.py    398  0.00s             1           0  0.08s           2025-01-30T08:49:30                      12
================================================================================
[2025-01-30T08:50:30.979+0000] {manager.py:997} INFO - 
================================================================================
DAG File Processing Stats

File Path                        PID  Runtime      # DAGs    # Errors  Last Runtime    Last Run               Last # of DB Queries
-----------------------------  -----  ---------  --------  ----------  --------------  -------------------  ----------------------
/opt/airflow/dags/pipeline.py    427  0.00s             1           0  0.08s           2025-01-30T08:50:00                      12
================================================================================
[2025-01-30T08:51:01.302+0000] {manager.py:997} INFO - 
================================================================================
DAG File Processing Stats

File Path                        PID  Runtime      # DAGs    # Errors  Last Runtime    Last Run               Last # of DB Queries
-----------------------------  -----  ---------  --------  ----------  --------------  -------------------  ----------------------
/opt/airflow/dags/pipeline.py    450  0.00s             1           0  0.09s           2025-01-30T08:50:31                      12
================================================================================
[2025-01-30T08:51:31.525+0000] {manager.py:997} INFO - 
================================================================================
DAG File Processing Stats

File Path                        PID  Runtime      # DAGs    # Errors  Last Runtime    Last Run               Last # of DB Queries
-----------------------------  -----  ---------  --------  ----------  --------------  -------------------  ----------------------
/opt/airflow/dags/pipeline.py    473  0.00s             1           0  0.08s           2025-01-30T08:51:01                      12
================================================================================
[2025-01-30T08:52:01.856+0000] {manager.py:997} INFO - 
================================================================================
DAG File Processing Stats

File Path                      PID    Runtime      # DAGs    # Errors  Last Runtime    Last Run               Last # of DB Queries
-----------------------------  -----  ---------  --------  ----------  --------------  -------------------  ----------------------
/opt/airflow/dags/pipeline.py                           1           0  0.09s           2025-01-30T08:51:36                      12
================================================================================
[2025-01-30T08:52:32.111+0000] {manager.py:997} INFO - 
================================================================================
DAG File Processing Stats

File Path                      PID    Runtime      # DAGs    # Errors  Last Runtime    Last Run               Last # of DB Queries
-----------------------------  -----  ---------  --------  ----------  --------------  -------------------  ----------------------
/opt/airflow/dags/pipeline.py                           1           0  0.09s           2025-01-30T08:52:06                      12
================================================================================
[2025-01-30T08:53:02.341+0000] {manager.py:997} INFO - 
================================================================================
DAG File Processing Stats

File Path                      PID    Runtime      # DAGs    # Errors  Last Runtime    Last Run               Last # of DB Queries
-----------------------------  -----  ---------  --------  ----------  --------------  -------------------  ----------------------
/opt/airflow/dags/pipeline.py                           1           0  0.08s           2025-01-30T08:52:37                      12
================================================================================
[2025-01-30T08:53:32.605+0000] {manager.py:997} INFO - 
================================================================================
DAG File Processing Stats

File Path                      PID    Runtime      # DAGs    # Errors  Last Runtime    Last Run               Last # of DB Queries
-----------------------------  -----  ---------  --------  ----------  --------------  -------------------  ----------------------
/opt/airflow/dags/pipeline.py                           1           0  0.08s           2025-01-30T08:53:07                      12
================================================================================
[2025-01-30T08:54:00.877+0000] {manager.py:821} INFO - Searching for files in /opt/airflow/dags
[2025-01-30T08:54:00.881+0000] {manager.py:824} INFO - There are 1 files in /opt/airflow/dags
[2025-01-30T08:54:02.920+0000] {manager.py:997} INFO - 
================================================================================
DAG File Processing Stats

File Path                      PID    Runtime      # DAGs    # Errors  Last Runtime    Last Run               Last # of DB Queries
-----------------------------  -----  ---------  --------  ----------  --------------  -------------------  ----------------------
/opt/airflow/dags/pipeline.py                           1           0  0.08s           2025-01-30T08:53:37                      12
================================================================================
[2025-01-30T08:54:33.170+0000] {manager.py:997} INFO - 
================================================================================
DAG File Processing Stats

File Path                      PID    Runtime      # DAGs    # Errors  Last Runtime    Last Run               Last # of DB Queries
-----------------------------  -----  ---------  --------  ----------  --------------  -------------------  ----------------------
/opt/airflow/dags/pipeline.py                           1           0  0.08s           2025-01-30T08:54:08                      12
================================================================================
[2025-01-30T08:55:03.430+0000] {manager.py:997} INFO - 
================================================================================
DAG File Processing Stats

File Path                      PID    Runtime      # DAGs    # Errors  Last Runtime    Last Run               Last # of DB Queries
-----------------------------  -----  ---------  --------  ----------  --------------  -------------------  ----------------------
/opt/airflow/dags/pipeline.py                           1           0  0.08s           2025-01-30T08:54:38                      12
================================================================================
[2025-01-30T08:55:33.631+0000] {manager.py:997} INFO - 
================================================================================
DAG File Processing Stats

File Path                      PID    Runtime      # DAGs    # Errors  Last Runtime    Last Run               Last # of DB Queries
-----------------------------  -----  ---------  --------  ----------  --------------  -------------------  ----------------------
/opt/airflow/dags/pipeline.py                           1           0  0.09s           2025-01-30T08:55:08                      12
================================================================================
[2025-01-30T08:56:03.947+0000] {manager.py:997} INFO - 
================================================================================
DAG File Processing Stats

File Path                      PID    Runtime      # DAGs    # Errors  Last Runtime    Last Run               Last # of DB Queries
-----------------------------  -----  ---------  --------  ----------  --------------  -------------------  ----------------------
/opt/airflow/dags/pipeline.py                           1           0  0.08s           2025-01-30T08:55:38                      12
================================================================================
[2025-01-30T08:56:34.206+0000] {manager.py:997} INFO - 
================================================================================
DAG File Processing Stats

File Path                      PID    Runtime      # DAGs    # Errors  Last Runtime    Last Run               Last # of DB Queries
-----------------------------  -----  ---------  --------  ----------  --------------  -------------------  ----------------------
/opt/airflow/dags/pipeline.py                           1           0  0.12s           2025-01-30T08:56:09                      12
================================================================================
[2025-01-30T08:57:04.549+0000] {manager.py:997} INFO - 
================================================================================
DAG File Processing Stats

File Path                      PID    Runtime      # DAGs    # Errors  Last Runtime    Last Run               Last # of DB Queries
-----------------------------  -----  ---------  --------  ----------  --------------  -------------------  ----------------------
/opt/airflow/dags/pipeline.py                           1           0  0.08s           2025-01-30T08:56:39                      12
================================================================================
[2025-01-30T08:57:34.829+0000] {manager.py:997} INFO - 
================================================================================
DAG File Processing Stats

File Path                      PID    Runtime      # DAGs    # Errors  Last Runtime    Last Run               Last # of DB Queries
-----------------------------  -----  ---------  --------  ----------  --------------  -------------------  ----------------------
/opt/airflow/dags/pipeline.py                           1           0  0.08s           2025-01-30T08:57:09                      12
================================================================================
[2025-01-30T08:58:05.105+0000] {manager.py:997} INFO - 
================================================================================
DAG File Processing Stats

File Path                      PID    Runtime      # DAGs    # Errors  Last Runtime    Last Run               Last # of DB Queries
-----------------------------  -----  ---------  --------  ----------  --------------  -------------------  ----------------------
/opt/airflow/dags/pipeline.py                           1           0  0.08s           2025-01-30T08:57:39                      12
================================================================================
[2025-01-30T08:58:35.384+0000] {manager.py:997} INFO - 
================================================================================
DAG File Processing Stats

File Path                      PID    Runtime      # DAGs    # Errors  Last Runtime    Last Run               Last # of DB Queries
-----------------------------  -----  ---------  --------  ----------  --------------  -------------------  ----------------------
/opt/airflow/dags/pipeline.py                           1           0  0.09s           2025-01-30T08:58:10                      12
================================================================================
[2025-01-30T08:58:42.992+0000] {manager.py:465} INFO - Exiting gracefully upon receiving signal 15
[2025-01-30T08:59:30.100+0000] {manager.py:483} INFO - Processing files using up to 2 processes at a time 
[2025-01-30T08:59:30.101+0000] {manager.py:484} INFO - Process each file at most once every 30 seconds
[2025-01-30T08:59:30.101+0000] {manager.py:485} INFO - Checking for new files in /opt/airflow/dags every 300 seconds
[2025-01-30T08:59:30.101+0000] {manager.py:821} INFO - Searching for files in /opt/airflow/dags
[2025-01-30T08:59:30.103+0000] {manager.py:824} INFO - There are 1 files in /opt/airflow/dags
[2025-01-30T08:59:30.268+0000] {manager.py:997} INFO - 
================================================================================
DAG File Processing Stats

File Path                        PID  Runtime      # DAGs    # Errors  Last Runtime    Last Run      Last # of DB Queries
-----------------------------  -----  ---------  --------  ----------  --------------  ----------  ----------------------
/opt/airflow/dags/pipeline.py    178  0.03s             0           0                                                   0
================================================================================
[2025-01-30T09:00:00.478+0000] {manager.py:997} INFO - 
================================================================================
DAG File Processing Stats

File Path                        PID  Runtime      # DAGs    # Errors  Last Runtime    Last Run               Last # of DB Queries
-----------------------------  -----  ---------  --------  ----------  --------------  -------------------  ----------------------
/opt/airflow/dags/pipeline.py    202  0.00s             1           0  0.16s           2025-01-30T08:59:30                      12
================================================================================
[2025-01-30T09:00:30.690+0000] {manager.py:997} INFO - 
================================================================================
DAG File Processing Stats

File Path                        PID  Runtime      # DAGs    # Errors  Last Runtime    Last Run               Last # of DB Queries
-----------------------------  -----  ---------  --------  ----------  --------------  -------------------  ----------------------
/opt/airflow/dags/pipeline.py    225  0.00s             1           0  0.10s           2025-01-30T09:00:00                      12
================================================================================
[2025-01-30T09:01:00.922+0000] {manager.py:997} INFO - 
================================================================================
DAG File Processing Stats

File Path                        PID  Runtime      # DAGs    # Errors  Last Runtime    Last Run               Last # of DB Queries
-----------------------------  -----  ---------  --------  ----------  --------------  -------------------  ----------------------
/opt/airflow/dags/pipeline.py    425  0.00s             1           0  0.08s           2025-01-30T09:00:30                      12
================================================================================
[2025-01-30T09:01:31.257+0000] {manager.py:997} INFO - 
================================================================================
DAG File Processing Stats

File Path                        PID  Runtime      # DAGs    # Errors  Last Runtime    Last Run               Last # of DB Queries
-----------------------------  -----  ---------  --------  ----------  --------------  -------------------  ----------------------
/opt/airflow/dags/pipeline.py    625  0.00s             1           0  0.10s           2025-01-30T09:01:01                      12
================================================================================
[2025-01-30T09:02:01.508+0000] {manager.py:997} INFO - 
================================================================================
DAG File Processing Stats

File Path                        PID  Runtime      # DAGs    # Errors  Last Runtime    Last Run               Last # of DB Queries
-----------------------------  -----  ---------  --------  ----------  --------------  -------------------  ----------------------
/opt/airflow/dags/pipeline.py    649  0.00s             1           0  0.10s           2025-01-30T09:01:31                      12
================================================================================
[2025-01-30T09:02:31.852+0000] {manager.py:997} INFO - 
================================================================================
DAG File Processing Stats

File Path                        PID  Runtime      # DAGs    # Errors  Last Runtime    Last Run               Last # of DB Queries
-----------------------------  -----  ---------  --------  ----------  --------------  -------------------  ----------------------
/opt/airflow/dags/pipeline.py    673  0.00s             1           0  0.13s           2025-01-30T09:02:01                      12
================================================================================
[2025-01-30T09:03:02.125+0000] {manager.py:997} INFO - 
================================================================================
DAG File Processing Stats

File Path                        PID  Runtime      # DAGs    # Errors  Last Runtime    Last Run               Last # of DB Queries
-----------------------------  -----  ---------  --------  ----------  --------------  -------------------  ----------------------
/opt/airflow/dags/pipeline.py    695  0.00s             1           0  0.09s           2025-01-30T09:02:31                      12
================================================================================
[2025-01-30T09:03:32.446+0000] {manager.py:997} INFO - 
================================================================================
DAG File Processing Stats

File Path                        PID  Runtime      # DAGs    # Errors  Last Runtime    Last Run               Last # of DB Queries
-----------------------------  -----  ---------  --------  ----------  --------------  -------------------  ----------------------
/opt/airflow/dags/pipeline.py    719  0.00s             1           0  0.11s           2025-01-30T09:03:02                      12
================================================================================
[2025-01-30T09:04:02.729+0000] {manager.py:997} INFO - 
================================================================================
DAG File Processing Stats

File Path                        PID  Runtime      # DAGs    # Errors  Last Runtime    Last Run               Last # of DB Queries
-----------------------------  -----  ---------  --------  ----------  --------------  -------------------  ----------------------
/opt/airflow/dags/pipeline.py    746  0.00s             1           0  0.08s           2025-01-30T09:03:32                      12
================================================================================
[2025-01-30T09:04:30.986+0000] {manager.py:821} INFO - Searching for files in /opt/airflow/dags
[2025-01-30T09:04:30.987+0000] {manager.py:824} INFO - There are 1 files in /opt/airflow/dags
[2025-01-30T09:04:33.021+0000] {manager.py:997} INFO - 
================================================================================
DAG File Processing Stats

File Path                        PID  Runtime      # DAGs    # Errors  Last Runtime    Last Run               Last # of DB Queries
-----------------------------  -----  ---------  --------  ----------  --------------  -------------------  ----------------------
/opt/airflow/dags/pipeline.py   1012  0.00s             1           0  0.10s           2025-01-30T09:04:02                      12
================================================================================
[2025-01-30T09:05:03.287+0000] {manager.py:997} INFO - 
================================================================================
DAG File Processing Stats

File Path                        PID  Runtime      # DAGs    # Errors  Last Runtime    Last Run               Last # of DB Queries
-----------------------------  -----  ---------  --------  ----------  --------------  -------------------  ----------------------
/opt/airflow/dags/pipeline.py   1035  0.00s             1           0  0.10s           2025-01-30T09:04:33                      12
================================================================================
[2025-01-30T09:05:33.594+0000] {manager.py:997} INFO - 
================================================================================
DAG File Processing Stats

File Path                        PID  Runtime      # DAGs    # Errors  Last Runtime    Last Run               Last # of DB Queries
-----------------------------  -----  ---------  --------  ----------  --------------  -------------------  ----------------------
/opt/airflow/dags/pipeline.py   1058  0.00s             1           0  0.08s           2025-01-30T09:05:03                      12
================================================================================
[2025-01-30T09:06:03.877+0000] {manager.py:997} INFO - 
================================================================================
DAG File Processing Stats

File Path                        PID  Runtime      # DAGs    # Errors  Last Runtime    Last Run               Last # of DB Queries
-----------------------------  -----  ---------  --------  ----------  --------------  -------------------  ----------------------
/opt/airflow/dags/pipeline.py   1081  0.00s             1           0  0.09s           2025-01-30T09:05:33                      12
================================================================================
[2025-01-30T09:06:34.181+0000] {manager.py:997} INFO - 
================================================================================
DAG File Processing Stats

File Path                        PID  Runtime      # DAGs    # Errors  Last Runtime    Last Run               Last # of DB Queries
-----------------------------  -----  ---------  --------  ----------  --------------  -------------------  ----------------------
/opt/airflow/dags/pipeline.py   1104  0.00s             1           0  0.11s           2025-01-30T09:06:03                      12
================================================================================
[2025-01-30T09:07:05.123+0000] {manager.py:997} INFO - 
================================================================================
DAG File Processing Stats

File Path                        PID  Runtime      # DAGs    # Errors  Last Runtime    Last Run               Last # of DB Queries
-----------------------------  -----  ---------  --------  ----------  --------------  -------------------  ----------------------
/opt/airflow/dags/pipeline.py   1206  0.08s             1           0  0.09s           2025-01-30T09:06:34                      12
================================================================================
[2025-01-30T09:07:35.862+0000] {manager.py:997} INFO - 
================================================================================
DAG File Processing Stats

File Path                      PID    Runtime      # DAGs    # Errors  Last Runtime    Last Run               Last # of DB Queries
-----------------------------  -----  ---------  --------  ----------  --------------  -------------------  ----------------------
/opt/airflow/dags/pipeline.py                           1           0  3.61s           2025-01-30T09:07:08                      12
================================================================================
[2025-01-30T09:08:06.151+0000] {manager.py:997} INFO - 
================================================================================
DAG File Processing Stats

File Path                      PID    Runtime      # DAGs    # Errors  Last Runtime    Last Run               Last # of DB Queries
-----------------------------  -----  ---------  --------  ----------  --------------  -------------------  ----------------------
/opt/airflow/dags/pipeline.py                           1           0  0.20s           2025-01-30T09:07:39                      12
================================================================================
[2025-01-30T09:12:28.234+0000] {manager.py:821} INFO - Searching for files in /opt/airflow/dags
[2025-01-30T09:12:28.237+0000] {manager.py:824} INFO - There are 1 files in /opt/airflow/dags
[2025-01-30T09:12:56.685+0000] {manager.py:997} INFO - 
================================================================================
DAG File Processing Stats

File Path                      PID    Runtime      # DAGs    # Errors  Last Runtime    Last Run               Last # of DB Queries
-----------------------------  -----  ---------  --------  ----------  --------------  -------------------  ----------------------
/opt/airflow/dags/pipeline.py                           1           0  0.17s           2025-01-30T09:12:28                      12
================================================================================
[2025-01-30T09:13:26.987+0000] {manager.py:997} INFO - 
================================================================================
DAG File Processing Stats

File Path                      PID    Runtime      # DAGs    # Errors  Last Runtime    Last Run               Last # of DB Queries
-----------------------------  -----  ---------  --------  ----------  --------------  -------------------  ----------------------
/opt/airflow/dags/pipeline.py                           1           0  0.12s           2025-01-30T09:12:58                      12
================================================================================
[2025-01-30T09:13:57.331+0000] {manager.py:997} INFO - 
================================================================================
DAG File Processing Stats

File Path                      PID    Runtime      # DAGs    # Errors  Last Runtime    Last Run               Last # of DB Queries
-----------------------------  -----  ---------  --------  ----------  --------------  -------------------  ----------------------
/opt/airflow/dags/pipeline.py                           1           0  0.15s           2025-01-30T09:13:29                      12
================================================================================
[2025-01-30T09:14:27.680+0000] {manager.py:997} INFO - 
================================================================================
DAG File Processing Stats

File Path                      PID    Runtime      # DAGs    # Errors  Last Runtime    Last Run               Last # of DB Queries
-----------------------------  -----  ---------  --------  ----------  --------------  -------------------  ----------------------
/opt/airflow/dags/pipeline.py                           1           0  0.17s           2025-01-30T09:13:59                      12
================================================================================
[2025-01-30T09:14:58.005+0000] {manager.py:997} INFO - 
================================================================================
DAG File Processing Stats

File Path                      PID    Runtime      # DAGs    # Errors  Last Runtime    Last Run               Last # of DB Queries
-----------------------------  -----  ---------  --------  ----------  --------------  -------------------  ----------------------
/opt/airflow/dags/pipeline.py                           1           0  0.17s           2025-01-30T09:14:29                      12
================================================================================
[2025-01-30T09:15:28.367+0000] {manager.py:997} INFO - 
================================================================================
DAG File Processing Stats

File Path                      PID    Runtime      # DAGs    # Errors  Last Runtime    Last Run               Last # of DB Queries
-----------------------------  -----  ---------  --------  ----------  --------------  -------------------  ----------------------
/opt/airflow/dags/pipeline.py                           1           0  0.20s           2025-01-30T09:15:00                      12
================================================================================
[2025-01-30T09:15:58.736+0000] {manager.py:997} INFO - 
================================================================================
DAG File Processing Stats

File Path                      PID    Runtime      # DAGs    # Errors  Last Runtime    Last Run               Last # of DB Queries
-----------------------------  -----  ---------  --------  ----------  --------------  -------------------  ----------------------
/opt/airflow/dags/pipeline.py                           1           0  0.17s           2025-01-30T09:15:30                      12
================================================================================
[2025-01-30T09:16:29.098+0000] {manager.py:997} INFO - 
================================================================================
DAG File Processing Stats

File Path                      PID    Runtime      # DAGs    # Errors  Last Runtime    Last Run               Last # of DB Queries
-----------------------------  -----  ---------  --------  ----------  --------------  -------------------  ----------------------
/opt/airflow/dags/pipeline.py                           1           0  0.16s           2025-01-30T09:16:00                      12
================================================================================
[2025-01-30T09:16:59.432+0000] {manager.py:997} INFO - 
================================================================================
DAG File Processing Stats

File Path                      PID    Runtime      # DAGs    # Errors  Last Runtime    Last Run               Last # of DB Queries
-----------------------------  -----  ---------  --------  ----------  --------------  -------------------  ----------------------
/opt/airflow/dags/pipeline.py                           1           0  0.13s           2025-01-30T09:16:31                      12
================================================================================
[2025-01-30T09:17:28.755+0000] {manager.py:821} INFO - Searching for files in /opt/airflow/dags
[2025-01-30T09:17:28.759+0000] {manager.py:824} INFO - There are 1 files in /opt/airflow/dags
[2025-01-30T09:17:29.788+0000] {manager.py:997} INFO - 
================================================================================
DAG File Processing Stats

File Path                      PID    Runtime      # DAGs    # Errors  Last Runtime    Last Run               Last # of DB Queries
-----------------------------  -----  ---------  --------  ----------  --------------  -------------------  ----------------------
/opt/airflow/dags/pipeline.py                           1           0  0.20s           2025-01-30T09:17:01                      12
================================================================================
[2025-01-30T09:18:00.135+0000] {manager.py:997} INFO - 
================================================================================
DAG File Processing Stats

File Path                      PID    Runtime      # DAGs    # Errors  Last Runtime    Last Run               Last # of DB Queries
-----------------------------  -----  ---------  --------  ----------  --------------  -------------------  ----------------------
/opt/airflow/dags/pipeline.py                           1           0  0.21s           2025-01-30T09:17:32                      12
================================================================================
[2025-01-30T09:18:30.532+0000] {manager.py:997} INFO - 
================================================================================
DAG File Processing Stats

File Path                      PID    Runtime      # DAGs    # Errors  Last Runtime    Last Run               Last # of DB Queries
-----------------------------  -----  ---------  --------  ----------  --------------  -------------------  ----------------------
/opt/airflow/dags/pipeline.py                           1           0  0.17s           2025-01-30T09:18:02                      12
================================================================================
[2025-01-30T09:19:00.836+0000] {manager.py:997} INFO - 
================================================================================
DAG File Processing Stats

File Path                      PID    Runtime      # DAGs    # Errors  Last Runtime    Last Run               Last # of DB Queries
-----------------------------  -----  ---------  --------  ----------  --------------  -------------------  ----------------------
/opt/airflow/dags/pipeline.py                           1           0  0.12s           2025-01-30T09:18:32                      12
================================================================================
[2025-01-30T09:19:31.166+0000] {manager.py:997} INFO - 
================================================================================
DAG File Processing Stats

File Path                      PID    Runtime      # DAGs    # Errors  Last Runtime    Last Run               Last # of DB Queries
-----------------------------  -----  ---------  --------  ----------  --------------  -------------------  ----------------------
/opt/airflow/dags/pipeline.py                           1           0  0.15s           2025-01-30T09:19:03                      12
================================================================================
[2025-01-30T09:20:01.544+0000] {manager.py:997} INFO - 
================================================================================
DAG File Processing Stats

File Path                      PID    Runtime      # DAGs    # Errors  Last Runtime    Last Run               Last # of DB Queries
-----------------------------  -----  ---------  --------  ----------  --------------  -------------------  ----------------------
/opt/airflow/dags/pipeline.py                           1           0  0.17s           2025-01-30T09:19:33                      12
================================================================================
[2025-01-30T09:20:31.896+0000] {manager.py:997} INFO - 
================================================================================
DAG File Processing Stats

File Path                      PID    Runtime      # DAGs    # Errors  Last Runtime    Last Run               Last # of DB Queries
-----------------------------  -----  ---------  --------  ----------  --------------  -------------------  ----------------------
/opt/airflow/dags/pipeline.py                           1           0  0.19s           2025-01-30T09:20:03                      12
================================================================================
[2025-01-30T09:21:02.287+0000] {manager.py:997} INFO - 
================================================================================
DAG File Processing Stats

File Path                      PID    Runtime      # DAGs    # Errors  Last Runtime    Last Run               Last # of DB Queries
-----------------------------  -----  ---------  --------  ----------  --------------  -------------------  ----------------------
/opt/airflow/dags/pipeline.py                           1           0  0.16s           2025-01-30T09:20:34                      12
================================================================================
[2025-01-30T09:21:32.606+0000] {manager.py:997} INFO - 
================================================================================
DAG File Processing Stats

File Path                      PID    Runtime      # DAGs    # Errors  Last Runtime    Last Run               Last # of DB Queries
-----------------------------  -----  ---------  --------  ----------  --------------  -------------------  ----------------------
/opt/airflow/dags/pipeline.py                           1           0  0.18s           2025-01-30T09:21:04                      12
================================================================================
[2025-01-30T09:22:03.017+0000] {manager.py:997} INFO - 
================================================================================
DAG File Processing Stats

File Path                      PID    Runtime      # DAGs    # Errors  Last Runtime    Last Run               Last # of DB Queries
-----------------------------  -----  ---------  --------  ----------  --------------  -------------------  ----------------------
/opt/airflow/dags/pipeline.py                           1           0  0.21s           2025-01-30T09:21:34                      12
================================================================================
[2025-01-30T09:22:29.305+0000] {manager.py:821} INFO - Searching for files in /opt/airflow/dags
[2025-01-30T09:22:29.308+0000] {manager.py:824} INFO - There are 1 files in /opt/airflow/dags
[2025-01-30T09:22:33.375+0000] {manager.py:997} INFO - 
================================================================================
DAG File Processing Stats

File Path                      PID    Runtime      # DAGs    # Errors  Last Runtime    Last Run               Last # of DB Queries
-----------------------------  -----  ---------  --------  ----------  --------------  -------------------  ----------------------
/opt/airflow/dags/pipeline.py                           1           0  0.28s           2025-01-30T09:22:05                      12
================================================================================
[2025-01-30T09:23:03.894+0000] {manager.py:997} INFO - 
================================================================================
DAG File Processing Stats

File Path                      PID    Runtime      # DAGs    # Errors  Last Runtime    Last Run               Last # of DB Queries
-----------------------------  -----  ---------  --------  ----------  --------------  -------------------  ----------------------
/opt/airflow/dags/pipeline.py                           1           0  0.23s           2025-01-30T09:22:35                      12
================================================================================
[2025-01-30T09:23:34.198+0000] {manager.py:997} INFO - 
================================================================================
DAG File Processing Stats

File Path                      PID    Runtime      # DAGs    # Errors  Last Runtime    Last Run               Last # of DB Queries
-----------------------------  -----  ---------  --------  ----------  --------------  -------------------  ----------------------
/opt/airflow/dags/pipeline.py                           1           0  0.30s           2025-01-30T09:23:06                      12
================================================================================
[2025-01-30T09:24:04.493+0000] {manager.py:997} INFO - 
================================================================================
DAG File Processing Stats

File Path                      PID    Runtime      # DAGs    # Errors  Last Runtime    Last Run               Last # of DB Queries
-----------------------------  -----  ---------  --------  ----------  --------------  -------------------  ----------------------
/opt/airflow/dags/pipeline.py                           1           0  0.18s           2025-01-30T09:23:36                      12
================================================================================
[2025-01-30T09:24:34.921+0000] {manager.py:997} INFO - 
================================================================================
DAG File Processing Stats

File Path                      PID    Runtime      # DAGs    # Errors  Last Runtime    Last Run               Last # of DB Queries
-----------------------------  -----  ---------  --------  ----------  --------------  -------------------  ----------------------
/opt/airflow/dags/pipeline.py                           1           0  0.23s           2025-01-30T09:24:06                      12
================================================================================
[2025-01-30T09:25:05.274+0000] {manager.py:997} INFO - 
================================================================================
DAG File Processing Stats

File Path                      PID    Runtime      # DAGs    # Errors  Last Runtime    Last Run               Last # of DB Queries
-----------------------------  -----  ---------  --------  ----------  --------------  -------------------  ----------------------
/opt/airflow/dags/pipeline.py                           1           0  0.16s           2025-01-30T09:24:37                      12
================================================================================
[2025-01-30T09:25:35.726+0000] {manager.py:997} INFO - 
================================================================================
DAG File Processing Stats

File Path                      PID    Runtime      # DAGs    # Errors  Last Runtime    Last Run               Last # of DB Queries
-----------------------------  -----  ---------  --------  ----------  --------------  -------------------  ----------------------
/opt/airflow/dags/pipeline.py                           1           0  0.16s           2025-01-30T09:25:07                      12
================================================================================
[2025-01-30T09:26:06.045+0000] {manager.py:997} INFO - 
================================================================================
DAG File Processing Stats

File Path                      PID    Runtime      # DAGs    # Errors  Last Runtime    Last Run               Last # of DB Queries
-----------------------------  -----  ---------  --------  ----------  --------------  -------------------  ----------------------
/opt/airflow/dags/pipeline.py                           1           0  0.26s           2025-01-30T09:25:38                      12
================================================================================
[2025-01-30T09:26:36.350+0000] {manager.py:997} INFO - 
================================================================================
DAG File Processing Stats

File Path                      PID    Runtime      # DAGs    # Errors  Last Runtime    Last Run               Last # of DB Queries
-----------------------------  -----  ---------  --------  ----------  --------------  -------------------  ----------------------
/opt/airflow/dags/pipeline.py                           1           0  0.23s           2025-01-30T09:26:08                      12
================================================================================
[2025-01-30T09:27:06.657+0000] {manager.py:997} INFO - 
================================================================================
DAG File Processing Stats

File Path                      PID    Runtime      # DAGs    # Errors  Last Runtime    Last Run               Last # of DB Queries
-----------------------------  -----  ---------  --------  ----------  --------------  -------------------  ----------------------
/opt/airflow/dags/pipeline.py                           1           0  0.20s           2025-01-30T09:26:38                      12
================================================================================
[2025-01-30T09:27:30.072+0000] {manager.py:821} INFO - Searching for files in /opt/airflow/dags
[2025-01-30T09:27:30.074+0000] {manager.py:824} INFO - There are 1 files in /opt/airflow/dags
[2025-01-30T09:27:37.189+0000] {manager.py:997} INFO - 
================================================================================
DAG File Processing Stats

File Path                      PID    Runtime      # DAGs    # Errors  Last Runtime    Last Run               Last # of DB Queries
-----------------------------  -----  ---------  --------  ----------  --------------  -------------------  ----------------------
/opt/airflow/dags/pipeline.py                           1           0  0.21s           2025-01-30T09:27:08                      12
================================================================================
[2025-01-30T09:28:07.503+0000] {manager.py:997} INFO - 
================================================================================
DAG File Processing Stats

File Path                      PID    Runtime      # DAGs    # Errors  Last Runtime    Last Run               Last # of DB Queries
-----------------------------  -----  ---------  --------  ----------  --------------  -------------------  ----------------------
/opt/airflow/dags/pipeline.py                           1           0  0.21s           2025-01-30T09:27:39                      12
================================================================================
[2025-01-30T09:28:37.953+0000] {manager.py:997} INFO - 
================================================================================
DAG File Processing Stats

File Path                      PID    Runtime      # DAGs    # Errors  Last Runtime    Last Run               Last # of DB Queries
-----------------------------  -----  ---------  --------  ----------  --------------  -------------------  ----------------------
/opt/airflow/dags/pipeline.py                           1           0  0.20s           2025-01-30T09:28:09                      12
================================================================================
[2025-01-30T09:29:08.332+0000] {manager.py:997} INFO - 
================================================================================
DAG File Processing Stats

File Path                      PID    Runtime      # DAGs    # Errors  Last Runtime    Last Run               Last # of DB Queries
-----------------------------  -----  ---------  --------  ----------  --------------  -------------------  ----------------------
/opt/airflow/dags/pipeline.py                           1           0  0.13s           2025-01-30T09:28:40                      12
================================================================================
[2025-01-30T09:29:38.647+0000] {manager.py:997} INFO - 
================================================================================
DAG File Processing Stats

File Path                      PID    Runtime      # DAGs    # Errors  Last Runtime    Last Run               Last # of DB Queries
-----------------------------  -----  ---------  --------  ----------  --------------  -------------------  ----------------------
/opt/airflow/dags/pipeline.py                           1           0  0.26s           2025-01-30T09:29:10                      12
================================================================================
[2025-01-30T09:30:08.945+0000] {manager.py:997} INFO - 
================================================================================
DAG File Processing Stats

File Path                      PID    Runtime      # DAGs    # Errors  Last Runtime    Last Run               Last # of DB Queries
-----------------------------  -----  ---------  --------  ----------  --------------  -------------------  ----------------------
/opt/airflow/dags/pipeline.py                           1           0  0.12s           2025-01-30T09:29:40                      12
================================================================================
[2025-01-30T09:30:39.300+0000] {manager.py:997} INFO - 
================================================================================
DAG File Processing Stats

File Path                      PID    Runtime      # DAGs    # Errors  Last Runtime    Last Run               Last # of DB Queries
-----------------------------  -----  ---------  --------  ----------  --------------  -------------------  ----------------------
/opt/airflow/dags/pipeline.py                           1           0  0.19s           2025-01-30T09:30:11                      12
================================================================================
[2025-01-30T09:31:09.675+0000] {manager.py:997} INFO - 
================================================================================
DAG File Processing Stats

File Path                      PID    Runtime      # DAGs    # Errors  Last Runtime    Last Run               Last # of DB Queries
-----------------------------  -----  ---------  --------  ----------  --------------  -------------------  ----------------------
/opt/airflow/dags/pipeline.py                           1           0  0.18s           2025-01-30T09:30:41                      12
================================================================================
[2025-01-30T09:31:39.999+0000] {manager.py:997} INFO - 
================================================================================
DAG File Processing Stats

File Path                      PID    Runtime      # DAGs    # Errors  Last Runtime    Last Run               Last # of DB Queries
-----------------------------  -----  ---------  --------  ----------  --------------  -------------------  ----------------------
/opt/airflow/dags/pipeline.py                           1           0  0.19s           2025-01-30T09:31:11                      12
================================================================================
[2025-01-30T09:32:10.413+0000] {manager.py:997} INFO - 
================================================================================
DAG File Processing Stats

File Path                      PID    Runtime      # DAGs    # Errors  Last Runtime    Last Run               Last # of DB Queries
-----------------------------  -----  ---------  --------  ----------  --------------  -------------------  ----------------------
/opt/airflow/dags/pipeline.py                           1           0  0.26s           2025-01-30T09:31:42                      12
================================================================================
[2025-01-30T09:32:30.684+0000] {manager.py:821} INFO - Searching for files in /opt/airflow/dags
[2025-01-30T09:32:30.686+0000] {manager.py:824} INFO - There are 1 files in /opt/airflow/dags
[2025-01-30T09:32:40.801+0000] {manager.py:997} INFO - 
================================================================================
DAG File Processing Stats

File Path                      PID    Runtime      # DAGs    # Errors  Last Runtime    Last Run               Last # of DB Queries
-----------------------------  -----  ---------  --------  ----------  --------------  -------------------  ----------------------
/opt/airflow/dags/pipeline.py                           1           0  0.17s           2025-01-30T09:32:12                      12
================================================================================
[2025-01-30T09:33:11.145+0000] {manager.py:997} INFO - 
================================================================================
DAG File Processing Stats

File Path                      PID    Runtime      # DAGs    # Errors  Last Runtime    Last Run               Last # of DB Queries
-----------------------------  -----  ---------  --------  ----------  --------------  -------------------  ----------------------
/opt/airflow/dags/pipeline.py                           1           0  0.21s           2025-01-30T09:32:43                      12
================================================================================
[2025-01-30T09:33:41.560+0000] {manager.py:997} INFO - 
================================================================================
DAG File Processing Stats

File Path                      PID    Runtime      # DAGs    # Errors  Last Runtime    Last Run               Last # of DB Queries
-----------------------------  -----  ---------  --------  ----------  --------------  -------------------  ----------------------
/opt/airflow/dags/pipeline.py                           1           0  0.16s           2025-01-30T09:33:13                      12
================================================================================
[2025-01-30T09:34:11.854+0000] {manager.py:997} INFO - 
================================================================================
DAG File Processing Stats

File Path                      PID    Runtime      # DAGs    # Errors  Last Runtime    Last Run               Last # of DB Queries
-----------------------------  -----  ---------  --------  ----------  --------------  -------------------  ----------------------
/opt/airflow/dags/pipeline.py                           1           0  0.15s           2025-01-30T09:33:43                      12
================================================================================
[2025-01-30T09:34:32.353+0000] {manager.py:465} INFO - Exiting gracefully upon receiving signal 15
