[2025-01-23T12:07:06.437+0000] {processor.py:157} INFO - Started process (PID=394) to work on /home/airflow/.local/lib/python3.8/site-packages/airflow/example_dags/example_xcomargs.py
[2025-01-23T12:07:06.438+0000] {processor.py:829} INFO - Processing file /home/airflow/.local/lib/python3.8/site-packages/airflow/example_dags/example_xcomargs.py for tasks to queue
[2025-01-23T12:07:06.438+0000] {logging_mixin.py:151} INFO - [2025-01-23T12:07:06.438+0000] {dagbag.py:539} INFO - Filling up the DagBag from /home/airflow/.local/lib/python3.8/site-packages/airflow/example_dags/example_xcomargs.py
[2025-01-23T12:07:06.444+0000] {processor.py:839} INFO - DAG(s) dict_keys(['example_xcom_args_with_operators', 'example_xcom_args']) retrieved from /home/airflow/.local/lib/python3.8/site-packages/airflow/example_dags/example_xcomargs.py
[2025-01-23T12:07:06.458+0000] {logging_mixin.py:151} INFO - [2025-01-23T12:07:06.457+0000] {dag.py:2907} INFO - Sync 2 DAGs
[2025-01-23T12:07:06.470+0000] {logging_mixin.py:151} INFO - [2025-01-23T12:07:06.470+0000] {dag.py:3677} INFO - Setting next_dagrun for example_xcom_args to None, run_after=None
[2025-01-23T12:07:06.474+0000] {logging_mixin.py:151} INFO - [2025-01-23T12:07:06.473+0000] {dag.py:3677} INFO - Setting next_dagrun for example_xcom_args_with_operators to None, run_after=None
[2025-01-23T12:07:06.489+0000] {processor.py:179} INFO - Processing /home/airflow/.local/lib/python3.8/site-packages/airflow/example_dags/example_xcomargs.py took 0.055 seconds
[2025-01-23T12:07:37.216+0000] {processor.py:157} INFO - Started process (PID=637) to work on /home/airflow/.local/lib/python3.8/site-packages/airflow/example_dags/example_xcomargs.py
[2025-01-23T12:07:37.217+0000] {processor.py:829} INFO - Processing file /home/airflow/.local/lib/python3.8/site-packages/airflow/example_dags/example_xcomargs.py for tasks to queue
[2025-01-23T12:07:37.218+0000] {logging_mixin.py:151} INFO - [2025-01-23T12:07:37.218+0000] {dagbag.py:539} INFO - Filling up the DagBag from /home/airflow/.local/lib/python3.8/site-packages/airflow/example_dags/example_xcomargs.py
[2025-01-23T12:07:37.226+0000] {processor.py:839} INFO - DAG(s) dict_keys(['example_xcom_args_with_operators', 'example_xcom_args']) retrieved from /home/airflow/.local/lib/python3.8/site-packages/airflow/example_dags/example_xcomargs.py
[2025-01-23T12:07:37.246+0000] {logging_mixin.py:151} INFO - [2025-01-23T12:07:37.245+0000] {dag.py:2907} INFO - Sync 2 DAGs
[2025-01-23T12:07:37.335+0000] {logging_mixin.py:151} INFO - [2025-01-23T12:07:37.335+0000] {dag.py:3677} INFO - Setting next_dagrun for example_xcom_args to None, run_after=None
[2025-01-23T12:07:37.337+0000] {logging_mixin.py:151} INFO - [2025-01-23T12:07:37.337+0000] {dag.py:3677} INFO - Setting next_dagrun for example_xcom_args_with_operators to None, run_after=None
[2025-01-23T12:07:37.349+0000] {processor.py:179} INFO - Processing /home/airflow/.local/lib/python3.8/site-packages/airflow/example_dags/example_xcomargs.py took 0.135 seconds
[2025-01-23T12:08:07.964+0000] {processor.py:157} INFO - Started process (PID=882) to work on /home/airflow/.local/lib/python3.8/site-packages/airflow/example_dags/example_xcomargs.py
[2025-01-23T12:08:07.965+0000] {processor.py:829} INFO - Processing file /home/airflow/.local/lib/python3.8/site-packages/airflow/example_dags/example_xcomargs.py for tasks to queue
[2025-01-23T12:08:07.965+0000] {logging_mixin.py:151} INFO - [2025-01-23T12:08:07.965+0000] {dagbag.py:539} INFO - Filling up the DagBag from /home/airflow/.local/lib/python3.8/site-packages/airflow/example_dags/example_xcomargs.py
[2025-01-23T12:08:07.970+0000] {processor.py:839} INFO - DAG(s) dict_keys(['example_xcom_args_with_operators', 'example_xcom_args']) retrieved from /home/airflow/.local/lib/python3.8/site-packages/airflow/example_dags/example_xcomargs.py
[2025-01-23T12:08:07.986+0000] {logging_mixin.py:151} INFO - [2025-01-23T12:08:07.985+0000] {dag.py:2907} INFO - Sync 2 DAGs
[2025-01-23T12:08:07.993+0000] {logging_mixin.py:151} INFO - [2025-01-23T12:08:07.993+0000] {dag.py:3677} INFO - Setting next_dagrun for example_xcom_args to None, run_after=None
[2025-01-23T12:08:07.995+0000] {logging_mixin.py:151} INFO - [2025-01-23T12:08:07.995+0000] {dag.py:3677} INFO - Setting next_dagrun for example_xcom_args_with_operators to None, run_after=None
[2025-01-23T12:08:08.006+0000] {processor.py:179} INFO - Processing /home/airflow/.local/lib/python3.8/site-packages/airflow/example_dags/example_xcomargs.py took 0.044 seconds
[2025-01-23T12:08:38.162+0000] {processor.py:157} INFO - Started process (PID=1131) to work on /home/airflow/.local/lib/python3.8/site-packages/airflow/example_dags/example_xcomargs.py
[2025-01-23T12:08:38.163+0000] {processor.py:829} INFO - Processing file /home/airflow/.local/lib/python3.8/site-packages/airflow/example_dags/example_xcomargs.py for tasks to queue
[2025-01-23T12:08:38.163+0000] {logging_mixin.py:151} INFO - [2025-01-23T12:08:38.163+0000] {dagbag.py:539} INFO - Filling up the DagBag from /home/airflow/.local/lib/python3.8/site-packages/airflow/example_dags/example_xcomargs.py
[2025-01-23T12:08:38.168+0000] {processor.py:839} INFO - DAG(s) dict_keys(['example_xcom_args_with_operators', 'example_xcom_args']) retrieved from /home/airflow/.local/lib/python3.8/site-packages/airflow/example_dags/example_xcomargs.py
[2025-01-23T12:08:38.183+0000] {logging_mixin.py:151} INFO - [2025-01-23T12:08:38.183+0000] {dag.py:2907} INFO - Sync 2 DAGs
[2025-01-23T12:08:38.190+0000] {logging_mixin.py:151} INFO - [2025-01-23T12:08:38.190+0000] {dag.py:3677} INFO - Setting next_dagrun for example_xcom_args to None, run_after=None
[2025-01-23T12:08:38.192+0000] {logging_mixin.py:151} INFO - [2025-01-23T12:08:38.192+0000] {dag.py:3677} INFO - Setting next_dagrun for example_xcom_args_with_operators to None, run_after=None
[2025-01-23T12:08:38.202+0000] {processor.py:179} INFO - Processing /home/airflow/.local/lib/python3.8/site-packages/airflow/example_dags/example_xcomargs.py took 0.042 seconds
[2025-01-23T12:09:09.327+0000] {processor.py:157} INFO - Started process (PID=1367) to work on /home/airflow/.local/lib/python3.8/site-packages/airflow/example_dags/example_xcomargs.py
[2025-01-23T12:09:09.329+0000] {processor.py:829} INFO - Processing file /home/airflow/.local/lib/python3.8/site-packages/airflow/example_dags/example_xcomargs.py for tasks to queue
[2025-01-23T12:09:09.329+0000] {logging_mixin.py:151} INFO - [2025-01-23T12:09:09.329+0000] {dagbag.py:539} INFO - Filling up the DagBag from /home/airflow/.local/lib/python3.8/site-packages/airflow/example_dags/example_xcomargs.py
[2025-01-23T12:09:09.336+0000] {processor.py:839} INFO - DAG(s) dict_keys(['example_xcom_args', 'example_xcom_args_with_operators']) retrieved from /home/airflow/.local/lib/python3.8/site-packages/airflow/example_dags/example_xcomargs.py
[2025-01-23T12:09:09.359+0000] {logging_mixin.py:151} INFO - [2025-01-23T12:09:09.358+0000] {dag.py:2907} INFO - Sync 2 DAGs
[2025-01-23T12:09:09.367+0000] {logging_mixin.py:151} INFO - [2025-01-23T12:09:09.367+0000] {dag.py:3677} INFO - Setting next_dagrun for example_xcom_args to None, run_after=None
[2025-01-23T12:09:09.369+0000] {logging_mixin.py:151} INFO - [2025-01-23T12:09:09.369+0000] {dag.py:3677} INFO - Setting next_dagrun for example_xcom_args_with_operators to None, run_after=None
[2025-01-23T12:09:09.385+0000] {processor.py:179} INFO - Processing /home/airflow/.local/lib/python3.8/site-packages/airflow/example_dags/example_xcomargs.py took 0.061 seconds
[2025-01-23T12:09:39.458+0000] {processor.py:157} INFO - Started process (PID=1612) to work on /home/airflow/.local/lib/python3.8/site-packages/airflow/example_dags/example_xcomargs.py
[2025-01-23T12:09:39.459+0000] {processor.py:829} INFO - Processing file /home/airflow/.local/lib/python3.8/site-packages/airflow/example_dags/example_xcomargs.py for tasks to queue
[2025-01-23T12:09:39.460+0000] {logging_mixin.py:151} INFO - [2025-01-23T12:09:39.460+0000] {dagbag.py:539} INFO - Filling up the DagBag from /home/airflow/.local/lib/python3.8/site-packages/airflow/example_dags/example_xcomargs.py
[2025-01-23T12:09:39.465+0000] {processor.py:839} INFO - DAG(s) dict_keys(['example_xcom_args_with_operators', 'example_xcom_args']) retrieved from /home/airflow/.local/lib/python3.8/site-packages/airflow/example_dags/example_xcomargs.py
[2025-01-23T12:09:39.481+0000] {logging_mixin.py:151} INFO - [2025-01-23T12:09:39.481+0000] {dag.py:2907} INFO - Sync 2 DAGs
[2025-01-23T12:09:39.489+0000] {logging_mixin.py:151} INFO - [2025-01-23T12:09:39.489+0000] {dag.py:3677} INFO - Setting next_dagrun for example_xcom_args to None, run_after=None
[2025-01-23T12:09:39.491+0000] {logging_mixin.py:151} INFO - [2025-01-23T12:09:39.491+0000] {dag.py:3677} INFO - Setting next_dagrun for example_xcom_args_with_operators to None, run_after=None
[2025-01-23T12:09:39.503+0000] {processor.py:179} INFO - Processing /home/airflow/.local/lib/python3.8/site-packages/airflow/example_dags/example_xcomargs.py took 0.047 seconds
[2025-01-23T12:10:10.863+0000] {processor.py:157} INFO - Started process (PID=1855) to work on /home/airflow/.local/lib/python3.8/site-packages/airflow/example_dags/example_xcomargs.py
[2025-01-23T12:10:10.864+0000] {processor.py:829} INFO - Processing file /home/airflow/.local/lib/python3.8/site-packages/airflow/example_dags/example_xcomargs.py for tasks to queue
[2025-01-23T12:10:10.864+0000] {logging_mixin.py:151} INFO - [2025-01-23T12:10:10.864+0000] {dagbag.py:539} INFO - Filling up the DagBag from /home/airflow/.local/lib/python3.8/site-packages/airflow/example_dags/example_xcomargs.py
[2025-01-23T12:10:10.870+0000] {processor.py:839} INFO - DAG(s) dict_keys(['example_xcom_args_with_operators', 'example_xcom_args']) retrieved from /home/airflow/.local/lib/python3.8/site-packages/airflow/example_dags/example_xcomargs.py
[2025-01-23T12:10:10.891+0000] {logging_mixin.py:151} INFO - [2025-01-23T12:10:10.891+0000] {dag.py:2907} INFO - Sync 2 DAGs
[2025-01-23T12:10:10.901+0000] {logging_mixin.py:151} INFO - [2025-01-23T12:10:10.901+0000] {dag.py:3677} INFO - Setting next_dagrun for example_xcom_args to None, run_after=None
[2025-01-23T12:10:10.904+0000] {logging_mixin.py:151} INFO - [2025-01-23T12:10:10.904+0000] {dag.py:3677} INFO - Setting next_dagrun for example_xcom_args_with_operators to None, run_after=None
[2025-01-23T12:10:10.923+0000] {processor.py:179} INFO - Processing /home/airflow/.local/lib/python3.8/site-packages/airflow/example_dags/example_xcomargs.py took 0.063 seconds
[2025-01-23T12:10:41.467+0000] {processor.py:157} INFO - Started process (PID=2098) to work on /home/airflow/.local/lib/python3.8/site-packages/airflow/example_dags/example_xcomargs.py
[2025-01-23T12:10:41.468+0000] {processor.py:829} INFO - Processing file /home/airflow/.local/lib/python3.8/site-packages/airflow/example_dags/example_xcomargs.py for tasks to queue
[2025-01-23T12:10:41.468+0000] {logging_mixin.py:151} INFO - [2025-01-23T12:10:41.468+0000] {dagbag.py:539} INFO - Filling up the DagBag from /home/airflow/.local/lib/python3.8/site-packages/airflow/example_dags/example_xcomargs.py
[2025-01-23T12:10:41.473+0000] {processor.py:839} INFO - DAG(s) dict_keys(['example_xcom_args_with_operators', 'example_xcom_args']) retrieved from /home/airflow/.local/lib/python3.8/site-packages/airflow/example_dags/example_xcomargs.py
[2025-01-23T12:10:41.491+0000] {logging_mixin.py:151} INFO - [2025-01-23T12:10:41.491+0000] {dag.py:2907} INFO - Sync 2 DAGs
[2025-01-23T12:10:41.500+0000] {logging_mixin.py:151} INFO - [2025-01-23T12:10:41.500+0000] {dag.py:3677} INFO - Setting next_dagrun for example_xcom_args to None, run_after=None
[2025-01-23T12:10:41.502+0000] {logging_mixin.py:151} INFO - [2025-01-23T12:10:41.502+0000] {dag.py:3677} INFO - Setting next_dagrun for example_xcom_args_with_operators to None, run_after=None
[2025-01-23T12:10:41.516+0000] {processor.py:179} INFO - Processing /home/airflow/.local/lib/python3.8/site-packages/airflow/example_dags/example_xcomargs.py took 0.052 seconds
[2025-01-23T12:11:11.801+0000] {processor.py:157} INFO - Started process (PID=2341) to work on /home/airflow/.local/lib/python3.8/site-packages/airflow/example_dags/example_xcomargs.py
[2025-01-23T12:11:11.802+0000] {processor.py:829} INFO - Processing file /home/airflow/.local/lib/python3.8/site-packages/airflow/example_dags/example_xcomargs.py for tasks to queue
[2025-01-23T12:11:11.803+0000] {logging_mixin.py:151} INFO - [2025-01-23T12:11:11.803+0000] {dagbag.py:539} INFO - Filling up the DagBag from /home/airflow/.local/lib/python3.8/site-packages/airflow/example_dags/example_xcomargs.py
[2025-01-23T12:11:11.808+0000] {processor.py:839} INFO - DAG(s) dict_keys(['example_xcom_args', 'example_xcom_args_with_operators']) retrieved from /home/airflow/.local/lib/python3.8/site-packages/airflow/example_dags/example_xcomargs.py
[2025-01-23T12:11:11.830+0000] {logging_mixin.py:151} INFO - [2025-01-23T12:11:11.830+0000] {dag.py:2907} INFO - Sync 2 DAGs
[2025-01-23T12:11:11.841+0000] {logging_mixin.py:151} INFO - [2025-01-23T12:11:11.841+0000] {dag.py:3677} INFO - Setting next_dagrun for example_xcom_args to None, run_after=None
[2025-01-23T12:11:11.844+0000] {logging_mixin.py:151} INFO - [2025-01-23T12:11:11.844+0000] {dag.py:3677} INFO - Setting next_dagrun for example_xcom_args_with_operators to None, run_after=None
[2025-01-23T12:11:11.861+0000] {processor.py:179} INFO - Processing /home/airflow/.local/lib/python3.8/site-packages/airflow/example_dags/example_xcomargs.py took 0.062 seconds
