[2025-01-23T12:07:05.793+0000] {processor.py:157} INFO - Started process (PID=323) to work on /home/airflow/.local/lib/python3.8/site-packages/airflow/example_dags/example_bash_operator.py
[2025-01-23T12:07:05.794+0000] {processor.py:829} INFO - Processing file /home/airflow/.local/lib/python3.8/site-packages/airflow/example_dags/example_bash_operator.py for tasks to queue
[2025-01-23T12:07:05.795+0000] {logging_mixin.py:151} INFO - [2025-01-23T12:07:05.795+0000] {dagbag.py:539} INFO - Filling up the DagBag from /home/airflow/.local/lib/python3.8/site-packages/airflow/example_dags/example_bash_operator.py
[2025-01-23T12:07:05.805+0000] {processor.py:839} INFO - DAG(s) dict_keys(['example_bash_operator']) retrieved from /home/airflow/.local/lib/python3.8/site-packages/airflow/example_dags/example_bash_operator.py
[2025-01-23T12:07:05.821+0000] {logging_mixin.py:151} INFO - [2025-01-23T12:07:05.821+0000] {dag.py:2907} INFO - Sync 1 DAGs
[2025-01-23T12:07:05.845+0000] {logging_mixin.py:151} INFO - [2025-01-23T12:07:05.845+0000] {dag.py:3677} INFO - Setting next_dagrun for example_bash_operator to 2025-01-22T00:00:00+00:00, run_after=2025-01-23T00:00:00+00:00
[2025-01-23T12:07:05.866+0000] {processor.py:179} INFO - Processing /home/airflow/.local/lib/python3.8/site-packages/airflow/example_dags/example_bash_operator.py took 0.076 seconds
[2025-01-23T12:07:36.229+0000] {processor.py:157} INFO - Started process (PID=572) to work on /home/airflow/.local/lib/python3.8/site-packages/airflow/example_dags/example_bash_operator.py
[2025-01-23T12:07:36.231+0000] {processor.py:829} INFO - Processing file /home/airflow/.local/lib/python3.8/site-packages/airflow/example_dags/example_bash_operator.py for tasks to queue
[2025-01-23T12:07:36.231+0000] {logging_mixin.py:151} INFO - [2025-01-23T12:07:36.231+0000] {dagbag.py:539} INFO - Filling up the DagBag from /home/airflow/.local/lib/python3.8/site-packages/airflow/example_dags/example_bash_operator.py
[2025-01-23T12:07:36.240+0000] {processor.py:839} INFO - DAG(s) dict_keys(['example_bash_operator']) retrieved from /home/airflow/.local/lib/python3.8/site-packages/airflow/example_dags/example_bash_operator.py
[2025-01-23T12:07:36.260+0000] {logging_mixin.py:151} INFO - [2025-01-23T12:07:36.260+0000] {dag.py:2907} INFO - Sync 1 DAGs
[2025-01-23T12:07:36.277+0000] {logging_mixin.py:151} INFO - [2025-01-23T12:07:36.277+0000] {dag.py:3677} INFO - Setting next_dagrun for example_bash_operator to 2025-01-22T00:00:00+00:00, run_after=2025-01-23T00:00:00+00:00
[2025-01-23T12:07:36.374+0000] {processor.py:179} INFO - Processing /home/airflow/.local/lib/python3.8/site-packages/airflow/example_dags/example_bash_operator.py took 0.147 seconds
[2025-01-23T12:08:06.464+0000] {processor.py:157} INFO - Started process (PID=815) to work on /home/airflow/.local/lib/python3.8/site-packages/airflow/example_dags/example_bash_operator.py
[2025-01-23T12:08:06.464+0000] {processor.py:829} INFO - Processing file /home/airflow/.local/lib/python3.8/site-packages/airflow/example_dags/example_bash_operator.py for tasks to queue
[2025-01-23T12:08:06.465+0000] {logging_mixin.py:151} INFO - [2025-01-23T12:08:06.465+0000] {dagbag.py:539} INFO - Filling up the DagBag from /home/airflow/.local/lib/python3.8/site-packages/airflow/example_dags/example_bash_operator.py
[2025-01-23T12:08:06.472+0000] {processor.py:839} INFO - DAG(s) dict_keys(['example_bash_operator']) retrieved from /home/airflow/.local/lib/python3.8/site-packages/airflow/example_dags/example_bash_operator.py
[2025-01-23T12:08:06.492+0000] {logging_mixin.py:151} INFO - [2025-01-23T12:08:06.492+0000] {dag.py:2907} INFO - Sync 1 DAGs
[2025-01-23T12:08:06.507+0000] {logging_mixin.py:151} INFO - [2025-01-23T12:08:06.506+0000] {dag.py:3677} INFO - Setting next_dagrun for example_bash_operator to 2025-01-22T00:00:00+00:00, run_after=2025-01-23T00:00:00+00:00
[2025-01-23T12:08:06.519+0000] {processor.py:179} INFO - Processing /home/airflow/.local/lib/python3.8/site-packages/airflow/example_dags/example_bash_operator.py took 0.057 seconds
[2025-01-23T12:08:37.656+0000] {processor.py:157} INFO - Started process (PID=1061) to work on /home/airflow/.local/lib/python3.8/site-packages/airflow/example_dags/example_bash_operator.py
[2025-01-23T12:08:37.657+0000] {processor.py:829} INFO - Processing file /home/airflow/.local/lib/python3.8/site-packages/airflow/example_dags/example_bash_operator.py for tasks to queue
[2025-01-23T12:08:37.658+0000] {logging_mixin.py:151} INFO - [2025-01-23T12:08:37.657+0000] {dagbag.py:539} INFO - Filling up the DagBag from /home/airflow/.local/lib/python3.8/site-packages/airflow/example_dags/example_bash_operator.py
[2025-01-23T12:08:37.665+0000] {processor.py:839} INFO - DAG(s) dict_keys(['example_bash_operator']) retrieved from /home/airflow/.local/lib/python3.8/site-packages/airflow/example_dags/example_bash_operator.py
[2025-01-23T12:08:37.685+0000] {logging_mixin.py:151} INFO - [2025-01-23T12:08:37.685+0000] {dag.py:2907} INFO - Sync 1 DAGs
[2025-01-23T12:08:37.700+0000] {logging_mixin.py:151} INFO - [2025-01-23T12:08:37.700+0000] {dag.py:3677} INFO - Setting next_dagrun for example_bash_operator to 2025-01-22T00:00:00+00:00, run_after=2025-01-23T00:00:00+00:00
[2025-01-23T12:08:37.714+0000] {processor.py:179} INFO - Processing /home/airflow/.local/lib/python3.8/site-packages/airflow/example_dags/example_bash_operator.py took 0.061 seconds
[2025-01-23T12:09:08.775+0000] {processor.py:157} INFO - Started process (PID=1302) to work on /home/airflow/.local/lib/python3.8/site-packages/airflow/example_dags/example_bash_operator.py
[2025-01-23T12:09:08.776+0000] {processor.py:829} INFO - Processing file /home/airflow/.local/lib/python3.8/site-packages/airflow/example_dags/example_bash_operator.py for tasks to queue
[2025-01-23T12:09:08.777+0000] {logging_mixin.py:151} INFO - [2025-01-23T12:09:08.776+0000] {dagbag.py:539} INFO - Filling up the DagBag from /home/airflow/.local/lib/python3.8/site-packages/airflow/example_dags/example_bash_operator.py
[2025-01-23T12:09:08.784+0000] {processor.py:839} INFO - DAG(s) dict_keys(['example_bash_operator']) retrieved from /home/airflow/.local/lib/python3.8/site-packages/airflow/example_dags/example_bash_operator.py
[2025-01-23T12:09:08.803+0000] {logging_mixin.py:151} INFO - [2025-01-23T12:09:08.803+0000] {dag.py:2907} INFO - Sync 1 DAGs
[2025-01-23T12:09:08.820+0000] {logging_mixin.py:151} INFO - [2025-01-23T12:09:08.820+0000] {dag.py:3677} INFO - Setting next_dagrun for example_bash_operator to 2025-01-22T00:00:00+00:00, run_after=2025-01-23T00:00:00+00:00
[2025-01-23T12:09:08.836+0000] {processor.py:179} INFO - Processing /home/airflow/.local/lib/python3.8/site-packages/airflow/example_dags/example_bash_operator.py took 0.063 seconds
[2025-01-23T12:09:38.897+0000] {processor.py:157} INFO - Started process (PID=1545) to work on /home/airflow/.local/lib/python3.8/site-packages/airflow/example_dags/example_bash_operator.py
[2025-01-23T12:09:38.898+0000] {processor.py:829} INFO - Processing file /home/airflow/.local/lib/python3.8/site-packages/airflow/example_dags/example_bash_operator.py for tasks to queue
[2025-01-23T12:09:38.898+0000] {logging_mixin.py:151} INFO - [2025-01-23T12:09:38.898+0000] {dagbag.py:539} INFO - Filling up the DagBag from /home/airflow/.local/lib/python3.8/site-packages/airflow/example_dags/example_bash_operator.py
[2025-01-23T12:09:38.905+0000] {processor.py:839} INFO - DAG(s) dict_keys(['example_bash_operator']) retrieved from /home/airflow/.local/lib/python3.8/site-packages/airflow/example_dags/example_bash_operator.py
[2025-01-23T12:09:38.922+0000] {logging_mixin.py:151} INFO - [2025-01-23T12:09:38.922+0000] {dag.py:2907} INFO - Sync 1 DAGs
[2025-01-23T12:09:38.935+0000] {logging_mixin.py:151} INFO - [2025-01-23T12:09:38.935+0000] {dag.py:3677} INFO - Setting next_dagrun for example_bash_operator to 2025-01-22T00:00:00+00:00, run_after=2025-01-23T00:00:00+00:00
[2025-01-23T12:09:38.945+0000] {processor.py:179} INFO - Processing /home/airflow/.local/lib/python3.8/site-packages/airflow/example_dags/example_bash_operator.py took 0.051 seconds
[2025-01-23T12:10:10.188+0000] {processor.py:157} INFO - Started process (PID=1788) to work on /home/airflow/.local/lib/python3.8/site-packages/airflow/example_dags/example_bash_operator.py
[2025-01-23T12:10:10.190+0000] {processor.py:829} INFO - Processing file /home/airflow/.local/lib/python3.8/site-packages/airflow/example_dags/example_bash_operator.py for tasks to queue
[2025-01-23T12:10:10.190+0000] {logging_mixin.py:151} INFO - [2025-01-23T12:10:10.190+0000] {dagbag.py:539} INFO - Filling up the DagBag from /home/airflow/.local/lib/python3.8/site-packages/airflow/example_dags/example_bash_operator.py
[2025-01-23T12:10:10.198+0000] {processor.py:839} INFO - DAG(s) dict_keys(['example_bash_operator']) retrieved from /home/airflow/.local/lib/python3.8/site-packages/airflow/example_dags/example_bash_operator.py
[2025-01-23T12:10:10.225+0000] {logging_mixin.py:151} INFO - [2025-01-23T12:10:10.225+0000] {dag.py:2907} INFO - Sync 1 DAGs
[2025-01-23T12:10:10.247+0000] {logging_mixin.py:151} INFO - [2025-01-23T12:10:10.247+0000] {dag.py:3677} INFO - Setting next_dagrun for example_bash_operator to 2025-01-22T00:00:00+00:00, run_after=2025-01-23T00:00:00+00:00
[2025-01-23T12:10:10.265+0000] {processor.py:179} INFO - Processing /home/airflow/.local/lib/python3.8/site-packages/airflow/example_dags/example_bash_operator.py took 0.079 seconds
[2025-01-23T12:10:40.696+0000] {processor.py:157} INFO - Started process (PID=2031) to work on /home/airflow/.local/lib/python3.8/site-packages/airflow/example_dags/example_bash_operator.py
[2025-01-23T12:10:40.697+0000] {processor.py:829} INFO - Processing file /home/airflow/.local/lib/python3.8/site-packages/airflow/example_dags/example_bash_operator.py for tasks to queue
[2025-01-23T12:10:40.698+0000] {logging_mixin.py:151} INFO - [2025-01-23T12:10:40.698+0000] {dagbag.py:539} INFO - Filling up the DagBag from /home/airflow/.local/lib/python3.8/site-packages/airflow/example_dags/example_bash_operator.py
[2025-01-23T12:10:40.709+0000] {processor.py:839} INFO - DAG(s) dict_keys(['example_bash_operator']) retrieved from /home/airflow/.local/lib/python3.8/site-packages/airflow/example_dags/example_bash_operator.py
[2025-01-23T12:10:40.736+0000] {logging_mixin.py:151} INFO - [2025-01-23T12:10:40.736+0000] {dag.py:2907} INFO - Sync 1 DAGs
[2025-01-23T12:10:40.756+0000] {logging_mixin.py:151} INFO - [2025-01-23T12:10:40.756+0000] {dag.py:3677} INFO - Setting next_dagrun for example_bash_operator to 2025-01-22T00:00:00+00:00, run_after=2025-01-23T00:00:00+00:00
[2025-01-23T12:10:40.776+0000] {processor.py:179} INFO - Processing /home/airflow/.local/lib/python3.8/site-packages/airflow/example_dags/example_bash_operator.py took 0.083 seconds
[2025-01-23T12:11:11.149+0000] {processor.py:157} INFO - Started process (PID=2274) to work on /home/airflow/.local/lib/python3.8/site-packages/airflow/example_dags/example_bash_operator.py
[2025-01-23T12:11:11.150+0000] {processor.py:829} INFO - Processing file /home/airflow/.local/lib/python3.8/site-packages/airflow/example_dags/example_bash_operator.py for tasks to queue
[2025-01-23T12:11:11.151+0000] {logging_mixin.py:151} INFO - [2025-01-23T12:11:11.151+0000] {dagbag.py:539} INFO - Filling up the DagBag from /home/airflow/.local/lib/python3.8/site-packages/airflow/example_dags/example_bash_operator.py
[2025-01-23T12:11:11.158+0000] {processor.py:839} INFO - DAG(s) dict_keys(['example_bash_operator']) retrieved from /home/airflow/.local/lib/python3.8/site-packages/airflow/example_dags/example_bash_operator.py
[2025-01-23T12:11:11.184+0000] {logging_mixin.py:151} INFO - [2025-01-23T12:11:11.184+0000] {dag.py:2907} INFO - Sync 1 DAGs
[2025-01-23T12:11:11.204+0000] {logging_mixin.py:151} INFO - [2025-01-23T12:11:11.204+0000] {dag.py:3677} INFO - Setting next_dagrun for example_bash_operator to 2025-01-22T00:00:00+00:00, run_after=2025-01-23T00:00:00+00:00
[2025-01-23T12:11:11.221+0000] {processor.py:179} INFO - Processing /home/airflow/.local/lib/python3.8/site-packages/airflow/example_dags/example_bash_operator.py took 0.075 seconds
