[2025-01-23T12:07:05.506+0000] {processor.py:157} INFO - Started process (PID=293) to work on /home/airflow/.local/lib/python3.8/site-packages/airflow/example_dags/example_xcom.py
[2025-01-23T12:07:05.507+0000] {processor.py:829} INFO - Processing file /home/airflow/.local/lib/python3.8/site-packages/airflow/example_dags/example_xcom.py for tasks to queue
[2025-01-23T12:07:05.508+0000] {logging_mixin.py:151} INFO - [2025-01-23T12:07:05.508+0000] {dagbag.py:539} INFO - Filling up the DagBag from /home/airflow/.local/lib/python3.8/site-packages/airflow/example_dags/example_xcom.py
[2025-01-23T12:07:05.516+0000] {processor.py:839} INFO - DAG(s) dict_keys(['example_xcom']) retrieved from /home/airflow/.local/lib/python3.8/site-packages/airflow/example_dags/example_xcom.py
[2025-01-23T12:07:05.528+0000] {logging_mixin.py:151} INFO - [2025-01-23T12:07:05.528+0000] {dag.py:2907} INFO - Sync 1 DAGs
[2025-01-23T12:07:05.551+0000] {logging_mixin.py:151} INFO - [2025-01-23T12:07:05.551+0000] {dag.py:3677} INFO - Setting next_dagrun for example_xcom to 2021-01-01T00:00:00+00:00, run_after=2021-01-01T00:00:00+00:00
[2025-01-23T12:07:05.577+0000] {processor.py:179} INFO - Processing /home/airflow/.local/lib/python3.8/site-packages/airflow/example_dags/example_xcom.py took 0.075 seconds
[2025-01-23T12:07:35.778+0000] {processor.py:157} INFO - Started process (PID=535) to work on /home/airflow/.local/lib/python3.8/site-packages/airflow/example_dags/example_xcom.py
[2025-01-23T12:07:35.779+0000] {processor.py:829} INFO - Processing file /home/airflow/.local/lib/python3.8/site-packages/airflow/example_dags/example_xcom.py for tasks to queue
[2025-01-23T12:07:35.780+0000] {logging_mixin.py:151} INFO - [2025-01-23T12:07:35.779+0000] {dagbag.py:539} INFO - Filling up the DagBag from /home/airflow/.local/lib/python3.8/site-packages/airflow/example_dags/example_xcom.py
[2025-01-23T12:07:35.785+0000] {processor.py:839} INFO - DAG(s) dict_keys(['example_xcom']) retrieved from /home/airflow/.local/lib/python3.8/site-packages/airflow/example_dags/example_xcom.py
[2025-01-23T12:07:35.804+0000] {logging_mixin.py:151} INFO - [2025-01-23T12:07:35.804+0000] {dag.py:2907} INFO - Sync 1 DAGs
[2025-01-23T12:07:35.819+0000] {logging_mixin.py:151} INFO - [2025-01-23T12:07:35.819+0000] {dag.py:3677} INFO - Setting next_dagrun for example_xcom to 2021-01-01T00:00:00+00:00, run_after=2021-01-01T00:00:00+00:00
[2025-01-23T12:07:35.912+0000] {processor.py:179} INFO - Processing /home/airflow/.local/lib/python3.8/site-packages/airflow/example_dags/example_xcom.py took 0.136 seconds
[2025-01-23T12:08:06.264+0000] {processor.py:157} INFO - Started process (PID=785) to work on /home/airflow/.local/lib/python3.8/site-packages/airflow/example_dags/example_xcom.py
[2025-01-23T12:08:06.265+0000] {processor.py:829} INFO - Processing file /home/airflow/.local/lib/python3.8/site-packages/airflow/example_dags/example_xcom.py for tasks to queue
[2025-01-23T12:08:06.266+0000] {logging_mixin.py:151} INFO - [2025-01-23T12:08:06.265+0000] {dagbag.py:539} INFO - Filling up the DagBag from /home/airflow/.local/lib/python3.8/site-packages/airflow/example_dags/example_xcom.py
[2025-01-23T12:08:06.271+0000] {processor.py:839} INFO - DAG(s) dict_keys(['example_xcom']) retrieved from /home/airflow/.local/lib/python3.8/site-packages/airflow/example_dags/example_xcom.py
[2025-01-23T12:08:06.286+0000] {logging_mixin.py:151} INFO - [2025-01-23T12:08:06.286+0000] {dag.py:2907} INFO - Sync 1 DAGs
[2025-01-23T12:08:06.299+0000] {logging_mixin.py:151} INFO - [2025-01-23T12:08:06.299+0000] {dag.py:3677} INFO - Setting next_dagrun for example_xcom to 2021-01-01T00:00:00+00:00, run_after=2021-01-01T00:00:00+00:00
[2025-01-23T12:08:06.314+0000] {processor.py:179} INFO - Processing /home/airflow/.local/lib/python3.8/site-packages/airflow/example_dags/example_xcom.py took 0.052 seconds
[2025-01-23T12:08:37.376+0000] {processor.py:157} INFO - Started process (PID=1031) to work on /home/airflow/.local/lib/python3.8/site-packages/airflow/example_dags/example_xcom.py
[2025-01-23T12:08:37.377+0000] {processor.py:829} INFO - Processing file /home/airflow/.local/lib/python3.8/site-packages/airflow/example_dags/example_xcom.py for tasks to queue
[2025-01-23T12:08:37.377+0000] {logging_mixin.py:151} INFO - [2025-01-23T12:08:37.377+0000] {dagbag.py:539} INFO - Filling up the DagBag from /home/airflow/.local/lib/python3.8/site-packages/airflow/example_dags/example_xcom.py
[2025-01-23T12:08:37.382+0000] {processor.py:839} INFO - DAG(s) dict_keys(['example_xcom']) retrieved from /home/airflow/.local/lib/python3.8/site-packages/airflow/example_dags/example_xcom.py
[2025-01-23T12:08:37.399+0000] {logging_mixin.py:151} INFO - [2025-01-23T12:08:37.399+0000] {dag.py:2907} INFO - Sync 1 DAGs
[2025-01-23T12:08:37.417+0000] {logging_mixin.py:151} INFO - [2025-01-23T12:08:37.417+0000] {dag.py:3677} INFO - Setting next_dagrun for example_xcom to 2021-01-01T00:00:00+00:00, run_after=2021-01-01T00:00:00+00:00
[2025-01-23T12:08:37.432+0000] {processor.py:179} INFO - Processing /home/airflow/.local/lib/python3.8/site-packages/airflow/example_dags/example_xcom.py took 0.059 seconds
[2025-01-23T12:09:08.541+0000] {processor.py:157} INFO - Started process (PID=1272) to work on /home/airflow/.local/lib/python3.8/site-packages/airflow/example_dags/example_xcom.py
[2025-01-23T12:09:08.542+0000] {processor.py:829} INFO - Processing file /home/airflow/.local/lib/python3.8/site-packages/airflow/example_dags/example_xcom.py for tasks to queue
[2025-01-23T12:09:08.543+0000] {logging_mixin.py:151} INFO - [2025-01-23T12:09:08.543+0000] {dagbag.py:539} INFO - Filling up the DagBag from /home/airflow/.local/lib/python3.8/site-packages/airflow/example_dags/example_xcom.py
[2025-01-23T12:09:08.547+0000] {processor.py:839} INFO - DAG(s) dict_keys(['example_xcom']) retrieved from /home/airflow/.local/lib/python3.8/site-packages/airflow/example_dags/example_xcom.py
[2025-01-23T12:09:08.565+0000] {logging_mixin.py:151} INFO - [2025-01-23T12:09:08.565+0000] {dag.py:2907} INFO - Sync 1 DAGs
[2025-01-23T12:09:08.581+0000] {logging_mixin.py:151} INFO - [2025-01-23T12:09:08.581+0000] {dag.py:3677} INFO - Setting next_dagrun for example_xcom to 2021-01-01T00:00:00+00:00, run_after=2021-01-01T00:00:00+00:00
[2025-01-23T12:09:08.598+0000] {processor.py:179} INFO - Processing /home/airflow/.local/lib/python3.8/site-packages/airflow/example_dags/example_xcom.py took 0.060 seconds
[2025-01-23T12:09:38.695+0000] {processor.py:157} INFO - Started process (PID=1515) to work on /home/airflow/.local/lib/python3.8/site-packages/airflow/example_dags/example_xcom.py
[2025-01-23T12:09:38.696+0000] {processor.py:829} INFO - Processing file /home/airflow/.local/lib/python3.8/site-packages/airflow/example_dags/example_xcom.py for tasks to queue
[2025-01-23T12:09:38.696+0000] {logging_mixin.py:151} INFO - [2025-01-23T12:09:38.696+0000] {dagbag.py:539} INFO - Filling up the DagBag from /home/airflow/.local/lib/python3.8/site-packages/airflow/example_dags/example_xcom.py
[2025-01-23T12:09:38.701+0000] {processor.py:839} INFO - DAG(s) dict_keys(['example_xcom']) retrieved from /home/airflow/.local/lib/python3.8/site-packages/airflow/example_dags/example_xcom.py
[2025-01-23T12:09:38.716+0000] {logging_mixin.py:151} INFO - [2025-01-23T12:09:38.716+0000] {dag.py:2907} INFO - Sync 1 DAGs
[2025-01-23T12:09:38.729+0000] {logging_mixin.py:151} INFO - [2025-01-23T12:09:38.729+0000] {dag.py:3677} INFO - Setting next_dagrun for example_xcom to 2021-01-01T00:00:00+00:00, run_after=2021-01-01T00:00:00+00:00
[2025-01-23T12:09:38.743+0000] {processor.py:179} INFO - Processing /home/airflow/.local/lib/python3.8/site-packages/airflow/example_dags/example_xcom.py took 0.050 seconds
[2025-01-23T12:10:09.945+0000] {processor.py:157} INFO - Started process (PID=1758) to work on /home/airflow/.local/lib/python3.8/site-packages/airflow/example_dags/example_xcom.py
[2025-01-23T12:10:09.946+0000] {processor.py:829} INFO - Processing file /home/airflow/.local/lib/python3.8/site-packages/airflow/example_dags/example_xcom.py for tasks to queue
[2025-01-23T12:10:09.947+0000] {logging_mixin.py:151} INFO - [2025-01-23T12:10:09.947+0000] {dagbag.py:539} INFO - Filling up the DagBag from /home/airflow/.local/lib/python3.8/site-packages/airflow/example_dags/example_xcom.py
[2025-01-23T12:10:09.955+0000] {processor.py:839} INFO - DAG(s) dict_keys(['example_xcom']) retrieved from /home/airflow/.local/lib/python3.8/site-packages/airflow/example_dags/example_xcom.py
[2025-01-23T12:10:09.975+0000] {logging_mixin.py:151} INFO - [2025-01-23T12:10:09.975+0000] {dag.py:2907} INFO - Sync 1 DAGs
[2025-01-23T12:10:09.989+0000] {logging_mixin.py:151} INFO - [2025-01-23T12:10:09.989+0000] {dag.py:3677} INFO - Setting next_dagrun for example_xcom to 2021-01-01T00:00:00+00:00, run_after=2021-01-01T00:00:00+00:00
[2025-01-23T12:10:10.007+0000] {processor.py:179} INFO - Processing /home/airflow/.local/lib/python3.8/site-packages/airflow/example_dags/example_xcom.py took 0.063 seconds
[2025-01-23T12:10:40.414+0000] {processor.py:157} INFO - Started process (PID=2001) to work on /home/airflow/.local/lib/python3.8/site-packages/airflow/example_dags/example_xcom.py
[2025-01-23T12:10:40.415+0000] {processor.py:829} INFO - Processing file /home/airflow/.local/lib/python3.8/site-packages/airflow/example_dags/example_xcom.py for tasks to queue
[2025-01-23T12:10:40.416+0000] {logging_mixin.py:151} INFO - [2025-01-23T12:10:40.416+0000] {dagbag.py:539} INFO - Filling up the DagBag from /home/airflow/.local/lib/python3.8/site-packages/airflow/example_dags/example_xcom.py
[2025-01-23T12:10:40.422+0000] {processor.py:839} INFO - DAG(s) dict_keys(['example_xcom']) retrieved from /home/airflow/.local/lib/python3.8/site-packages/airflow/example_dags/example_xcom.py
[2025-01-23T12:10:40.454+0000] {logging_mixin.py:151} INFO - [2025-01-23T12:10:40.454+0000] {dag.py:2907} INFO - Sync 1 DAGs
[2025-01-23T12:10:40.481+0000] {logging_mixin.py:151} INFO - [2025-01-23T12:10:40.480+0000] {dag.py:3677} INFO - Setting next_dagrun for example_xcom to 2021-01-01T00:00:00+00:00, run_after=2021-01-01T00:00:00+00:00
[2025-01-23T12:10:40.503+0000] {processor.py:179} INFO - Processing /home/airflow/.local/lib/python3.8/site-packages/airflow/example_dags/example_xcom.py took 0.092 seconds
[2025-01-23T12:11:10.912+0000] {processor.py:157} INFO - Started process (PID=2244) to work on /home/airflow/.local/lib/python3.8/site-packages/airflow/example_dags/example_xcom.py
[2025-01-23T12:11:10.913+0000] {processor.py:829} INFO - Processing file /home/airflow/.local/lib/python3.8/site-packages/airflow/example_dags/example_xcom.py for tasks to queue
[2025-01-23T12:11:10.913+0000] {logging_mixin.py:151} INFO - [2025-01-23T12:11:10.913+0000] {dagbag.py:539} INFO - Filling up the DagBag from /home/airflow/.local/lib/python3.8/site-packages/airflow/example_dags/example_xcom.py
[2025-01-23T12:11:10.918+0000] {processor.py:839} INFO - DAG(s) dict_keys(['example_xcom']) retrieved from /home/airflow/.local/lib/python3.8/site-packages/airflow/example_dags/example_xcom.py
[2025-01-23T12:11:10.935+0000] {logging_mixin.py:151} INFO - [2025-01-23T12:11:10.934+0000] {dag.py:2907} INFO - Sync 1 DAGs
[2025-01-23T12:11:10.950+0000] {logging_mixin.py:151} INFO - [2025-01-23T12:11:10.950+0000] {dag.py:3677} INFO - Setting next_dagrun for example_xcom to 2021-01-01T00:00:00+00:00, run_after=2021-01-01T00:00:00+00:00
[2025-01-23T12:11:10.966+0000] {processor.py:179} INFO - Processing /home/airflow/.local/lib/python3.8/site-packages/airflow/example_dags/example_xcom.py took 0.056 seconds
