[2025-01-23T12:07:05.290+0000] {processor.py:157} INFO - Started process (PID=273) to work on /home/airflow/.local/lib/python3.8/site-packages/airflow/example_dags/example_dag_decorator.py
[2025-01-23T12:07:05.291+0000] {processor.py:829} INFO - Processing file /home/airflow/.local/lib/python3.8/site-packages/airflow/example_dags/example_dag_decorator.py for tasks to queue
[2025-01-23T12:07:05.292+0000] {logging_mixin.py:151} INFO - [2025-01-23T12:07:05.292+0000] {dagbag.py:539} INFO - Filling up the DagBag from /home/airflow/.local/lib/python3.8/site-packages/airflow/example_dags/example_dag_decorator.py
[2025-01-23T12:07:05.411+0000] {processor.py:839} INFO - DAG(s) dict_keys(['example_dag_decorator']) retrieved from /home/airflow/.local/lib/python3.8/site-packages/airflow/example_dags/example_dag_decorator.py
[2025-01-23T12:07:05.424+0000] {logging_mixin.py:151} INFO - [2025-01-23T12:07:05.424+0000] {dag.py:2907} INFO - Sync 1 DAGs
[2025-01-23T12:07:05.438+0000] {logging_mixin.py:151} INFO - [2025-01-23T12:07:05.438+0000] {dag.py:3677} INFO - Setting next_dagrun for example_dag_decorator to None, run_after=None
[2025-01-23T12:07:05.457+0000] {processor.py:179} INFO - Processing /home/airflow/.local/lib/python3.8/site-packages/airflow/example_dags/example_dag_decorator.py took 0.172 seconds
[2025-01-23T12:07:35.551+0000] {processor.py:157} INFO - Started process (PID=515) to work on /home/airflow/.local/lib/python3.8/site-packages/airflow/example_dags/example_dag_decorator.py
[2025-01-23T12:07:35.552+0000] {processor.py:829} INFO - Processing file /home/airflow/.local/lib/python3.8/site-packages/airflow/example_dags/example_dag_decorator.py for tasks to queue
[2025-01-23T12:07:35.553+0000] {logging_mixin.py:151} INFO - [2025-01-23T12:07:35.553+0000] {dagbag.py:539} INFO - Filling up the DagBag from /home/airflow/.local/lib/python3.8/site-packages/airflow/example_dags/example_dag_decorator.py
[2025-01-23T12:07:35.670+0000] {processor.py:839} INFO - DAG(s) dict_keys(['example_dag_decorator']) retrieved from /home/airflow/.local/lib/python3.8/site-packages/airflow/example_dags/example_dag_decorator.py
[2025-01-23T12:07:35.736+0000] {logging_mixin.py:151} INFO - [2025-01-23T12:07:35.735+0000] {dag.py:2907} INFO - Sync 1 DAGs
[2025-01-23T12:07:35.741+0000] {logging_mixin.py:151} INFO - [2025-01-23T12:07:35.741+0000] {dag.py:3677} INFO - Setting next_dagrun for example_dag_decorator to None, run_after=None
[2025-01-23T12:07:35.756+0000] {processor.py:179} INFO - Processing /home/airflow/.local/lib/python3.8/site-packages/airflow/example_dags/example_dag_decorator.py took 0.207 seconds
[2025-01-23T12:08:06.063+0000] {processor.py:157} INFO - Started process (PID=758) to work on /home/airflow/.local/lib/python3.8/site-packages/airflow/example_dags/example_dag_decorator.py
[2025-01-23T12:08:06.064+0000] {processor.py:829} INFO - Processing file /home/airflow/.local/lib/python3.8/site-packages/airflow/example_dags/example_dag_decorator.py for tasks to queue
[2025-01-23T12:08:06.065+0000] {logging_mixin.py:151} INFO - [2025-01-23T12:08:06.065+0000] {dagbag.py:539} INFO - Filling up the DagBag from /home/airflow/.local/lib/python3.8/site-packages/airflow/example_dags/example_dag_decorator.py
[2025-01-23T12:08:06.105+0000] {processor.py:839} INFO - DAG(s) dict_keys(['example_dag_decorator']) retrieved from /home/airflow/.local/lib/python3.8/site-packages/airflow/example_dags/example_dag_decorator.py
[2025-01-23T12:08:06.186+0000] {logging_mixin.py:151} INFO - [2025-01-23T12:08:06.186+0000] {dag.py:2907} INFO - Sync 1 DAGs
[2025-01-23T12:08:06.193+0000] {logging_mixin.py:151} INFO - [2025-01-23T12:08:06.193+0000] {dag.py:3677} INFO - Setting next_dagrun for example_dag_decorator to None, run_after=None
[2025-01-23T12:08:06.209+0000] {processor.py:179} INFO - Processing /home/airflow/.local/lib/python3.8/site-packages/airflow/example_dags/example_dag_decorator.py took 0.148 seconds
[2025-01-23T12:08:37.138+0000] {processor.py:157} INFO - Started process (PID=1008) to work on /home/airflow/.local/lib/python3.8/site-packages/airflow/example_dags/example_dag_decorator.py
[2025-01-23T12:08:37.139+0000] {processor.py:829} INFO - Processing file /home/airflow/.local/lib/python3.8/site-packages/airflow/example_dags/example_dag_decorator.py for tasks to queue
[2025-01-23T12:08:37.140+0000] {logging_mixin.py:151} INFO - [2025-01-23T12:08:37.139+0000] {dagbag.py:539} INFO - Filling up the DagBag from /home/airflow/.local/lib/python3.8/site-packages/airflow/example_dags/example_dag_decorator.py
[2025-01-23T12:08:37.182+0000] {processor.py:839} INFO - DAG(s) dict_keys(['example_dag_decorator']) retrieved from /home/airflow/.local/lib/python3.8/site-packages/airflow/example_dags/example_dag_decorator.py
[2025-01-23T12:08:37.263+0000] {logging_mixin.py:151} INFO - [2025-01-23T12:08:37.262+0000] {dag.py:2907} INFO - Sync 1 DAGs
[2025-01-23T12:08:37.270+0000] {logging_mixin.py:151} INFO - [2025-01-23T12:08:37.270+0000] {dag.py:3677} INFO - Setting next_dagrun for example_dag_decorator to None, run_after=None
[2025-01-23T12:08:37.289+0000] {processor.py:179} INFO - Processing /home/airflow/.local/lib/python3.8/site-packages/airflow/example_dags/example_dag_decorator.py took 0.153 seconds
[2025-01-23T12:09:08.343+0000] {processor.py:157} INFO - Started process (PID=1252) to work on /home/airflow/.local/lib/python3.8/site-packages/airflow/example_dags/example_dag_decorator.py
[2025-01-23T12:09:08.344+0000] {processor.py:829} INFO - Processing file /home/airflow/.local/lib/python3.8/site-packages/airflow/example_dags/example_dag_decorator.py for tasks to queue
[2025-01-23T12:09:08.345+0000] {logging_mixin.py:151} INFO - [2025-01-23T12:09:08.345+0000] {dagbag.py:539} INFO - Filling up the DagBag from /home/airflow/.local/lib/python3.8/site-packages/airflow/example_dags/example_dag_decorator.py
[2025-01-23T12:09:08.395+0000] {processor.py:839} INFO - DAG(s) dict_keys(['example_dag_decorator']) retrieved from /home/airflow/.local/lib/python3.8/site-packages/airflow/example_dags/example_dag_decorator.py
[2025-01-23T12:09:08.478+0000] {logging_mixin.py:151} INFO - [2025-01-23T12:09:08.478+0000] {dag.py:2907} INFO - Sync 1 DAGs
[2025-01-23T12:09:08.487+0000] {logging_mixin.py:151} INFO - [2025-01-23T12:09:08.487+0000] {dag.py:3677} INFO - Setting next_dagrun for example_dag_decorator to None, run_after=None
[2025-01-23T12:09:08.506+0000] {processor.py:179} INFO - Processing /home/airflow/.local/lib/python3.8/site-packages/airflow/example_dags/example_dag_decorator.py took 0.168 seconds
[2025-01-23T12:09:38.545+0000] {processor.py:157} INFO - Started process (PID=1500) to work on /home/airflow/.local/lib/python3.8/site-packages/airflow/example_dags/example_dag_decorator.py
[2025-01-23T12:09:38.546+0000] {processor.py:829} INFO - Processing file /home/airflow/.local/lib/python3.8/site-packages/airflow/example_dags/example_dag_decorator.py for tasks to queue
[2025-01-23T12:09:38.547+0000] {logging_mixin.py:151} INFO - [2025-01-23T12:09:38.546+0000] {dagbag.py:539} INFO - Filling up the DagBag from /home/airflow/.local/lib/python3.8/site-packages/airflow/example_dags/example_dag_decorator.py
[2025-01-23T12:09:38.585+0000] {processor.py:839} INFO - DAG(s) dict_keys(['example_dag_decorator']) retrieved from /home/airflow/.local/lib/python3.8/site-packages/airflow/example_dags/example_dag_decorator.py
[2025-01-23T12:09:38.656+0000] {logging_mixin.py:151} INFO - [2025-01-23T12:09:38.656+0000] {dag.py:2907} INFO - Sync 1 DAGs
[2025-01-23T12:09:38.662+0000] {logging_mixin.py:151} INFO - [2025-01-23T12:09:38.662+0000] {dag.py:3677} INFO - Setting next_dagrun for example_dag_decorator to None, run_after=None
[2025-01-23T12:09:38.677+0000] {processor.py:179} INFO - Processing /home/airflow/.local/lib/python3.8/site-packages/airflow/example_dags/example_dag_decorator.py took 0.133 seconds
[2025-01-23T12:10:09.693+0000] {processor.py:157} INFO - Started process (PID=1738) to work on /home/airflow/.local/lib/python3.8/site-packages/airflow/example_dags/example_dag_decorator.py
[2025-01-23T12:10:09.694+0000] {processor.py:829} INFO - Processing file /home/airflow/.local/lib/python3.8/site-packages/airflow/example_dags/example_dag_decorator.py for tasks to queue
[2025-01-23T12:10:09.695+0000] {logging_mixin.py:151} INFO - [2025-01-23T12:10:09.695+0000] {dagbag.py:539} INFO - Filling up the DagBag from /home/airflow/.local/lib/python3.8/site-packages/airflow/example_dags/example_dag_decorator.py
[2025-01-23T12:10:09.738+0000] {processor.py:839} INFO - DAG(s) dict_keys(['example_dag_decorator']) retrieved from /home/airflow/.local/lib/python3.8/site-packages/airflow/example_dags/example_dag_decorator.py
[2025-01-23T12:10:09.817+0000] {logging_mixin.py:151} INFO - [2025-01-23T12:10:09.817+0000] {dag.py:2907} INFO - Sync 1 DAGs
[2025-01-23T12:10:09.824+0000] {logging_mixin.py:151} INFO - [2025-01-23T12:10:09.824+0000] {dag.py:3677} INFO - Setting next_dagrun for example_dag_decorator to None, run_after=None
[2025-01-23T12:10:09.840+0000] {processor.py:179} INFO - Processing /home/airflow/.local/lib/python3.8/site-packages/airflow/example_dags/example_dag_decorator.py took 0.150 seconds
[2025-01-23T12:10:40.071+0000] {processor.py:157} INFO - Started process (PID=1981) to work on /home/airflow/.local/lib/python3.8/site-packages/airflow/example_dags/example_dag_decorator.py
[2025-01-23T12:10:40.072+0000] {processor.py:829} INFO - Processing file /home/airflow/.local/lib/python3.8/site-packages/airflow/example_dags/example_dag_decorator.py for tasks to queue
[2025-01-23T12:10:40.073+0000] {logging_mixin.py:151} INFO - [2025-01-23T12:10:40.073+0000] {dagbag.py:539} INFO - Filling up the DagBag from /home/airflow/.local/lib/python3.8/site-packages/airflow/example_dags/example_dag_decorator.py
[2025-01-23T12:10:40.124+0000] {processor.py:839} INFO - DAG(s) dict_keys(['example_dag_decorator']) retrieved from /home/airflow/.local/lib/python3.8/site-packages/airflow/example_dags/example_dag_decorator.py
[2025-01-23T12:10:40.222+0000] {logging_mixin.py:151} INFO - [2025-01-23T12:10:40.222+0000] {dag.py:2907} INFO - Sync 1 DAGs
[2025-01-23T12:10:40.231+0000] {logging_mixin.py:151} INFO - [2025-01-23T12:10:40.231+0000] {dag.py:3677} INFO - Setting next_dagrun for example_dag_decorator to None, run_after=None
[2025-01-23T12:10:40.251+0000] {processor.py:179} INFO - Processing /home/airflow/.local/lib/python3.8/site-packages/airflow/example_dags/example_dag_decorator.py took 0.182 seconds
[2025-01-23T12:11:10.680+0000] {processor.py:157} INFO - Started process (PID=2224) to work on /home/airflow/.local/lib/python3.8/site-packages/airflow/example_dags/example_dag_decorator.py
[2025-01-23T12:11:10.682+0000] {processor.py:829} INFO - Processing file /home/airflow/.local/lib/python3.8/site-packages/airflow/example_dags/example_dag_decorator.py for tasks to queue
[2025-01-23T12:11:10.682+0000] {logging_mixin.py:151} INFO - [2025-01-23T12:11:10.682+0000] {dagbag.py:539} INFO - Filling up the DagBag from /home/airflow/.local/lib/python3.8/site-packages/airflow/example_dags/example_dag_decorator.py
[2025-01-23T12:11:10.723+0000] {processor.py:839} INFO - DAG(s) dict_keys(['example_dag_decorator']) retrieved from /home/airflow/.local/lib/python3.8/site-packages/airflow/example_dags/example_dag_decorator.py
[2025-01-23T12:11:10.809+0000] {logging_mixin.py:151} INFO - [2025-01-23T12:11:10.809+0000] {dag.py:2907} INFO - Sync 1 DAGs
[2025-01-23T12:11:10.820+0000] {logging_mixin.py:151} INFO - [2025-01-23T12:11:10.820+0000] {dag.py:3677} INFO - Setting next_dagrun for example_dag_decorator to None, run_after=None
[2025-01-23T12:11:10.838+0000] {processor.py:179} INFO - Processing /home/airflow/.local/lib/python3.8/site-packages/airflow/example_dags/example_dag_decorator.py took 0.160 seconds
