[2025-01-23T12:07:05.605+0000] {processor.py:157} INFO - Started process (PID=303) to work on /home/airflow/.local/lib/python3.8/site-packages/airflow/example_dags/example_latest_only_with_trigger.py
[2025-01-23T12:07:05.606+0000] {processor.py:829} INFO - Processing file /home/airflow/.local/lib/python3.8/site-packages/airflow/example_dags/example_latest_only_with_trigger.py for tasks to queue
[2025-01-23T12:07:05.607+0000] {logging_mixin.py:151} INFO - [2025-01-23T12:07:05.606+0000] {dagbag.py:539} INFO - Filling up the DagBag from /home/airflow/.local/lib/python3.8/site-packages/airflow/example_dags/example_latest_only_with_trigger.py
[2025-01-23T12:07:05.615+0000] {processor.py:839} INFO - DAG(s) dict_keys(['latest_only_with_trigger']) retrieved from /home/airflow/.local/lib/python3.8/site-packages/airflow/example_dags/example_latest_only_with_trigger.py
[2025-01-23T12:07:05.629+0000] {logging_mixin.py:151} INFO - [2025-01-23T12:07:05.629+0000] {dag.py:2907} INFO - Sync 1 DAGs
[2025-01-23T12:07:05.656+0000] {logging_mixin.py:151} INFO - [2025-01-23T12:07:05.655+0000] {dag.py:3677} INFO - Setting next_dagrun for latest_only_with_trigger to 2025-01-23T08:07:05.655398+00:00, run_after=2025-01-23T12:07:05.655398+00:00
[2025-01-23T12:07:05.680+0000] {processor.py:179} INFO - Processing /home/airflow/.local/lib/python3.8/site-packages/airflow/example_dags/example_latest_only_with_trigger.py took 0.079 seconds
[2025-01-23T12:07:35.900+0000] {processor.py:157} INFO - Started process (PID=545) to work on /home/airflow/.local/lib/python3.8/site-packages/airflow/example_dags/example_latest_only_with_trigger.py
[2025-01-23T12:07:35.901+0000] {processor.py:829} INFO - Processing file /home/airflow/.local/lib/python3.8/site-packages/airflow/example_dags/example_latest_only_with_trigger.py for tasks to queue
[2025-01-23T12:07:35.902+0000] {logging_mixin.py:151} INFO - [2025-01-23T12:07:35.902+0000] {dagbag.py:539} INFO - Filling up the DagBag from /home/airflow/.local/lib/python3.8/site-packages/airflow/example_dags/example_latest_only_with_trigger.py
[2025-01-23T12:07:35.908+0000] {processor.py:839} INFO - DAG(s) dict_keys(['latest_only_with_trigger']) retrieved from /home/airflow/.local/lib/python3.8/site-packages/airflow/example_dags/example_latest_only_with_trigger.py
[2025-01-23T12:07:35.924+0000] {logging_mixin.py:151} INFO - [2025-01-23T12:07:35.924+0000] {dag.py:2907} INFO - Sync 1 DAGs
[2025-01-23T12:07:35.945+0000] {logging_mixin.py:151} INFO - [2025-01-23T12:07:35.945+0000] {dag.py:3677} INFO - Setting next_dagrun for latest_only_with_trigger to 2025-01-23T08:07:35.945651+00:00, run_after=2025-01-23T12:07:35.945651+00:00
[2025-01-23T12:07:36.046+0000] {processor.py:179} INFO - Processing /home/airflow/.local/lib/python3.8/site-packages/airflow/example_dags/example_latest_only_with_trigger.py took 0.149 seconds
[2025-01-23T12:08:06.329+0000] {processor.py:157} INFO - Started process (PID=795) to work on /home/airflow/.local/lib/python3.8/site-packages/airflow/example_dags/example_latest_only_with_trigger.py
[2025-01-23T12:08:06.330+0000] {processor.py:829} INFO - Processing file /home/airflow/.local/lib/python3.8/site-packages/airflow/example_dags/example_latest_only_with_trigger.py for tasks to queue
[2025-01-23T12:08:06.330+0000] {logging_mixin.py:151} INFO - [2025-01-23T12:08:06.330+0000] {dagbag.py:539} INFO - Filling up the DagBag from /home/airflow/.local/lib/python3.8/site-packages/airflow/example_dags/example_latest_only_with_trigger.py
[2025-01-23T12:08:06.334+0000] {processor.py:839} INFO - DAG(s) dict_keys(['latest_only_with_trigger']) retrieved from /home/airflow/.local/lib/python3.8/site-packages/airflow/example_dags/example_latest_only_with_trigger.py
[2025-01-23T12:08:06.349+0000] {logging_mixin.py:151} INFO - [2025-01-23T12:08:06.349+0000] {dag.py:2907} INFO - Sync 1 DAGs
[2025-01-23T12:08:06.363+0000] {logging_mixin.py:151} INFO - [2025-01-23T12:08:06.362+0000] {dag.py:3677} INFO - Setting next_dagrun for latest_only_with_trigger to 2025-01-23T08:08:06.362704+00:00, run_after=2025-01-23T12:08:06.362704+00:00
[2025-01-23T12:08:06.377+0000] {processor.py:179} INFO - Processing /home/airflow/.local/lib/python3.8/site-packages/airflow/example_dags/example_latest_only_with_trigger.py took 0.050 seconds
[2025-01-23T12:08:37.451+0000] {processor.py:157} INFO - Started process (PID=1041) to work on /home/airflow/.local/lib/python3.8/site-packages/airflow/example_dags/example_latest_only_with_trigger.py
[2025-01-23T12:08:37.452+0000] {processor.py:829} INFO - Processing file /home/airflow/.local/lib/python3.8/site-packages/airflow/example_dags/example_latest_only_with_trigger.py for tasks to queue
[2025-01-23T12:08:37.453+0000] {logging_mixin.py:151} INFO - [2025-01-23T12:08:37.452+0000] {dagbag.py:539} INFO - Filling up the DagBag from /home/airflow/.local/lib/python3.8/site-packages/airflow/example_dags/example_latest_only_with_trigger.py
[2025-01-23T12:08:37.457+0000] {processor.py:839} INFO - DAG(s) dict_keys(['latest_only_with_trigger']) retrieved from /home/airflow/.local/lib/python3.8/site-packages/airflow/example_dags/example_latest_only_with_trigger.py
[2025-01-23T12:08:37.473+0000] {logging_mixin.py:151} INFO - [2025-01-23T12:08:37.473+0000] {dag.py:2907} INFO - Sync 1 DAGs
[2025-01-23T12:08:37.487+0000] {logging_mixin.py:151} INFO - [2025-01-23T12:08:37.487+0000] {dag.py:3677} INFO - Setting next_dagrun for latest_only_with_trigger to 2025-01-23T08:08:37.486965+00:00, run_after=2025-01-23T12:08:37.486965+00:00
[2025-01-23T12:08:37.499+0000] {processor.py:179} INFO - Processing /home/airflow/.local/lib/python3.8/site-packages/airflow/example_dags/example_latest_only_with_trigger.py took 0.051 seconds
[2025-01-23T12:09:08.619+0000] {processor.py:157} INFO - Started process (PID=1282) to work on /home/airflow/.local/lib/python3.8/site-packages/airflow/example_dags/example_latest_only_with_trigger.py
[2025-01-23T12:09:08.620+0000] {processor.py:829} INFO - Processing file /home/airflow/.local/lib/python3.8/site-packages/airflow/example_dags/example_latest_only_with_trigger.py for tasks to queue
[2025-01-23T12:09:08.621+0000] {logging_mixin.py:151} INFO - [2025-01-23T12:09:08.621+0000] {dagbag.py:539} INFO - Filling up the DagBag from /home/airflow/.local/lib/python3.8/site-packages/airflow/example_dags/example_latest_only_with_trigger.py
[2025-01-23T12:09:08.626+0000] {processor.py:839} INFO - DAG(s) dict_keys(['latest_only_with_trigger']) retrieved from /home/airflow/.local/lib/python3.8/site-packages/airflow/example_dags/example_latest_only_with_trigger.py
[2025-01-23T12:09:08.645+0000] {logging_mixin.py:151} INFO - [2025-01-23T12:09:08.644+0000] {dag.py:2907} INFO - Sync 1 DAGs
[2025-01-23T12:09:08.662+0000] {logging_mixin.py:151} INFO - [2025-01-23T12:09:08.661+0000] {dag.py:3677} INFO - Setting next_dagrun for latest_only_with_trigger to 2025-01-23T08:09:08.661672+00:00, run_after=2025-01-23T12:09:08.661672+00:00
[2025-01-23T12:09:08.679+0000] {processor.py:179} INFO - Processing /home/airflow/.local/lib/python3.8/site-packages/airflow/example_dags/example_latest_only_with_trigger.py took 0.062 seconds
[2025-01-23T12:09:38.761+0000] {processor.py:157} INFO - Started process (PID=1525) to work on /home/airflow/.local/lib/python3.8/site-packages/airflow/example_dags/example_latest_only_with_trigger.py
[2025-01-23T12:09:38.762+0000] {processor.py:829} INFO - Processing file /home/airflow/.local/lib/python3.8/site-packages/airflow/example_dags/example_latest_only_with_trigger.py for tasks to queue
[2025-01-23T12:09:38.762+0000] {logging_mixin.py:151} INFO - [2025-01-23T12:09:38.762+0000] {dagbag.py:539} INFO - Filling up the DagBag from /home/airflow/.local/lib/python3.8/site-packages/airflow/example_dags/example_latest_only_with_trigger.py
[2025-01-23T12:09:38.766+0000] {processor.py:839} INFO - DAG(s) dict_keys(['latest_only_with_trigger']) retrieved from /home/airflow/.local/lib/python3.8/site-packages/airflow/example_dags/example_latest_only_with_trigger.py
[2025-01-23T12:09:38.780+0000] {logging_mixin.py:151} INFO - [2025-01-23T12:09:38.780+0000] {dag.py:2907} INFO - Sync 1 DAGs
[2025-01-23T12:09:38.799+0000] {logging_mixin.py:151} INFO - [2025-01-23T12:09:38.799+0000] {dag.py:3677} INFO - Setting next_dagrun for latest_only_with_trigger to 2025-01-23T08:09:38.798822+00:00, run_after=2025-01-23T12:09:38.798822+00:00
[2025-01-23T12:09:38.813+0000] {processor.py:179} INFO - Processing /home/airflow/.local/lib/python3.8/site-packages/airflow/example_dags/example_latest_only_with_trigger.py took 0.055 seconds
[2025-01-23T12:10:10.030+0000] {processor.py:157} INFO - Started process (PID=1768) to work on /home/airflow/.local/lib/python3.8/site-packages/airflow/example_dags/example_latest_only_with_trigger.py
[2025-01-23T12:10:10.032+0000] {processor.py:829} INFO - Processing file /home/airflow/.local/lib/python3.8/site-packages/airflow/example_dags/example_latest_only_with_trigger.py for tasks to queue
[2025-01-23T12:10:10.032+0000] {logging_mixin.py:151} INFO - [2025-01-23T12:10:10.032+0000] {dagbag.py:539} INFO - Filling up the DagBag from /home/airflow/.local/lib/python3.8/site-packages/airflow/example_dags/example_latest_only_with_trigger.py
[2025-01-23T12:10:10.039+0000] {processor.py:839} INFO - DAG(s) dict_keys(['latest_only_with_trigger']) retrieved from /home/airflow/.local/lib/python3.8/site-packages/airflow/example_dags/example_latest_only_with_trigger.py
[2025-01-23T12:10:10.058+0000] {logging_mixin.py:151} INFO - [2025-01-23T12:10:10.058+0000] {dag.py:2907} INFO - Sync 1 DAGs
[2025-01-23T12:10:10.073+0000] {logging_mixin.py:151} INFO - [2025-01-23T12:10:10.073+0000] {dag.py:3677} INFO - Setting next_dagrun for latest_only_with_trigger to 2025-01-23T08:10:10.073054+00:00, run_after=2025-01-23T12:10:10.073054+00:00
[2025-01-23T12:10:10.091+0000] {processor.py:179} INFO - Processing /home/airflow/.local/lib/python3.8/site-packages/airflow/example_dags/example_latest_only_with_trigger.py took 0.062 seconds
[2025-01-23T12:10:40.530+0000] {processor.py:157} INFO - Started process (PID=2013) to work on /home/airflow/.local/lib/python3.8/site-packages/airflow/example_dags/example_latest_only_with_trigger.py
[2025-01-23T12:10:40.531+0000] {processor.py:829} INFO - Processing file /home/airflow/.local/lib/python3.8/site-packages/airflow/example_dags/example_latest_only_with_trigger.py for tasks to queue
[2025-01-23T12:10:40.531+0000] {logging_mixin.py:151} INFO - [2025-01-23T12:10:40.531+0000] {dagbag.py:539} INFO - Filling up the DagBag from /home/airflow/.local/lib/python3.8/site-packages/airflow/example_dags/example_latest_only_with_trigger.py
[2025-01-23T12:10:40.536+0000] {processor.py:839} INFO - DAG(s) dict_keys(['latest_only_with_trigger']) retrieved from /home/airflow/.local/lib/python3.8/site-packages/airflow/example_dags/example_latest_only_with_trigger.py
[2025-01-23T12:10:40.557+0000] {logging_mixin.py:151} INFO - [2025-01-23T12:10:40.556+0000] {dag.py:2907} INFO - Sync 1 DAGs
[2025-01-23T12:10:40.578+0000] {logging_mixin.py:151} INFO - [2025-01-23T12:10:40.577+0000] {dag.py:3677} INFO - Setting next_dagrun for latest_only_with_trigger to 2025-01-23T08:10:40.577515+00:00, run_after=2025-01-23T12:10:40.577515+00:00
[2025-01-23T12:10:40.598+0000] {processor.py:179} INFO - Processing /home/airflow/.local/lib/python3.8/site-packages/airflow/example_dags/example_latest_only_with_trigger.py took 0.073 seconds
[2025-01-23T12:11:10.982+0000] {processor.py:157} INFO - Started process (PID=2256) to work on /home/airflow/.local/lib/python3.8/site-packages/airflow/example_dags/example_latest_only_with_trigger.py
[2025-01-23T12:11:10.983+0000] {processor.py:829} INFO - Processing file /home/airflow/.local/lib/python3.8/site-packages/airflow/example_dags/example_latest_only_with_trigger.py for tasks to queue
[2025-01-23T12:11:10.983+0000] {logging_mixin.py:151} INFO - [2025-01-23T12:11:10.983+0000] {dagbag.py:539} INFO - Filling up the DagBag from /home/airflow/.local/lib/python3.8/site-packages/airflow/example_dags/example_latest_only_with_trigger.py
[2025-01-23T12:11:10.987+0000] {processor.py:839} INFO - DAG(s) dict_keys(['latest_only_with_trigger']) retrieved from /home/airflow/.local/lib/python3.8/site-packages/airflow/example_dags/example_latest_only_with_trigger.py
[2025-01-23T12:11:11.003+0000] {logging_mixin.py:151} INFO - [2025-01-23T12:11:11.003+0000] {dag.py:2907} INFO - Sync 1 DAGs
[2025-01-23T12:11:11.020+0000] {logging_mixin.py:151} INFO - [2025-01-23T12:11:11.020+0000] {dag.py:3677} INFO - Setting next_dagrun for latest_only_with_trigger to 2025-01-23T08:11:11.020253+00:00, run_after=2025-01-23T12:11:11.020253+00:00
[2025-01-23T12:11:11.041+0000] {processor.py:179} INFO - Processing /home/airflow/.local/lib/python3.8/site-packages/airflow/example_dags/example_latest_only_with_trigger.py took 0.062 seconds
