[2025-01-23T12:07:03.532+0000] {processor.py:157} INFO - Started process (PID=208) to work on /home/airflow/.local/lib/python3.8/site-packages/airflow/example_dags/example_branch_python_dop_operator_3.py
[2025-01-23T12:07:03.533+0000] {processor.py:829} INFO - Processing file /home/airflow/.local/lib/python3.8/site-packages/airflow/example_dags/example_branch_python_dop_operator_3.py for tasks to queue
[2025-01-23T12:07:03.534+0000] {logging_mixin.py:151} INFO - [2025-01-23T12:07:03.534+0000] {dagbag.py:539} INFO - Filling up the DagBag from /home/airflow/.local/lib/python3.8/site-packages/airflow/example_dags/example_branch_python_dop_operator_3.py
[2025-01-23T12:07:03.542+0000] {processor.py:839} INFO - DAG(s) dict_keys(['example_branch_dop_operator_v3']) retrieved from /home/airflow/.local/lib/python3.8/site-packages/airflow/example_dags/example_branch_python_dop_operator_3.py
[2025-01-23T12:07:03.555+0000] {logging_mixin.py:151} INFO - [2025-01-23T12:07:03.555+0000] {dag.py:2907} INFO - Sync 1 DAGs
[2025-01-23T12:07:03.585+0000] {logging_mixin.py:151} INFO - [2025-01-23T12:07:03.585+0000] {dag.py:3677} INFO - Setting next_dagrun for example_branch_dop_operator_v3 to 2025-01-23T12:06:00+00:00, run_after=2025-01-23T12:07:00+00:00
[2025-01-23T12:07:03.613+0000] {processor.py:179} INFO - Processing /home/airflow/.local/lib/python3.8/site-packages/airflow/example_dags/example_branch_python_dop_operator_3.py took 0.085 seconds
[2025-01-23T12:07:33.889+0000] {processor.py:157} INFO - Started process (PID=452) to work on /home/airflow/.local/lib/python3.8/site-packages/airflow/example_dags/example_branch_python_dop_operator_3.py
[2025-01-23T12:07:33.890+0000] {processor.py:829} INFO - Processing file /home/airflow/.local/lib/python3.8/site-packages/airflow/example_dags/example_branch_python_dop_operator_3.py for tasks to queue
[2025-01-23T12:07:33.891+0000] {logging_mixin.py:151} INFO - [2025-01-23T12:07:33.891+0000] {dagbag.py:539} INFO - Filling up the DagBag from /home/airflow/.local/lib/python3.8/site-packages/airflow/example_dags/example_branch_python_dop_operator_3.py
[2025-01-23T12:07:33.895+0000] {processor.py:839} INFO - DAG(s) dict_keys(['example_branch_dop_operator_v3']) retrieved from /home/airflow/.local/lib/python3.8/site-packages/airflow/example_dags/example_branch_python_dop_operator_3.py
[2025-01-23T12:07:33.911+0000] {logging_mixin.py:151} INFO - [2025-01-23T12:07:33.911+0000] {dag.py:2907} INFO - Sync 1 DAGs
[2025-01-23T12:07:33.927+0000] {logging_mixin.py:151} INFO - [2025-01-23T12:07:33.927+0000] {dag.py:3677} INFO - Setting next_dagrun for example_branch_dop_operator_v3 to 2025-01-23T12:06:00+00:00, run_after=2025-01-23T12:07:00+00:00
[2025-01-23T12:07:33.942+0000] {processor.py:179} INFO - Processing /home/airflow/.local/lib/python3.8/site-packages/airflow/example_dags/example_branch_python_dop_operator_3.py took 0.055 seconds
[2025-01-23T12:08:04.156+0000] {processor.py:157} INFO - Started process (PID=693) to work on /home/airflow/.local/lib/python3.8/site-packages/airflow/example_dags/example_branch_python_dop_operator_3.py
[2025-01-23T12:08:04.157+0000] {processor.py:829} INFO - Processing file /home/airflow/.local/lib/python3.8/site-packages/airflow/example_dags/example_branch_python_dop_operator_3.py for tasks to queue
[2025-01-23T12:08:04.158+0000] {logging_mixin.py:151} INFO - [2025-01-23T12:08:04.158+0000] {dagbag.py:539} INFO - Filling up the DagBag from /home/airflow/.local/lib/python3.8/site-packages/airflow/example_dags/example_branch_python_dop_operator_3.py
[2025-01-23T12:08:04.164+0000] {processor.py:839} INFO - DAG(s) dict_keys(['example_branch_dop_operator_v3']) retrieved from /home/airflow/.local/lib/python3.8/site-packages/airflow/example_dags/example_branch_python_dop_operator_3.py
[2025-01-23T12:08:04.256+0000] {logging_mixin.py:151} INFO - [2025-01-23T12:08:04.256+0000] {dag.py:2907} INFO - Sync 1 DAGs
[2025-01-23T12:08:04.272+0000] {logging_mixin.py:151} INFO - [2025-01-23T12:08:04.272+0000] {dag.py:3677} INFO - Setting next_dagrun for example_branch_dop_operator_v3 to 2025-01-23T12:07:00+00:00, run_after=2025-01-23T12:08:00+00:00
[2025-01-23T12:08:04.286+0000] {processor.py:179} INFO - Processing /home/airflow/.local/lib/python3.8/site-packages/airflow/example_dags/example_branch_python_dop_operator_3.py took 0.132 seconds
[2025-01-23T12:08:34.470+0000] {processor.py:157} INFO - Started process (PID=938) to work on /home/airflow/.local/lib/python3.8/site-packages/airflow/example_dags/example_branch_python_dop_operator_3.py
[2025-01-23T12:08:34.471+0000] {processor.py:829} INFO - Processing file /home/airflow/.local/lib/python3.8/site-packages/airflow/example_dags/example_branch_python_dop_operator_3.py for tasks to queue
[2025-01-23T12:08:34.471+0000] {logging_mixin.py:151} INFO - [2025-01-23T12:08:34.471+0000] {dagbag.py:539} INFO - Filling up the DagBag from /home/airflow/.local/lib/python3.8/site-packages/airflow/example_dags/example_branch_python_dop_operator_3.py
[2025-01-23T12:08:34.477+0000] {processor.py:839} INFO - DAG(s) dict_keys(['example_branch_dop_operator_v3']) retrieved from /home/airflow/.local/lib/python3.8/site-packages/airflow/example_dags/example_branch_python_dop_operator_3.py
[2025-01-23T12:08:34.491+0000] {logging_mixin.py:151} INFO - [2025-01-23T12:08:34.491+0000] {dag.py:2907} INFO - Sync 1 DAGs
[2025-01-23T12:08:34.507+0000] {logging_mixin.py:151} INFO - [2025-01-23T12:08:34.507+0000] {dag.py:3677} INFO - Setting next_dagrun for example_branch_dop_operator_v3 to 2025-01-23T12:07:00+00:00, run_after=2025-01-23T12:08:00+00:00
[2025-01-23T12:08:34.519+0000] {processor.py:179} INFO - Processing /home/airflow/.local/lib/python3.8/site-packages/airflow/example_dags/example_branch_python_dop_operator_3.py took 0.051 seconds
[2025-01-23T12:09:04.590+0000] {processor.py:157} INFO - Started process (PID=1180) to work on /home/airflow/.local/lib/python3.8/site-packages/airflow/example_dags/example_branch_python_dop_operator_3.py
[2025-01-23T12:09:04.591+0000] {processor.py:829} INFO - Processing file /home/airflow/.local/lib/python3.8/site-packages/airflow/example_dags/example_branch_python_dop_operator_3.py for tasks to queue
[2025-01-23T12:09:04.592+0000] {logging_mixin.py:151} INFO - [2025-01-23T12:09:04.591+0000] {dagbag.py:539} INFO - Filling up the DagBag from /home/airflow/.local/lib/python3.8/site-packages/airflow/example_dags/example_branch_python_dop_operator_3.py
[2025-01-23T12:09:04.601+0000] {processor.py:839} INFO - DAG(s) dict_keys(['example_branch_dop_operator_v3']) retrieved from /home/airflow/.local/lib/python3.8/site-packages/airflow/example_dags/example_branch_python_dop_operator_3.py
[2025-01-23T12:09:04.617+0000] {logging_mixin.py:151} INFO - [2025-01-23T12:09:04.617+0000] {dag.py:2907} INFO - Sync 1 DAGs
[2025-01-23T12:09:04.635+0000] {logging_mixin.py:151} INFO - [2025-01-23T12:09:04.635+0000] {dag.py:3677} INFO - Setting next_dagrun for example_branch_dop_operator_v3 to 2025-01-23T12:08:00+00:00, run_after=2025-01-23T12:09:00+00:00
[2025-01-23T12:09:04.651+0000] {processor.py:179} INFO - Processing /home/airflow/.local/lib/python3.8/site-packages/airflow/example_dags/example_branch_python_dop_operator_3.py took 0.063 seconds
[2025-01-23T12:09:34.881+0000] {processor.py:157} INFO - Started process (PID=1423) to work on /home/airflow/.local/lib/python3.8/site-packages/airflow/example_dags/example_branch_python_dop_operator_3.py
[2025-01-23T12:09:34.882+0000] {processor.py:829} INFO - Processing file /home/airflow/.local/lib/python3.8/site-packages/airflow/example_dags/example_branch_python_dop_operator_3.py for tasks to queue
[2025-01-23T12:09:34.882+0000] {logging_mixin.py:151} INFO - [2025-01-23T12:09:34.882+0000] {dagbag.py:539} INFO - Filling up the DagBag from /home/airflow/.local/lib/python3.8/site-packages/airflow/example_dags/example_branch_python_dop_operator_3.py
[2025-01-23T12:09:34.890+0000] {processor.py:839} INFO - DAG(s) dict_keys(['example_branch_dop_operator_v3']) retrieved from /home/airflow/.local/lib/python3.8/site-packages/airflow/example_dags/example_branch_python_dop_operator_3.py
[2025-01-23T12:09:34.910+0000] {logging_mixin.py:151} INFO - [2025-01-23T12:09:34.910+0000] {dag.py:2907} INFO - Sync 1 DAGs
[2025-01-23T12:09:34.934+0000] {logging_mixin.py:151} INFO - [2025-01-23T12:09:34.934+0000] {dag.py:3677} INFO - Setting next_dagrun for example_branch_dop_operator_v3 to 2025-01-23T12:08:00+00:00, run_after=2025-01-23T12:09:00+00:00
[2025-01-23T12:09:34.953+0000] {processor.py:179} INFO - Processing /home/airflow/.local/lib/python3.8/site-packages/airflow/example_dags/example_branch_python_dop_operator_3.py took 0.075 seconds
[2025-01-23T12:10:04.972+0000] {processor.py:157} INFO - Started process (PID=1668) to work on /home/airflow/.local/lib/python3.8/site-packages/airflow/example_dags/example_branch_python_dop_operator_3.py
[2025-01-23T12:10:04.973+0000] {processor.py:829} INFO - Processing file /home/airflow/.local/lib/python3.8/site-packages/airflow/example_dags/example_branch_python_dop_operator_3.py for tasks to queue
[2025-01-23T12:10:04.973+0000] {logging_mixin.py:151} INFO - [2025-01-23T12:10:04.973+0000] {dagbag.py:539} INFO - Filling up the DagBag from /home/airflow/.local/lib/python3.8/site-packages/airflow/example_dags/example_branch_python_dop_operator_3.py
[2025-01-23T12:10:04.978+0000] {processor.py:839} INFO - DAG(s) dict_keys(['example_branch_dop_operator_v3']) retrieved from /home/airflow/.local/lib/python3.8/site-packages/airflow/example_dags/example_branch_python_dop_operator_3.py
[2025-01-23T12:10:04.991+0000] {logging_mixin.py:151} INFO - [2025-01-23T12:10:04.991+0000] {dag.py:2907} INFO - Sync 1 DAGs
[2025-01-23T12:10:05.005+0000] {logging_mixin.py:151} INFO - [2025-01-23T12:10:05.004+0000] {dag.py:3677} INFO - Setting next_dagrun for example_branch_dop_operator_v3 to 2025-01-23T12:09:00+00:00, run_after=2025-01-23T12:10:00+00:00
[2025-01-23T12:10:05.016+0000] {processor.py:179} INFO - Processing /home/airflow/.local/lib/python3.8/site-packages/airflow/example_dags/example_branch_python_dop_operator_3.py took 0.045 seconds
[2025-01-23T12:10:35.360+0000] {processor.py:157} INFO - Started process (PID=1909) to work on /home/airflow/.local/lib/python3.8/site-packages/airflow/example_dags/example_branch_python_dop_operator_3.py
[2025-01-23T12:10:35.362+0000] {processor.py:829} INFO - Processing file /home/airflow/.local/lib/python3.8/site-packages/airflow/example_dags/example_branch_python_dop_operator_3.py for tasks to queue
[2025-01-23T12:10:35.362+0000] {logging_mixin.py:151} INFO - [2025-01-23T12:10:35.362+0000] {dagbag.py:539} INFO - Filling up the DagBag from /home/airflow/.local/lib/python3.8/site-packages/airflow/example_dags/example_branch_python_dop_operator_3.py
[2025-01-23T12:10:35.369+0000] {processor.py:839} INFO - DAG(s) dict_keys(['example_branch_dop_operator_v3']) retrieved from /home/airflow/.local/lib/python3.8/site-packages/airflow/example_dags/example_branch_python_dop_operator_3.py
[2025-01-23T12:10:35.388+0000] {logging_mixin.py:151} INFO - [2025-01-23T12:10:35.388+0000] {dag.py:2907} INFO - Sync 1 DAGs
[2025-01-23T12:10:35.412+0000] {logging_mixin.py:151} INFO - [2025-01-23T12:10:35.412+0000] {dag.py:3677} INFO - Setting next_dagrun for example_branch_dop_operator_v3 to 2025-01-23T12:09:00+00:00, run_after=2025-01-23T12:10:00+00:00
[2025-01-23T12:10:35.427+0000] {processor.py:179} INFO - Processing /home/airflow/.local/lib/python3.8/site-packages/airflow/example_dags/example_branch_python_dop_operator_3.py took 0.069 seconds
[2025-01-23T12:11:06.018+0000] {processor.py:157} INFO - Started process (PID=2152) to work on /home/airflow/.local/lib/python3.8/site-packages/airflow/example_dags/example_branch_python_dop_operator_3.py
[2025-01-23T12:11:06.019+0000] {processor.py:829} INFO - Processing file /home/airflow/.local/lib/python3.8/site-packages/airflow/example_dags/example_branch_python_dop_operator_3.py for tasks to queue
[2025-01-23T12:11:06.020+0000] {logging_mixin.py:151} INFO - [2025-01-23T12:11:06.020+0000] {dagbag.py:539} INFO - Filling up the DagBag from /home/airflow/.local/lib/python3.8/site-packages/airflow/example_dags/example_branch_python_dop_operator_3.py
[2025-01-23T12:11:06.025+0000] {processor.py:839} INFO - DAG(s) dict_keys(['example_branch_dop_operator_v3']) retrieved from /home/airflow/.local/lib/python3.8/site-packages/airflow/example_dags/example_branch_python_dop_operator_3.py
[2025-01-23T12:11:06.041+0000] {logging_mixin.py:151} INFO - [2025-01-23T12:11:06.041+0000] {dag.py:2907} INFO - Sync 1 DAGs
[2025-01-23T12:11:06.059+0000] {logging_mixin.py:151} INFO - [2025-01-23T12:11:06.058+0000] {dag.py:3677} INFO - Setting next_dagrun for example_branch_dop_operator_v3 to 2025-01-23T12:10:00+00:00, run_after=2025-01-23T12:11:00+00:00
[2025-01-23T12:11:06.075+0000] {processor.py:179} INFO - Processing /home/airflow/.local/lib/python3.8/site-packages/airflow/example_dags/example_branch_python_dop_operator_3.py took 0.059 seconds
