[2025-01-23T12:07:05.419+0000] {processor.py:157} INFO - Started process (PID=283) to work on /home/airflow/.local/lib/python3.8/site-packages/airflow/example_dags/example_params_trigger_ui.py
[2025-01-23T12:07:05.419+0000] {processor.py:829} INFO - Processing file /home/airflow/.local/lib/python3.8/site-packages/airflow/example_dags/example_params_trigger_ui.py for tasks to queue
[2025-01-23T12:07:05.420+0000] {logging_mixin.py:151} INFO - [2025-01-23T12:07:05.419+0000] {dagbag.py:539} INFO - Filling up the DagBag from /home/airflow/.local/lib/python3.8/site-packages/airflow/example_dags/example_params_trigger_ui.py
[2025-01-23T12:07:05.431+0000] {processor.py:839} INFO - DAG(s) dict_keys(['example_params_trigger_ui']) retrieved from /home/airflow/.local/lib/python3.8/site-packages/airflow/example_dags/example_params_trigger_ui.py
[2025-01-23T12:07:05.446+0000] {logging_mixin.py:151} INFO - [2025-01-23T12:07:05.446+0000] {dag.py:2907} INFO - Sync 1 DAGs
[2025-01-23T12:07:05.457+0000] {logging_mixin.py:151} INFO - [2025-01-23T12:07:05.457+0000] {dag.py:3677} INFO - Setting next_dagrun for example_params_trigger_ui to None, run_after=None
[2025-01-23T12:07:05.479+0000] {processor.py:179} INFO - Processing /home/airflow/.local/lib/python3.8/site-packages/airflow/example_dags/example_params_trigger_ui.py took 0.063 seconds
[2025-01-23T12:07:35.682+0000] {processor.py:157} INFO - Started process (PID=525) to work on /home/airflow/.local/lib/python3.8/site-packages/airflow/example_dags/example_params_trigger_ui.py
[2025-01-23T12:07:35.683+0000] {processor.py:829} INFO - Processing file /home/airflow/.local/lib/python3.8/site-packages/airflow/example_dags/example_params_trigger_ui.py for tasks to queue
[2025-01-23T12:07:35.684+0000] {logging_mixin.py:151} INFO - [2025-01-23T12:07:35.683+0000] {dagbag.py:539} INFO - Filling up the DagBag from /home/airflow/.local/lib/python3.8/site-packages/airflow/example_dags/example_params_trigger_ui.py
[2025-01-23T12:07:35.693+0000] {processor.py:839} INFO - DAG(s) dict_keys(['example_params_trigger_ui']) retrieved from /home/airflow/.local/lib/python3.8/site-packages/airflow/example_dags/example_params_trigger_ui.py
[2025-01-23T12:07:35.722+0000] {logging_mixin.py:151} INFO - [2025-01-23T12:07:35.722+0000] {dag.py:2907} INFO - Sync 1 DAGs
[2025-01-23T12:07:35.729+0000] {logging_mixin.py:151} INFO - [2025-01-23T12:07:35.729+0000] {dag.py:3677} INFO - Setting next_dagrun for example_params_trigger_ui to None, run_after=None
[2025-01-23T12:07:35.742+0000] {processor.py:179} INFO - Processing /home/airflow/.local/lib/python3.8/site-packages/airflow/example_dags/example_params_trigger_ui.py took 0.063 seconds
[2025-01-23T12:08:06.183+0000] {processor.py:157} INFO - Started process (PID=775) to work on /home/airflow/.local/lib/python3.8/site-packages/airflow/example_dags/example_params_trigger_ui.py
[2025-01-23T12:08:06.184+0000] {processor.py:829} INFO - Processing file /home/airflow/.local/lib/python3.8/site-packages/airflow/example_dags/example_params_trigger_ui.py for tasks to queue
[2025-01-23T12:08:06.185+0000] {logging_mixin.py:151} INFO - [2025-01-23T12:08:06.184+0000] {dagbag.py:539} INFO - Filling up the DagBag from /home/airflow/.local/lib/python3.8/site-packages/airflow/example_dags/example_params_trigger_ui.py
[2025-01-23T12:08:06.195+0000] {processor.py:839} INFO - DAG(s) dict_keys(['example_params_trigger_ui']) retrieved from /home/airflow/.local/lib/python3.8/site-packages/airflow/example_dags/example_params_trigger_ui.py
[2025-01-23T12:08:06.225+0000] {logging_mixin.py:151} INFO - [2025-01-23T12:08:06.225+0000] {dag.py:2907} INFO - Sync 1 DAGs
[2025-01-23T12:08:06.233+0000] {logging_mixin.py:151} INFO - [2025-01-23T12:08:06.233+0000] {dag.py:3677} INFO - Setting next_dagrun for example_params_trigger_ui to None, run_after=None
[2025-01-23T12:08:06.246+0000] {processor.py:179} INFO - Processing /home/airflow/.local/lib/python3.8/site-packages/airflow/example_dags/example_params_trigger_ui.py took 0.065 seconds
[2025-01-23T12:08:37.292+0000] {processor.py:157} INFO - Started process (PID=1019) to work on /home/airflow/.local/lib/python3.8/site-packages/airflow/example_dags/example_params_trigger_ui.py
[2025-01-23T12:08:37.293+0000] {processor.py:829} INFO - Processing file /home/airflow/.local/lib/python3.8/site-packages/airflow/example_dags/example_params_trigger_ui.py for tasks to queue
[2025-01-23T12:08:37.293+0000] {logging_mixin.py:151} INFO - [2025-01-23T12:08:37.293+0000] {dagbag.py:539} INFO - Filling up the DagBag from /home/airflow/.local/lib/python3.8/site-packages/airflow/example_dags/example_params_trigger_ui.py
[2025-01-23T12:08:37.306+0000] {processor.py:839} INFO - DAG(s) dict_keys(['example_params_trigger_ui']) retrieved from /home/airflow/.local/lib/python3.8/site-packages/airflow/example_dags/example_params_trigger_ui.py
[2025-01-23T12:08:37.340+0000] {logging_mixin.py:151} INFO - [2025-01-23T12:08:37.340+0000] {dag.py:2907} INFO - Sync 1 DAGs
[2025-01-23T12:08:37.350+0000] {logging_mixin.py:151} INFO - [2025-01-23T12:08:37.349+0000] {dag.py:3677} INFO - Setting next_dagrun for example_params_trigger_ui to None, run_after=None
[2025-01-23T12:08:37.365+0000] {processor.py:179} INFO - Processing /home/airflow/.local/lib/python3.8/site-packages/airflow/example_dags/example_params_trigger_ui.py took 0.077 seconds
[2025-01-23T12:09:08.447+0000] {processor.py:157} INFO - Started process (PID=1262) to work on /home/airflow/.local/lib/python3.8/site-packages/airflow/example_dags/example_params_trigger_ui.py
[2025-01-23T12:09:08.448+0000] {processor.py:829} INFO - Processing file /home/airflow/.local/lib/python3.8/site-packages/airflow/example_dags/example_params_trigger_ui.py for tasks to queue
[2025-01-23T12:09:08.449+0000] {logging_mixin.py:151} INFO - [2025-01-23T12:09:08.448+0000] {dagbag.py:539} INFO - Filling up the DagBag from /home/airflow/.local/lib/python3.8/site-packages/airflow/example_dags/example_params_trigger_ui.py
[2025-01-23T12:09:08.463+0000] {processor.py:839} INFO - DAG(s) dict_keys(['example_params_trigger_ui']) retrieved from /home/airflow/.local/lib/python3.8/site-packages/airflow/example_dags/example_params_trigger_ui.py
[2025-01-23T12:09:08.493+0000] {logging_mixin.py:151} INFO - [2025-01-23T12:09:08.493+0000] {dag.py:2907} INFO - Sync 1 DAGs
[2025-01-23T12:09:08.502+0000] {logging_mixin.py:151} INFO - [2025-01-23T12:09:08.502+0000] {dag.py:3677} INFO - Setting next_dagrun for example_params_trigger_ui to None, run_after=None
[2025-01-23T12:09:08.521+0000] {processor.py:179} INFO - Processing /home/airflow/.local/lib/python3.8/site-packages/airflow/example_dags/example_params_trigger_ui.py took 0.076 seconds
[2025-01-23T12:09:38.568+0000] {processor.py:157} INFO - Started process (PID=1505) to work on /home/airflow/.local/lib/python3.8/site-packages/airflow/example_dags/example_params_trigger_ui.py
[2025-01-23T12:09:38.568+0000] {processor.py:829} INFO - Processing file /home/airflow/.local/lib/python3.8/site-packages/airflow/example_dags/example_params_trigger_ui.py for tasks to queue
[2025-01-23T12:09:38.569+0000] {logging_mixin.py:151} INFO - [2025-01-23T12:09:38.569+0000] {dagbag.py:539} INFO - Filling up the DagBag from /home/airflow/.local/lib/python3.8/site-packages/airflow/example_dags/example_params_trigger_ui.py
[2025-01-23T12:09:38.582+0000] {processor.py:839} INFO - DAG(s) dict_keys(['example_params_trigger_ui']) retrieved from /home/airflow/.local/lib/python3.8/site-packages/airflow/example_dags/example_params_trigger_ui.py
[2025-01-23T12:09:38.612+0000] {logging_mixin.py:151} INFO - [2025-01-23T12:09:38.612+0000] {dag.py:2907} INFO - Sync 1 DAGs
[2025-01-23T12:09:38.620+0000] {logging_mixin.py:151} INFO - [2025-01-23T12:09:38.620+0000] {dag.py:3677} INFO - Setting next_dagrun for example_params_trigger_ui to None, run_after=None
[2025-01-23T12:09:38.633+0000] {processor.py:179} INFO - Processing /home/airflow/.local/lib/python3.8/site-packages/airflow/example_dags/example_params_trigger_ui.py took 0.068 seconds
[2025-01-23T12:10:09.855+0000] {processor.py:157} INFO - Started process (PID=1750) to work on /home/airflow/.local/lib/python3.8/site-packages/airflow/example_dags/example_params_trigger_ui.py
[2025-01-23T12:10:09.856+0000] {processor.py:829} INFO - Processing file /home/airflow/.local/lib/python3.8/site-packages/airflow/example_dags/example_params_trigger_ui.py for tasks to queue
[2025-01-23T12:10:09.856+0000] {logging_mixin.py:151} INFO - [2025-01-23T12:10:09.856+0000] {dagbag.py:539} INFO - Filling up the DagBag from /home/airflow/.local/lib/python3.8/site-packages/airflow/example_dags/example_params_trigger_ui.py
[2025-01-23T12:10:09.866+0000] {processor.py:839} INFO - DAG(s) dict_keys(['example_params_trigger_ui']) retrieved from /home/airflow/.local/lib/python3.8/site-packages/airflow/example_dags/example_params_trigger_ui.py
[2025-01-23T12:10:09.897+0000] {logging_mixin.py:151} INFO - [2025-01-23T12:10:09.897+0000] {dag.py:2907} INFO - Sync 1 DAGs
[2025-01-23T12:10:09.909+0000] {logging_mixin.py:151} INFO - [2025-01-23T12:10:09.909+0000] {dag.py:3677} INFO - Setting next_dagrun for example_params_trigger_ui to None, run_after=None
[2025-01-23T12:10:09.925+0000] {processor.py:179} INFO - Processing /home/airflow/.local/lib/python3.8/site-packages/airflow/example_dags/example_params_trigger_ui.py took 0.072 seconds
[2025-01-23T12:10:40.260+0000] {processor.py:157} INFO - Started process (PID=1991) to work on /home/airflow/.local/lib/python3.8/site-packages/airflow/example_dags/example_params_trigger_ui.py
[2025-01-23T12:10:40.261+0000] {processor.py:829} INFO - Processing file /home/airflow/.local/lib/python3.8/site-packages/airflow/example_dags/example_params_trigger_ui.py for tasks to queue
[2025-01-23T12:10:40.262+0000] {logging_mixin.py:151} INFO - [2025-01-23T12:10:40.261+0000] {dagbag.py:539} INFO - Filling up the DagBag from /home/airflow/.local/lib/python3.8/site-packages/airflow/example_dags/example_params_trigger_ui.py
[2025-01-23T12:10:40.287+0000] {processor.py:839} INFO - DAG(s) dict_keys(['example_params_trigger_ui']) retrieved from /home/airflow/.local/lib/python3.8/site-packages/airflow/example_dags/example_params_trigger_ui.py
[2025-01-23T12:10:40.367+0000] {logging_mixin.py:151} INFO - [2025-01-23T12:10:40.367+0000] {dag.py:2907} INFO - Sync 1 DAGs
[2025-01-23T12:10:40.383+0000] {logging_mixin.py:151} INFO - [2025-01-23T12:10:40.382+0000] {dag.py:3677} INFO - Setting next_dagrun for example_params_trigger_ui to None, run_after=None
[2025-01-23T12:10:40.405+0000] {processor.py:179} INFO - Processing /home/airflow/.local/lib/python3.8/site-packages/airflow/example_dags/example_params_trigger_ui.py took 0.149 seconds
[2025-01-23T12:11:10.812+0000] {processor.py:157} INFO - Started process (PID=2234) to work on /home/airflow/.local/lib/python3.8/site-packages/airflow/example_dags/example_params_trigger_ui.py
[2025-01-23T12:11:10.813+0000] {processor.py:829} INFO - Processing file /home/airflow/.local/lib/python3.8/site-packages/airflow/example_dags/example_params_trigger_ui.py for tasks to queue
[2025-01-23T12:11:10.814+0000] {logging_mixin.py:151} INFO - [2025-01-23T12:11:10.813+0000] {dagbag.py:539} INFO - Filling up the DagBag from /home/airflow/.local/lib/python3.8/site-packages/airflow/example_dags/example_params_trigger_ui.py
[2025-01-23T12:11:10.827+0000] {processor.py:839} INFO - DAG(s) dict_keys(['example_params_trigger_ui']) retrieved from /home/airflow/.local/lib/python3.8/site-packages/airflow/example_dags/example_params_trigger_ui.py
[2025-01-23T12:11:10.867+0000] {logging_mixin.py:151} INFO - [2025-01-23T12:11:10.867+0000] {dag.py:2907} INFO - Sync 1 DAGs
[2025-01-23T12:11:10.876+0000] {logging_mixin.py:151} INFO - [2025-01-23T12:11:10.876+0000] {dag.py:3677} INFO - Setting next_dagrun for example_params_trigger_ui to None, run_after=None
[2025-01-23T12:11:10.893+0000] {processor.py:179} INFO - Processing /home/airflow/.local/lib/python3.8/site-packages/airflow/example_dags/example_params_trigger_ui.py took 0.083 seconds
