[2025-01-23T12:07:06.262+0000] {processor.py:157} INFO - Started process (PID=374) to work on /home/airflow/.local/lib/python3.8/site-packages/airflow/example_dags/example_branch_day_of_week_operator.py
[2025-01-23T12:07:06.263+0000] {processor.py:829} INFO - Processing file /home/airflow/.local/lib/python3.8/site-packages/airflow/example_dags/example_branch_day_of_week_operator.py for tasks to queue
[2025-01-23T12:07:06.263+0000] {logging_mixin.py:151} INFO - [2025-01-23T12:07:06.263+0000] {dagbag.py:539} INFO - Filling up the DagBag from /home/airflow/.local/lib/python3.8/site-packages/airflow/example_dags/example_branch_day_of_week_operator.py
[2025-01-23T12:07:06.269+0000] {processor.py:839} INFO - DAG(s) dict_keys(['example_weekday_branch_operator']) retrieved from /home/airflow/.local/lib/python3.8/site-packages/airflow/example_dags/example_branch_day_of_week_operator.py
[2025-01-23T12:07:06.283+0000] {logging_mixin.py:151} INFO - [2025-01-23T12:07:06.283+0000] {dag.py:2907} INFO - Sync 1 DAGs
[2025-01-23T12:07:06.305+0000] {logging_mixin.py:151} INFO - [2025-01-23T12:07:06.305+0000] {dag.py:3677} INFO - Setting next_dagrun for example_weekday_branch_operator to 2025-01-22T00:00:00+00:00, run_after=2025-01-23T00:00:00+00:00
[2025-01-23T12:07:06.328+0000] {processor.py:179} INFO - Processing /home/airflow/.local/lib/python3.8/site-packages/airflow/example_dags/example_branch_day_of_week_operator.py took 0.069 seconds
[2025-01-23T12:07:36.922+0000] {processor.py:157} INFO - Started process (PID=617) to work on /home/airflow/.local/lib/python3.8/site-packages/airflow/example_dags/example_branch_day_of_week_operator.py
[2025-01-23T12:07:36.924+0000] {processor.py:829} INFO - Processing file /home/airflow/.local/lib/python3.8/site-packages/airflow/example_dags/example_branch_day_of_week_operator.py for tasks to queue
[2025-01-23T12:07:36.925+0000] {logging_mixin.py:151} INFO - [2025-01-23T12:07:36.925+0000] {dagbag.py:539} INFO - Filling up the DagBag from /home/airflow/.local/lib/python3.8/site-packages/airflow/example_dags/example_branch_day_of_week_operator.py
[2025-01-23T12:07:36.930+0000] {processor.py:839} INFO - DAG(s) dict_keys(['example_weekday_branch_operator']) retrieved from /home/airflow/.local/lib/python3.8/site-packages/airflow/example_dags/example_branch_day_of_week_operator.py
[2025-01-23T12:07:36.947+0000] {logging_mixin.py:151} INFO - [2025-01-23T12:07:36.947+0000] {dag.py:2907} INFO - Sync 1 DAGs
[2025-01-23T12:07:37.042+0000] {logging_mixin.py:151} INFO - [2025-01-23T12:07:37.042+0000] {dag.py:3677} INFO - Setting next_dagrun for example_weekday_branch_operator to 2025-01-22T00:00:00+00:00, run_after=2025-01-23T00:00:00+00:00
[2025-01-23T12:07:37.057+0000] {processor.py:179} INFO - Processing /home/airflow/.local/lib/python3.8/site-packages/airflow/example_dags/example_branch_day_of_week_operator.py took 0.137 seconds
[2025-01-23T12:08:07.785+0000] {processor.py:157} INFO - Started process (PID=860) to work on /home/airflow/.local/lib/python3.8/site-packages/airflow/example_dags/example_branch_day_of_week_operator.py
[2025-01-23T12:08:07.786+0000] {processor.py:829} INFO - Processing file /home/airflow/.local/lib/python3.8/site-packages/airflow/example_dags/example_branch_day_of_week_operator.py for tasks to queue
[2025-01-23T12:08:07.786+0000] {logging_mixin.py:151} INFO - [2025-01-23T12:08:07.786+0000] {dagbag.py:539} INFO - Filling up the DagBag from /home/airflow/.local/lib/python3.8/site-packages/airflow/example_dags/example_branch_day_of_week_operator.py
[2025-01-23T12:08:07.791+0000] {processor.py:839} INFO - DAG(s) dict_keys(['example_weekday_branch_operator']) retrieved from /home/airflow/.local/lib/python3.8/site-packages/airflow/example_dags/example_branch_day_of_week_operator.py
[2025-01-23T12:08:07.806+0000] {logging_mixin.py:151} INFO - [2025-01-23T12:08:07.805+0000] {dag.py:2907} INFO - Sync 1 DAGs
[2025-01-23T12:08:07.821+0000] {logging_mixin.py:151} INFO - [2025-01-23T12:08:07.821+0000] {dag.py:3677} INFO - Setting next_dagrun for example_weekday_branch_operator to 2025-01-22T00:00:00+00:00, run_after=2025-01-23T00:00:00+00:00
[2025-01-23T12:08:07.835+0000] {processor.py:179} INFO - Processing /home/airflow/.local/lib/python3.8/site-packages/airflow/example_dags/example_branch_day_of_week_operator.py took 0.053 seconds
[2025-01-23T12:08:37.999+0000] {processor.py:157} INFO - Started process (PID=1104) to work on /home/airflow/.local/lib/python3.8/site-packages/airflow/example_dags/example_branch_day_of_week_operator.py
[2025-01-23T12:08:37.999+0000] {processor.py:829} INFO - Processing file /home/airflow/.local/lib/python3.8/site-packages/airflow/example_dags/example_branch_day_of_week_operator.py for tasks to queue
[2025-01-23T12:08:38.000+0000] {logging_mixin.py:151} INFO - [2025-01-23T12:08:38.000+0000] {dagbag.py:539} INFO - Filling up the DagBag from /home/airflow/.local/lib/python3.8/site-packages/airflow/example_dags/example_branch_day_of_week_operator.py
[2025-01-23T12:08:38.004+0000] {processor.py:839} INFO - DAG(s) dict_keys(['example_weekday_branch_operator']) retrieved from /home/airflow/.local/lib/python3.8/site-packages/airflow/example_dags/example_branch_day_of_week_operator.py
[2025-01-23T12:08:38.023+0000] {logging_mixin.py:151} INFO - [2025-01-23T12:08:38.023+0000] {dag.py:2907} INFO - Sync 1 DAGs
[2025-01-23T12:08:38.041+0000] {logging_mixin.py:151} INFO - [2025-01-23T12:08:38.041+0000] {dag.py:3677} INFO - Setting next_dagrun for example_weekday_branch_operator to 2025-01-22T00:00:00+00:00, run_after=2025-01-23T00:00:00+00:00
[2025-01-23T12:08:38.057+0000] {processor.py:179} INFO - Processing /home/airflow/.local/lib/python3.8/site-packages/airflow/example_dags/example_branch_day_of_week_operator.py took 0.060 seconds
[2025-01-23T12:09:09.178+0000] {processor.py:157} INFO - Started process (PID=1347) to work on /home/airflow/.local/lib/python3.8/site-packages/airflow/example_dags/example_branch_day_of_week_operator.py
[2025-01-23T12:09:09.179+0000] {processor.py:829} INFO - Processing file /home/airflow/.local/lib/python3.8/site-packages/airflow/example_dags/example_branch_day_of_week_operator.py for tasks to queue
[2025-01-23T12:09:09.180+0000] {logging_mixin.py:151} INFO - [2025-01-23T12:09:09.180+0000] {dagbag.py:539} INFO - Filling up the DagBag from /home/airflow/.local/lib/python3.8/site-packages/airflow/example_dags/example_branch_day_of_week_operator.py
[2025-01-23T12:09:09.185+0000] {processor.py:839} INFO - DAG(s) dict_keys(['example_weekday_branch_operator']) retrieved from /home/airflow/.local/lib/python3.8/site-packages/airflow/example_dags/example_branch_day_of_week_operator.py
[2025-01-23T12:09:09.201+0000] {logging_mixin.py:151} INFO - [2025-01-23T12:09:09.201+0000] {dag.py:2907} INFO - Sync 1 DAGs
[2025-01-23T12:09:09.218+0000] {logging_mixin.py:151} INFO - [2025-01-23T12:09:09.218+0000] {dag.py:3677} INFO - Setting next_dagrun for example_weekday_branch_operator to 2025-01-22T00:00:00+00:00, run_after=2025-01-23T00:00:00+00:00
[2025-01-23T12:09:09.234+0000] {processor.py:179} INFO - Processing /home/airflow/.local/lib/python3.8/site-packages/airflow/example_dags/example_branch_day_of_week_operator.py took 0.058 seconds
[2025-01-23T12:09:39.276+0000] {processor.py:157} INFO - Started process (PID=1590) to work on /home/airflow/.local/lib/python3.8/site-packages/airflow/example_dags/example_branch_day_of_week_operator.py
[2025-01-23T12:09:39.277+0000] {processor.py:829} INFO - Processing file /home/airflow/.local/lib/python3.8/site-packages/airflow/example_dags/example_branch_day_of_week_operator.py for tasks to queue
[2025-01-23T12:09:39.278+0000] {logging_mixin.py:151} INFO - [2025-01-23T12:09:39.277+0000] {dagbag.py:539} INFO - Filling up the DagBag from /home/airflow/.local/lib/python3.8/site-packages/airflow/example_dags/example_branch_day_of_week_operator.py
[2025-01-23T12:09:39.282+0000] {processor.py:839} INFO - DAG(s) dict_keys(['example_weekday_branch_operator']) retrieved from /home/airflow/.local/lib/python3.8/site-packages/airflow/example_dags/example_branch_day_of_week_operator.py
[2025-01-23T12:09:39.297+0000] {logging_mixin.py:151} INFO - [2025-01-23T12:09:39.297+0000] {dag.py:2907} INFO - Sync 1 DAGs
[2025-01-23T12:09:39.313+0000] {logging_mixin.py:151} INFO - [2025-01-23T12:09:39.313+0000] {dag.py:3677} INFO - Setting next_dagrun for example_weekday_branch_operator to 2025-01-22T00:00:00+00:00, run_after=2025-01-23T00:00:00+00:00
[2025-01-23T12:09:39.325+0000] {processor.py:179} INFO - Processing /home/airflow/.local/lib/python3.8/site-packages/airflow/example_dags/example_branch_day_of_week_operator.py took 0.051 seconds
[2025-01-23T12:10:10.637+0000] {processor.py:157} INFO - Started process (PID=1833) to work on /home/airflow/.local/lib/python3.8/site-packages/airflow/example_dags/example_branch_day_of_week_operator.py
[2025-01-23T12:10:10.638+0000] {processor.py:829} INFO - Processing file /home/airflow/.local/lib/python3.8/site-packages/airflow/example_dags/example_branch_day_of_week_operator.py for tasks to queue
[2025-01-23T12:10:10.639+0000] {logging_mixin.py:151} INFO - [2025-01-23T12:10:10.638+0000] {dagbag.py:539} INFO - Filling up the DagBag from /home/airflow/.local/lib/python3.8/site-packages/airflow/example_dags/example_branch_day_of_week_operator.py
[2025-01-23T12:10:10.645+0000] {processor.py:839} INFO - DAG(s) dict_keys(['example_weekday_branch_operator']) retrieved from /home/airflow/.local/lib/python3.8/site-packages/airflow/example_dags/example_branch_day_of_week_operator.py
[2025-01-23T12:10:10.665+0000] {logging_mixin.py:151} INFO - [2025-01-23T12:10:10.664+0000] {dag.py:2907} INFO - Sync 1 DAGs
[2025-01-23T12:10:10.688+0000] {logging_mixin.py:151} INFO - [2025-01-23T12:10:10.687+0000] {dag.py:3677} INFO - Setting next_dagrun for example_weekday_branch_operator to 2025-01-22T00:00:00+00:00, run_after=2025-01-23T00:00:00+00:00
[2025-01-23T12:10:10.705+0000] {processor.py:179} INFO - Processing /home/airflow/.local/lib/python3.8/site-packages/airflow/example_dags/example_branch_day_of_week_operator.py took 0.070 seconds
[2025-01-23T12:10:41.215+0000] {processor.py:157} INFO - Started process (PID=2076) to work on /home/airflow/.local/lib/python3.8/site-packages/airflow/example_dags/example_branch_day_of_week_operator.py
[2025-01-23T12:10:41.217+0000] {processor.py:829} INFO - Processing file /home/airflow/.local/lib/python3.8/site-packages/airflow/example_dags/example_branch_day_of_week_operator.py for tasks to queue
[2025-01-23T12:10:41.217+0000] {logging_mixin.py:151} INFO - [2025-01-23T12:10:41.217+0000] {dagbag.py:539} INFO - Filling up the DagBag from /home/airflow/.local/lib/python3.8/site-packages/airflow/example_dags/example_branch_day_of_week_operator.py
[2025-01-23T12:10:41.222+0000] {processor.py:839} INFO - DAG(s) dict_keys(['example_weekday_branch_operator']) retrieved from /home/airflow/.local/lib/python3.8/site-packages/airflow/example_dags/example_branch_day_of_week_operator.py
[2025-01-23T12:10:41.240+0000] {logging_mixin.py:151} INFO - [2025-01-23T12:10:41.240+0000] {dag.py:2907} INFO - Sync 1 DAGs
[2025-01-23T12:10:41.259+0000] {logging_mixin.py:151} INFO - [2025-01-23T12:10:41.258+0000] {dag.py:3677} INFO - Setting next_dagrun for example_weekday_branch_operator to 2025-01-22T00:00:00+00:00, run_after=2025-01-23T00:00:00+00:00
[2025-01-23T12:10:41.278+0000] {processor.py:179} INFO - Processing /home/airflow/.local/lib/python3.8/site-packages/airflow/example_dags/example_branch_day_of_week_operator.py took 0.065 seconds
[2025-01-23T12:11:11.564+0000] {processor.py:157} INFO - Started process (PID=2318) to work on /home/airflow/.local/lib/python3.8/site-packages/airflow/example_dags/example_branch_day_of_week_operator.py
[2025-01-23T12:11:11.565+0000] {processor.py:829} INFO - Processing file /home/airflow/.local/lib/python3.8/site-packages/airflow/example_dags/example_branch_day_of_week_operator.py for tasks to queue
[2025-01-23T12:11:11.566+0000] {logging_mixin.py:151} INFO - [2025-01-23T12:11:11.566+0000] {dagbag.py:539} INFO - Filling up the DagBag from /home/airflow/.local/lib/python3.8/site-packages/airflow/example_dags/example_branch_day_of_week_operator.py
[2025-01-23T12:11:11.573+0000] {processor.py:839} INFO - DAG(s) dict_keys(['example_weekday_branch_operator']) retrieved from /home/airflow/.local/lib/python3.8/site-packages/airflow/example_dags/example_branch_day_of_week_operator.py
[2025-01-23T12:11:11.593+0000] {logging_mixin.py:151} INFO - [2025-01-23T12:11:11.593+0000] {dag.py:2907} INFO - Sync 1 DAGs
[2025-01-23T12:11:11.611+0000] {logging_mixin.py:151} INFO - [2025-01-23T12:11:11.611+0000] {dag.py:3677} INFO - Setting next_dagrun for example_weekday_branch_operator to 2025-01-22T00:00:00+00:00, run_after=2025-01-23T00:00:00+00:00
[2025-01-23T12:11:11.629+0000] {processor.py:179} INFO - Processing /home/airflow/.local/lib/python3.8/site-packages/airflow/example_dags/example_branch_day_of_week_operator.py took 0.067 seconds
