[2025-01-23T12:07:06.353+0000] {processor.py:157} INFO - Started process (PID=384) to work on /home/airflow/.local/lib/python3.8/site-packages/airflow/example_dags/example_sensor_decorator.py
[2025-01-23T12:07:06.354+0000] {processor.py:829} INFO - Processing file /home/airflow/.local/lib/python3.8/site-packages/airflow/example_dags/example_sensor_decorator.py for tasks to queue
[2025-01-23T12:07:06.355+0000] {logging_mixin.py:151} INFO - [2025-01-23T12:07:06.355+0000] {dagbag.py:539} INFO - Filling up the DagBag from /home/airflow/.local/lib/python3.8/site-packages/airflow/example_dags/example_sensor_decorator.py
[2025-01-23T12:07:06.363+0000] {processor.py:839} INFO - DAG(s) dict_keys(['example_sensor_decorator']) retrieved from /home/airflow/.local/lib/python3.8/site-packages/airflow/example_dags/example_sensor_decorator.py
[2025-01-23T12:07:06.378+0000] {logging_mixin.py:151} INFO - [2025-01-23T12:07:06.378+0000] {dag.py:2907} INFO - Sync 1 DAGs
[2025-01-23T12:07:06.393+0000] {logging_mixin.py:151} INFO - [2025-01-23T12:07:06.393+0000] {dag.py:3677} INFO - Setting next_dagrun for example_sensor_decorator to None, run_after=None
[2025-01-23T12:07:06.415+0000] {processor.py:179} INFO - Processing /home/airflow/.local/lib/python3.8/site-packages/airflow/example_dags/example_sensor_decorator.py took 0.065 seconds
[2025-01-23T12:07:37.076+0000] {processor.py:157} INFO - Started process (PID=627) to work on /home/airflow/.local/lib/python3.8/site-packages/airflow/example_dags/example_sensor_decorator.py
[2025-01-23T12:07:37.077+0000] {processor.py:829} INFO - Processing file /home/airflow/.local/lib/python3.8/site-packages/airflow/example_dags/example_sensor_decorator.py for tasks to queue
[2025-01-23T12:07:37.078+0000] {logging_mixin.py:151} INFO - [2025-01-23T12:07:37.078+0000] {dagbag.py:539} INFO - Filling up the DagBag from /home/airflow/.local/lib/python3.8/site-packages/airflow/example_dags/example_sensor_decorator.py
[2025-01-23T12:07:37.082+0000] {processor.py:839} INFO - DAG(s) dict_keys(['example_sensor_decorator']) retrieved from /home/airflow/.local/lib/python3.8/site-packages/airflow/example_dags/example_sensor_decorator.py
[2025-01-23T12:07:37.099+0000] {logging_mixin.py:151} INFO - [2025-01-23T12:07:37.099+0000] {dag.py:2907} INFO - Sync 1 DAGs
[2025-01-23T12:07:37.107+0000] {logging_mixin.py:151} INFO - [2025-01-23T12:07:37.107+0000] {dag.py:3677} INFO - Setting next_dagrun for example_sensor_decorator to None, run_after=None
[2025-01-23T12:07:37.198+0000] {processor.py:179} INFO - Processing /home/airflow/.local/lib/python3.8/site-packages/airflow/example_dags/example_sensor_decorator.py took 0.124 seconds
[2025-01-23T12:08:07.854+0000] {processor.py:157} INFO - Started process (PID=870) to work on /home/airflow/.local/lib/python3.8/site-packages/airflow/example_dags/example_sensor_decorator.py
[2025-01-23T12:08:07.855+0000] {processor.py:829} INFO - Processing file /home/airflow/.local/lib/python3.8/site-packages/airflow/example_dags/example_sensor_decorator.py for tasks to queue
[2025-01-23T12:08:07.855+0000] {logging_mixin.py:151} INFO - [2025-01-23T12:08:07.855+0000] {dagbag.py:539} INFO - Filling up the DagBag from /home/airflow/.local/lib/python3.8/site-packages/airflow/example_dags/example_sensor_decorator.py
[2025-01-23T12:08:07.859+0000] {processor.py:839} INFO - DAG(s) dict_keys(['example_sensor_decorator']) retrieved from /home/airflow/.local/lib/python3.8/site-packages/airflow/example_dags/example_sensor_decorator.py
[2025-01-23T12:08:07.874+0000] {logging_mixin.py:151} INFO - [2025-01-23T12:08:07.873+0000] {dag.py:2907} INFO - Sync 1 DAGs
[2025-01-23T12:08:07.883+0000] {logging_mixin.py:151} INFO - [2025-01-23T12:08:07.883+0000] {dag.py:3677} INFO - Setting next_dagrun for example_sensor_decorator to None, run_after=None
[2025-01-23T12:08:07.896+0000] {processor.py:179} INFO - Processing /home/airflow/.local/lib/python3.8/site-packages/airflow/example_dags/example_sensor_decorator.py took 0.044 seconds
[2025-01-23T12:08:38.074+0000] {processor.py:157} INFO - Started process (PID=1114) to work on /home/airflow/.local/lib/python3.8/site-packages/airflow/example_dags/example_sensor_decorator.py
[2025-01-23T12:08:38.075+0000] {processor.py:829} INFO - Processing file /home/airflow/.local/lib/python3.8/site-packages/airflow/example_dags/example_sensor_decorator.py for tasks to queue
[2025-01-23T12:08:38.075+0000] {logging_mixin.py:151} INFO - [2025-01-23T12:08:38.075+0000] {dagbag.py:539} INFO - Filling up the DagBag from /home/airflow/.local/lib/python3.8/site-packages/airflow/example_dags/example_sensor_decorator.py
[2025-01-23T12:08:38.079+0000] {processor.py:839} INFO - DAG(s) dict_keys(['example_sensor_decorator']) retrieved from /home/airflow/.local/lib/python3.8/site-packages/airflow/example_dags/example_sensor_decorator.py
[2025-01-23T12:08:38.095+0000] {logging_mixin.py:151} INFO - [2025-01-23T12:08:38.094+0000] {dag.py:2907} INFO - Sync 1 DAGs
[2025-01-23T12:08:38.102+0000] {logging_mixin.py:151} INFO - [2025-01-23T12:08:38.102+0000] {dag.py:3677} INFO - Setting next_dagrun for example_sensor_decorator to None, run_after=None
[2025-01-23T12:08:38.116+0000] {processor.py:179} INFO - Processing /home/airflow/.local/lib/python3.8/site-packages/airflow/example_dags/example_sensor_decorator.py took 0.045 seconds
[2025-01-23T12:09:09.256+0000] {processor.py:157} INFO - Started process (PID=1357) to work on /home/airflow/.local/lib/python3.8/site-packages/airflow/example_dags/example_sensor_decorator.py
[2025-01-23T12:09:09.257+0000] {processor.py:829} INFO - Processing file /home/airflow/.local/lib/python3.8/site-packages/airflow/example_dags/example_sensor_decorator.py for tasks to queue
[2025-01-23T12:09:09.258+0000] {logging_mixin.py:151} INFO - [2025-01-23T12:09:09.257+0000] {dagbag.py:539} INFO - Filling up the DagBag from /home/airflow/.local/lib/python3.8/site-packages/airflow/example_dags/example_sensor_decorator.py
[2025-01-23T12:09:09.262+0000] {processor.py:839} INFO - DAG(s) dict_keys(['example_sensor_decorator']) retrieved from /home/airflow/.local/lib/python3.8/site-packages/airflow/example_dags/example_sensor_decorator.py
[2025-01-23T12:09:09.279+0000] {logging_mixin.py:151} INFO - [2025-01-23T12:09:09.279+0000] {dag.py:2907} INFO - Sync 1 DAGs
[2025-01-23T12:09:09.288+0000] {logging_mixin.py:151} INFO - [2025-01-23T12:09:09.288+0000] {dag.py:3677} INFO - Setting next_dagrun for example_sensor_decorator to None, run_after=None
[2025-01-23T12:09:09.305+0000] {processor.py:179} INFO - Processing /home/airflow/.local/lib/python3.8/site-packages/airflow/example_dags/example_sensor_decorator.py took 0.052 seconds
[2025-01-23T12:09:39.344+0000] {processor.py:157} INFO - Started process (PID=1600) to work on /home/airflow/.local/lib/python3.8/site-packages/airflow/example_dags/example_sensor_decorator.py
[2025-01-23T12:09:39.345+0000] {processor.py:829} INFO - Processing file /home/airflow/.local/lib/python3.8/site-packages/airflow/example_dags/example_sensor_decorator.py for tasks to queue
[2025-01-23T12:09:39.346+0000] {logging_mixin.py:151} INFO - [2025-01-23T12:09:39.346+0000] {dagbag.py:539} INFO - Filling up the DagBag from /home/airflow/.local/lib/python3.8/site-packages/airflow/example_dags/example_sensor_decorator.py
[2025-01-23T12:09:39.350+0000] {processor.py:839} INFO - DAG(s) dict_keys(['example_sensor_decorator']) retrieved from /home/airflow/.local/lib/python3.8/site-packages/airflow/example_dags/example_sensor_decorator.py
[2025-01-23T12:09:39.364+0000] {logging_mixin.py:151} INFO - [2025-01-23T12:09:39.364+0000] {dag.py:2907} INFO - Sync 1 DAGs
[2025-01-23T12:09:39.371+0000] {logging_mixin.py:151} INFO - [2025-01-23T12:09:39.371+0000] {dag.py:3677} INFO - Setting next_dagrun for example_sensor_decorator to None, run_after=None
[2025-01-23T12:09:39.382+0000] {processor.py:179} INFO - Processing /home/airflow/.local/lib/python3.8/site-packages/airflow/example_dags/example_sensor_decorator.py took 0.040 seconds
[2025-01-23T12:10:10.729+0000] {processor.py:157} INFO - Started process (PID=1843) to work on /home/airflow/.local/lib/python3.8/site-packages/airflow/example_dags/example_sensor_decorator.py
[2025-01-23T12:10:10.731+0000] {processor.py:829} INFO - Processing file /home/airflow/.local/lib/python3.8/site-packages/airflow/example_dags/example_sensor_decorator.py for tasks to queue
[2025-01-23T12:10:10.731+0000] {logging_mixin.py:151} INFO - [2025-01-23T12:10:10.731+0000] {dagbag.py:539} INFO - Filling up the DagBag from /home/airflow/.local/lib/python3.8/site-packages/airflow/example_dags/example_sensor_decorator.py
[2025-01-23T12:10:10.736+0000] {processor.py:839} INFO - DAG(s) dict_keys(['example_sensor_decorator']) retrieved from /home/airflow/.local/lib/python3.8/site-packages/airflow/example_dags/example_sensor_decorator.py
[2025-01-23T12:10:10.758+0000] {logging_mixin.py:151} INFO - [2025-01-23T12:10:10.757+0000] {dag.py:2907} INFO - Sync 1 DAGs
[2025-01-23T12:10:10.767+0000] {logging_mixin.py:151} INFO - [2025-01-23T12:10:10.767+0000] {dag.py:3677} INFO - Setting next_dagrun for example_sensor_decorator to None, run_after=None
[2025-01-23T12:10:10.781+0000] {processor.py:179} INFO - Processing /home/airflow/.local/lib/python3.8/site-packages/airflow/example_dags/example_sensor_decorator.py took 0.055 seconds
[2025-01-23T12:10:41.387+0000] {processor.py:157} INFO - Started process (PID=2088) to work on /home/airflow/.local/lib/python3.8/site-packages/airflow/example_dags/example_sensor_decorator.py
[2025-01-23T12:10:41.388+0000] {processor.py:829} INFO - Processing file /home/airflow/.local/lib/python3.8/site-packages/airflow/example_dags/example_sensor_decorator.py for tasks to queue
[2025-01-23T12:10:41.389+0000] {logging_mixin.py:151} INFO - [2025-01-23T12:10:41.388+0000] {dagbag.py:539} INFO - Filling up the DagBag from /home/airflow/.local/lib/python3.8/site-packages/airflow/example_dags/example_sensor_decorator.py
[2025-01-23T12:10:41.397+0000] {processor.py:839} INFO - DAG(s) dict_keys(['example_sensor_decorator']) retrieved from /home/airflow/.local/lib/python3.8/site-packages/airflow/example_dags/example_sensor_decorator.py
[2025-01-23T12:10:41.418+0000] {logging_mixin.py:151} INFO - [2025-01-23T12:10:41.418+0000] {dag.py:2907} INFO - Sync 1 DAGs
[2025-01-23T12:10:41.427+0000] {logging_mixin.py:151} INFO - [2025-01-23T12:10:41.427+0000] {dag.py:3677} INFO - Setting next_dagrun for example_sensor_decorator to None, run_after=None
[2025-01-23T12:10:41.447+0000] {processor.py:179} INFO - Processing /home/airflow/.local/lib/python3.8/site-packages/airflow/example_dags/example_sensor_decorator.py took 0.063 seconds
[2025-01-23T12:11:11.726+0000] {processor.py:157} INFO - Started process (PID=2331) to work on /home/airflow/.local/lib/python3.8/site-packages/airflow/example_dags/example_sensor_decorator.py
[2025-01-23T12:11:11.727+0000] {processor.py:829} INFO - Processing file /home/airflow/.local/lib/python3.8/site-packages/airflow/example_dags/example_sensor_decorator.py for tasks to queue
[2025-01-23T12:11:11.728+0000] {logging_mixin.py:151} INFO - [2025-01-23T12:11:11.728+0000] {dagbag.py:539} INFO - Filling up the DagBag from /home/airflow/.local/lib/python3.8/site-packages/airflow/example_dags/example_sensor_decorator.py
[2025-01-23T12:11:11.734+0000] {processor.py:839} INFO - DAG(s) dict_keys(['example_sensor_decorator']) retrieved from /home/airflow/.local/lib/python3.8/site-packages/airflow/example_dags/example_sensor_decorator.py
[2025-01-23T12:11:11.752+0000] {logging_mixin.py:151} INFO - [2025-01-23T12:11:11.751+0000] {dag.py:2907} INFO - Sync 1 DAGs
[2025-01-23T12:11:11.760+0000] {logging_mixin.py:151} INFO - [2025-01-23T12:11:11.760+0000] {dag.py:3677} INFO - Setting next_dagrun for example_sensor_decorator to None, run_after=None
[2025-01-23T12:11:11.780+0000] {processor.py:179} INFO - Processing /home/airflow/.local/lib/python3.8/site-packages/airflow/example_dags/example_sensor_decorator.py took 0.056 seconds
