[2025-01-23T12:07:05.742+0000] {processor.py:157} INFO - Started process (PID=318) to work on /home/airflow/.local/lib/python3.8/site-packages/airflow/example_dags/example_branch_operator_decorator.py
[2025-01-23T12:07:05.744+0000] {processor.py:829} INFO - Processing file /home/airflow/.local/lib/python3.8/site-packages/airflow/example_dags/example_branch_operator_decorator.py for tasks to queue
[2025-01-23T12:07:05.745+0000] {logging_mixin.py:151} INFO - [2025-01-23T12:07:05.745+0000] {dagbag.py:539} INFO - Filling up the DagBag from /home/airflow/.local/lib/python3.8/site-packages/airflow/example_dags/example_branch_operator_decorator.py
[2025-01-23T12:07:05.753+0000] {processor.py:839} INFO - DAG(s) dict_keys(['example_branch_python_operator_decorator']) retrieved from /home/airflow/.local/lib/python3.8/site-packages/airflow/example_dags/example_branch_operator_decorator.py
[2025-01-23T12:07:05.764+0000] {logging_mixin.py:151} INFO - [2025-01-23T12:07:05.764+0000] {dag.py:2907} INFO - Sync 1 DAGs
[2025-01-23T12:07:05.785+0000] {logging_mixin.py:151} INFO - [2025-01-23T12:07:05.785+0000] {dag.py:3677} INFO - Setting next_dagrun for example_branch_python_operator_decorator to 2025-01-22T00:00:00+00:00, run_after=2025-01-23T00:00:00+00:00
[2025-01-23T12:07:05.806+0000] {processor.py:179} INFO - Processing /home/airflow/.local/lib/python3.8/site-packages/airflow/example_dags/example_branch_operator_decorator.py took 0.066 seconds
[2025-01-23T12:07:36.107+0000] {processor.py:157} INFO - Started process (PID=560) to work on /home/airflow/.local/lib/python3.8/site-packages/airflow/example_dags/example_branch_operator_decorator.py
[2025-01-23T12:07:36.108+0000] {processor.py:829} INFO - Processing file /home/airflow/.local/lib/python3.8/site-packages/airflow/example_dags/example_branch_operator_decorator.py for tasks to queue
[2025-01-23T12:07:36.109+0000] {logging_mixin.py:151} INFO - [2025-01-23T12:07:36.108+0000] {dagbag.py:539} INFO - Filling up the DagBag from /home/airflow/.local/lib/python3.8/site-packages/airflow/example_dags/example_branch_operator_decorator.py
[2025-01-23T12:07:36.115+0000] {processor.py:839} INFO - DAG(s) dict_keys(['example_branch_python_operator_decorator']) retrieved from /home/airflow/.local/lib/python3.8/site-packages/airflow/example_dags/example_branch_operator_decorator.py
[2025-01-23T12:07:36.133+0000] {logging_mixin.py:151} INFO - [2025-01-23T12:07:36.133+0000] {dag.py:2907} INFO - Sync 1 DAGs
[2025-01-23T12:07:36.149+0000] {logging_mixin.py:151} INFO - [2025-01-23T12:07:36.149+0000] {dag.py:3677} INFO - Setting next_dagrun for example_branch_python_operator_decorator to 2025-01-22T00:00:00+00:00, run_after=2025-01-23T00:00:00+00:00
[2025-01-23T12:07:36.249+0000] {processor.py:179} INFO - Processing /home/airflow/.local/lib/python3.8/site-packages/airflow/example_dags/example_branch_operator_decorator.py took 0.145 seconds
[2025-01-23T12:08:06.413+0000] {processor.py:157} INFO - Started process (PID=810) to work on /home/airflow/.local/lib/python3.8/site-packages/airflow/example_dags/example_branch_operator_decorator.py
[2025-01-23T12:08:06.414+0000] {processor.py:829} INFO - Processing file /home/airflow/.local/lib/python3.8/site-packages/airflow/example_dags/example_branch_operator_decorator.py for tasks to queue
[2025-01-23T12:08:06.414+0000] {logging_mixin.py:151} INFO - [2025-01-23T12:08:06.414+0000] {dagbag.py:539} INFO - Filling up the DagBag from /home/airflow/.local/lib/python3.8/site-packages/airflow/example_dags/example_branch_operator_decorator.py
[2025-01-23T12:08:06.420+0000] {processor.py:839} INFO - DAG(s) dict_keys(['example_branch_python_operator_decorator']) retrieved from /home/airflow/.local/lib/python3.8/site-packages/airflow/example_dags/example_branch_operator_decorator.py
[2025-01-23T12:08:06.436+0000] {logging_mixin.py:151} INFO - [2025-01-23T12:08:06.436+0000] {dag.py:2907} INFO - Sync 1 DAGs
[2025-01-23T12:08:06.450+0000] {logging_mixin.py:151} INFO - [2025-01-23T12:08:06.450+0000] {dag.py:3677} INFO - Setting next_dagrun for example_branch_python_operator_decorator to 2025-01-22T00:00:00+00:00, run_after=2025-01-23T00:00:00+00:00
[2025-01-23T12:08:06.463+0000] {processor.py:179} INFO - Processing /home/airflow/.local/lib/python3.8/site-packages/airflow/example_dags/example_branch_operator_decorator.py took 0.052 seconds
[2025-01-23T12:08:37.590+0000] {processor.py:157} INFO - Started process (PID=1056) to work on /home/airflow/.local/lib/python3.8/site-packages/airflow/example_dags/example_branch_operator_decorator.py
[2025-01-23T12:08:37.591+0000] {processor.py:829} INFO - Processing file /home/airflow/.local/lib/python3.8/site-packages/airflow/example_dags/example_branch_operator_decorator.py for tasks to queue
[2025-01-23T12:08:37.592+0000] {logging_mixin.py:151} INFO - [2025-01-23T12:08:37.591+0000] {dagbag.py:539} INFO - Filling up the DagBag from /home/airflow/.local/lib/python3.8/site-packages/airflow/example_dags/example_branch_operator_decorator.py
[2025-01-23T12:08:37.599+0000] {processor.py:839} INFO - DAG(s) dict_keys(['example_branch_python_operator_decorator']) retrieved from /home/airflow/.local/lib/python3.8/site-packages/airflow/example_dags/example_branch_operator_decorator.py
[2025-01-23T12:08:37.614+0000] {logging_mixin.py:151} INFO - [2025-01-23T12:08:37.614+0000] {dag.py:2907} INFO - Sync 1 DAGs
[2025-01-23T12:08:37.630+0000] {logging_mixin.py:151} INFO - [2025-01-23T12:08:37.630+0000] {dag.py:3677} INFO - Setting next_dagrun for example_branch_python_operator_decorator to 2025-01-22T00:00:00+00:00, run_after=2025-01-23T00:00:00+00:00
[2025-01-23T12:08:37.641+0000] {processor.py:179} INFO - Processing /home/airflow/.local/lib/python3.8/site-packages/airflow/example_dags/example_branch_operator_decorator.py took 0.053 seconds
[2025-01-23T12:09:08.752+0000] {processor.py:157} INFO - Started process (PID=1297) to work on /home/airflow/.local/lib/python3.8/site-packages/airflow/example_dags/example_branch_operator_decorator.py
[2025-01-23T12:09:08.752+0000] {processor.py:829} INFO - Processing file /home/airflow/.local/lib/python3.8/site-packages/airflow/example_dags/example_branch_operator_decorator.py for tasks to queue
[2025-01-23T12:09:08.753+0000] {logging_mixin.py:151} INFO - [2025-01-23T12:09:08.753+0000] {dagbag.py:539} INFO - Filling up the DagBag from /home/airflow/.local/lib/python3.8/site-packages/airflow/example_dags/example_branch_operator_decorator.py
[2025-01-23T12:09:08.760+0000] {processor.py:839} INFO - DAG(s) dict_keys(['example_branch_python_operator_decorator']) retrieved from /home/airflow/.local/lib/python3.8/site-packages/airflow/example_dags/example_branch_operator_decorator.py
[2025-01-23T12:09:08.779+0000] {logging_mixin.py:151} INFO - [2025-01-23T12:09:08.778+0000] {dag.py:2907} INFO - Sync 1 DAGs
[2025-01-23T12:09:08.796+0000] {logging_mixin.py:151} INFO - [2025-01-23T12:09:08.796+0000] {dag.py:3677} INFO - Setting next_dagrun for example_branch_python_operator_decorator to 2025-01-22T00:00:00+00:00, run_after=2025-01-23T00:00:00+00:00
[2025-01-23T12:09:08.811+0000] {processor.py:179} INFO - Processing /home/airflow/.local/lib/python3.8/site-packages/airflow/example_dags/example_branch_operator_decorator.py took 0.062 seconds
[2025-01-23T12:09:38.847+0000] {processor.py:157} INFO - Started process (PID=1540) to work on /home/airflow/.local/lib/python3.8/site-packages/airflow/example_dags/example_branch_operator_decorator.py
[2025-01-23T12:09:38.848+0000] {processor.py:829} INFO - Processing file /home/airflow/.local/lib/python3.8/site-packages/airflow/example_dags/example_branch_operator_decorator.py for tasks to queue
[2025-01-23T12:09:38.848+0000] {logging_mixin.py:151} INFO - [2025-01-23T12:09:38.848+0000] {dagbag.py:539} INFO - Filling up the DagBag from /home/airflow/.local/lib/python3.8/site-packages/airflow/example_dags/example_branch_operator_decorator.py
[2025-01-23T12:09:38.855+0000] {processor.py:839} INFO - DAG(s) dict_keys(['example_branch_python_operator_decorator']) retrieved from /home/airflow/.local/lib/python3.8/site-packages/airflow/example_dags/example_branch_operator_decorator.py
[2025-01-23T12:09:38.871+0000] {logging_mixin.py:151} INFO - [2025-01-23T12:09:38.871+0000] {dag.py:2907} INFO - Sync 1 DAGs
[2025-01-23T12:09:38.887+0000] {logging_mixin.py:151} INFO - [2025-01-23T12:09:38.886+0000] {dag.py:3677} INFO - Setting next_dagrun for example_branch_python_operator_decorator to 2025-01-22T00:00:00+00:00, run_after=2025-01-23T00:00:00+00:00
[2025-01-23T12:09:38.901+0000] {processor.py:179} INFO - Processing /home/airflow/.local/lib/python3.8/site-packages/airflow/example_dags/example_branch_operator_decorator.py took 0.056 seconds
[2025-01-23T12:10:10.171+0000] {processor.py:157} INFO - Started process (PID=1783) to work on /home/airflow/.local/lib/python3.8/site-packages/airflow/example_dags/example_branch_operator_decorator.py
[2025-01-23T12:10:10.172+0000] {processor.py:829} INFO - Processing file /home/airflow/.local/lib/python3.8/site-packages/airflow/example_dags/example_branch_operator_decorator.py for tasks to queue
[2025-01-23T12:10:10.173+0000] {logging_mixin.py:151} INFO - [2025-01-23T12:10:10.172+0000] {dagbag.py:539} INFO - Filling up the DagBag from /home/airflow/.local/lib/python3.8/site-packages/airflow/example_dags/example_branch_operator_decorator.py
[2025-01-23T12:10:10.180+0000] {processor.py:839} INFO - DAG(s) dict_keys(['example_branch_python_operator_decorator']) retrieved from /home/airflow/.local/lib/python3.8/site-packages/airflow/example_dags/example_branch_operator_decorator.py
[2025-01-23T12:10:10.200+0000] {logging_mixin.py:151} INFO - [2025-01-23T12:10:10.200+0000] {dag.py:2907} INFO - Sync 1 DAGs
[2025-01-23T12:10:10.219+0000] {logging_mixin.py:151} INFO - [2025-01-23T12:10:10.218+0000] {dag.py:3677} INFO - Setting next_dagrun for example_branch_python_operator_decorator to 2025-01-22T00:00:00+00:00, run_after=2025-01-23T00:00:00+00:00
[2025-01-23T12:10:10.240+0000] {processor.py:179} INFO - Processing /home/airflow/.local/lib/python3.8/site-packages/airflow/example_dags/example_branch_operator_decorator.py took 0.072 seconds
[2025-01-23T12:10:40.631+0000] {processor.py:157} INFO - Started process (PID=2026) to work on /home/airflow/.local/lib/python3.8/site-packages/airflow/example_dags/example_branch_operator_decorator.py
[2025-01-23T12:10:40.632+0000] {processor.py:829} INFO - Processing file /home/airflow/.local/lib/python3.8/site-packages/airflow/example_dags/example_branch_operator_decorator.py for tasks to queue
[2025-01-23T12:10:40.632+0000] {logging_mixin.py:151} INFO - [2025-01-23T12:10:40.632+0000] {dagbag.py:539} INFO - Filling up the DagBag from /home/airflow/.local/lib/python3.8/site-packages/airflow/example_dags/example_branch_operator_decorator.py
[2025-01-23T12:10:40.639+0000] {processor.py:839} INFO - DAG(s) dict_keys(['example_branch_python_operator_decorator']) retrieved from /home/airflow/.local/lib/python3.8/site-packages/airflow/example_dags/example_branch_operator_decorator.py
[2025-01-23T12:10:40.658+0000] {logging_mixin.py:151} INFO - [2025-01-23T12:10:40.658+0000] {dag.py:2907} INFO - Sync 1 DAGs
[2025-01-23T12:10:40.677+0000] {logging_mixin.py:151} INFO - [2025-01-23T12:10:40.677+0000] {dag.py:3677} INFO - Setting next_dagrun for example_branch_python_operator_decorator to 2025-01-22T00:00:00+00:00, run_after=2025-01-23T00:00:00+00:00
[2025-01-23T12:10:40.699+0000] {processor.py:179} INFO - Processing /home/airflow/.local/lib/python3.8/site-packages/airflow/example_dags/example_branch_operator_decorator.py took 0.071 seconds
[2025-01-23T12:11:11.085+0000] {processor.py:157} INFO - Started process (PID=2269) to work on /home/airflow/.local/lib/python3.8/site-packages/airflow/example_dags/example_branch_operator_decorator.py
[2025-01-23T12:11:11.086+0000] {processor.py:829} INFO - Processing file /home/airflow/.local/lib/python3.8/site-packages/airflow/example_dags/example_branch_operator_decorator.py for tasks to queue
[2025-01-23T12:11:11.088+0000] {logging_mixin.py:151} INFO - [2025-01-23T12:11:11.087+0000] {dagbag.py:539} INFO - Filling up the DagBag from /home/airflow/.local/lib/python3.8/site-packages/airflow/example_dags/example_branch_operator_decorator.py
[2025-01-23T12:11:11.097+0000] {processor.py:839} INFO - DAG(s) dict_keys(['example_branch_python_operator_decorator']) retrieved from /home/airflow/.local/lib/python3.8/site-packages/airflow/example_dags/example_branch_operator_decorator.py
[2025-01-23T12:11:11.120+0000] {logging_mixin.py:151} INFO - [2025-01-23T12:11:11.120+0000] {dag.py:2907} INFO - Sync 1 DAGs
[2025-01-23T12:11:11.137+0000] {logging_mixin.py:151} INFO - [2025-01-23T12:11:11.137+0000] {dag.py:3677} INFO - Setting next_dagrun for example_branch_python_operator_decorator to 2025-01-22T00:00:00+00:00, run_after=2025-01-23T00:00:00+00:00
[2025-01-23T12:11:11.158+0000] {processor.py:179} INFO - Processing /home/airflow/.local/lib/python3.8/site-packages/airflow/example_dags/example_branch_operator_decorator.py took 0.075 seconds
