[2025-01-23T12:07:05.705+0000] {processor.py:157} INFO - Started process (PID=313) to work on /home/airflow/.local/lib/python3.8/site-packages/airflow/example_dags/example_dynamic_task_mapping_with_no_taskflow_operators.py
[2025-01-23T12:07:05.706+0000] {processor.py:829} INFO - Processing file /home/airflow/.local/lib/python3.8/site-packages/airflow/example_dags/example_dynamic_task_mapping_with_no_taskflow_operators.py for tasks to queue
[2025-01-23T12:07:05.707+0000] {logging_mixin.py:151} INFO - [2025-01-23T12:07:05.706+0000] {dagbag.py:539} INFO - Filling up the DagBag from /home/airflow/.local/lib/python3.8/site-packages/airflow/example_dags/example_dynamic_task_mapping_with_no_taskflow_operators.py
[2025-01-23T12:07:05.712+0000] {processor.py:839} INFO - DAG(s) dict_keys(['example_dynamic_task_mapping_with_no_taskflow_operators']) retrieved from /home/airflow/.local/lib/python3.8/site-packages/airflow/example_dags/example_dynamic_task_mapping_with_no_taskflow_operators.py
[2025-01-23T12:07:05.725+0000] {logging_mixin.py:151} INFO - [2025-01-23T12:07:05.725+0000] {dag.py:2907} INFO - Sync 1 DAGs
[2025-01-23T12:07:05.745+0000] {logging_mixin.py:151} INFO - [2025-01-23T12:07:05.745+0000] {dag.py:3677} INFO - Setting next_dagrun for example_dynamic_task_mapping_with_no_taskflow_operators to 2025-01-22T12:07:05.744732+00:00, run_after=2025-01-23T12:07:05.744732+00:00
[2025-01-23T12:07:05.768+0000] {processor.py:179} INFO - Processing /home/airflow/.local/lib/python3.8/site-packages/airflow/example_dags/example_dynamic_task_mapping_with_no_taskflow_operators.py took 0.066 seconds
[2025-01-23T12:07:36.064+0000] {processor.py:157} INFO - Started process (PID=555) to work on /home/airflow/.local/lib/python3.8/site-packages/airflow/example_dags/example_dynamic_task_mapping_with_no_taskflow_operators.py
[2025-01-23T12:07:36.066+0000] {processor.py:829} INFO - Processing file /home/airflow/.local/lib/python3.8/site-packages/airflow/example_dags/example_dynamic_task_mapping_with_no_taskflow_operators.py for tasks to queue
[2025-01-23T12:07:36.066+0000] {logging_mixin.py:151} INFO - [2025-01-23T12:07:36.066+0000] {dagbag.py:539} INFO - Filling up the DagBag from /home/airflow/.local/lib/python3.8/site-packages/airflow/example_dags/example_dynamic_task_mapping_with_no_taskflow_operators.py
[2025-01-23T12:07:36.071+0000] {processor.py:839} INFO - DAG(s) dict_keys(['example_dynamic_task_mapping_with_no_taskflow_operators']) retrieved from /home/airflow/.local/lib/python3.8/site-packages/airflow/example_dags/example_dynamic_task_mapping_with_no_taskflow_operators.py
[2025-01-23T12:07:36.088+0000] {logging_mixin.py:151} INFO - [2025-01-23T12:07:36.088+0000] {dag.py:2907} INFO - Sync 1 DAGs
[2025-01-23T12:07:36.108+0000] {logging_mixin.py:151} INFO - [2025-01-23T12:07:36.107+0000] {dag.py:3677} INFO - Setting next_dagrun for example_dynamic_task_mapping_with_no_taskflow_operators to 2025-01-22T12:07:36.107762+00:00, run_after=2025-01-23T12:07:36.107762+00:00
[2025-01-23T12:07:36.206+0000] {processor.py:179} INFO - Processing /home/airflow/.local/lib/python3.8/site-packages/airflow/example_dags/example_dynamic_task_mapping_with_no_taskflow_operators.py took 0.145 seconds
[2025-01-23T12:08:06.393+0000] {processor.py:157} INFO - Started process (PID=805) to work on /home/airflow/.local/lib/python3.8/site-packages/airflow/example_dags/example_dynamic_task_mapping_with_no_taskflow_operators.py
[2025-01-23T12:08:06.394+0000] {processor.py:829} INFO - Processing file /home/airflow/.local/lib/python3.8/site-packages/airflow/example_dags/example_dynamic_task_mapping_with_no_taskflow_operators.py for tasks to queue
[2025-01-23T12:08:06.394+0000] {logging_mixin.py:151} INFO - [2025-01-23T12:08:06.394+0000] {dagbag.py:539} INFO - Filling up the DagBag from /home/airflow/.local/lib/python3.8/site-packages/airflow/example_dags/example_dynamic_task_mapping_with_no_taskflow_operators.py
[2025-01-23T12:08:06.399+0000] {processor.py:839} INFO - DAG(s) dict_keys(['example_dynamic_task_mapping_with_no_taskflow_operators']) retrieved from /home/airflow/.local/lib/python3.8/site-packages/airflow/example_dags/example_dynamic_task_mapping_with_no_taskflow_operators.py
[2025-01-23T12:08:06.416+0000] {logging_mixin.py:151} INFO - [2025-01-23T12:08:06.416+0000] {dag.py:2907} INFO - Sync 1 DAGs
[2025-01-23T12:08:06.431+0000] {logging_mixin.py:151} INFO - [2025-01-23T12:08:06.431+0000] {dag.py:3677} INFO - Setting next_dagrun for example_dynamic_task_mapping_with_no_taskflow_operators to 2025-01-22T12:08:06.430762+00:00, run_after=2025-01-23T12:08:06.430762+00:00
[2025-01-23T12:08:06.446+0000] {processor.py:179} INFO - Processing /home/airflow/.local/lib/python3.8/site-packages/airflow/example_dags/example_dynamic_task_mapping_with_no_taskflow_operators.py took 0.055 seconds
[2025-01-23T12:08:37.521+0000] {processor.py:157} INFO - Started process (PID=1049) to work on /home/airflow/.local/lib/python3.8/site-packages/airflow/example_dags/example_dynamic_task_mapping_with_no_taskflow_operators.py
[2025-01-23T12:08:37.522+0000] {processor.py:829} INFO - Processing file /home/airflow/.local/lib/python3.8/site-packages/airflow/example_dags/example_dynamic_task_mapping_with_no_taskflow_operators.py for tasks to queue
[2025-01-23T12:08:37.523+0000] {logging_mixin.py:151} INFO - [2025-01-23T12:08:37.523+0000] {dagbag.py:539} INFO - Filling up the DagBag from /home/airflow/.local/lib/python3.8/site-packages/airflow/example_dags/example_dynamic_task_mapping_with_no_taskflow_operators.py
[2025-01-23T12:08:37.528+0000] {processor.py:839} INFO - DAG(s) dict_keys(['example_dynamic_task_mapping_with_no_taskflow_operators']) retrieved from /home/airflow/.local/lib/python3.8/site-packages/airflow/example_dags/example_dynamic_task_mapping_with_no_taskflow_operators.py
[2025-01-23T12:08:37.543+0000] {logging_mixin.py:151} INFO - [2025-01-23T12:08:37.543+0000] {dag.py:2907} INFO - Sync 1 DAGs
[2025-01-23T12:08:37.559+0000] {logging_mixin.py:151} INFO - [2025-01-23T12:08:37.559+0000] {dag.py:3677} INFO - Setting next_dagrun for example_dynamic_task_mapping_with_no_taskflow_operators to 2025-01-22T12:08:37.559077+00:00, run_after=2025-01-23T12:08:37.559077+00:00
[2025-01-23T12:08:37.573+0000] {processor.py:179} INFO - Processing /home/airflow/.local/lib/python3.8/site-packages/airflow/example_dags/example_dynamic_task_mapping_with_no_taskflow_operators.py took 0.054 seconds
[2025-01-23T12:09:08.699+0000] {processor.py:157} INFO - Started process (PID=1292) to work on /home/airflow/.local/lib/python3.8/site-packages/airflow/example_dags/example_dynamic_task_mapping_with_no_taskflow_operators.py
[2025-01-23T12:09:08.700+0000] {processor.py:829} INFO - Processing file /home/airflow/.local/lib/python3.8/site-packages/airflow/example_dags/example_dynamic_task_mapping_with_no_taskflow_operators.py for tasks to queue
[2025-01-23T12:09:08.701+0000] {logging_mixin.py:151} INFO - [2025-01-23T12:09:08.701+0000] {dagbag.py:539} INFO - Filling up the DagBag from /home/airflow/.local/lib/python3.8/site-packages/airflow/example_dags/example_dynamic_task_mapping_with_no_taskflow_operators.py
[2025-01-23T12:09:08.708+0000] {processor.py:839} INFO - DAG(s) dict_keys(['example_dynamic_task_mapping_with_no_taskflow_operators']) retrieved from /home/airflow/.local/lib/python3.8/site-packages/airflow/example_dags/example_dynamic_task_mapping_with_no_taskflow_operators.py
[2025-01-23T12:09:08.725+0000] {logging_mixin.py:151} INFO - [2025-01-23T12:09:08.725+0000] {dag.py:2907} INFO - Sync 1 DAGs
[2025-01-23T12:09:08.741+0000] {logging_mixin.py:151} INFO - [2025-01-23T12:09:08.741+0000] {dag.py:3677} INFO - Setting next_dagrun for example_dynamic_task_mapping_with_no_taskflow_operators to 2025-01-22T12:09:08.740937+00:00, run_after=2025-01-23T12:09:08.740937+00:00
[2025-01-23T12:09:08.756+0000] {processor.py:179} INFO - Processing /home/airflow/.local/lib/python3.8/site-packages/airflow/example_dags/example_dynamic_task_mapping_with_no_taskflow_operators.py took 0.059 seconds
[2025-01-23T12:09:38.830+0000] {processor.py:157} INFO - Started process (PID=1535) to work on /home/airflow/.local/lib/python3.8/site-packages/airflow/example_dags/example_dynamic_task_mapping_with_no_taskflow_operators.py
[2025-01-23T12:09:38.831+0000] {processor.py:829} INFO - Processing file /home/airflow/.local/lib/python3.8/site-packages/airflow/example_dags/example_dynamic_task_mapping_with_no_taskflow_operators.py for tasks to queue
[2025-01-23T12:09:38.831+0000] {logging_mixin.py:151} INFO - [2025-01-23T12:09:38.831+0000] {dagbag.py:539} INFO - Filling up the DagBag from /home/airflow/.local/lib/python3.8/site-packages/airflow/example_dags/example_dynamic_task_mapping_with_no_taskflow_operators.py
[2025-01-23T12:09:38.836+0000] {processor.py:839} INFO - DAG(s) dict_keys(['example_dynamic_task_mapping_with_no_taskflow_operators']) retrieved from /home/airflow/.local/lib/python3.8/site-packages/airflow/example_dags/example_dynamic_task_mapping_with_no_taskflow_operators.py
[2025-01-23T12:09:38.850+0000] {logging_mixin.py:151} INFO - [2025-01-23T12:09:38.849+0000] {dag.py:2907} INFO - Sync 1 DAGs
[2025-01-23T12:09:38.863+0000] {logging_mixin.py:151} INFO - [2025-01-23T12:09:38.863+0000] {dag.py:3677} INFO - Setting next_dagrun for example_dynamic_task_mapping_with_no_taskflow_operators to 2025-01-22T12:09:38.863457+00:00, run_after=2025-01-23T12:09:38.863457+00:00
[2025-01-23T12:09:38.878+0000] {processor.py:179} INFO - Processing /home/airflow/.local/lib/python3.8/site-packages/airflow/example_dags/example_dynamic_task_mapping_with_no_taskflow_operators.py took 0.050 seconds
[2025-01-23T12:10:10.110+0000] {processor.py:157} INFO - Started process (PID=1778) to work on /home/airflow/.local/lib/python3.8/site-packages/airflow/example_dags/example_dynamic_task_mapping_with_no_taskflow_operators.py
[2025-01-23T12:10:10.111+0000] {processor.py:829} INFO - Processing file /home/airflow/.local/lib/python3.8/site-packages/airflow/example_dags/example_dynamic_task_mapping_with_no_taskflow_operators.py for tasks to queue
[2025-01-23T12:10:10.112+0000] {logging_mixin.py:151} INFO - [2025-01-23T12:10:10.112+0000] {dagbag.py:539} INFO - Filling up the DagBag from /home/airflow/.local/lib/python3.8/site-packages/airflow/example_dags/example_dynamic_task_mapping_with_no_taskflow_operators.py
[2025-01-23T12:10:10.118+0000] {processor.py:839} INFO - DAG(s) dict_keys(['example_dynamic_task_mapping_with_no_taskflow_operators']) retrieved from /home/airflow/.local/lib/python3.8/site-packages/airflow/example_dags/example_dynamic_task_mapping_with_no_taskflow_operators.py
[2025-01-23T12:10:10.135+0000] {logging_mixin.py:151} INFO - [2025-01-23T12:10:10.135+0000] {dag.py:2907} INFO - Sync 1 DAGs
[2025-01-23T12:10:10.150+0000] {logging_mixin.py:151} INFO - [2025-01-23T12:10:10.150+0000] {dag.py:3677} INFO - Setting next_dagrun for example_dynamic_task_mapping_with_no_taskflow_operators to 2025-01-22T12:10:10.150157+00:00, run_after=2025-01-23T12:10:10.150157+00:00
[2025-01-23T12:10:10.166+0000] {processor.py:179} INFO - Processing /home/airflow/.local/lib/python3.8/site-packages/airflow/example_dags/example_dynamic_task_mapping_with_no_taskflow_operators.py took 0.058 seconds
[2025-01-23T12:10:40.616+0000] {processor.py:157} INFO - Started process (PID=2022) to work on /home/airflow/.local/lib/python3.8/site-packages/airflow/example_dags/example_dynamic_task_mapping_with_no_taskflow_operators.py
[2025-01-23T12:10:40.617+0000] {processor.py:829} INFO - Processing file /home/airflow/.local/lib/python3.8/site-packages/airflow/example_dags/example_dynamic_task_mapping_with_no_taskflow_operators.py for tasks to queue
[2025-01-23T12:10:40.618+0000] {logging_mixin.py:151} INFO - [2025-01-23T12:10:40.618+0000] {dagbag.py:539} INFO - Filling up the DagBag from /home/airflow/.local/lib/python3.8/site-packages/airflow/example_dags/example_dynamic_task_mapping_with_no_taskflow_operators.py
[2025-01-23T12:10:40.623+0000] {processor.py:839} INFO - DAG(s) dict_keys(['example_dynamic_task_mapping_with_no_taskflow_operators']) retrieved from /home/airflow/.local/lib/python3.8/site-packages/airflow/example_dags/example_dynamic_task_mapping_with_no_taskflow_operators.py
[2025-01-23T12:10:40.640+0000] {logging_mixin.py:151} INFO - [2025-01-23T12:10:40.640+0000] {dag.py:2907} INFO - Sync 1 DAGs
[2025-01-23T12:10:40.657+0000] {logging_mixin.py:151} INFO - [2025-01-23T12:10:40.657+0000] {dag.py:3677} INFO - Setting next_dagrun for example_dynamic_task_mapping_with_no_taskflow_operators to 2025-01-22T12:10:40.657250+00:00, run_after=2025-01-23T12:10:40.657250+00:00
[2025-01-23T12:10:40.674+0000] {processor.py:179} INFO - Processing /home/airflow/.local/lib/python3.8/site-packages/airflow/example_dags/example_dynamic_task_mapping_with_no_taskflow_operators.py took 0.059 seconds
[2025-01-23T12:11:11.065+0000] {processor.py:157} INFO - Started process (PID=2264) to work on /home/airflow/.local/lib/python3.8/site-packages/airflow/example_dags/example_dynamic_task_mapping_with_no_taskflow_operators.py
[2025-01-23T12:11:11.067+0000] {processor.py:829} INFO - Processing file /home/airflow/.local/lib/python3.8/site-packages/airflow/example_dags/example_dynamic_task_mapping_with_no_taskflow_operators.py for tasks to queue
[2025-01-23T12:11:11.068+0000] {logging_mixin.py:151} INFO - [2025-01-23T12:11:11.068+0000] {dagbag.py:539} INFO - Filling up the DagBag from /home/airflow/.local/lib/python3.8/site-packages/airflow/example_dags/example_dynamic_task_mapping_with_no_taskflow_operators.py
[2025-01-23T12:11:11.073+0000] {processor.py:839} INFO - DAG(s) dict_keys(['example_dynamic_task_mapping_with_no_taskflow_operators']) retrieved from /home/airflow/.local/lib/python3.8/site-packages/airflow/example_dags/example_dynamic_task_mapping_with_no_taskflow_operators.py
[2025-01-23T12:11:11.090+0000] {logging_mixin.py:151} INFO - [2025-01-23T12:11:11.090+0000] {dag.py:2907} INFO - Sync 1 DAGs
[2025-01-23T12:11:11.109+0000] {logging_mixin.py:151} INFO - [2025-01-23T12:11:11.109+0000] {dag.py:3677} INFO - Setting next_dagrun for example_dynamic_task_mapping_with_no_taskflow_operators to 2025-01-22T12:11:11.109161+00:00, run_after=2025-01-23T12:11:11.109161+00:00
[2025-01-23T12:11:11.127+0000] {processor.py:179} INFO - Processing /home/airflow/.local/lib/python3.8/site-packages/airflow/example_dags/example_dynamic_task_mapping_with_no_taskflow_operators.py took 0.065 seconds
