[2025-01-23T12:07:03.329+0000] {processor.py:157} INFO - Started process (PID=188) to work on /home/airflow/.local/lib/python3.8/site-packages/airflow/example_dags/example_python_operator.py
[2025-01-23T12:07:03.330+0000] {processor.py:829} INFO - Processing file /home/airflow/.local/lib/python3.8/site-packages/airflow/example_dags/example_python_operator.py for tasks to queue
[2025-01-23T12:07:03.331+0000] {logging_mixin.py:151} INFO - [2025-01-23T12:07:03.331+0000] {dagbag.py:539} INFO - Filling up the DagBag from /home/airflow/.local/lib/python3.8/site-packages/airflow/example_dags/example_python_operator.py
[2025-01-23T12:07:03.346+0000] {processor.py:839} INFO - DAG(s) dict_keys(['example_python_operator']) retrieved from /home/airflow/.local/lib/python3.8/site-packages/airflow/example_dags/example_python_operator.py
[2025-01-23T12:07:03.361+0000] {logging_mixin.py:151} INFO - [2025-01-23T12:07:03.361+0000] {dag.py:2907} INFO - Sync 1 DAGs
[2025-01-23T12:07:03.374+0000] {logging_mixin.py:151} INFO - [2025-01-23T12:07:03.374+0000] {dag.py:3677} INFO - Setting next_dagrun for example_python_operator to None, run_after=None
[2025-01-23T12:07:03.398+0000] {processor.py:179} INFO - Processing /home/airflow/.local/lib/python3.8/site-packages/airflow/example_dags/example_python_operator.py took 0.071 seconds
[2025-01-23T12:07:33.632+0000] {processor.py:157} INFO - Started process (PID=430) to work on /home/airflow/.local/lib/python3.8/site-packages/airflow/example_dags/example_python_operator.py
[2025-01-23T12:07:33.633+0000] {processor.py:829} INFO - Processing file /home/airflow/.local/lib/python3.8/site-packages/airflow/example_dags/example_python_operator.py for tasks to queue
[2025-01-23T12:07:33.634+0000] {logging_mixin.py:151} INFO - [2025-01-23T12:07:33.634+0000] {dagbag.py:539} INFO - Filling up the DagBag from /home/airflow/.local/lib/python3.8/site-packages/airflow/example_dags/example_python_operator.py
[2025-01-23T12:07:33.641+0000] {processor.py:839} INFO - DAG(s) dict_keys(['example_python_operator']) retrieved from /home/airflow/.local/lib/python3.8/site-packages/airflow/example_dags/example_python_operator.py
[2025-01-23T12:07:33.852+0000] {logging_mixin.py:151} INFO - [2025-01-23T12:07:33.852+0000] {dag.py:2907} INFO - Sync 1 DAGs
[2025-01-23T12:07:33.857+0000] {logging_mixin.py:151} INFO - [2025-01-23T12:07:33.857+0000] {dag.py:3677} INFO - Setting next_dagrun for example_python_operator to None, run_after=None
[2025-01-23T12:07:33.871+0000] {processor.py:179} INFO - Processing /home/airflow/.local/lib/python3.8/site-packages/airflow/example_dags/example_python_operator.py took 0.240 seconds
[2025-01-23T12:08:03.946+0000] {processor.py:157} INFO - Started process (PID=678) to work on /home/airflow/.local/lib/python3.8/site-packages/airflow/example_dags/example_python_operator.py
[2025-01-23T12:08:03.947+0000] {processor.py:829} INFO - Processing file /home/airflow/.local/lib/python3.8/site-packages/airflow/example_dags/example_python_operator.py for tasks to queue
[2025-01-23T12:08:03.948+0000] {logging_mixin.py:151} INFO - [2025-01-23T12:08:03.948+0000] {dagbag.py:539} INFO - Filling up the DagBag from /home/airflow/.local/lib/python3.8/site-packages/airflow/example_dags/example_python_operator.py
[2025-01-23T12:08:03.955+0000] {processor.py:839} INFO - DAG(s) dict_keys(['example_python_operator']) retrieved from /home/airflow/.local/lib/python3.8/site-packages/airflow/example_dags/example_python_operator.py
[2025-01-23T12:08:04.052+0000] {logging_mixin.py:151} INFO - [2025-01-23T12:08:04.052+0000] {dag.py:2907} INFO - Sync 1 DAGs
[2025-01-23T12:08:04.059+0000] {logging_mixin.py:151} INFO - [2025-01-23T12:08:04.059+0000] {dag.py:3677} INFO - Setting next_dagrun for example_python_operator to None, run_after=None
[2025-01-23T12:08:04.077+0000] {processor.py:179} INFO - Processing /home/airflow/.local/lib/python3.8/site-packages/airflow/example_dags/example_python_operator.py took 0.133 seconds
[2025-01-23T12:08:34.306+0000] {processor.py:157} INFO - Started process (PID=916) to work on /home/airflow/.local/lib/python3.8/site-packages/airflow/example_dags/example_python_operator.py
[2025-01-23T12:08:34.307+0000] {processor.py:829} INFO - Processing file /home/airflow/.local/lib/python3.8/site-packages/airflow/example_dags/example_python_operator.py for tasks to queue
[2025-01-23T12:08:34.307+0000] {logging_mixin.py:151} INFO - [2025-01-23T12:08:34.307+0000] {dagbag.py:539} INFO - Filling up the DagBag from /home/airflow/.local/lib/python3.8/site-packages/airflow/example_dags/example_python_operator.py
[2025-01-23T12:08:34.314+0000] {processor.py:839} INFO - DAG(s) dict_keys(['example_python_operator']) retrieved from /home/airflow/.local/lib/python3.8/site-packages/airflow/example_dags/example_python_operator.py
[2025-01-23T12:08:34.337+0000] {logging_mixin.py:151} INFO - [2025-01-23T12:08:34.336+0000] {dag.py:2907} INFO - Sync 1 DAGs
[2025-01-23T12:08:34.349+0000] {logging_mixin.py:151} INFO - [2025-01-23T12:08:34.349+0000] {dag.py:3677} INFO - Setting next_dagrun for example_python_operator to None, run_after=None
[2025-01-23T12:08:34.364+0000] {processor.py:179} INFO - Processing /home/airflow/.local/lib/python3.8/site-packages/airflow/example_dags/example_python_operator.py took 0.061 seconds
[2025-01-23T12:09:04.437+0000] {processor.py:157} INFO - Started process (PID=1160) to work on /home/airflow/.local/lib/python3.8/site-packages/airflow/example_dags/example_python_operator.py
[2025-01-23T12:09:04.438+0000] {processor.py:829} INFO - Processing file /home/airflow/.local/lib/python3.8/site-packages/airflow/example_dags/example_python_operator.py for tasks to queue
[2025-01-23T12:09:04.439+0000] {logging_mixin.py:151} INFO - [2025-01-23T12:09:04.439+0000] {dagbag.py:539} INFO - Filling up the DagBag from /home/airflow/.local/lib/python3.8/site-packages/airflow/example_dags/example_python_operator.py
[2025-01-23T12:09:04.446+0000] {processor.py:839} INFO - DAG(s) dict_keys(['example_python_operator']) retrieved from /home/airflow/.local/lib/python3.8/site-packages/airflow/example_dags/example_python_operator.py
[2025-01-23T12:09:04.463+0000] {logging_mixin.py:151} INFO - [2025-01-23T12:09:04.463+0000] {dag.py:2907} INFO - Sync 1 DAGs
[2025-01-23T12:09:04.472+0000] {logging_mixin.py:151} INFO - [2025-01-23T12:09:04.472+0000] {dag.py:3677} INFO - Setting next_dagrun for example_python_operator to None, run_after=None
[2025-01-23T12:09:04.489+0000] {processor.py:179} INFO - Processing /home/airflow/.local/lib/python3.8/site-packages/airflow/example_dags/example_python_operator.py took 0.054 seconds
[2025-01-23T12:09:34.694+0000] {processor.py:157} INFO - Started process (PID=1403) to work on /home/airflow/.local/lib/python3.8/site-packages/airflow/example_dags/example_python_operator.py
[2025-01-23T12:09:34.695+0000] {processor.py:829} INFO - Processing file /home/airflow/.local/lib/python3.8/site-packages/airflow/example_dags/example_python_operator.py for tasks to queue
[2025-01-23T12:09:34.695+0000] {logging_mixin.py:151} INFO - [2025-01-23T12:09:34.695+0000] {dagbag.py:539} INFO - Filling up the DagBag from /home/airflow/.local/lib/python3.8/site-packages/airflow/example_dags/example_python_operator.py
[2025-01-23T12:09:34.703+0000] {processor.py:839} INFO - DAG(s) dict_keys(['example_python_operator']) retrieved from /home/airflow/.local/lib/python3.8/site-packages/airflow/example_dags/example_python_operator.py
[2025-01-23T12:09:34.725+0000] {logging_mixin.py:151} INFO - [2025-01-23T12:09:34.725+0000] {dag.py:2907} INFO - Sync 1 DAGs
[2025-01-23T12:09:34.738+0000] {logging_mixin.py:151} INFO - [2025-01-23T12:09:34.738+0000] {dag.py:3677} INFO - Setting next_dagrun for example_python_operator to None, run_after=None
[2025-01-23T12:09:34.758+0000] {processor.py:179} INFO - Processing /home/airflow/.local/lib/python3.8/site-packages/airflow/example_dags/example_python_operator.py took 0.067 seconds
[2025-01-23T12:10:04.833+0000] {processor.py:157} INFO - Started process (PID=1648) to work on /home/airflow/.local/lib/python3.8/site-packages/airflow/example_dags/example_python_operator.py
[2025-01-23T12:10:04.834+0000] {processor.py:829} INFO - Processing file /home/airflow/.local/lib/python3.8/site-packages/airflow/example_dags/example_python_operator.py for tasks to queue
[2025-01-23T12:10:04.835+0000] {logging_mixin.py:151} INFO - [2025-01-23T12:10:04.834+0000] {dagbag.py:539} INFO - Filling up the DagBag from /home/airflow/.local/lib/python3.8/site-packages/airflow/example_dags/example_python_operator.py
[2025-01-23T12:10:04.841+0000] {processor.py:839} INFO - DAG(s) dict_keys(['example_python_operator']) retrieved from /home/airflow/.local/lib/python3.8/site-packages/airflow/example_dags/example_python_operator.py
[2025-01-23T12:10:04.858+0000] {logging_mixin.py:151} INFO - [2025-01-23T12:10:04.858+0000] {dag.py:2907} INFO - Sync 1 DAGs
[2025-01-23T12:10:04.865+0000] {logging_mixin.py:151} INFO - [2025-01-23T12:10:04.865+0000] {dag.py:3677} INFO - Setting next_dagrun for example_python_operator to None, run_after=None
[2025-01-23T12:10:04.881+0000] {processor.py:179} INFO - Processing /home/airflow/.local/lib/python3.8/site-packages/airflow/example_dags/example_python_operator.py took 0.051 seconds
[2025-01-23T12:10:35.198+0000] {processor.py:157} INFO - Started process (PID=1889) to work on /home/airflow/.local/lib/python3.8/site-packages/airflow/example_dags/example_python_operator.py
[2025-01-23T12:10:35.199+0000] {processor.py:829} INFO - Processing file /home/airflow/.local/lib/python3.8/site-packages/airflow/example_dags/example_python_operator.py for tasks to queue
[2025-01-23T12:10:35.200+0000] {logging_mixin.py:151} INFO - [2025-01-23T12:10:35.200+0000] {dagbag.py:539} INFO - Filling up the DagBag from /home/airflow/.local/lib/python3.8/site-packages/airflow/example_dags/example_python_operator.py
[2025-01-23T12:10:35.207+0000] {processor.py:839} INFO - DAG(s) dict_keys(['example_python_operator']) retrieved from /home/airflow/.local/lib/python3.8/site-packages/airflow/example_dags/example_python_operator.py
[2025-01-23T12:10:35.235+0000] {logging_mixin.py:151} INFO - [2025-01-23T12:10:35.234+0000] {dag.py:2907} INFO - Sync 1 DAGs
[2025-01-23T12:10:35.244+0000] {logging_mixin.py:151} INFO - [2025-01-23T12:10:35.244+0000] {dag.py:3677} INFO - Setting next_dagrun for example_python_operator to None, run_after=None
[2025-01-23T12:10:35.258+0000] {processor.py:179} INFO - Processing /home/airflow/.local/lib/python3.8/site-packages/airflow/example_dags/example_python_operator.py took 0.062 seconds
[2025-01-23T12:11:05.858+0000] {processor.py:157} INFO - Started process (PID=2132) to work on /home/airflow/.local/lib/python3.8/site-packages/airflow/example_dags/example_python_operator.py
[2025-01-23T12:11:05.859+0000] {processor.py:829} INFO - Processing file /home/airflow/.local/lib/python3.8/site-packages/airflow/example_dags/example_python_operator.py for tasks to queue
[2025-01-23T12:11:05.860+0000] {logging_mixin.py:151} INFO - [2025-01-23T12:11:05.860+0000] {dagbag.py:539} INFO - Filling up the DagBag from /home/airflow/.local/lib/python3.8/site-packages/airflow/example_dags/example_python_operator.py
[2025-01-23T12:11:05.867+0000] {processor.py:839} INFO - DAG(s) dict_keys(['example_python_operator']) retrieved from /home/airflow/.local/lib/python3.8/site-packages/airflow/example_dags/example_python_operator.py
[2025-01-23T12:11:05.886+0000] {logging_mixin.py:151} INFO - [2025-01-23T12:11:05.886+0000] {dag.py:2907} INFO - Sync 1 DAGs
[2025-01-23T12:11:05.896+0000] {logging_mixin.py:151} INFO - [2025-01-23T12:11:05.896+0000] {dag.py:3677} INFO - Setting next_dagrun for example_python_operator to None, run_after=None
[2025-01-23T12:11:05.913+0000] {processor.py:179} INFO - Processing /home/airflow/.local/lib/python3.8/site-packages/airflow/example_dags/example_python_operator.py took 0.056 seconds
