[2025-01-23T12:07:05.074+0000] {processor.py:157} INFO - Started process (PID=253) to work on /home/airflow/.local/lib/python3.8/site-packages/airflow/example_dags/example_subdag_operator.py
[2025-01-23T12:07:05.075+0000] {processor.py:829} INFO - Processing file /home/airflow/.local/lib/python3.8/site-packages/airflow/example_dags/example_subdag_operator.py for tasks to queue
[2025-01-23T12:07:05.075+0000] {logging_mixin.py:151} INFO - [2025-01-23T12:07:05.075+0000] {dagbag.py:539} INFO - Filling up the DagBag from /home/airflow/.local/lib/python3.8/site-packages/airflow/example_dags/example_subdag_operator.py
[2025-01-23T12:07:05.104+0000] {processor.py:839} INFO - DAG(s) dict_keys(['example_subdag_operator.section-1', 'example_subdag_operator.section-2', 'example_subdag_operator']) retrieved from /home/airflow/.local/lib/python3.8/site-packages/airflow/example_dags/example_subdag_operator.py
[2025-01-23T12:07:05.107+0000] {logging_mixin.py:151} INFO - [2025-01-23T12:07:05.107+0000] {dag.py:2907} INFO - Sync 3 DAGs
[2025-01-23T12:07:05.129+0000] {logging_mixin.py:151} INFO - [2025-01-23T12:07:05.129+0000] {dag.py:3677} INFO - Setting next_dagrun for example_subdag_operator to 2022-01-01T00:00:00+00:00, run_after=2022-01-01T00:00:00+00:00
[2025-01-23T12:07:05.133+0000] {logging_mixin.py:151} INFO - [2025-01-23T12:07:05.133+0000] {dag.py:3677} INFO - Setting next_dagrun for example_subdag_operator.section-1 to None, run_after=None
[2025-01-23T12:07:05.134+0000] {logging_mixin.py:151} INFO - [2025-01-23T12:07:05.134+0000] {dag.py:3677} INFO - Setting next_dagrun for example_subdag_operator.section-2 to None, run_after=None
[2025-01-23T12:07:05.141+0000] {logging_mixin.py:151} INFO - [2025-01-23T12:07:05.140+0000] {dag.py:2907} INFO - Sync 2 DAGs
[2025-01-23T12:07:05.147+0000] {logging_mixin.py:151} INFO - [2025-01-23T12:07:05.147+0000] {dag.py:3677} INFO - Setting next_dagrun for example_subdag_operator.section-1 to None, run_after=None
[2025-01-23T12:07:05.147+0000] {logging_mixin.py:151} INFO - [2025-01-23T12:07:05.147+0000] {dag.py:3677} INFO - Setting next_dagrun for example_subdag_operator.section-2 to None, run_after=None
[2025-01-23T12:07:05.162+0000] {processor.py:179} INFO - Processing /home/airflow/.local/lib/python3.8/site-packages/airflow/example_dags/example_subdag_operator.py took 0.091 seconds
[2025-01-23T12:07:35.398+0000] {processor.py:157} INFO - Started process (PID=494) to work on /home/airflow/.local/lib/python3.8/site-packages/airflow/example_dags/example_subdag_operator.py
[2025-01-23T12:07:35.399+0000] {processor.py:829} INFO - Processing file /home/airflow/.local/lib/python3.8/site-packages/airflow/example_dags/example_subdag_operator.py for tasks to queue
[2025-01-23T12:07:35.400+0000] {logging_mixin.py:151} INFO - [2025-01-23T12:07:35.400+0000] {dagbag.py:539} INFO - Filling up the DagBag from /home/airflow/.local/lib/python3.8/site-packages/airflow/example_dags/example_subdag_operator.py
[2025-01-23T12:07:35.417+0000] {processor.py:839} INFO - DAG(s) dict_keys(['example_subdag_operator.section-1', 'example_subdag_operator.section-2', 'example_subdag_operator']) retrieved from /home/airflow/.local/lib/python3.8/site-packages/airflow/example_dags/example_subdag_operator.py
[2025-01-23T12:07:35.429+0000] {logging_mixin.py:151} INFO - [2025-01-23T12:07:35.428+0000] {dag.py:2907} INFO - Sync 3 DAGs
[2025-01-23T12:07:35.442+0000] {logging_mixin.py:151} INFO - [2025-01-23T12:07:35.442+0000] {dag.py:3677} INFO - Setting next_dagrun for example_subdag_operator to 2022-01-01T00:00:00+00:00, run_after=2022-01-01T00:00:00+00:00
[2025-01-23T12:07:35.444+0000] {logging_mixin.py:151} INFO - [2025-01-23T12:07:35.444+0000] {dag.py:3677} INFO - Setting next_dagrun for example_subdag_operator.section-1 to None, run_after=None
[2025-01-23T12:07:35.445+0000] {logging_mixin.py:151} INFO - [2025-01-23T12:07:35.444+0000] {dag.py:3677} INFO - Setting next_dagrun for example_subdag_operator.section-2 to None, run_after=None
[2025-01-23T12:07:35.450+0000] {logging_mixin.py:151} INFO - [2025-01-23T12:07:35.450+0000] {dag.py:2907} INFO - Sync 2 DAGs
[2025-01-23T12:07:35.454+0000] {logging_mixin.py:151} INFO - [2025-01-23T12:07:35.454+0000] {dag.py:3677} INFO - Setting next_dagrun for example_subdag_operator.section-1 to None, run_after=None
[2025-01-23T12:07:35.454+0000] {logging_mixin.py:151} INFO - [2025-01-23T12:07:35.454+0000] {dag.py:3677} INFO - Setting next_dagrun for example_subdag_operator.section-2 to None, run_after=None
[2025-01-23T12:07:35.463+0000] {processor.py:179} INFO - Processing /home/airflow/.local/lib/python3.8/site-packages/airflow/example_dags/example_subdag_operator.py took 0.067 seconds
[2025-01-23T12:08:05.888+0000] {processor.py:157} INFO - Started process (PID=738) to work on /home/airflow/.local/lib/python3.8/site-packages/airflow/example_dags/example_subdag_operator.py
[2025-01-23T12:08:05.888+0000] {processor.py:829} INFO - Processing file /home/airflow/.local/lib/python3.8/site-packages/airflow/example_dags/example_subdag_operator.py for tasks to queue
[2025-01-23T12:08:05.889+0000] {logging_mixin.py:151} INFO - [2025-01-23T12:08:05.889+0000] {dagbag.py:539} INFO - Filling up the DagBag from /home/airflow/.local/lib/python3.8/site-packages/airflow/example_dags/example_subdag_operator.py
[2025-01-23T12:08:05.907+0000] {processor.py:839} INFO - DAG(s) dict_keys(['example_subdag_operator.section-1', 'example_subdag_operator.section-2', 'example_subdag_operator']) retrieved from /home/airflow/.local/lib/python3.8/site-packages/airflow/example_dags/example_subdag_operator.py
[2025-01-23T12:08:05.918+0000] {logging_mixin.py:151} INFO - [2025-01-23T12:08:05.918+0000] {dag.py:2907} INFO - Sync 3 DAGs
[2025-01-23T12:08:05.931+0000] {logging_mixin.py:151} INFO - [2025-01-23T12:08:05.931+0000] {dag.py:3677} INFO - Setting next_dagrun for example_subdag_operator to 2022-01-01T00:00:00+00:00, run_after=2022-01-01T00:00:00+00:00
[2025-01-23T12:08:05.938+0000] {logging_mixin.py:151} INFO - [2025-01-23T12:08:05.937+0000] {dag.py:3677} INFO - Setting next_dagrun for example_subdag_operator.section-1 to None, run_after=None
[2025-01-23T12:08:05.939+0000] {logging_mixin.py:151} INFO - [2025-01-23T12:08:05.939+0000] {dag.py:3677} INFO - Setting next_dagrun for example_subdag_operator.section-2 to None, run_after=None
[2025-01-23T12:08:05.945+0000] {logging_mixin.py:151} INFO - [2025-01-23T12:08:05.945+0000] {dag.py:2907} INFO - Sync 2 DAGs
[2025-01-23T12:08:05.951+0000] {logging_mixin.py:151} INFO - [2025-01-23T12:08:05.950+0000] {dag.py:3677} INFO - Setting next_dagrun for example_subdag_operator.section-1 to None, run_after=None
[2025-01-23T12:08:05.951+0000] {logging_mixin.py:151} INFO - [2025-01-23T12:08:05.951+0000] {dag.py:3677} INFO - Setting next_dagrun for example_subdag_operator.section-2 to None, run_after=None
[2025-01-23T12:08:05.962+0000] {processor.py:179} INFO - Processing /home/airflow/.local/lib/python3.8/site-packages/airflow/example_dags/example_subdag_operator.py took 0.076 seconds
[2025-01-23T12:08:36.964+0000] {processor.py:157} INFO - Started process (PID=989) to work on /home/airflow/.local/lib/python3.8/site-packages/airflow/example_dags/example_subdag_operator.py
[2025-01-23T12:08:36.965+0000] {processor.py:829} INFO - Processing file /home/airflow/.local/lib/python3.8/site-packages/airflow/example_dags/example_subdag_operator.py for tasks to queue
[2025-01-23T12:08:36.965+0000] {logging_mixin.py:151} INFO - [2025-01-23T12:08:36.965+0000] {dagbag.py:539} INFO - Filling up the DagBag from /home/airflow/.local/lib/python3.8/site-packages/airflow/example_dags/example_subdag_operator.py
[2025-01-23T12:08:36.985+0000] {processor.py:839} INFO - DAG(s) dict_keys(['example_subdag_operator.section-1', 'example_subdag_operator.section-2', 'example_subdag_operator']) retrieved from /home/airflow/.local/lib/python3.8/site-packages/airflow/example_dags/example_subdag_operator.py
[2025-01-23T12:08:36.997+0000] {logging_mixin.py:151} INFO - [2025-01-23T12:08:36.997+0000] {dag.py:2907} INFO - Sync 3 DAGs
[2025-01-23T12:08:37.014+0000] {logging_mixin.py:151} INFO - [2025-01-23T12:08:37.014+0000] {dag.py:3677} INFO - Setting next_dagrun for example_subdag_operator to 2022-01-01T00:00:00+00:00, run_after=2022-01-01T00:00:00+00:00
[2025-01-23T12:08:37.018+0000] {logging_mixin.py:151} INFO - [2025-01-23T12:08:37.018+0000] {dag.py:3677} INFO - Setting next_dagrun for example_subdag_operator.section-1 to None, run_after=None
[2025-01-23T12:08:37.019+0000] {logging_mixin.py:151} INFO - [2025-01-23T12:08:37.019+0000] {dag.py:3677} INFO - Setting next_dagrun for example_subdag_operator.section-2 to None, run_after=None
[2025-01-23T12:08:37.025+0000] {logging_mixin.py:151} INFO - [2025-01-23T12:08:37.025+0000] {dag.py:2907} INFO - Sync 2 DAGs
[2025-01-23T12:08:37.029+0000] {logging_mixin.py:151} INFO - [2025-01-23T12:08:37.029+0000] {dag.py:3677} INFO - Setting next_dagrun for example_subdag_operator.section-1 to None, run_after=None
[2025-01-23T12:08:37.029+0000] {logging_mixin.py:151} INFO - [2025-01-23T12:08:37.029+0000] {dag.py:3677} INFO - Setting next_dagrun for example_subdag_operator.section-2 to None, run_after=None
[2025-01-23T12:08:37.041+0000] {processor.py:179} INFO - Processing /home/airflow/.local/lib/python3.8/site-packages/airflow/example_dags/example_subdag_operator.py took 0.079 seconds
[2025-01-23T12:09:08.132+0000] {processor.py:157} INFO - Started process (PID=1234) to work on /home/airflow/.local/lib/python3.8/site-packages/airflow/example_dags/example_subdag_operator.py
[2025-01-23T12:09:08.133+0000] {processor.py:829} INFO - Processing file /home/airflow/.local/lib/python3.8/site-packages/airflow/example_dags/example_subdag_operator.py for tasks to queue
[2025-01-23T12:09:08.134+0000] {logging_mixin.py:151} INFO - [2025-01-23T12:09:08.134+0000] {dagbag.py:539} INFO - Filling up the DagBag from /home/airflow/.local/lib/python3.8/site-packages/airflow/example_dags/example_subdag_operator.py
[2025-01-23T12:09:08.159+0000] {processor.py:839} INFO - DAG(s) dict_keys(['example_subdag_operator.section-1', 'example_subdag_operator.section-2', 'example_subdag_operator']) retrieved from /home/airflow/.local/lib/python3.8/site-packages/airflow/example_dags/example_subdag_operator.py
[2025-01-23T12:09:08.170+0000] {logging_mixin.py:151} INFO - [2025-01-23T12:09:08.170+0000] {dag.py:2907} INFO - Sync 3 DAGs
[2025-01-23T12:09:08.198+0000] {logging_mixin.py:151} INFO - [2025-01-23T12:09:08.198+0000] {dag.py:3677} INFO - Setting next_dagrun for example_subdag_operator to 2022-01-01T00:00:00+00:00, run_after=2022-01-01T00:00:00+00:00
[2025-01-23T12:09:08.201+0000] {logging_mixin.py:151} INFO - [2025-01-23T12:09:08.201+0000] {dag.py:3677} INFO - Setting next_dagrun for example_subdag_operator.section-1 to None, run_after=None
[2025-01-23T12:09:08.202+0000] {logging_mixin.py:151} INFO - [2025-01-23T12:09:08.202+0000] {dag.py:3677} INFO - Setting next_dagrun for example_subdag_operator.section-2 to None, run_after=None
[2025-01-23T12:09:08.210+0000] {logging_mixin.py:151} INFO - [2025-01-23T12:09:08.210+0000] {dag.py:2907} INFO - Sync 2 DAGs
[2025-01-23T12:09:08.215+0000] {logging_mixin.py:151} INFO - [2025-01-23T12:09:08.215+0000] {dag.py:3677} INFO - Setting next_dagrun for example_subdag_operator.section-1 to None, run_after=None
[2025-01-23T12:09:08.215+0000] {logging_mixin.py:151} INFO - [2025-01-23T12:09:08.215+0000] {dag.py:3677} INFO - Setting next_dagrun for example_subdag_operator.section-2 to None, run_after=None
[2025-01-23T12:09:08.231+0000] {processor.py:179} INFO - Processing /home/airflow/.local/lib/python3.8/site-packages/airflow/example_dags/example_subdag_operator.py took 0.101 seconds
[2025-01-23T12:09:38.343+0000] {processor.py:157} INFO - Started process (PID=1475) to work on /home/airflow/.local/lib/python3.8/site-packages/airflow/example_dags/example_subdag_operator.py
[2025-01-23T12:09:38.344+0000] {processor.py:829} INFO - Processing file /home/airflow/.local/lib/python3.8/site-packages/airflow/example_dags/example_subdag_operator.py for tasks to queue
[2025-01-23T12:09:38.344+0000] {logging_mixin.py:151} INFO - [2025-01-23T12:09:38.344+0000] {dagbag.py:539} INFO - Filling up the DagBag from /home/airflow/.local/lib/python3.8/site-packages/airflow/example_dags/example_subdag_operator.py
[2025-01-23T12:09:38.366+0000] {processor.py:839} INFO - DAG(s) dict_keys(['example_subdag_operator.section-1', 'example_subdag_operator.section-2', 'example_subdag_operator']) retrieved from /home/airflow/.local/lib/python3.8/site-packages/airflow/example_dags/example_subdag_operator.py
[2025-01-23T12:09:38.375+0000] {logging_mixin.py:151} INFO - [2025-01-23T12:09:38.375+0000] {dag.py:2907} INFO - Sync 3 DAGs
[2025-01-23T12:09:38.387+0000] {logging_mixin.py:151} INFO - [2025-01-23T12:09:38.387+0000] {dag.py:3677} INFO - Setting next_dagrun for example_subdag_operator to 2022-01-01T00:00:00+00:00, run_after=2022-01-01T00:00:00+00:00
[2025-01-23T12:09:38.389+0000] {logging_mixin.py:151} INFO - [2025-01-23T12:09:38.389+0000] {dag.py:3677} INFO - Setting next_dagrun for example_subdag_operator.section-1 to None, run_after=None
[2025-01-23T12:09:38.390+0000] {logging_mixin.py:151} INFO - [2025-01-23T12:09:38.390+0000] {dag.py:3677} INFO - Setting next_dagrun for example_subdag_operator.section-2 to None, run_after=None
[2025-01-23T12:09:38.396+0000] {logging_mixin.py:151} INFO - [2025-01-23T12:09:38.396+0000] {dag.py:2907} INFO - Sync 2 DAGs
[2025-01-23T12:09:38.399+0000] {logging_mixin.py:151} INFO - [2025-01-23T12:09:38.399+0000] {dag.py:3677} INFO - Setting next_dagrun for example_subdag_operator.section-1 to None, run_after=None
[2025-01-23T12:09:38.399+0000] {logging_mixin.py:151} INFO - [2025-01-23T12:09:38.399+0000] {dag.py:3677} INFO - Setting next_dagrun for example_subdag_operator.section-2 to None, run_after=None
[2025-01-23T12:09:38.408+0000] {processor.py:179} INFO - Processing /home/airflow/.local/lib/python3.8/site-packages/airflow/example_dags/example_subdag_operator.py took 0.067 seconds
[2025-01-23T12:10:09.519+0000] {processor.py:157} INFO - Started process (PID=1718) to work on /home/airflow/.local/lib/python3.8/site-packages/airflow/example_dags/example_subdag_operator.py
[2025-01-23T12:10:09.519+0000] {processor.py:829} INFO - Processing file /home/airflow/.local/lib/python3.8/site-packages/airflow/example_dags/example_subdag_operator.py for tasks to queue
[2025-01-23T12:10:09.520+0000] {logging_mixin.py:151} INFO - [2025-01-23T12:10:09.520+0000] {dagbag.py:539} INFO - Filling up the DagBag from /home/airflow/.local/lib/python3.8/site-packages/airflow/example_dags/example_subdag_operator.py
[2025-01-23T12:10:09.539+0000] {processor.py:839} INFO - DAG(s) dict_keys(['example_subdag_operator.section-1', 'example_subdag_operator.section-2', 'example_subdag_operator']) retrieved from /home/airflow/.local/lib/python3.8/site-packages/airflow/example_dags/example_subdag_operator.py
[2025-01-23T12:10:09.551+0000] {logging_mixin.py:151} INFO - [2025-01-23T12:10:09.551+0000] {dag.py:2907} INFO - Sync 3 DAGs
[2025-01-23T12:10:09.567+0000] {logging_mixin.py:151} INFO - [2025-01-23T12:10:09.567+0000] {dag.py:3677} INFO - Setting next_dagrun for example_subdag_operator to 2022-01-01T00:00:00+00:00, run_after=2022-01-01T00:00:00+00:00
[2025-01-23T12:10:09.570+0000] {logging_mixin.py:151} INFO - [2025-01-23T12:10:09.570+0000] {dag.py:3677} INFO - Setting next_dagrun for example_subdag_operator.section-1 to None, run_after=None
[2025-01-23T12:10:09.571+0000] {logging_mixin.py:151} INFO - [2025-01-23T12:10:09.571+0000] {dag.py:3677} INFO - Setting next_dagrun for example_subdag_operator.section-2 to None, run_after=None
[2025-01-23T12:10:09.577+0000] {logging_mixin.py:151} INFO - [2025-01-23T12:10:09.577+0000] {dag.py:2907} INFO - Sync 2 DAGs
[2025-01-23T12:10:09.581+0000] {logging_mixin.py:151} INFO - [2025-01-23T12:10:09.581+0000] {dag.py:3677} INFO - Setting next_dagrun for example_subdag_operator.section-1 to None, run_after=None
[2025-01-23T12:10:09.581+0000] {logging_mixin.py:151} INFO - [2025-01-23T12:10:09.581+0000] {dag.py:3677} INFO - Setting next_dagrun for example_subdag_operator.section-2 to None, run_after=None
[2025-01-23T12:10:09.592+0000] {processor.py:179} INFO - Processing /home/airflow/.local/lib/python3.8/site-packages/airflow/example_dags/example_subdag_operator.py took 0.076 seconds
[2025-01-23T12:10:39.875+0000] {processor.py:157} INFO - Started process (PID=1961) to work on /home/airflow/.local/lib/python3.8/site-packages/airflow/example_dags/example_subdag_operator.py
[2025-01-23T12:10:39.877+0000] {processor.py:829} INFO - Processing file /home/airflow/.local/lib/python3.8/site-packages/airflow/example_dags/example_subdag_operator.py for tasks to queue
[2025-01-23T12:10:39.878+0000] {logging_mixin.py:151} INFO - [2025-01-23T12:10:39.877+0000] {dagbag.py:539} INFO - Filling up the DagBag from /home/airflow/.local/lib/python3.8/site-packages/airflow/example_dags/example_subdag_operator.py
[2025-01-23T12:10:39.898+0000] {processor.py:839} INFO - DAG(s) dict_keys(['example_subdag_operator.section-1', 'example_subdag_operator.section-2', 'example_subdag_operator']) retrieved from /home/airflow/.local/lib/python3.8/site-packages/airflow/example_dags/example_subdag_operator.py
[2025-01-23T12:10:39.913+0000] {logging_mixin.py:151} INFO - [2025-01-23T12:10:39.913+0000] {dag.py:2907} INFO - Sync 3 DAGs
[2025-01-23T12:10:39.932+0000] {logging_mixin.py:151} INFO - [2025-01-23T12:10:39.931+0000] {dag.py:3677} INFO - Setting next_dagrun for example_subdag_operator to 2022-01-01T00:00:00+00:00, run_after=2022-01-01T00:00:00+00:00
[2025-01-23T12:10:39.934+0000] {logging_mixin.py:151} INFO - [2025-01-23T12:10:39.934+0000] {dag.py:3677} INFO - Setting next_dagrun for example_subdag_operator.section-1 to None, run_after=None
[2025-01-23T12:10:39.935+0000] {logging_mixin.py:151} INFO - [2025-01-23T12:10:39.935+0000] {dag.py:3677} INFO - Setting next_dagrun for example_subdag_operator.section-2 to None, run_after=None
[2025-01-23T12:10:39.940+0000] {logging_mixin.py:151} INFO - [2025-01-23T12:10:39.940+0000] {dag.py:2907} INFO - Sync 2 DAGs
[2025-01-23T12:10:39.946+0000] {logging_mixin.py:151} INFO - [2025-01-23T12:10:39.945+0000] {dag.py:3677} INFO - Setting next_dagrun for example_subdag_operator.section-1 to None, run_after=None
[2025-01-23T12:10:39.946+0000] {logging_mixin.py:151} INFO - [2025-01-23T12:10:39.946+0000] {dag.py:3677} INFO - Setting next_dagrun for example_subdag_operator.section-2 to None, run_after=None
[2025-01-23T12:10:39.957+0000] {processor.py:179} INFO - Processing /home/airflow/.local/lib/python3.8/site-packages/airflow/example_dags/example_subdag_operator.py took 0.084 seconds
[2025-01-23T12:11:10.504+0000] {processor.py:157} INFO - Started process (PID=2203) to work on /home/airflow/.local/lib/python3.8/site-packages/airflow/example_dags/example_subdag_operator.py
[2025-01-23T12:11:10.505+0000] {processor.py:829} INFO - Processing file /home/airflow/.local/lib/python3.8/site-packages/airflow/example_dags/example_subdag_operator.py for tasks to queue
[2025-01-23T12:11:10.505+0000] {logging_mixin.py:151} INFO - [2025-01-23T12:11:10.505+0000] {dagbag.py:539} INFO - Filling up the DagBag from /home/airflow/.local/lib/python3.8/site-packages/airflow/example_dags/example_subdag_operator.py
[2025-01-23T12:11:10.524+0000] {processor.py:839} INFO - DAG(s) dict_keys(['example_subdag_operator.section-1', 'example_subdag_operator.section-2', 'example_subdag_operator']) retrieved from /home/airflow/.local/lib/python3.8/site-packages/airflow/example_dags/example_subdag_operator.py
[2025-01-23T12:11:10.537+0000] {logging_mixin.py:151} INFO - [2025-01-23T12:11:10.537+0000] {dag.py:2907} INFO - Sync 3 DAGs
[2025-01-23T12:11:10.553+0000] {logging_mixin.py:151} INFO - [2025-01-23T12:11:10.553+0000] {dag.py:3677} INFO - Setting next_dagrun for example_subdag_operator to 2022-01-01T00:00:00+00:00, run_after=2022-01-01T00:00:00+00:00
[2025-01-23T12:11:10.555+0000] {logging_mixin.py:151} INFO - [2025-01-23T12:11:10.555+0000] {dag.py:3677} INFO - Setting next_dagrun for example_subdag_operator.section-1 to None, run_after=None
[2025-01-23T12:11:10.556+0000] {logging_mixin.py:151} INFO - [2025-01-23T12:11:10.556+0000] {dag.py:3677} INFO - Setting next_dagrun for example_subdag_operator.section-2 to None, run_after=None
[2025-01-23T12:11:10.562+0000] {logging_mixin.py:151} INFO - [2025-01-23T12:11:10.562+0000] {dag.py:2907} INFO - Sync 2 DAGs
[2025-01-23T12:11:10.568+0000] {logging_mixin.py:151} INFO - [2025-01-23T12:11:10.567+0000] {dag.py:3677} INFO - Setting next_dagrun for example_subdag_operator.section-1 to None, run_after=None
[2025-01-23T12:11:10.568+0000] {logging_mixin.py:151} INFO - [2025-01-23T12:11:10.568+0000] {dag.py:3677} INFO - Setting next_dagrun for example_subdag_operator.section-2 to None, run_after=None
[2025-01-23T12:11:10.580+0000] {processor.py:179} INFO - Processing /home/airflow/.local/lib/python3.8/site-packages/airflow/example_dags/example_subdag_operator.py took 0.078 seconds
