[2025-01-23T12:07:03.425+0000] {processor.py:157} INFO - Started process (PID=198) to work on /home/airflow/.local/lib/python3.8/site-packages/airflow/example_dags/example_branch_datetime_operator.py
[2025-01-23T12:07:03.426+0000] {processor.py:829} INFO - Processing file /home/airflow/.local/lib/python3.8/site-packages/airflow/example_dags/example_branch_datetime_operator.py for tasks to queue
[2025-01-23T12:07:03.427+0000] {logging_mixin.py:151} INFO - [2025-01-23T12:07:03.426+0000] {dagbag.py:539} INFO - Filling up the DagBag from /home/airflow/.local/lib/python3.8/site-packages/airflow/example_dags/example_branch_datetime_operator.py
[2025-01-23T12:07:03.438+0000] {processor.py:839} INFO - DAG(s) dict_keys(['example_branch_datetime_operator', 'example_branch_datetime_operator_3', 'example_branch_datetime_operator_2']) retrieved from /home/airflow/.local/lib/python3.8/site-packages/airflow/example_dags/example_branch_datetime_operator.py
[2025-01-23T12:07:03.455+0000] {logging_mixin.py:151} INFO - [2025-01-23T12:07:03.455+0000] {dag.py:2907} INFO - Sync 3 DAGs
[2025-01-23T12:07:03.480+0000] {logging_mixin.py:151} INFO - [2025-01-23T12:07:03.480+0000] {dag.py:3677} INFO - Setting next_dagrun for example_branch_datetime_operator to 2025-01-22T00:00:00+00:00, run_after=2025-01-23T00:00:00+00:00
[2025-01-23T12:07:03.484+0000] {logging_mixin.py:151} INFO - [2025-01-23T12:07:03.484+0000] {dag.py:3677} INFO - Setting next_dagrun for example_branch_datetime_operator_2 to 2025-01-22T00:00:00+00:00, run_after=2025-01-23T00:00:00+00:00
[2025-01-23T12:07:03.487+0000] {logging_mixin.py:151} INFO - [2025-01-23T12:07:03.487+0000] {dag.py:3677} INFO - Setting next_dagrun for example_branch_datetime_operator_3 to 2025-01-22T00:00:00+00:00, run_after=2025-01-23T00:00:00+00:00
[2025-01-23T12:07:03.508+0000] {processor.py:179} INFO - Processing /home/airflow/.local/lib/python3.8/site-packages/airflow/example_dags/example_branch_datetime_operator.py took 0.087 seconds
[2025-01-23T12:07:33.743+0000] {processor.py:157} INFO - Started process (PID=440) to work on /home/airflow/.local/lib/python3.8/site-packages/airflow/example_dags/example_branch_datetime_operator.py
[2025-01-23T12:07:33.744+0000] {processor.py:829} INFO - Processing file /home/airflow/.local/lib/python3.8/site-packages/airflow/example_dags/example_branch_datetime_operator.py for tasks to queue
[2025-01-23T12:07:33.745+0000] {logging_mixin.py:151} INFO - [2025-01-23T12:07:33.744+0000] {dagbag.py:539} INFO - Filling up the DagBag from /home/airflow/.local/lib/python3.8/site-packages/airflow/example_dags/example_branch_datetime_operator.py
[2025-01-23T12:07:33.751+0000] {processor.py:839} INFO - DAG(s) dict_keys(['example_branch_datetime_operator_2', 'example_branch_datetime_operator_3', 'example_branch_datetime_operator']) retrieved from /home/airflow/.local/lib/python3.8/site-packages/airflow/example_dags/example_branch_datetime_operator.py
[2025-01-23T12:07:33.775+0000] {logging_mixin.py:151} INFO - [2025-01-23T12:07:33.775+0000] {dag.py:2907} INFO - Sync 3 DAGs
[2025-01-23T12:07:33.792+0000] {logging_mixin.py:151} INFO - [2025-01-23T12:07:33.792+0000] {dag.py:3677} INFO - Setting next_dagrun for example_branch_datetime_operator to 2025-01-22T00:00:00+00:00, run_after=2025-01-23T00:00:00+00:00
[2025-01-23T12:07:33.796+0000] {logging_mixin.py:151} INFO - [2025-01-23T12:07:33.796+0000] {dag.py:3677} INFO - Setting next_dagrun for example_branch_datetime_operator_2 to 2025-01-22T00:00:00+00:00, run_after=2025-01-23T00:00:00+00:00
[2025-01-23T12:07:33.798+0000] {logging_mixin.py:151} INFO - [2025-01-23T12:07:33.798+0000] {dag.py:3677} INFO - Setting next_dagrun for example_branch_datetime_operator_3 to 2025-01-22T00:00:00+00:00, run_after=2025-01-23T00:00:00+00:00
[2025-01-23T12:07:33.814+0000] {processor.py:179} INFO - Processing /home/airflow/.local/lib/python3.8/site-packages/airflow/example_dags/example_branch_datetime_operator.py took 0.073 seconds
[2025-01-23T12:08:03.993+0000] {processor.py:157} INFO - Started process (PID=683) to work on /home/airflow/.local/lib/python3.8/site-packages/airflow/example_dags/example_branch_datetime_operator.py
[2025-01-23T12:08:03.994+0000] {processor.py:829} INFO - Processing file /home/airflow/.local/lib/python3.8/site-packages/airflow/example_dags/example_branch_datetime_operator.py for tasks to queue
[2025-01-23T12:08:03.995+0000] {logging_mixin.py:151} INFO - [2025-01-23T12:08:03.995+0000] {dagbag.py:539} INFO - Filling up the DagBag from /home/airflow/.local/lib/python3.8/site-packages/airflow/example_dags/example_branch_datetime_operator.py
[2025-01-23T12:08:04.001+0000] {processor.py:839} INFO - DAG(s) dict_keys(['example_branch_datetime_operator', 'example_branch_datetime_operator_3', 'example_branch_datetime_operator_2']) retrieved from /home/airflow/.local/lib/python3.8/site-packages/airflow/example_dags/example_branch_datetime_operator.py
[2025-01-23T12:08:04.103+0000] {logging_mixin.py:151} INFO - [2025-01-23T12:08:04.103+0000] {dag.py:2907} INFO - Sync 3 DAGs
[2025-01-23T12:08:04.117+0000] {logging_mixin.py:151} INFO - [2025-01-23T12:08:04.117+0000] {dag.py:3677} INFO - Setting next_dagrun for example_branch_datetime_operator to 2025-01-22T00:00:00+00:00, run_after=2025-01-23T00:00:00+00:00
[2025-01-23T12:08:04.120+0000] {logging_mixin.py:151} INFO - [2025-01-23T12:08:04.120+0000] {dag.py:3677} INFO - Setting next_dagrun for example_branch_datetime_operator_2 to 2025-01-22T00:00:00+00:00, run_after=2025-01-23T00:00:00+00:00
[2025-01-23T12:08:04.122+0000] {logging_mixin.py:151} INFO - [2025-01-23T12:08:04.121+0000] {dag.py:3677} INFO - Setting next_dagrun for example_branch_datetime_operator_3 to 2025-01-22T00:00:00+00:00, run_after=2025-01-23T00:00:00+00:00
[2025-01-23T12:08:04.135+0000] {processor.py:179} INFO - Processing /home/airflow/.local/lib/python3.8/site-packages/airflow/example_dags/example_branch_datetime_operator.py took 0.144 seconds
[2025-01-23T12:08:34.383+0000] {processor.py:157} INFO - Started process (PID=926) to work on /home/airflow/.local/lib/python3.8/site-packages/airflow/example_dags/example_branch_datetime_operator.py
[2025-01-23T12:08:34.384+0000] {processor.py:829} INFO - Processing file /home/airflow/.local/lib/python3.8/site-packages/airflow/example_dags/example_branch_datetime_operator.py for tasks to queue
[2025-01-23T12:08:34.385+0000] {logging_mixin.py:151} INFO - [2025-01-23T12:08:34.384+0000] {dagbag.py:539} INFO - Filling up the DagBag from /home/airflow/.local/lib/python3.8/site-packages/airflow/example_dags/example_branch_datetime_operator.py
[2025-01-23T12:08:34.392+0000] {processor.py:839} INFO - DAG(s) dict_keys(['example_branch_datetime_operator', 'example_branch_datetime_operator_2', 'example_branch_datetime_operator_3']) retrieved from /home/airflow/.local/lib/python3.8/site-packages/airflow/example_dags/example_branch_datetime_operator.py
[2025-01-23T12:08:34.415+0000] {logging_mixin.py:151} INFO - [2025-01-23T12:08:34.415+0000] {dag.py:2907} INFO - Sync 3 DAGs
[2025-01-23T12:08:34.433+0000] {logging_mixin.py:151} INFO - [2025-01-23T12:08:34.433+0000] {dag.py:3677} INFO - Setting next_dagrun for example_branch_datetime_operator to 2025-01-22T00:00:00+00:00, run_after=2025-01-23T00:00:00+00:00
[2025-01-23T12:08:34.436+0000] {logging_mixin.py:151} INFO - [2025-01-23T12:08:34.436+0000] {dag.py:3677} INFO - Setting next_dagrun for example_branch_datetime_operator_2 to 2025-01-22T00:00:00+00:00, run_after=2025-01-23T00:00:00+00:00
[2025-01-23T12:08:34.438+0000] {logging_mixin.py:151} INFO - [2025-01-23T12:08:34.438+0000] {dag.py:3677} INFO - Setting next_dagrun for example_branch_datetime_operator_3 to 2025-01-22T00:00:00+00:00, run_after=2025-01-23T00:00:00+00:00
[2025-01-23T12:08:34.453+0000] {processor.py:179} INFO - Processing /home/airflow/.local/lib/python3.8/site-packages/airflow/example_dags/example_branch_datetime_operator.py took 0.072 seconds
[2025-01-23T12:09:04.508+0000] {processor.py:157} INFO - Started process (PID=1170) to work on /home/airflow/.local/lib/python3.8/site-packages/airflow/example_dags/example_branch_datetime_operator.py
[2025-01-23T12:09:04.509+0000] {processor.py:829} INFO - Processing file /home/airflow/.local/lib/python3.8/site-packages/airflow/example_dags/example_branch_datetime_operator.py for tasks to queue
[2025-01-23T12:09:04.509+0000] {logging_mixin.py:151} INFO - [2025-01-23T12:09:04.509+0000] {dagbag.py:539} INFO - Filling up the DagBag from /home/airflow/.local/lib/python3.8/site-packages/airflow/example_dags/example_branch_datetime_operator.py
[2025-01-23T12:09:04.515+0000] {processor.py:839} INFO - DAG(s) dict_keys(['example_branch_datetime_operator_2', 'example_branch_datetime_operator_3', 'example_branch_datetime_operator']) retrieved from /home/airflow/.local/lib/python3.8/site-packages/airflow/example_dags/example_branch_datetime_operator.py
[2025-01-23T12:09:04.536+0000] {logging_mixin.py:151} INFO - [2025-01-23T12:09:04.535+0000] {dag.py:2907} INFO - Sync 3 DAGs
[2025-01-23T12:09:04.552+0000] {logging_mixin.py:151} INFO - [2025-01-23T12:09:04.552+0000] {dag.py:3677} INFO - Setting next_dagrun for example_branch_datetime_operator to 2025-01-22T00:00:00+00:00, run_after=2025-01-23T00:00:00+00:00
[2025-01-23T12:09:04.556+0000] {logging_mixin.py:151} INFO - [2025-01-23T12:09:04.556+0000] {dag.py:3677} INFO - Setting next_dagrun for example_branch_datetime_operator_2 to 2025-01-22T00:00:00+00:00, run_after=2025-01-23T00:00:00+00:00
[2025-01-23T12:09:04.558+0000] {logging_mixin.py:151} INFO - [2025-01-23T12:09:04.558+0000] {dag.py:3677} INFO - Setting next_dagrun for example_branch_datetime_operator_3 to 2025-01-22T00:00:00+00:00, run_after=2025-01-23T00:00:00+00:00
[2025-01-23T12:09:04.572+0000] {processor.py:179} INFO - Processing /home/airflow/.local/lib/python3.8/site-packages/airflow/example_dags/example_branch_datetime_operator.py took 0.066 seconds
[2025-01-23T12:09:34.781+0000] {processor.py:157} INFO - Started process (PID=1413) to work on /home/airflow/.local/lib/python3.8/site-packages/airflow/example_dags/example_branch_datetime_operator.py
[2025-01-23T12:09:34.782+0000] {processor.py:829} INFO - Processing file /home/airflow/.local/lib/python3.8/site-packages/airflow/example_dags/example_branch_datetime_operator.py for tasks to queue
[2025-01-23T12:09:34.783+0000] {logging_mixin.py:151} INFO - [2025-01-23T12:09:34.782+0000] {dagbag.py:539} INFO - Filling up the DagBag from /home/airflow/.local/lib/python3.8/site-packages/airflow/example_dags/example_branch_datetime_operator.py
[2025-01-23T12:09:34.791+0000] {processor.py:839} INFO - DAG(s) dict_keys(['example_branch_datetime_operator_2', 'example_branch_datetime_operator', 'example_branch_datetime_operator_3']) retrieved from /home/airflow/.local/lib/python3.8/site-packages/airflow/example_dags/example_branch_datetime_operator.py
[2025-01-23T12:09:34.814+0000] {logging_mixin.py:151} INFO - [2025-01-23T12:09:34.814+0000] {dag.py:2907} INFO - Sync 3 DAGs
[2025-01-23T12:09:34.834+0000] {logging_mixin.py:151} INFO - [2025-01-23T12:09:34.834+0000] {dag.py:3677} INFO - Setting next_dagrun for example_branch_datetime_operator to 2025-01-22T00:00:00+00:00, run_after=2025-01-23T00:00:00+00:00
[2025-01-23T12:09:34.838+0000] {logging_mixin.py:151} INFO - [2025-01-23T12:09:34.838+0000] {dag.py:3677} INFO - Setting next_dagrun for example_branch_datetime_operator_2 to 2025-01-22T00:00:00+00:00, run_after=2025-01-23T00:00:00+00:00
[2025-01-23T12:09:34.840+0000] {logging_mixin.py:151} INFO - [2025-01-23T12:09:34.840+0000] {dag.py:3677} INFO - Setting next_dagrun for example_branch_datetime_operator_3 to 2025-01-22T00:00:00+00:00, run_after=2025-01-23T00:00:00+00:00
[2025-01-23T12:09:34.858+0000] {processor.py:179} INFO - Processing /home/airflow/.local/lib/python3.8/site-packages/airflow/example_dags/example_branch_datetime_operator.py took 0.080 seconds
[2025-01-23T12:10:04.897+0000] {processor.py:157} INFO - Started process (PID=1658) to work on /home/airflow/.local/lib/python3.8/site-packages/airflow/example_dags/example_branch_datetime_operator.py
[2025-01-23T12:10:04.898+0000] {processor.py:829} INFO - Processing file /home/airflow/.local/lib/python3.8/site-packages/airflow/example_dags/example_branch_datetime_operator.py for tasks to queue
[2025-01-23T12:10:04.899+0000] {logging_mixin.py:151} INFO - [2025-01-23T12:10:04.898+0000] {dagbag.py:539} INFO - Filling up the DagBag from /home/airflow/.local/lib/python3.8/site-packages/airflow/example_dags/example_branch_datetime_operator.py
[2025-01-23T12:10:04.904+0000] {processor.py:839} INFO - DAG(s) dict_keys(['example_branch_datetime_operator', 'example_branch_datetime_operator_3', 'example_branch_datetime_operator_2']) retrieved from /home/airflow/.local/lib/python3.8/site-packages/airflow/example_dags/example_branch_datetime_operator.py
[2025-01-23T12:10:04.926+0000] {logging_mixin.py:151} INFO - [2025-01-23T12:10:04.926+0000] {dag.py:2907} INFO - Sync 3 DAGs
[2025-01-23T12:10:04.941+0000] {logging_mixin.py:151} INFO - [2025-01-23T12:10:04.941+0000] {dag.py:3677} INFO - Setting next_dagrun for example_branch_datetime_operator to 2025-01-22T00:00:00+00:00, run_after=2025-01-23T00:00:00+00:00
[2025-01-23T12:10:04.944+0000] {logging_mixin.py:151} INFO - [2025-01-23T12:10:04.944+0000] {dag.py:3677} INFO - Setting next_dagrun for example_branch_datetime_operator_2 to 2025-01-22T00:00:00+00:00, run_after=2025-01-23T00:00:00+00:00
[2025-01-23T12:10:04.946+0000] {logging_mixin.py:151} INFO - [2025-01-23T12:10:04.946+0000] {dag.py:3677} INFO - Setting next_dagrun for example_branch_datetime_operator_3 to 2025-01-22T00:00:00+00:00, run_after=2025-01-23T00:00:00+00:00
[2025-01-23T12:10:04.958+0000] {processor.py:179} INFO - Processing /home/airflow/.local/lib/python3.8/site-packages/airflow/example_dags/example_branch_datetime_operator.py took 0.063 seconds
[2025-01-23T12:10:35.277+0000] {processor.py:157} INFO - Started process (PID=1899) to work on /home/airflow/.local/lib/python3.8/site-packages/airflow/example_dags/example_branch_datetime_operator.py
[2025-01-23T12:10:35.278+0000] {processor.py:829} INFO - Processing file /home/airflow/.local/lib/python3.8/site-packages/airflow/example_dags/example_branch_datetime_operator.py for tasks to queue
[2025-01-23T12:10:35.279+0000] {logging_mixin.py:151} INFO - [2025-01-23T12:10:35.279+0000] {dagbag.py:539} INFO - Filling up the DagBag from /home/airflow/.local/lib/python3.8/site-packages/airflow/example_dags/example_branch_datetime_operator.py
[2025-01-23T12:10:35.284+0000] {processor.py:839} INFO - DAG(s) dict_keys(['example_branch_datetime_operator_3', 'example_branch_datetime_operator_2', 'example_branch_datetime_operator']) retrieved from /home/airflow/.local/lib/python3.8/site-packages/airflow/example_dags/example_branch_datetime_operator.py
[2025-01-23T12:10:35.305+0000] {logging_mixin.py:151} INFO - [2025-01-23T12:10:35.305+0000] {dag.py:2907} INFO - Sync 3 DAGs
[2025-01-23T12:10:35.321+0000] {logging_mixin.py:151} INFO - [2025-01-23T12:10:35.320+0000] {dag.py:3677} INFO - Setting next_dagrun for example_branch_datetime_operator to 2025-01-22T00:00:00+00:00, run_after=2025-01-23T00:00:00+00:00
[2025-01-23T12:10:35.324+0000] {logging_mixin.py:151} INFO - [2025-01-23T12:10:35.323+0000] {dag.py:3677} INFO - Setting next_dagrun for example_branch_datetime_operator_2 to 2025-01-22T00:00:00+00:00, run_after=2025-01-23T00:00:00+00:00
[2025-01-23T12:10:35.325+0000] {logging_mixin.py:151} INFO - [2025-01-23T12:10:35.325+0000] {dag.py:3677} INFO - Setting next_dagrun for example_branch_datetime_operator_3 to 2025-01-22T00:00:00+00:00, run_after=2025-01-23T00:00:00+00:00
[2025-01-23T12:10:35.340+0000] {processor.py:179} INFO - Processing /home/airflow/.local/lib/python3.8/site-packages/airflow/example_dags/example_branch_datetime_operator.py took 0.065 seconds
[2025-01-23T12:11:05.933+0000] {processor.py:157} INFO - Started process (PID=2142) to work on /home/airflow/.local/lib/python3.8/site-packages/airflow/example_dags/example_branch_datetime_operator.py
[2025-01-23T12:11:05.934+0000] {processor.py:829} INFO - Processing file /home/airflow/.local/lib/python3.8/site-packages/airflow/example_dags/example_branch_datetime_operator.py for tasks to queue
[2025-01-23T12:11:05.935+0000] {logging_mixin.py:151} INFO - [2025-01-23T12:11:05.934+0000] {dagbag.py:539} INFO - Filling up the DagBag from /home/airflow/.local/lib/python3.8/site-packages/airflow/example_dags/example_branch_datetime_operator.py
[2025-01-23T12:11:05.941+0000] {processor.py:839} INFO - DAG(s) dict_keys(['example_branch_datetime_operator', 'example_branch_datetime_operator_2', 'example_branch_datetime_operator_3']) retrieved from /home/airflow/.local/lib/python3.8/site-packages/airflow/example_dags/example_branch_datetime_operator.py
[2025-01-23T12:11:05.964+0000] {logging_mixin.py:151} INFO - [2025-01-23T12:11:05.964+0000] {dag.py:2907} INFO - Sync 3 DAGs
[2025-01-23T12:11:05.981+0000] {logging_mixin.py:151} INFO - [2025-01-23T12:11:05.981+0000] {dag.py:3677} INFO - Setting next_dagrun for example_branch_datetime_operator to 2025-01-22T00:00:00+00:00, run_after=2025-01-23T00:00:00+00:00
[2025-01-23T12:11:05.985+0000] {logging_mixin.py:151} INFO - [2025-01-23T12:11:05.985+0000] {dag.py:3677} INFO - Setting next_dagrun for example_branch_datetime_operator_2 to 2025-01-22T00:00:00+00:00, run_after=2025-01-23T00:00:00+00:00
[2025-01-23T12:11:05.987+0000] {logging_mixin.py:151} INFO - [2025-01-23T12:11:05.987+0000] {dag.py:3677} INFO - Setting next_dagrun for example_branch_datetime_operator_3 to 2025-01-22T00:00:00+00:00, run_after=2025-01-23T00:00:00+00:00
[2025-01-23T12:11:06.000+0000] {processor.py:179} INFO - Processing /home/airflow/.local/lib/python3.8/site-packages/airflow/example_dags/example_branch_datetime_operator.py took 0.070 seconds
