[2025-01-23T12:07:05.151+0000] {processor.py:157} INFO - Started process (PID=258) to work on /home/airflow/.local/lib/python3.8/site-packages/airflow/example_dags/example_setup_teardown_taskflow.py
[2025-01-23T12:07:05.151+0000] {processor.py:829} INFO - Processing file /home/airflow/.local/lib/python3.8/site-packages/airflow/example_dags/example_setup_teardown_taskflow.py for tasks to queue
[2025-01-23T12:07:05.152+0000] {logging_mixin.py:151} INFO - [2025-01-23T12:07:05.152+0000] {dagbag.py:539} INFO - Filling up the DagBag from /home/airflow/.local/lib/python3.8/site-packages/airflow/example_dags/example_setup_teardown_taskflow.py
[2025-01-23T12:07:05.159+0000] {processor.py:839} INFO - DAG(s) dict_keys(['example_setup_teardown_taskflow']) retrieved from /home/airflow/.local/lib/python3.8/site-packages/airflow/example_dags/example_setup_teardown_taskflow.py
[2025-01-23T12:07:05.172+0000] {logging_mixin.py:151} INFO - [2025-01-23T12:07:05.172+0000] {dag.py:2907} INFO - Sync 1 DAGs
[2025-01-23T12:07:05.193+0000] {logging_mixin.py:151} INFO - [2025-01-23T12:07:05.192+0000] {dag.py:3677} INFO - Setting next_dagrun for example_setup_teardown_taskflow to 2025-01-22T12:07:05.192592+00:00, run_after=2025-01-23T12:07:05.192592+00:00
[2025-01-23T12:07:05.215+0000] {processor.py:179} INFO - Processing /home/airflow/.local/lib/python3.8/site-packages/airflow/example_dags/example_setup_teardown_taskflow.py took 0.067 seconds
[2025-01-23T12:07:35.465+0000] {processor.py:157} INFO - Started process (PID=500) to work on /home/airflow/.local/lib/python3.8/site-packages/airflow/example_dags/example_setup_teardown_taskflow.py
[2025-01-23T12:07:35.466+0000] {processor.py:829} INFO - Processing file /home/airflow/.local/lib/python3.8/site-packages/airflow/example_dags/example_setup_teardown_taskflow.py for tasks to queue
[2025-01-23T12:07:35.467+0000] {logging_mixin.py:151} INFO - [2025-01-23T12:07:35.467+0000] {dagbag.py:539} INFO - Filling up the DagBag from /home/airflow/.local/lib/python3.8/site-packages/airflow/example_dags/example_setup_teardown_taskflow.py
[2025-01-23T12:07:35.475+0000] {processor.py:839} INFO - DAG(s) dict_keys(['example_setup_teardown_taskflow']) retrieved from /home/airflow/.local/lib/python3.8/site-packages/airflow/example_dags/example_setup_teardown_taskflow.py
[2025-01-23T12:07:35.490+0000] {logging_mixin.py:151} INFO - [2025-01-23T12:07:35.490+0000] {dag.py:2907} INFO - Sync 1 DAGs
[2025-01-23T12:07:35.504+0000] {logging_mixin.py:151} INFO - [2025-01-23T12:07:35.504+0000] {dag.py:3677} INFO - Setting next_dagrun for example_setup_teardown_taskflow to 2025-01-22T12:07:35.504346+00:00, run_after=2025-01-23T12:07:35.504346+00:00
[2025-01-23T12:07:35.521+0000] {processor.py:179} INFO - Processing /home/airflow/.local/lib/python3.8/site-packages/airflow/example_dags/example_setup_teardown_taskflow.py took 0.058 seconds
[2025-01-23T12:08:05.958+0000] {processor.py:157} INFO - Started process (PID=743) to work on /home/airflow/.local/lib/python3.8/site-packages/airflow/example_dags/example_setup_teardown_taskflow.py
[2025-01-23T12:08:05.959+0000] {processor.py:829} INFO - Processing file /home/airflow/.local/lib/python3.8/site-packages/airflow/example_dags/example_setup_teardown_taskflow.py for tasks to queue
[2025-01-23T12:08:05.960+0000] {logging_mixin.py:151} INFO - [2025-01-23T12:08:05.960+0000] {dagbag.py:539} INFO - Filling up the DagBag from /home/airflow/.local/lib/python3.8/site-packages/airflow/example_dags/example_setup_teardown_taskflow.py
[2025-01-23T12:08:05.968+0000] {processor.py:839} INFO - DAG(s) dict_keys(['example_setup_teardown_taskflow']) retrieved from /home/airflow/.local/lib/python3.8/site-packages/airflow/example_dags/example_setup_teardown_taskflow.py
[2025-01-23T12:08:05.986+0000] {logging_mixin.py:151} INFO - [2025-01-23T12:08:05.985+0000] {dag.py:2907} INFO - Sync 1 DAGs
[2025-01-23T12:08:06.001+0000] {logging_mixin.py:151} INFO - [2025-01-23T12:08:06.001+0000] {dag.py:3677} INFO - Setting next_dagrun for example_setup_teardown_taskflow to 2025-01-22T12:08:06.001608+00:00, run_after=2025-01-23T12:08:06.001608+00:00
[2025-01-23T12:08:06.016+0000] {processor.py:179} INFO - Processing /home/airflow/.local/lib/python3.8/site-packages/airflow/example_dags/example_setup_teardown_taskflow.py took 0.060 seconds
[2025-01-23T12:08:36.987+0000] {processor.py:157} INFO - Started process (PID=994) to work on /home/airflow/.local/lib/python3.8/site-packages/airflow/example_dags/example_setup_teardown_taskflow.py
[2025-01-23T12:08:36.988+0000] {processor.py:829} INFO - Processing file /home/airflow/.local/lib/python3.8/site-packages/airflow/example_dags/example_setup_teardown_taskflow.py for tasks to queue
[2025-01-23T12:08:36.988+0000] {logging_mixin.py:151} INFO - [2025-01-23T12:08:36.988+0000] {dagbag.py:539} INFO - Filling up the DagBag from /home/airflow/.local/lib/python3.8/site-packages/airflow/example_dags/example_setup_teardown_taskflow.py
[2025-01-23T12:08:36.995+0000] {processor.py:839} INFO - DAG(s) dict_keys(['example_setup_teardown_taskflow']) retrieved from /home/airflow/.local/lib/python3.8/site-packages/airflow/example_dags/example_setup_teardown_taskflow.py
[2025-01-23T12:08:37.012+0000] {logging_mixin.py:151} INFO - [2025-01-23T12:08:37.012+0000] {dag.py:2907} INFO - Sync 1 DAGs
[2025-01-23T12:08:37.027+0000] {logging_mixin.py:151} INFO - [2025-01-23T12:08:37.027+0000] {dag.py:3677} INFO - Setting next_dagrun for example_setup_teardown_taskflow to 2025-01-22T12:08:37.027280+00:00, run_after=2025-01-23T12:08:37.027280+00:00
[2025-01-23T12:08:37.043+0000] {processor.py:179} INFO - Processing /home/airflow/.local/lib/python3.8/site-packages/airflow/example_dags/example_setup_teardown_taskflow.py took 0.058 seconds
[2025-01-23T12:09:08.142+0000] {processor.py:157} INFO - Started process (PID=1237) to work on /home/airflow/.local/lib/python3.8/site-packages/airflow/example_dags/example_setup_teardown_taskflow.py
[2025-01-23T12:09:08.143+0000] {processor.py:829} INFO - Processing file /home/airflow/.local/lib/python3.8/site-packages/airflow/example_dags/example_setup_teardown_taskflow.py for tasks to queue
[2025-01-23T12:09:08.144+0000] {logging_mixin.py:151} INFO - [2025-01-23T12:09:08.144+0000] {dagbag.py:539} INFO - Filling up the DagBag from /home/airflow/.local/lib/python3.8/site-packages/airflow/example_dags/example_setup_teardown_taskflow.py
[2025-01-23T12:09:08.152+0000] {processor.py:839} INFO - DAG(s) dict_keys(['example_setup_teardown_taskflow']) retrieved from /home/airflow/.local/lib/python3.8/site-packages/airflow/example_dags/example_setup_teardown_taskflow.py
[2025-01-23T12:09:08.171+0000] {logging_mixin.py:151} INFO - [2025-01-23T12:09:08.171+0000] {dag.py:2907} INFO - Sync 1 DAGs
[2025-01-23T12:09:08.191+0000] {logging_mixin.py:151} INFO - [2025-01-23T12:09:08.190+0000] {dag.py:3677} INFO - Setting next_dagrun for example_setup_teardown_taskflow to 2025-01-22T12:09:08.190676+00:00, run_after=2025-01-23T12:09:08.190676+00:00
[2025-01-23T12:09:08.213+0000] {processor.py:179} INFO - Processing /home/airflow/.local/lib/python3.8/site-packages/airflow/example_dags/example_setup_teardown_taskflow.py took 0.073 seconds
[2025-01-23T12:09:38.406+0000] {processor.py:157} INFO - Started process (PID=1480) to work on /home/airflow/.local/lib/python3.8/site-packages/airflow/example_dags/example_setup_teardown_taskflow.py
[2025-01-23T12:09:38.407+0000] {processor.py:829} INFO - Processing file /home/airflow/.local/lib/python3.8/site-packages/airflow/example_dags/example_setup_teardown_taskflow.py for tasks to queue
[2025-01-23T12:09:38.407+0000] {logging_mixin.py:151} INFO - [2025-01-23T12:09:38.407+0000] {dagbag.py:539} INFO - Filling up the DagBag from /home/airflow/.local/lib/python3.8/site-packages/airflow/example_dags/example_setup_teardown_taskflow.py
[2025-01-23T12:09:38.413+0000] {processor.py:839} INFO - DAG(s) dict_keys(['example_setup_teardown_taskflow']) retrieved from /home/airflow/.local/lib/python3.8/site-packages/airflow/example_dags/example_setup_teardown_taskflow.py
[2025-01-23T12:09:38.429+0000] {logging_mixin.py:151} INFO - [2025-01-23T12:09:38.429+0000] {dag.py:2907} INFO - Sync 1 DAGs
[2025-01-23T12:09:38.446+0000] {logging_mixin.py:151} INFO - [2025-01-23T12:09:38.445+0000] {dag.py:3677} INFO - Setting next_dagrun for example_setup_teardown_taskflow to 2025-01-22T12:09:38.445687+00:00, run_after=2025-01-23T12:09:38.445687+00:00
[2025-01-23T12:09:38.460+0000] {processor.py:179} INFO - Processing /home/airflow/.local/lib/python3.8/site-packages/airflow/example_dags/example_setup_teardown_taskflow.py took 0.056 seconds
[2025-01-23T12:10:09.535+0000] {processor.py:157} INFO - Started process (PID=1723) to work on /home/airflow/.local/lib/python3.8/site-packages/airflow/example_dags/example_setup_teardown_taskflow.py
[2025-01-23T12:10:09.536+0000] {processor.py:829} INFO - Processing file /home/airflow/.local/lib/python3.8/site-packages/airflow/example_dags/example_setup_teardown_taskflow.py for tasks to queue
[2025-01-23T12:10:09.537+0000] {logging_mixin.py:151} INFO - [2025-01-23T12:10:09.537+0000] {dagbag.py:539} INFO - Filling up the DagBag from /home/airflow/.local/lib/python3.8/site-packages/airflow/example_dags/example_setup_teardown_taskflow.py
[2025-01-23T12:10:09.543+0000] {processor.py:839} INFO - DAG(s) dict_keys(['example_setup_teardown_taskflow']) retrieved from /home/airflow/.local/lib/python3.8/site-packages/airflow/example_dags/example_setup_teardown_taskflow.py
[2025-01-23T12:10:09.561+0000] {logging_mixin.py:151} INFO - [2025-01-23T12:10:09.561+0000] {dag.py:2907} INFO - Sync 1 DAGs
[2025-01-23T12:10:09.577+0000] {logging_mixin.py:151} INFO - [2025-01-23T12:10:09.577+0000] {dag.py:3677} INFO - Setting next_dagrun for example_setup_teardown_taskflow to 2025-01-22T12:10:09.576995+00:00, run_after=2025-01-23T12:10:09.576995+00:00
[2025-01-23T12:10:09.594+0000] {processor.py:179} INFO - Processing /home/airflow/.local/lib/python3.8/site-packages/airflow/example_dags/example_setup_teardown_taskflow.py took 0.062 seconds
[2025-01-23T12:10:39.899+0000] {processor.py:157} INFO - Started process (PID=1966) to work on /home/airflow/.local/lib/python3.8/site-packages/airflow/example_dags/example_setup_teardown_taskflow.py
[2025-01-23T12:10:39.900+0000] {processor.py:829} INFO - Processing file /home/airflow/.local/lib/python3.8/site-packages/airflow/example_dags/example_setup_teardown_taskflow.py for tasks to queue
[2025-01-23T12:10:39.901+0000] {logging_mixin.py:151} INFO - [2025-01-23T12:10:39.900+0000] {dagbag.py:539} INFO - Filling up the DagBag from /home/airflow/.local/lib/python3.8/site-packages/airflow/example_dags/example_setup_teardown_taskflow.py
[2025-01-23T12:10:39.907+0000] {processor.py:839} INFO - DAG(s) dict_keys(['example_setup_teardown_taskflow']) retrieved from /home/airflow/.local/lib/python3.8/site-packages/airflow/example_dags/example_setup_teardown_taskflow.py
[2025-01-23T12:10:39.927+0000] {logging_mixin.py:151} INFO - [2025-01-23T12:10:39.927+0000] {dag.py:2907} INFO - Sync 1 DAGs
[2025-01-23T12:10:39.944+0000] {logging_mixin.py:151} INFO - [2025-01-23T12:10:39.944+0000] {dag.py:3677} INFO - Setting next_dagrun for example_setup_teardown_taskflow to 2025-01-22T12:10:39.944341+00:00, run_after=2025-01-23T12:10:39.944341+00:00
[2025-01-23T12:10:39.963+0000] {processor.py:179} INFO - Processing /home/airflow/.local/lib/python3.8/site-packages/airflow/example_dags/example_setup_teardown_taskflow.py took 0.066 seconds
[2025-01-23T12:11:10.574+0000] {processor.py:157} INFO - Started process (PID=2209) to work on /home/airflow/.local/lib/python3.8/site-packages/airflow/example_dags/example_setup_teardown_taskflow.py
[2025-01-23T12:11:10.575+0000] {processor.py:829} INFO - Processing file /home/airflow/.local/lib/python3.8/site-packages/airflow/example_dags/example_setup_teardown_taskflow.py for tasks to queue
[2025-01-23T12:11:10.575+0000] {logging_mixin.py:151} INFO - [2025-01-23T12:11:10.575+0000] {dagbag.py:539} INFO - Filling up the DagBag from /home/airflow/.local/lib/python3.8/site-packages/airflow/example_dags/example_setup_teardown_taskflow.py
[2025-01-23T12:11:10.583+0000] {processor.py:839} INFO - DAG(s) dict_keys(['example_setup_teardown_taskflow']) retrieved from /home/airflow/.local/lib/python3.8/site-packages/airflow/example_dags/example_setup_teardown_taskflow.py
[2025-01-23T12:11:10.600+0000] {logging_mixin.py:151} INFO - [2025-01-23T12:11:10.600+0000] {dag.py:2907} INFO - Sync 1 DAGs
[2025-01-23T12:11:10.616+0000] {logging_mixin.py:151} INFO - [2025-01-23T12:11:10.615+0000] {dag.py:3677} INFO - Setting next_dagrun for example_setup_teardown_taskflow to 2025-01-22T12:11:10.615794+00:00, run_after=2025-01-23T12:11:10.615794+00:00
[2025-01-23T12:11:10.631+0000] {processor.py:179} INFO - Processing /home/airflow/.local/lib/python3.8/site-packages/airflow/example_dags/example_setup_teardown_taskflow.py took 0.059 seconds
