[2025-01-23T12:07:03.803+0000] {processor.py:157} INFO - Started process (PID=233) to work on /home/airflow/.local/lib/python3.8/site-packages/airflow/example_dags/example_kubernetes_executor.py
[2025-01-23T12:07:03.804+0000] {processor.py:829} INFO - Processing file /home/airflow/.local/lib/python3.8/site-packages/airflow/example_dags/example_kubernetes_executor.py for tasks to queue
[2025-01-23T12:07:03.804+0000] {logging_mixin.py:151} INFO - [2025-01-23T12:07:03.804+0000] {dagbag.py:539} INFO - Filling up the DagBag from /home/airflow/.local/lib/python3.8/site-packages/airflow/example_dags/example_kubernetes_executor.py
[2025-01-23T12:07:04.919+0000] {processor.py:839} INFO - DAG(s) dict_keys(['example_kubernetes_executor']) retrieved from /home/airflow/.local/lib/python3.8/site-packages/airflow/example_dags/example_kubernetes_executor.py
[2025-01-23T12:07:04.930+0000] {logging_mixin.py:151} INFO - [2025-01-23T12:07:04.929+0000] {dag.py:2907} INFO - Sync 1 DAGs
[2025-01-23T12:07:04.944+0000] {logging_mixin.py:151} INFO - [2025-01-23T12:07:04.944+0000] {dag.py:3677} INFO - Setting next_dagrun for example_kubernetes_executor to None, run_after=None
[2025-01-23T12:07:04.963+0000] {processor.py:179} INFO - Processing /home/airflow/.local/lib/python3.8/site-packages/airflow/example_dags/example_kubernetes_executor.py took 1.162 seconds
[2025-01-23T12:07:35.029+0000] {processor.py:157} INFO - Started process (PID=477) to work on /home/airflow/.local/lib/python3.8/site-packages/airflow/example_dags/example_kubernetes_executor.py
[2025-01-23T12:07:35.032+0000] {processor.py:829} INFO - Processing file /home/airflow/.local/lib/python3.8/site-packages/airflow/example_dags/example_kubernetes_executor.py for tasks to queue
[2025-01-23T12:07:35.032+0000] {logging_mixin.py:151} INFO - [2025-01-23T12:07:35.032+0000] {dagbag.py:539} INFO - Filling up the DagBag from /home/airflow/.local/lib/python3.8/site-packages/airflow/example_dags/example_kubernetes_executor.py
[2025-01-23T12:07:35.274+0000] {processor.py:839} INFO - DAG(s) dict_keys(['example_kubernetes_executor']) retrieved from /home/airflow/.local/lib/python3.8/site-packages/airflow/example_dags/example_kubernetes_executor.py
[2025-01-23T12:07:35.303+0000] {logging_mixin.py:151} INFO - [2025-01-23T12:07:35.303+0000] {dag.py:2907} INFO - Sync 1 DAGs
[2025-01-23T12:07:35.310+0000] {logging_mixin.py:151} INFO - [2025-01-23T12:07:35.310+0000] {dag.py:3677} INFO - Setting next_dagrun for example_kubernetes_executor to None, run_after=None
[2025-01-23T12:07:35.323+0000] {processor.py:179} INFO - Processing /home/airflow/.local/lib/python3.8/site-packages/airflow/example_dags/example_kubernetes_executor.py took 0.296 seconds
[2025-01-23T12:08:05.636+0000] {processor.py:157} INFO - Started process (PID=720) to work on /home/airflow/.local/lib/python3.8/site-packages/airflow/example_dags/example_kubernetes_executor.py
[2025-01-23T12:08:05.638+0000] {processor.py:829} INFO - Processing file /home/airflow/.local/lib/python3.8/site-packages/airflow/example_dags/example_kubernetes_executor.py for tasks to queue
[2025-01-23T12:08:05.639+0000] {logging_mixin.py:151} INFO - [2025-01-23T12:08:05.639+0000] {dagbag.py:539} INFO - Filling up the DagBag from /home/airflow/.local/lib/python3.8/site-packages/airflow/example_dags/example_kubernetes_executor.py
[2025-01-23T12:08:05.774+0000] {processor.py:839} INFO - DAG(s) dict_keys(['example_kubernetes_executor']) retrieved from /home/airflow/.local/lib/python3.8/site-packages/airflow/example_dags/example_kubernetes_executor.py
[2025-01-23T12:08:05.795+0000] {logging_mixin.py:151} INFO - [2025-01-23T12:08:05.794+0000] {dag.py:2907} INFO - Sync 1 DAGs
[2025-01-23T12:08:05.803+0000] {logging_mixin.py:151} INFO - [2025-01-23T12:08:05.803+0000] {dag.py:3677} INFO - Setting next_dagrun for example_kubernetes_executor to None, run_after=None
[2025-01-23T12:08:05.817+0000] {processor.py:179} INFO - Processing /home/airflow/.local/lib/python3.8/site-packages/airflow/example_dags/example_kubernetes_executor.py took 0.184 seconds
[2025-01-23T12:08:36.620+0000] {processor.py:157} INFO - Started process (PID=971) to work on /home/airflow/.local/lib/python3.8/site-packages/airflow/example_dags/example_kubernetes_executor.py
[2025-01-23T12:08:36.623+0000] {processor.py:829} INFO - Processing file /home/airflow/.local/lib/python3.8/site-packages/airflow/example_dags/example_kubernetes_executor.py for tasks to queue
[2025-01-23T12:08:36.624+0000] {logging_mixin.py:151} INFO - [2025-01-23T12:08:36.623+0000] {dagbag.py:539} INFO - Filling up the DagBag from /home/airflow/.local/lib/python3.8/site-packages/airflow/example_dags/example_kubernetes_executor.py
[2025-01-23T12:08:36.798+0000] {processor.py:839} INFO - DAG(s) dict_keys(['example_kubernetes_executor']) retrieved from /home/airflow/.local/lib/python3.8/site-packages/airflow/example_dags/example_kubernetes_executor.py
[2025-01-23T12:08:36.838+0000] {logging_mixin.py:151} INFO - [2025-01-23T12:08:36.837+0000] {dag.py:2907} INFO - Sync 1 DAGs
[2025-01-23T12:08:36.849+0000] {logging_mixin.py:151} INFO - [2025-01-23T12:08:36.849+0000] {dag.py:3677} INFO - Setting next_dagrun for example_kubernetes_executor to None, run_after=None
[2025-01-23T12:08:36.870+0000] {processor.py:179} INFO - Processing /home/airflow/.local/lib/python3.8/site-packages/airflow/example_dags/example_kubernetes_executor.py took 0.252 seconds
[2025-01-23T12:09:07.785+0000] {processor.py:157} INFO - Started process (PID=1214) to work on /home/airflow/.local/lib/python3.8/site-packages/airflow/example_dags/example_kubernetes_executor.py
[2025-01-23T12:09:07.787+0000] {processor.py:829} INFO - Processing file /home/airflow/.local/lib/python3.8/site-packages/airflow/example_dags/example_kubernetes_executor.py for tasks to queue
[2025-01-23T12:09:07.788+0000] {logging_mixin.py:151} INFO - [2025-01-23T12:09:07.788+0000] {dagbag.py:539} INFO - Filling up the DagBag from /home/airflow/.local/lib/python3.8/site-packages/airflow/example_dags/example_kubernetes_executor.py
[2025-01-23T12:09:07.960+0000] {processor.py:839} INFO - DAG(s) dict_keys(['example_kubernetes_executor']) retrieved from /home/airflow/.local/lib/python3.8/site-packages/airflow/example_dags/example_kubernetes_executor.py
[2025-01-23T12:09:07.996+0000] {logging_mixin.py:151} INFO - [2025-01-23T12:09:07.995+0000] {dag.py:2907} INFO - Sync 1 DAGs
[2025-01-23T12:09:08.007+0000] {logging_mixin.py:151} INFO - [2025-01-23T12:09:08.007+0000] {dag.py:3677} INFO - Setting next_dagrun for example_kubernetes_executor to None, run_after=None
[2025-01-23T12:09:08.029+0000] {processor.py:179} INFO - Processing /home/airflow/.local/lib/python3.8/site-packages/airflow/example_dags/example_kubernetes_executor.py took 0.246 seconds
[2025-01-23T12:09:38.089+0000] {processor.py:157} INFO - Started process (PID=1457) to work on /home/airflow/.local/lib/python3.8/site-packages/airflow/example_dags/example_kubernetes_executor.py
[2025-01-23T12:09:38.091+0000] {processor.py:829} INFO - Processing file /home/airflow/.local/lib/python3.8/site-packages/airflow/example_dags/example_kubernetes_executor.py for tasks to queue
[2025-01-23T12:09:38.091+0000] {logging_mixin.py:151} INFO - [2025-01-23T12:09:38.091+0000] {dagbag.py:539} INFO - Filling up the DagBag from /home/airflow/.local/lib/python3.8/site-packages/airflow/example_dags/example_kubernetes_executor.py
[2025-01-23T12:09:38.225+0000] {processor.py:839} INFO - DAG(s) dict_keys(['example_kubernetes_executor']) retrieved from /home/airflow/.local/lib/python3.8/site-packages/airflow/example_dags/example_kubernetes_executor.py
[2025-01-23T12:09:38.248+0000] {logging_mixin.py:151} INFO - [2025-01-23T12:09:38.248+0000] {dag.py:2907} INFO - Sync 1 DAGs
[2025-01-23T12:09:38.255+0000] {logging_mixin.py:151} INFO - [2025-01-23T12:09:38.255+0000] {dag.py:3677} INFO - Setting next_dagrun for example_kubernetes_executor to None, run_after=None
[2025-01-23T12:09:38.270+0000] {processor.py:179} INFO - Processing /home/airflow/.local/lib/python3.8/site-packages/airflow/example_dags/example_kubernetes_executor.py took 0.184 seconds
[2025-01-23T12:10:09.192+0000] {processor.py:157} INFO - Started process (PID=1700) to work on /home/airflow/.local/lib/python3.8/site-packages/airflow/example_dags/example_kubernetes_executor.py
[2025-01-23T12:10:09.197+0000] {processor.py:829} INFO - Processing file /home/airflow/.local/lib/python3.8/site-packages/airflow/example_dags/example_kubernetes_executor.py for tasks to queue
[2025-01-23T12:10:09.198+0000] {logging_mixin.py:151} INFO - [2025-01-23T12:10:09.197+0000] {dagbag.py:539} INFO - Filling up the DagBag from /home/airflow/.local/lib/python3.8/site-packages/airflow/example_dags/example_kubernetes_executor.py
[2025-01-23T12:10:09.356+0000] {processor.py:839} INFO - DAG(s) dict_keys(['example_kubernetes_executor']) retrieved from /home/airflow/.local/lib/python3.8/site-packages/airflow/example_dags/example_kubernetes_executor.py
[2025-01-23T12:10:09.382+0000] {logging_mixin.py:151} INFO - [2025-01-23T12:10:09.382+0000] {dag.py:2907} INFO - Sync 1 DAGs
[2025-01-23T12:10:09.394+0000] {logging_mixin.py:151} INFO - [2025-01-23T12:10:09.394+0000] {dag.py:3677} INFO - Setting next_dagrun for example_kubernetes_executor to None, run_after=None
[2025-01-23T12:10:09.416+0000] {processor.py:179} INFO - Processing /home/airflow/.local/lib/python3.8/site-packages/airflow/example_dags/example_kubernetes_executor.py took 0.226 seconds
[2025-01-23T12:10:39.547+0000] {processor.py:157} INFO - Started process (PID=1943) to work on /home/airflow/.local/lib/python3.8/site-packages/airflow/example_dags/example_kubernetes_executor.py
[2025-01-23T12:10:39.550+0000] {processor.py:829} INFO - Processing file /home/airflow/.local/lib/python3.8/site-packages/airflow/example_dags/example_kubernetes_executor.py for tasks to queue
[2025-01-23T12:10:39.551+0000] {logging_mixin.py:151} INFO - [2025-01-23T12:10:39.551+0000] {dagbag.py:539} INFO - Filling up the DagBag from /home/airflow/.local/lib/python3.8/site-packages/airflow/example_dags/example_kubernetes_executor.py
[2025-01-23T12:10:39.729+0000] {processor.py:839} INFO - DAG(s) dict_keys(['example_kubernetes_executor']) retrieved from /home/airflow/.local/lib/python3.8/site-packages/airflow/example_dags/example_kubernetes_executor.py
[2025-01-23T12:10:39.756+0000] {logging_mixin.py:151} INFO - [2025-01-23T12:10:39.756+0000] {dag.py:2907} INFO - Sync 1 DAGs
[2025-01-23T12:10:39.767+0000] {logging_mixin.py:151} INFO - [2025-01-23T12:10:39.767+0000] {dag.py:3677} INFO - Setting next_dagrun for example_kubernetes_executor to None, run_after=None
[2025-01-23T12:10:39.787+0000] {processor.py:179} INFO - Processing /home/airflow/.local/lib/python3.8/site-packages/airflow/example_dags/example_kubernetes_executor.py took 0.242 seconds
[2025-01-23T12:11:10.225+0000] {processor.py:157} INFO - Started process (PID=2186) to work on /home/airflow/.local/lib/python3.8/site-packages/airflow/example_dags/example_kubernetes_executor.py
[2025-01-23T12:11:10.227+0000] {processor.py:829} INFO - Processing file /home/airflow/.local/lib/python3.8/site-packages/airflow/example_dags/example_kubernetes_executor.py for tasks to queue
[2025-01-23T12:11:10.227+0000] {logging_mixin.py:151} INFO - [2025-01-23T12:11:10.227+0000] {dagbag.py:539} INFO - Filling up the DagBag from /home/airflow/.local/lib/python3.8/site-packages/airflow/example_dags/example_kubernetes_executor.py
[2025-01-23T12:11:10.371+0000] {processor.py:839} INFO - DAG(s) dict_keys(['example_kubernetes_executor']) retrieved from /home/airflow/.local/lib/python3.8/site-packages/airflow/example_dags/example_kubernetes_executor.py
[2025-01-23T12:11:10.397+0000] {logging_mixin.py:151} INFO - [2025-01-23T12:11:10.397+0000] {dag.py:2907} INFO - Sync 1 DAGs
[2025-01-23T12:11:10.405+0000] {logging_mixin.py:151} INFO - [2025-01-23T12:11:10.405+0000] {dag.py:3677} INFO - Setting next_dagrun for example_kubernetes_executor to None, run_after=None
[2025-01-23T12:11:10.422+0000] {processor.py:179} INFO - Processing /home/airflow/.local/lib/python3.8/site-packages/airflow/example_dags/example_kubernetes_executor.py took 0.199 seconds
