[2025-01-23T12:07:06.385+0000] {processor.py:157} INFO - Started process (PID=389) to work on /home/airflow/.local/lib/python3.8/site-packages/airflow/example_dags/example_task_group.py
[2025-01-23T12:07:06.386+0000] {processor.py:829} INFO - Processing file /home/airflow/.local/lib/python3.8/site-packages/airflow/example_dags/example_task_group.py for tasks to queue
[2025-01-23T12:07:06.386+0000] {logging_mixin.py:151} INFO - [2025-01-23T12:07:06.386+0000] {dagbag.py:539} INFO - Filling up the DagBag from /home/airflow/.local/lib/python3.8/site-packages/airflow/example_dags/example_task_group.py
[2025-01-23T12:07:06.393+0000] {processor.py:839} INFO - DAG(s) dict_keys(['example_task_group']) retrieved from /home/airflow/.local/lib/python3.8/site-packages/airflow/example_dags/example_task_group.py
[2025-01-23T12:07:06.406+0000] {logging_mixin.py:151} INFO - [2025-01-23T12:07:06.406+0000] {dag.py:2907} INFO - Sync 1 DAGs
[2025-01-23T12:07:06.431+0000] {logging_mixin.py:151} INFO - [2025-01-23T12:07:06.431+0000] {dag.py:3677} INFO - Setting next_dagrun for example_task_group to 2025-01-22T12:07:06.431425+00:00, run_after=2025-01-23T12:07:06.431425+00:00
[2025-01-23T12:07:06.452+0000] {processor.py:179} INFO - Processing /home/airflow/.local/lib/python3.8/site-packages/airflow/example_dags/example_task_group.py took 0.070 seconds
[2025-01-23T12:07:37.173+0000] {processor.py:157} INFO - Started process (PID=632) to work on /home/airflow/.local/lib/python3.8/site-packages/airflow/example_dags/example_task_group.py
[2025-01-23T12:07:37.174+0000] {processor.py:829} INFO - Processing file /home/airflow/.local/lib/python3.8/site-packages/airflow/example_dags/example_task_group.py for tasks to queue
[2025-01-23T12:07:37.175+0000] {logging_mixin.py:151} INFO - [2025-01-23T12:07:37.174+0000] {dagbag.py:539} INFO - Filling up the DagBag from /home/airflow/.local/lib/python3.8/site-packages/airflow/example_dags/example_task_group.py
[2025-01-23T12:07:37.180+0000] {processor.py:839} INFO - DAG(s) dict_keys(['example_task_group']) retrieved from /home/airflow/.local/lib/python3.8/site-packages/airflow/example_dags/example_task_group.py
[2025-01-23T12:07:37.195+0000] {logging_mixin.py:151} INFO - [2025-01-23T12:07:37.195+0000] {dag.py:2907} INFO - Sync 1 DAGs
[2025-01-23T12:07:37.296+0000] {logging_mixin.py:151} INFO - [2025-01-23T12:07:37.295+0000] {dag.py:3677} INFO - Setting next_dagrun for example_task_group to 2025-01-22T12:07:37.295645+00:00, run_after=2025-01-23T12:07:37.295645+00:00
[2025-01-23T12:07:37.314+0000] {processor.py:179} INFO - Processing /home/airflow/.local/lib/python3.8/site-packages/airflow/example_dags/example_task_group.py took 0.144 seconds
[2025-01-23T12:08:07.907+0000] {processor.py:157} INFO - Started process (PID=877) to work on /home/airflow/.local/lib/python3.8/site-packages/airflow/example_dags/example_task_group.py
[2025-01-23T12:08:07.908+0000] {processor.py:829} INFO - Processing file /home/airflow/.local/lib/python3.8/site-packages/airflow/example_dags/example_task_group.py for tasks to queue
[2025-01-23T12:08:07.908+0000] {logging_mixin.py:151} INFO - [2025-01-23T12:08:07.908+0000] {dagbag.py:539} INFO - Filling up the DagBag from /home/airflow/.local/lib/python3.8/site-packages/airflow/example_dags/example_task_group.py
[2025-01-23T12:08:07.912+0000] {processor.py:839} INFO - DAG(s) dict_keys(['example_task_group']) retrieved from /home/airflow/.local/lib/python3.8/site-packages/airflow/example_dags/example_task_group.py
[2025-01-23T12:08:07.925+0000] {logging_mixin.py:151} INFO - [2025-01-23T12:08:07.925+0000] {dag.py:2907} INFO - Sync 1 DAGs
[2025-01-23T12:08:07.938+0000] {logging_mixin.py:151} INFO - [2025-01-23T12:08:07.938+0000] {dag.py:3677} INFO - Setting next_dagrun for example_task_group to 2025-01-22T12:08:07.938335+00:00, run_after=2025-01-23T12:08:07.938335+00:00
[2025-01-23T12:08:07.949+0000] {processor.py:179} INFO - Processing /home/airflow/.local/lib/python3.8/site-packages/airflow/example_dags/example_task_group.py took 0.044 seconds
[2025-01-23T12:08:38.091+0000] {processor.py:157} INFO - Started process (PID=1119) to work on /home/airflow/.local/lib/python3.8/site-packages/airflow/example_dags/example_task_group.py
[2025-01-23T12:08:38.092+0000] {processor.py:829} INFO - Processing file /home/airflow/.local/lib/python3.8/site-packages/airflow/example_dags/example_task_group.py for tasks to queue
[2025-01-23T12:08:38.092+0000] {logging_mixin.py:151} INFO - [2025-01-23T12:08:38.092+0000] {dagbag.py:539} INFO - Filling up the DagBag from /home/airflow/.local/lib/python3.8/site-packages/airflow/example_dags/example_task_group.py
[2025-01-23T12:08:38.098+0000] {processor.py:839} INFO - DAG(s) dict_keys(['example_task_group']) retrieved from /home/airflow/.local/lib/python3.8/site-packages/airflow/example_dags/example_task_group.py
[2025-01-23T12:08:38.113+0000] {logging_mixin.py:151} INFO - [2025-01-23T12:08:38.113+0000] {dag.py:2907} INFO - Sync 1 DAGs
[2025-01-23T12:08:38.127+0000] {logging_mixin.py:151} INFO - [2025-01-23T12:08:38.127+0000] {dag.py:3677} INFO - Setting next_dagrun for example_task_group to 2025-01-22T12:08:38.126985+00:00, run_after=2025-01-23T12:08:38.126985+00:00
[2025-01-23T12:08:38.142+0000] {processor.py:179} INFO - Processing /home/airflow/.local/lib/python3.8/site-packages/airflow/example_dags/example_task_group.py took 0.053 seconds
[2025-01-23T12:09:09.308+0000] {processor.py:157} INFO - Started process (PID=1362) to work on /home/airflow/.local/lib/python3.8/site-packages/airflow/example_dags/example_task_group.py
[2025-01-23T12:09:09.309+0000] {processor.py:829} INFO - Processing file /home/airflow/.local/lib/python3.8/site-packages/airflow/example_dags/example_task_group.py for tasks to queue
[2025-01-23T12:09:09.310+0000] {logging_mixin.py:151} INFO - [2025-01-23T12:09:09.309+0000] {dagbag.py:539} INFO - Filling up the DagBag from /home/airflow/.local/lib/python3.8/site-packages/airflow/example_dags/example_task_group.py
[2025-01-23T12:09:09.315+0000] {processor.py:839} INFO - DAG(s) dict_keys(['example_task_group']) retrieved from /home/airflow/.local/lib/python3.8/site-packages/airflow/example_dags/example_task_group.py
[2025-01-23T12:09:09.333+0000] {logging_mixin.py:151} INFO - [2025-01-23T12:09:09.333+0000] {dag.py:2907} INFO - Sync 1 DAGs
[2025-01-23T12:09:09.349+0000] {logging_mixin.py:151} INFO - [2025-01-23T12:09:09.349+0000] {dag.py:3677} INFO - Setting next_dagrun for example_task_group to 2025-01-22T12:09:09.349310+00:00, run_after=2025-01-23T12:09:09.349310+00:00
[2025-01-23T12:09:09.366+0000] {processor.py:179} INFO - Processing /home/airflow/.local/lib/python3.8/site-packages/airflow/example_dags/example_task_group.py took 0.062 seconds
[2025-01-23T12:09:39.396+0000] {processor.py:157} INFO - Started process (PID=1607) to work on /home/airflow/.local/lib/python3.8/site-packages/airflow/example_dags/example_task_group.py
[2025-01-23T12:09:39.397+0000] {processor.py:829} INFO - Processing file /home/airflow/.local/lib/python3.8/site-packages/airflow/example_dags/example_task_group.py for tasks to queue
[2025-01-23T12:09:39.397+0000] {logging_mixin.py:151} INFO - [2025-01-23T12:09:39.397+0000] {dagbag.py:539} INFO - Filling up the DagBag from /home/airflow/.local/lib/python3.8/site-packages/airflow/example_dags/example_task_group.py
[2025-01-23T12:09:39.402+0000] {processor.py:839} INFO - DAG(s) dict_keys(['example_task_group']) retrieved from /home/airflow/.local/lib/python3.8/site-packages/airflow/example_dags/example_task_group.py
[2025-01-23T12:09:39.416+0000] {logging_mixin.py:151} INFO - [2025-01-23T12:09:39.416+0000] {dag.py:2907} INFO - Sync 1 DAGs
[2025-01-23T12:09:39.430+0000] {logging_mixin.py:151} INFO - [2025-01-23T12:09:39.430+0000] {dag.py:3677} INFO - Setting next_dagrun for example_task_group to 2025-01-22T12:09:39.430180+00:00, run_after=2025-01-23T12:09:39.430180+00:00
[2025-01-23T12:09:39.443+0000] {processor.py:179} INFO - Processing /home/airflow/.local/lib/python3.8/site-packages/airflow/example_dags/example_task_group.py took 0.049 seconds
[2025-01-23T12:10:10.799+0000] {processor.py:157} INFO - Started process (PID=1850) to work on /home/airflow/.local/lib/python3.8/site-packages/airflow/example_dags/example_task_group.py
[2025-01-23T12:10:10.800+0000] {processor.py:829} INFO - Processing file /home/airflow/.local/lib/python3.8/site-packages/airflow/example_dags/example_task_group.py for tasks to queue
[2025-01-23T12:10:10.801+0000] {logging_mixin.py:151} INFO - [2025-01-23T12:10:10.800+0000] {dagbag.py:539} INFO - Filling up the DagBag from /home/airflow/.local/lib/python3.8/site-packages/airflow/example_dags/example_task_group.py
[2025-01-23T12:10:10.805+0000] {processor.py:839} INFO - DAG(s) dict_keys(['example_task_group']) retrieved from /home/airflow/.local/lib/python3.8/site-packages/airflow/example_dags/example_task_group.py
[2025-01-23T12:10:10.819+0000] {logging_mixin.py:151} INFO - [2025-01-23T12:10:10.819+0000] {dag.py:2907} INFO - Sync 1 DAGs
[2025-01-23T12:10:10.832+0000] {logging_mixin.py:151} INFO - [2025-01-23T12:10:10.832+0000] {dag.py:3677} INFO - Setting next_dagrun for example_task_group to 2025-01-22T12:10:10.832519+00:00, run_after=2025-01-23T12:10:10.832519+00:00
[2025-01-23T12:10:10.845+0000] {processor.py:179} INFO - Processing /home/airflow/.local/lib/python3.8/site-packages/airflow/example_dags/example_task_group.py took 0.048 seconds
[2025-01-23T12:10:41.389+0000] {processor.py:157} INFO - Started process (PID=2090) to work on /home/airflow/.local/lib/python3.8/site-packages/airflow/example_dags/example_task_group.py
[2025-01-23T12:10:41.390+0000] {processor.py:829} INFO - Processing file /home/airflow/.local/lib/python3.8/site-packages/airflow/example_dags/example_task_group.py for tasks to queue
[2025-01-23T12:10:41.390+0000] {logging_mixin.py:151} INFO - [2025-01-23T12:10:41.390+0000] {dagbag.py:539} INFO - Filling up the DagBag from /home/airflow/.local/lib/python3.8/site-packages/airflow/example_dags/example_task_group.py
[2025-01-23T12:10:41.397+0000] {processor.py:839} INFO - DAG(s) dict_keys(['example_task_group']) retrieved from /home/airflow/.local/lib/python3.8/site-packages/airflow/example_dags/example_task_group.py
[2025-01-23T12:10:41.416+0000] {logging_mixin.py:151} INFO - [2025-01-23T12:10:41.416+0000] {dag.py:2907} INFO - Sync 1 DAGs
[2025-01-23T12:10:41.434+0000] {logging_mixin.py:151} INFO - [2025-01-23T12:10:41.434+0000] {dag.py:3677} INFO - Setting next_dagrun for example_task_group to 2025-01-22T12:10:41.433946+00:00, run_after=2025-01-23T12:10:41.433946+00:00
[2025-01-23T12:10:41.452+0000] {processor.py:179} INFO - Processing /home/airflow/.local/lib/python3.8/site-packages/airflow/example_dags/example_task_group.py took 0.065 seconds
[2025-01-23T12:11:11.729+0000] {processor.py:157} INFO - Started process (PID=2333) to work on /home/airflow/.local/lib/python3.8/site-packages/airflow/example_dags/example_task_group.py
[2025-01-23T12:11:11.730+0000] {processor.py:829} INFO - Processing file /home/airflow/.local/lib/python3.8/site-packages/airflow/example_dags/example_task_group.py for tasks to queue
[2025-01-23T12:11:11.731+0000] {logging_mixin.py:151} INFO - [2025-01-23T12:11:11.731+0000] {dagbag.py:539} INFO - Filling up the DagBag from /home/airflow/.local/lib/python3.8/site-packages/airflow/example_dags/example_task_group.py
[2025-01-23T12:11:11.736+0000] {processor.py:839} INFO - DAG(s) dict_keys(['example_task_group']) retrieved from /home/airflow/.local/lib/python3.8/site-packages/airflow/example_dags/example_task_group.py
[2025-01-23T12:11:11.754+0000] {logging_mixin.py:151} INFO - [2025-01-23T12:11:11.754+0000] {dag.py:2907} INFO - Sync 1 DAGs
[2025-01-23T12:11:11.771+0000] {logging_mixin.py:151} INFO - [2025-01-23T12:11:11.770+0000] {dag.py:3677} INFO - Setting next_dagrun for example_task_group to 2025-01-22T12:11:11.770777+00:00, run_after=2025-01-23T12:11:11.770777+00:00
[2025-01-23T12:11:11.789+0000] {processor.py:179} INFO - Processing /home/airflow/.local/lib/python3.8/site-packages/airflow/example_dags/example_task_group.py took 0.062 seconds
