[2025-01-23T12:07:03.584+0000] {processor.py:157} INFO - Started process (PID=213) to work on /home/airflow/.local/lib/python3.8/site-packages/airflow/example_dags/example_nested_branch_dag.py
[2025-01-23T12:07:03.585+0000] {processor.py:829} INFO - Processing file /home/airflow/.local/lib/python3.8/site-packages/airflow/example_dags/example_nested_branch_dag.py for tasks to queue
[2025-01-23T12:07:03.586+0000] {logging_mixin.py:151} INFO - [2025-01-23T12:07:03.585+0000] {dagbag.py:539} INFO - Filling up the DagBag from /home/airflow/.local/lib/python3.8/site-packages/airflow/example_dags/example_nested_branch_dag.py
[2025-01-23T12:07:03.604+0000] {processor.py:839} INFO - DAG(s) dict_keys(['example_nested_branch_dag']) retrieved from /home/airflow/.local/lib/python3.8/site-packages/airflow/example_dags/example_nested_branch_dag.py
[2025-01-23T12:07:03.625+0000] {logging_mixin.py:151} INFO - [2025-01-23T12:07:03.625+0000] {dag.py:2907} INFO - Sync 1 DAGs
[2025-01-23T12:07:03.648+0000] {logging_mixin.py:151} INFO - [2025-01-23T12:07:03.647+0000] {dag.py:3677} INFO - Setting next_dagrun for example_nested_branch_dag to 2025-01-22T00:00:00+00:00, run_after=2025-01-23T00:00:00+00:00
[2025-01-23T12:07:03.671+0000] {processor.py:179} INFO - Processing /home/airflow/.local/lib/python3.8/site-packages/airflow/example_dags/example_nested_branch_dag.py took 0.092 seconds
[2025-01-23T12:07:33.890+0000] {processor.py:157} INFO - Started process (PID=454) to work on /home/airflow/.local/lib/python3.8/site-packages/airflow/example_dags/example_nested_branch_dag.py
[2025-01-23T12:07:33.891+0000] {processor.py:829} INFO - Processing file /home/airflow/.local/lib/python3.8/site-packages/airflow/example_dags/example_nested_branch_dag.py for tasks to queue
[2025-01-23T12:07:33.892+0000] {logging_mixin.py:151} INFO - [2025-01-23T12:07:33.891+0000] {dagbag.py:539} INFO - Filling up the DagBag from /home/airflow/.local/lib/python3.8/site-packages/airflow/example_dags/example_nested_branch_dag.py
[2025-01-23T12:07:33.899+0000] {processor.py:839} INFO - DAG(s) dict_keys(['example_nested_branch_dag']) retrieved from /home/airflow/.local/lib/python3.8/site-packages/airflow/example_dags/example_nested_branch_dag.py
[2025-01-23T12:07:33.913+0000] {logging_mixin.py:151} INFO - [2025-01-23T12:07:33.913+0000] {dag.py:2907} INFO - Sync 1 DAGs
[2025-01-23T12:07:33.928+0000] {logging_mixin.py:151} INFO - [2025-01-23T12:07:33.928+0000] {dag.py:3677} INFO - Setting next_dagrun for example_nested_branch_dag to 2025-01-22T00:00:00+00:00, run_after=2025-01-23T00:00:00+00:00
[2025-01-23T12:07:33.944+0000] {processor.py:179} INFO - Processing /home/airflow/.local/lib/python3.8/site-packages/airflow/example_dags/example_nested_branch_dag.py took 0.056 seconds
[2025-01-23T12:08:04.239+0000] {processor.py:157} INFO - Started process (PID=698) to work on /home/airflow/.local/lib/python3.8/site-packages/airflow/example_dags/example_nested_branch_dag.py
[2025-01-23T12:08:04.241+0000] {processor.py:829} INFO - Processing file /home/airflow/.local/lib/python3.8/site-packages/airflow/example_dags/example_nested_branch_dag.py for tasks to queue
[2025-01-23T12:08:04.242+0000] {logging_mixin.py:151} INFO - [2025-01-23T12:08:04.241+0000] {dagbag.py:539} INFO - Filling up the DagBag from /home/airflow/.local/lib/python3.8/site-packages/airflow/example_dags/example_nested_branch_dag.py
[2025-01-23T12:08:04.249+0000] {processor.py:839} INFO - DAG(s) dict_keys(['example_nested_branch_dag']) retrieved from /home/airflow/.local/lib/python3.8/site-packages/airflow/example_dags/example_nested_branch_dag.py
[2025-01-23T12:08:04.347+0000] {logging_mixin.py:151} INFO - [2025-01-23T12:08:04.347+0000] {dag.py:2907} INFO - Sync 1 DAGs
[2025-01-23T12:08:04.361+0000] {logging_mixin.py:151} INFO - [2025-01-23T12:08:04.361+0000] {dag.py:3677} INFO - Setting next_dagrun for example_nested_branch_dag to 2025-01-22T00:00:00+00:00, run_after=2025-01-23T00:00:00+00:00
[2025-01-23T12:08:04.379+0000] {processor.py:179} INFO - Processing /home/airflow/.local/lib/python3.8/site-packages/airflow/example_dags/example_nested_branch_dag.py took 0.141 seconds
[2025-01-23T12:08:34.535+0000] {processor.py:157} INFO - Started process (PID=943) to work on /home/airflow/.local/lib/python3.8/site-packages/airflow/example_dags/example_nested_branch_dag.py
[2025-01-23T12:08:34.536+0000] {processor.py:829} INFO - Processing file /home/airflow/.local/lib/python3.8/site-packages/airflow/example_dags/example_nested_branch_dag.py for tasks to queue
[2025-01-23T12:08:34.537+0000] {logging_mixin.py:151} INFO - [2025-01-23T12:08:34.537+0000] {dagbag.py:539} INFO - Filling up the DagBag from /home/airflow/.local/lib/python3.8/site-packages/airflow/example_dags/example_nested_branch_dag.py
[2025-01-23T12:08:34.543+0000] {processor.py:839} INFO - DAG(s) dict_keys(['example_nested_branch_dag']) retrieved from /home/airflow/.local/lib/python3.8/site-packages/airflow/example_dags/example_nested_branch_dag.py
[2025-01-23T12:08:34.558+0000] {logging_mixin.py:151} INFO - [2025-01-23T12:08:34.558+0000] {dag.py:2907} INFO - Sync 1 DAGs
[2025-01-23T12:08:34.573+0000] {logging_mixin.py:151} INFO - [2025-01-23T12:08:34.573+0000] {dag.py:3677} INFO - Setting next_dagrun for example_nested_branch_dag to 2025-01-22T00:00:00+00:00, run_after=2025-01-23T00:00:00+00:00
[2025-01-23T12:08:34.587+0000] {processor.py:179} INFO - Processing /home/airflow/.local/lib/python3.8/site-packages/airflow/example_dags/example_nested_branch_dag.py took 0.053 seconds
[2025-01-23T12:09:04.613+0000] {processor.py:157} INFO - Started process (PID=1185) to work on /home/airflow/.local/lib/python3.8/site-packages/airflow/example_dags/example_nested_branch_dag.py
[2025-01-23T12:09:04.614+0000] {processor.py:829} INFO - Processing file /home/airflow/.local/lib/python3.8/site-packages/airflow/example_dags/example_nested_branch_dag.py for tasks to queue
[2025-01-23T12:09:04.615+0000] {logging_mixin.py:151} INFO - [2025-01-23T12:09:04.615+0000] {dagbag.py:539} INFO - Filling up the DagBag from /home/airflow/.local/lib/python3.8/site-packages/airflow/example_dags/example_nested_branch_dag.py
[2025-01-23T12:09:04.622+0000] {processor.py:839} INFO - DAG(s) dict_keys(['example_nested_branch_dag']) retrieved from /home/airflow/.local/lib/python3.8/site-packages/airflow/example_dags/example_nested_branch_dag.py
[2025-01-23T12:09:04.641+0000] {logging_mixin.py:151} INFO - [2025-01-23T12:09:04.641+0000] {dag.py:2907} INFO - Sync 1 DAGs
[2025-01-23T12:09:04.656+0000] {logging_mixin.py:151} INFO - [2025-01-23T12:09:04.655+0000] {dag.py:3677} INFO - Setting next_dagrun for example_nested_branch_dag to 2025-01-22T00:00:00+00:00, run_after=2025-01-23T00:00:00+00:00
[2025-01-23T12:09:04.672+0000] {processor.py:179} INFO - Processing /home/airflow/.local/lib/python3.8/site-packages/airflow/example_dags/example_nested_branch_dag.py took 0.061 seconds
[2025-01-23T12:09:34.898+0000] {processor.py:157} INFO - Started process (PID=1428) to work on /home/airflow/.local/lib/python3.8/site-packages/airflow/example_dags/example_nested_branch_dag.py
[2025-01-23T12:09:34.899+0000] {processor.py:829} INFO - Processing file /home/airflow/.local/lib/python3.8/site-packages/airflow/example_dags/example_nested_branch_dag.py for tasks to queue
[2025-01-23T12:09:34.900+0000] {logging_mixin.py:151} INFO - [2025-01-23T12:09:34.900+0000] {dagbag.py:539} INFO - Filling up the DagBag from /home/airflow/.local/lib/python3.8/site-packages/airflow/example_dags/example_nested_branch_dag.py
[2025-01-23T12:09:34.906+0000] {processor.py:839} INFO - DAG(s) dict_keys(['example_nested_branch_dag']) retrieved from /home/airflow/.local/lib/python3.8/site-packages/airflow/example_dags/example_nested_branch_dag.py
[2025-01-23T12:09:34.925+0000] {logging_mixin.py:151} INFO - [2025-01-23T12:09:34.925+0000] {dag.py:2907} INFO - Sync 1 DAGs
[2025-01-23T12:09:34.944+0000] {logging_mixin.py:151} INFO - [2025-01-23T12:09:34.943+0000] {dag.py:3677} INFO - Setting next_dagrun for example_nested_branch_dag to 2025-01-22T00:00:00+00:00, run_after=2025-01-23T00:00:00+00:00
[2025-01-23T12:09:34.961+0000] {processor.py:179} INFO - Processing /home/airflow/.local/lib/python3.8/site-packages/airflow/example_dags/example_nested_branch_dag.py took 0.066 seconds
[2025-01-23T12:10:05.030+0000] {processor.py:157} INFO - Started process (PID=1673) to work on /home/airflow/.local/lib/python3.8/site-packages/airflow/example_dags/example_nested_branch_dag.py
[2025-01-23T12:10:05.030+0000] {processor.py:829} INFO - Processing file /home/airflow/.local/lib/python3.8/site-packages/airflow/example_dags/example_nested_branch_dag.py for tasks to queue
[2025-01-23T12:10:05.031+0000] {logging_mixin.py:151} INFO - [2025-01-23T12:10:05.031+0000] {dagbag.py:539} INFO - Filling up the DagBag from /home/airflow/.local/lib/python3.8/site-packages/airflow/example_dags/example_nested_branch_dag.py
[2025-01-23T12:10:05.037+0000] {processor.py:839} INFO - DAG(s) dict_keys(['example_nested_branch_dag']) retrieved from /home/airflow/.local/lib/python3.8/site-packages/airflow/example_dags/example_nested_branch_dag.py
[2025-01-23T12:10:05.051+0000] {logging_mixin.py:151} INFO - [2025-01-23T12:10:05.051+0000] {dag.py:2907} INFO - Sync 1 DAGs
[2025-01-23T12:10:05.065+0000] {logging_mixin.py:151} INFO - [2025-01-23T12:10:05.064+0000] {dag.py:3677} INFO - Setting next_dagrun for example_nested_branch_dag to 2025-01-22T00:00:00+00:00, run_after=2025-01-23T00:00:00+00:00
[2025-01-23T12:10:05.075+0000] {processor.py:179} INFO - Processing /home/airflow/.local/lib/python3.8/site-packages/airflow/example_dags/example_nested_branch_dag.py took 0.047 seconds
[2025-01-23T12:10:35.374+0000] {processor.py:157} INFO - Started process (PID=1914) to work on /home/airflow/.local/lib/python3.8/site-packages/airflow/example_dags/example_nested_branch_dag.py
[2025-01-23T12:10:35.375+0000] {processor.py:829} INFO - Processing file /home/airflow/.local/lib/python3.8/site-packages/airflow/example_dags/example_nested_branch_dag.py for tasks to queue
[2025-01-23T12:10:35.375+0000] {logging_mixin.py:151} INFO - [2025-01-23T12:10:35.375+0000] {dagbag.py:539} INFO - Filling up the DagBag from /home/airflow/.local/lib/python3.8/site-packages/airflow/example_dags/example_nested_branch_dag.py
[2025-01-23T12:10:35.388+0000] {processor.py:839} INFO - DAG(s) dict_keys(['example_nested_branch_dag']) retrieved from /home/airflow/.local/lib/python3.8/site-packages/airflow/example_dags/example_nested_branch_dag.py
[2025-01-23T12:10:35.407+0000] {logging_mixin.py:151} INFO - [2025-01-23T12:10:35.407+0000] {dag.py:2907} INFO - Sync 1 DAGs
[2025-01-23T12:10:35.422+0000] {logging_mixin.py:151} INFO - [2025-01-23T12:10:35.422+0000] {dag.py:3677} INFO - Setting next_dagrun for example_nested_branch_dag to 2025-01-22T00:00:00+00:00, run_after=2025-01-23T00:00:00+00:00
[2025-01-23T12:10:35.437+0000] {processor.py:179} INFO - Processing /home/airflow/.local/lib/python3.8/site-packages/airflow/example_dags/example_nested_branch_dag.py took 0.065 seconds
[2025-01-23T12:11:06.034+0000] {processor.py:157} INFO - Started process (PID=2157) to work on /home/airflow/.local/lib/python3.8/site-packages/airflow/example_dags/example_nested_branch_dag.py
[2025-01-23T12:11:06.035+0000] {processor.py:829} INFO - Processing file /home/airflow/.local/lib/python3.8/site-packages/airflow/example_dags/example_nested_branch_dag.py for tasks to queue
[2025-01-23T12:11:06.036+0000] {logging_mixin.py:151} INFO - [2025-01-23T12:11:06.035+0000] {dagbag.py:539} INFO - Filling up the DagBag from /home/airflow/.local/lib/python3.8/site-packages/airflow/example_dags/example_nested_branch_dag.py
[2025-01-23T12:11:06.043+0000] {processor.py:839} INFO - DAG(s) dict_keys(['example_nested_branch_dag']) retrieved from /home/airflow/.local/lib/python3.8/site-packages/airflow/example_dags/example_nested_branch_dag.py
[2025-01-23T12:11:06.060+0000] {logging_mixin.py:151} INFO - [2025-01-23T12:11:06.060+0000] {dag.py:2907} INFO - Sync 1 DAGs
[2025-01-23T12:11:06.075+0000] {logging_mixin.py:151} INFO - [2025-01-23T12:11:06.075+0000] {dag.py:3677} INFO - Setting next_dagrun for example_nested_branch_dag to 2025-01-22T00:00:00+00:00, run_after=2025-01-23T00:00:00+00:00
[2025-01-23T12:11:06.090+0000] {processor.py:179} INFO - Processing /home/airflow/.local/lib/python3.8/site-packages/airflow/example_dags/example_nested_branch_dag.py took 0.058 seconds
