[2025-01-23T12:07:03.641+0000] {processor.py:157} INFO - Started process (PID=218) to work on /home/airflow/.local/lib/python3.8/site-packages/airflow/example_dags/example_trigger_target_dag.py
[2025-01-23T12:07:03.641+0000] {processor.py:829} INFO - Processing file /home/airflow/.local/lib/python3.8/site-packages/airflow/example_dags/example_trigger_target_dag.py for tasks to queue
[2025-01-23T12:07:03.642+0000] {logging_mixin.py:151} INFO - [2025-01-23T12:07:03.641+0000] {dagbag.py:539} INFO - Filling up the DagBag from /home/airflow/.local/lib/python3.8/site-packages/airflow/example_dags/example_trigger_target_dag.py
[2025-01-23T12:07:03.647+0000] {processor.py:839} INFO - DAG(s) dict_keys(['example_trigger_target_dag']) retrieved from /home/airflow/.local/lib/python3.8/site-packages/airflow/example_dags/example_trigger_target_dag.py
[2025-01-23T12:07:03.661+0000] {logging_mixin.py:151} INFO - [2025-01-23T12:07:03.661+0000] {dag.py:2907} INFO - Sync 1 DAGs
[2025-01-23T12:07:03.675+0000] {logging_mixin.py:151} INFO - [2025-01-23T12:07:03.675+0000] {dag.py:3677} INFO - Setting next_dagrun for example_trigger_target_dag to None, run_after=None
[2025-01-23T12:07:03.702+0000] {processor.py:179} INFO - Processing /home/airflow/.local/lib/python3.8/site-packages/airflow/example_dags/example_trigger_target_dag.py took 0.063 seconds
[2025-01-23T12:07:33.958+0000] {processor.py:157} INFO - Started process (PID=462) to work on /home/airflow/.local/lib/python3.8/site-packages/airflow/example_dags/example_trigger_target_dag.py
[2025-01-23T12:07:33.959+0000] {processor.py:829} INFO - Processing file /home/airflow/.local/lib/python3.8/site-packages/airflow/example_dags/example_trigger_target_dag.py for tasks to queue
[2025-01-23T12:07:33.959+0000] {logging_mixin.py:151} INFO - [2025-01-23T12:07:33.959+0000] {dagbag.py:539} INFO - Filling up the DagBag from /home/airflow/.local/lib/python3.8/site-packages/airflow/example_dags/example_trigger_target_dag.py
[2025-01-23T12:07:33.963+0000] {processor.py:839} INFO - DAG(s) dict_keys(['example_trigger_target_dag']) retrieved from /home/airflow/.local/lib/python3.8/site-packages/airflow/example_dags/example_trigger_target_dag.py
[2025-01-23T12:07:33.975+0000] {logging_mixin.py:151} INFO - [2025-01-23T12:07:33.975+0000] {dag.py:2907} INFO - Sync 1 DAGs
[2025-01-23T12:07:33.982+0000] {logging_mixin.py:151} INFO - [2025-01-23T12:07:33.982+0000] {dag.py:3677} INFO - Setting next_dagrun for example_trigger_target_dag to None, run_after=None
[2025-01-23T12:07:33.993+0000] {processor.py:179} INFO - Processing /home/airflow/.local/lib/python3.8/site-packages/airflow/example_dags/example_trigger_target_dag.py took 0.037 seconds
[2025-01-23T12:08:04.306+0000] {processor.py:157} INFO - Started process (PID=703) to work on /home/airflow/.local/lib/python3.8/site-packages/airflow/example_dags/example_trigger_target_dag.py
[2025-01-23T12:08:04.307+0000] {processor.py:829} INFO - Processing file /home/airflow/.local/lib/python3.8/site-packages/airflow/example_dags/example_trigger_target_dag.py for tasks to queue
[2025-01-23T12:08:04.308+0000] {logging_mixin.py:151} INFO - [2025-01-23T12:08:04.307+0000] {dagbag.py:539} INFO - Filling up the DagBag from /home/airflow/.local/lib/python3.8/site-packages/airflow/example_dags/example_trigger_target_dag.py
[2025-01-23T12:08:04.313+0000] {processor.py:839} INFO - DAG(s) dict_keys(['example_trigger_target_dag']) retrieved from /home/airflow/.local/lib/python3.8/site-packages/airflow/example_dags/example_trigger_target_dag.py
[2025-01-23T12:08:04.408+0000] {logging_mixin.py:151} INFO - [2025-01-23T12:08:04.408+0000] {dag.py:2907} INFO - Sync 1 DAGs
[2025-01-23T12:08:04.415+0000] {logging_mixin.py:151} INFO - [2025-01-23T12:08:04.415+0000] {dag.py:3677} INFO - Setting next_dagrun for example_trigger_target_dag to None, run_after=None
[2025-01-23T12:08:04.430+0000] {processor.py:179} INFO - Processing /home/airflow/.local/lib/python3.8/site-packages/airflow/example_dags/example_trigger_target_dag.py took 0.126 seconds
[2025-01-23T12:08:34.538+0000] {processor.py:157} INFO - Started process (PID=946) to work on /home/airflow/.local/lib/python3.8/site-packages/airflow/example_dags/example_trigger_target_dag.py
[2025-01-23T12:08:34.539+0000] {processor.py:829} INFO - Processing file /home/airflow/.local/lib/python3.8/site-packages/airflow/example_dags/example_trigger_target_dag.py for tasks to queue
[2025-01-23T12:08:34.540+0000] {logging_mixin.py:151} INFO - [2025-01-23T12:08:34.540+0000] {dagbag.py:539} INFO - Filling up the DagBag from /home/airflow/.local/lib/python3.8/site-packages/airflow/example_dags/example_trigger_target_dag.py
[2025-01-23T12:08:34.544+0000] {processor.py:839} INFO - DAG(s) dict_keys(['example_trigger_target_dag']) retrieved from /home/airflow/.local/lib/python3.8/site-packages/airflow/example_dags/example_trigger_target_dag.py
[2025-01-23T12:08:34.557+0000] {logging_mixin.py:151} INFO - [2025-01-23T12:08:34.557+0000] {dag.py:2907} INFO - Sync 1 DAGs
[2025-01-23T12:08:34.565+0000] {logging_mixin.py:151} INFO - [2025-01-23T12:08:34.565+0000] {dag.py:3677} INFO - Setting next_dagrun for example_trigger_target_dag to None, run_after=None
[2025-01-23T12:08:34.580+0000] {processor.py:179} INFO - Processing /home/airflow/.local/lib/python3.8/site-packages/airflow/example_dags/example_trigger_target_dag.py took 0.043 seconds
[2025-01-23T12:09:04.669+0000] {processor.py:157} INFO - Started process (PID=1190) to work on /home/airflow/.local/lib/python3.8/site-packages/airflow/example_dags/example_trigger_target_dag.py
[2025-01-23T12:09:04.670+0000] {processor.py:829} INFO - Processing file /home/airflow/.local/lib/python3.8/site-packages/airflow/example_dags/example_trigger_target_dag.py for tasks to queue
[2025-01-23T12:09:04.670+0000] {logging_mixin.py:151} INFO - [2025-01-23T12:09:04.670+0000] {dagbag.py:539} INFO - Filling up the DagBag from /home/airflow/.local/lib/python3.8/site-packages/airflow/example_dags/example_trigger_target_dag.py
[2025-01-23T12:09:04.675+0000] {processor.py:839} INFO - DAG(s) dict_keys(['example_trigger_target_dag']) retrieved from /home/airflow/.local/lib/python3.8/site-packages/airflow/example_dags/example_trigger_target_dag.py
[2025-01-23T12:09:04.691+0000] {logging_mixin.py:151} INFO - [2025-01-23T12:09:04.690+0000] {dag.py:2907} INFO - Sync 1 DAGs
[2025-01-23T12:09:04.700+0000] {logging_mixin.py:151} INFO - [2025-01-23T12:09:04.700+0000] {dag.py:3677} INFO - Setting next_dagrun for example_trigger_target_dag to None, run_after=None
[2025-01-23T12:09:04.714+0000] {processor.py:179} INFO - Processing /home/airflow/.local/lib/python3.8/site-packages/airflow/example_dags/example_trigger_target_dag.py took 0.047 seconds
[2025-01-23T12:09:34.973+0000] {processor.py:157} INFO - Started process (PID=1435) to work on /home/airflow/.local/lib/python3.8/site-packages/airflow/example_dags/example_trigger_target_dag.py
[2025-01-23T12:09:34.974+0000] {processor.py:829} INFO - Processing file /home/airflow/.local/lib/python3.8/site-packages/airflow/example_dags/example_trigger_target_dag.py for tasks to queue
[2025-01-23T12:09:34.975+0000] {logging_mixin.py:151} INFO - [2025-01-23T12:09:34.975+0000] {dagbag.py:539} INFO - Filling up the DagBag from /home/airflow/.local/lib/python3.8/site-packages/airflow/example_dags/example_trigger_target_dag.py
[2025-01-23T12:09:34.980+0000] {processor.py:839} INFO - DAG(s) dict_keys(['example_trigger_target_dag']) retrieved from /home/airflow/.local/lib/python3.8/site-packages/airflow/example_dags/example_trigger_target_dag.py
[2025-01-23T12:09:34.998+0000] {logging_mixin.py:151} INFO - [2025-01-23T12:09:34.997+0000] {dag.py:2907} INFO - Sync 1 DAGs
[2025-01-23T12:09:35.007+0000] {logging_mixin.py:151} INFO - [2025-01-23T12:09:35.006+0000] {dag.py:3677} INFO - Setting next_dagrun for example_trigger_target_dag to None, run_after=None
[2025-01-23T12:09:35.022+0000] {processor.py:179} INFO - Processing /home/airflow/.local/lib/python3.8/site-packages/airflow/example_dags/example_trigger_target_dag.py took 0.051 seconds
[2025-01-23T12:10:05.090+0000] {processor.py:157} INFO - Started process (PID=1678) to work on /home/airflow/.local/lib/python3.8/site-packages/airflow/example_dags/example_trigger_target_dag.py
[2025-01-23T12:10:05.091+0000] {processor.py:829} INFO - Processing file /home/airflow/.local/lib/python3.8/site-packages/airflow/example_dags/example_trigger_target_dag.py for tasks to queue
[2025-01-23T12:10:05.092+0000] {logging_mixin.py:151} INFO - [2025-01-23T12:10:05.091+0000] {dagbag.py:539} INFO - Filling up the DagBag from /home/airflow/.local/lib/python3.8/site-packages/airflow/example_dags/example_trigger_target_dag.py
[2025-01-23T12:10:05.095+0000] {processor.py:839} INFO - DAG(s) dict_keys(['example_trigger_target_dag']) retrieved from /home/airflow/.local/lib/python3.8/site-packages/airflow/example_dags/example_trigger_target_dag.py
[2025-01-23T12:10:05.110+0000] {logging_mixin.py:151} INFO - [2025-01-23T12:10:05.110+0000] {dag.py:2907} INFO - Sync 1 DAGs
[2025-01-23T12:10:05.117+0000] {logging_mixin.py:151} INFO - [2025-01-23T12:10:05.117+0000] {dag.py:3677} INFO - Setting next_dagrun for example_trigger_target_dag to None, run_after=None
[2025-01-23T12:10:05.131+0000] {processor.py:179} INFO - Processing /home/airflow/.local/lib/python3.8/site-packages/airflow/example_dags/example_trigger_target_dag.py took 0.043 seconds
[2025-01-23T12:10:35.445+0000] {processor.py:157} INFO - Started process (PID=1920) to work on /home/airflow/.local/lib/python3.8/site-packages/airflow/example_dags/example_trigger_target_dag.py
[2025-01-23T12:10:35.446+0000] {processor.py:829} INFO - Processing file /home/airflow/.local/lib/python3.8/site-packages/airflow/example_dags/example_trigger_target_dag.py for tasks to queue
[2025-01-23T12:10:35.447+0000] {logging_mixin.py:151} INFO - [2025-01-23T12:10:35.447+0000] {dagbag.py:539} INFO - Filling up the DagBag from /home/airflow/.local/lib/python3.8/site-packages/airflow/example_dags/example_trigger_target_dag.py
[2025-01-23T12:10:35.451+0000] {processor.py:839} INFO - DAG(s) dict_keys(['example_trigger_target_dag']) retrieved from /home/airflow/.local/lib/python3.8/site-packages/airflow/example_dags/example_trigger_target_dag.py
[2025-01-23T12:10:35.467+0000] {logging_mixin.py:151} INFO - [2025-01-23T12:10:35.467+0000] {dag.py:2907} INFO - Sync 1 DAGs
[2025-01-23T12:10:35.476+0000] {logging_mixin.py:151} INFO - [2025-01-23T12:10:35.475+0000] {dag.py:3677} INFO - Setting next_dagrun for example_trigger_target_dag to None, run_after=None
[2025-01-23T12:10:35.491+0000] {processor.py:179} INFO - Processing /home/airflow/.local/lib/python3.8/site-packages/airflow/example_dags/example_trigger_target_dag.py took 0.047 seconds
[2025-01-23T12:11:06.094+0000] {processor.py:157} INFO - Started process (PID=2162) to work on /home/airflow/.local/lib/python3.8/site-packages/airflow/example_dags/example_trigger_target_dag.py
[2025-01-23T12:11:06.095+0000] {processor.py:829} INFO - Processing file /home/airflow/.local/lib/python3.8/site-packages/airflow/example_dags/example_trigger_target_dag.py for tasks to queue
[2025-01-23T12:11:06.096+0000] {logging_mixin.py:151} INFO - [2025-01-23T12:11:06.096+0000] {dagbag.py:539} INFO - Filling up the DagBag from /home/airflow/.local/lib/python3.8/site-packages/airflow/example_dags/example_trigger_target_dag.py
[2025-01-23T12:11:06.100+0000] {processor.py:839} INFO - DAG(s) dict_keys(['example_trigger_target_dag']) retrieved from /home/airflow/.local/lib/python3.8/site-packages/airflow/example_dags/example_trigger_target_dag.py
[2025-01-23T12:11:06.116+0000] {logging_mixin.py:151} INFO - [2025-01-23T12:11:06.116+0000] {dag.py:2907} INFO - Sync 1 DAGs
[2025-01-23T12:11:06.124+0000] {logging_mixin.py:151} INFO - [2025-01-23T12:11:06.124+0000] {dag.py:3677} INFO - Setting next_dagrun for example_trigger_target_dag to None, run_after=None
[2025-01-23T12:11:06.140+0000] {processor.py:179} INFO - Processing /home/airflow/.local/lib/python3.8/site-packages/airflow/example_dags/example_trigger_target_dag.py took 0.049 seconds
