[2025-01-23T12:07:06.085+0000] {processor.py:157} INFO - Started process (PID=354) to work on /home/airflow/.local/lib/python3.8/site-packages/airflow/example_dags/example_params_ui_tutorial.py
[2025-01-23T12:07:06.085+0000] {processor.py:829} INFO - Processing file /home/airflow/.local/lib/python3.8/site-packages/airflow/example_dags/example_params_ui_tutorial.py for tasks to queue
[2025-01-23T12:07:06.087+0000] {logging_mixin.py:151} INFO - [2025-01-23T12:07:06.086+0000] {dagbag.py:539} INFO - Filling up the DagBag from /home/airflow/.local/lib/python3.8/site-packages/airflow/example_dags/example_params_ui_tutorial.py
[2025-01-23T12:07:06.109+0000] {processor.py:839} INFO - DAG(s) dict_keys(['example_params_ui_tutorial']) retrieved from /home/airflow/.local/lib/python3.8/site-packages/airflow/example_dags/example_params_ui_tutorial.py
[2025-01-23T12:07:06.121+0000] {logging_mixin.py:151} INFO - [2025-01-23T12:07:06.121+0000] {dag.py:2907} INFO - Sync 1 DAGs
[2025-01-23T12:07:06.133+0000] {logging_mixin.py:151} INFO - [2025-01-23T12:07:06.133+0000] {dag.py:3677} INFO - Setting next_dagrun for example_params_ui_tutorial to None, run_after=None
[2025-01-23T12:07:06.156+0000] {processor.py:179} INFO - Processing /home/airflow/.local/lib/python3.8/site-packages/airflow/example_dags/example_params_ui_tutorial.py took 0.073 seconds
[2025-01-23T12:07:36.603+0000] {processor.py:157} INFO - Started process (PID=597) to work on /home/airflow/.local/lib/python3.8/site-packages/airflow/example_dags/example_params_ui_tutorial.py
[2025-01-23T12:07:36.604+0000] {processor.py:829} INFO - Processing file /home/airflow/.local/lib/python3.8/site-packages/airflow/example_dags/example_params_ui_tutorial.py for tasks to queue
[2025-01-23T12:07:36.604+0000] {logging_mixin.py:151} INFO - [2025-01-23T12:07:36.604+0000] {dagbag.py:539} INFO - Filling up the DagBag from /home/airflow/.local/lib/python3.8/site-packages/airflow/example_dags/example_params_ui_tutorial.py
[2025-01-23T12:07:36.625+0000] {processor.py:839} INFO - DAG(s) dict_keys(['example_params_ui_tutorial']) retrieved from /home/airflow/.local/lib/python3.8/site-packages/airflow/example_dags/example_params_ui_tutorial.py
[2025-01-23T12:07:36.656+0000] {logging_mixin.py:151} INFO - [2025-01-23T12:07:36.656+0000] {dag.py:2907} INFO - Sync 1 DAGs
[2025-01-23T12:07:36.665+0000] {logging_mixin.py:151} INFO - [2025-01-23T12:07:36.664+0000] {dag.py:3677} INFO - Setting next_dagrun for example_params_ui_tutorial to None, run_after=None
[2025-01-23T12:07:36.758+0000] {processor.py:179} INFO - Processing /home/airflow/.local/lib/python3.8/site-packages/airflow/example_dags/example_params_ui_tutorial.py took 0.157 seconds
[2025-01-23T12:08:07.635+0000] {processor.py:157} INFO - Started process (PID=840) to work on /home/airflow/.local/lib/python3.8/site-packages/airflow/example_dags/example_params_ui_tutorial.py
[2025-01-23T12:08:07.636+0000] {processor.py:829} INFO - Processing file /home/airflow/.local/lib/python3.8/site-packages/airflow/example_dags/example_params_ui_tutorial.py for tasks to queue
[2025-01-23T12:08:07.637+0000] {logging_mixin.py:151} INFO - [2025-01-23T12:08:07.636+0000] {dagbag.py:539} INFO - Filling up the DagBag from /home/airflow/.local/lib/python3.8/site-packages/airflow/example_dags/example_params_ui_tutorial.py
[2025-01-23T12:08:07.656+0000] {processor.py:839} INFO - DAG(s) dict_keys(['example_params_ui_tutorial']) retrieved from /home/airflow/.local/lib/python3.8/site-packages/airflow/example_dags/example_params_ui_tutorial.py
[2025-01-23T12:08:07.688+0000] {logging_mixin.py:151} INFO - [2025-01-23T12:08:07.688+0000] {dag.py:2907} INFO - Sync 1 DAGs
[2025-01-23T12:08:07.695+0000] {logging_mixin.py:151} INFO - [2025-01-23T12:08:07.695+0000] {dag.py:3677} INFO - Setting next_dagrun for example_params_ui_tutorial to None, run_after=None
[2025-01-23T12:08:07.710+0000] {processor.py:179} INFO - Processing /home/airflow/.local/lib/python3.8/site-packages/airflow/example_dags/example_params_ui_tutorial.py took 0.077 seconds
[2025-01-23T12:08:37.829+0000] {processor.py:157} INFO - Started process (PID=1084) to work on /home/airflow/.local/lib/python3.8/site-packages/airflow/example_dags/example_params_ui_tutorial.py
[2025-01-23T12:08:37.830+0000] {processor.py:829} INFO - Processing file /home/airflow/.local/lib/python3.8/site-packages/airflow/example_dags/example_params_ui_tutorial.py for tasks to queue
[2025-01-23T12:08:37.831+0000] {logging_mixin.py:151} INFO - [2025-01-23T12:08:37.830+0000] {dagbag.py:539} INFO - Filling up the DagBag from /home/airflow/.local/lib/python3.8/site-packages/airflow/example_dags/example_params_ui_tutorial.py
[2025-01-23T12:08:37.850+0000] {processor.py:839} INFO - DAG(s) dict_keys(['example_params_ui_tutorial']) retrieved from /home/airflow/.local/lib/python3.8/site-packages/airflow/example_dags/example_params_ui_tutorial.py
[2025-01-23T12:08:37.885+0000] {logging_mixin.py:151} INFO - [2025-01-23T12:08:37.884+0000] {dag.py:2907} INFO - Sync 1 DAGs
[2025-01-23T12:08:37.892+0000] {logging_mixin.py:151} INFO - [2025-01-23T12:08:37.892+0000] {dag.py:3677} INFO - Setting next_dagrun for example_params_ui_tutorial to None, run_after=None
[2025-01-23T12:08:37.908+0000] {processor.py:179} INFO - Processing /home/airflow/.local/lib/python3.8/site-packages/airflow/example_dags/example_params_ui_tutorial.py took 0.081 seconds
[2025-01-23T12:09:08.999+0000] {processor.py:157} INFO - Started process (PID=1327) to work on /home/airflow/.local/lib/python3.8/site-packages/airflow/example_dags/example_params_ui_tutorial.py
[2025-01-23T12:09:08.999+0000] {processor.py:829} INFO - Processing file /home/airflow/.local/lib/python3.8/site-packages/airflow/example_dags/example_params_ui_tutorial.py for tasks to queue
[2025-01-23T12:09:09.000+0000] {logging_mixin.py:151} INFO - [2025-01-23T12:09:09.000+0000] {dagbag.py:539} INFO - Filling up the DagBag from /home/airflow/.local/lib/python3.8/site-packages/airflow/example_dags/example_params_ui_tutorial.py
[2025-01-23T12:09:09.023+0000] {processor.py:839} INFO - DAG(s) dict_keys(['example_params_ui_tutorial']) retrieved from /home/airflow/.local/lib/python3.8/site-packages/airflow/example_dags/example_params_ui_tutorial.py
[2025-01-23T12:09:09.059+0000] {logging_mixin.py:151} INFO - [2025-01-23T12:09:09.059+0000] {dag.py:2907} INFO - Sync 1 DAGs
[2025-01-23T12:09:09.068+0000] {logging_mixin.py:151} INFO - [2025-01-23T12:09:09.068+0000] {dag.py:3677} INFO - Setting next_dagrun for example_params_ui_tutorial to None, run_after=None
[2025-01-23T12:09:09.084+0000] {processor.py:179} INFO - Processing /home/airflow/.local/lib/python3.8/site-packages/airflow/example_dags/example_params_ui_tutorial.py took 0.088 seconds
[2025-01-23T12:09:39.144+0000] {processor.py:157} INFO - Started process (PID=1572) to work on /home/airflow/.local/lib/python3.8/site-packages/airflow/example_dags/example_params_ui_tutorial.py
[2025-01-23T12:09:39.145+0000] {processor.py:829} INFO - Processing file /home/airflow/.local/lib/python3.8/site-packages/airflow/example_dags/example_params_ui_tutorial.py for tasks to queue
[2025-01-23T12:09:39.145+0000] {logging_mixin.py:151} INFO - [2025-01-23T12:09:39.145+0000] {dagbag.py:539} INFO - Filling up the DagBag from /home/airflow/.local/lib/python3.8/site-packages/airflow/example_dags/example_params_ui_tutorial.py
[2025-01-23T12:09:39.166+0000] {processor.py:839} INFO - DAG(s) dict_keys(['example_params_ui_tutorial']) retrieved from /home/airflow/.local/lib/python3.8/site-packages/airflow/example_dags/example_params_ui_tutorial.py
[2025-01-23T12:09:39.196+0000] {logging_mixin.py:151} INFO - [2025-01-23T12:09:39.196+0000] {dag.py:2907} INFO - Sync 1 DAGs
[2025-01-23T12:09:39.205+0000] {logging_mixin.py:151} INFO - [2025-01-23T12:09:39.205+0000] {dag.py:3677} INFO - Setting next_dagrun for example_params_ui_tutorial to None, run_after=None
[2025-01-23T12:09:39.219+0000] {processor.py:179} INFO - Processing /home/airflow/.local/lib/python3.8/site-packages/airflow/example_dags/example_params_ui_tutorial.py took 0.077 seconds
[2025-01-23T12:10:10.464+0000] {processor.py:157} INFO - Started process (PID=1813) to work on /home/airflow/.local/lib/python3.8/site-packages/airflow/example_dags/example_params_ui_tutorial.py
[2025-01-23T12:10:10.465+0000] {processor.py:829} INFO - Processing file /home/airflow/.local/lib/python3.8/site-packages/airflow/example_dags/example_params_ui_tutorial.py for tasks to queue
[2025-01-23T12:10:10.465+0000] {logging_mixin.py:151} INFO - [2025-01-23T12:10:10.465+0000] {dagbag.py:539} INFO - Filling up the DagBag from /home/airflow/.local/lib/python3.8/site-packages/airflow/example_dags/example_params_ui_tutorial.py
[2025-01-23T12:10:10.489+0000] {processor.py:839} INFO - DAG(s) dict_keys(['example_params_ui_tutorial']) retrieved from /home/airflow/.local/lib/python3.8/site-packages/airflow/example_dags/example_params_ui_tutorial.py
[2025-01-23T12:10:10.522+0000] {logging_mixin.py:151} INFO - [2025-01-23T12:10:10.521+0000] {dag.py:2907} INFO - Sync 1 DAGs
[2025-01-23T12:10:10.529+0000] {logging_mixin.py:151} INFO - [2025-01-23T12:10:10.529+0000] {dag.py:3677} INFO - Setting next_dagrun for example_params_ui_tutorial to None, run_after=None
[2025-01-23T12:10:10.545+0000] {processor.py:179} INFO - Processing /home/airflow/.local/lib/python3.8/site-packages/airflow/example_dags/example_params_ui_tutorial.py took 0.084 seconds
[2025-01-23T12:10:40.978+0000] {processor.py:157} INFO - Started process (PID=2056) to work on /home/airflow/.local/lib/python3.8/site-packages/airflow/example_dags/example_params_ui_tutorial.py
[2025-01-23T12:10:40.980+0000] {processor.py:829} INFO - Processing file /home/airflow/.local/lib/python3.8/site-packages/airflow/example_dags/example_params_ui_tutorial.py for tasks to queue
[2025-01-23T12:10:40.981+0000] {logging_mixin.py:151} INFO - [2025-01-23T12:10:40.981+0000] {dagbag.py:539} INFO - Filling up the DagBag from /home/airflow/.local/lib/python3.8/site-packages/airflow/example_dags/example_params_ui_tutorial.py
[2025-01-23T12:10:41.038+0000] {processor.py:839} INFO - DAG(s) dict_keys(['example_params_ui_tutorial']) retrieved from /home/airflow/.local/lib/python3.8/site-packages/airflow/example_dags/example_params_ui_tutorial.py
[2025-01-23T12:10:41.095+0000] {logging_mixin.py:151} INFO - [2025-01-23T12:10:41.094+0000] {dag.py:2907} INFO - Sync 1 DAGs
[2025-01-23T12:10:41.103+0000] {logging_mixin.py:151} INFO - [2025-01-23T12:10:41.103+0000] {dag.py:3677} INFO - Setting next_dagrun for example_params_ui_tutorial to None, run_after=None
[2025-01-23T12:10:41.121+0000] {processor.py:179} INFO - Processing /home/airflow/.local/lib/python3.8/site-packages/airflow/example_dags/example_params_ui_tutorial.py took 0.151 seconds
[2025-01-23T12:11:11.385+0000] {processor.py:157} INFO - Started process (PID=2299) to work on /home/airflow/.local/lib/python3.8/site-packages/airflow/example_dags/example_params_ui_tutorial.py
[2025-01-23T12:11:11.386+0000] {processor.py:829} INFO - Processing file /home/airflow/.local/lib/python3.8/site-packages/airflow/example_dags/example_params_ui_tutorial.py for tasks to queue
[2025-01-23T12:11:11.386+0000] {logging_mixin.py:151} INFO - [2025-01-23T12:11:11.386+0000] {dagbag.py:539} INFO - Filling up the DagBag from /home/airflow/.local/lib/python3.8/site-packages/airflow/example_dags/example_params_ui_tutorial.py
[2025-01-23T12:11:11.410+0000] {processor.py:839} INFO - DAG(s) dict_keys(['example_params_ui_tutorial']) retrieved from /home/airflow/.local/lib/python3.8/site-packages/airflow/example_dags/example_params_ui_tutorial.py
[2025-01-23T12:11:11.447+0000] {logging_mixin.py:151} INFO - [2025-01-23T12:11:11.446+0000] {dag.py:2907} INFO - Sync 1 DAGs
[2025-01-23T12:11:11.456+0000] {logging_mixin.py:151} INFO - [2025-01-23T12:11:11.455+0000] {dag.py:3677} INFO - Setting next_dagrun for example_params_ui_tutorial to None, run_after=None
[2025-01-23T12:11:11.474+0000] {processor.py:179} INFO - Processing /home/airflow/.local/lib/python3.8/site-packages/airflow/example_dags/example_params_ui_tutorial.py took 0.092 seconds
