[2025-01-23T12:07:05.889+0000] {processor.py:157} INFO - Started process (PID=333) to work on /home/airflow/.local/lib/python3.8/site-packages/airflow/example_dags/example_short_circuit_decorator.py
[2025-01-23T12:07:05.890+0000] {processor.py:829} INFO - Processing file /home/airflow/.local/lib/python3.8/site-packages/airflow/example_dags/example_short_circuit_decorator.py for tasks to queue
[2025-01-23T12:07:05.891+0000] {logging_mixin.py:151} INFO - [2025-01-23T12:07:05.890+0000] {dagbag.py:539} INFO - Filling up the DagBag from /home/airflow/.local/lib/python3.8/site-packages/airflow/example_dags/example_short_circuit_decorator.py
[2025-01-23T12:07:05.898+0000] {processor.py:839} INFO - DAG(s) dict_keys(['example_short_circuit_decorator']) retrieved from /home/airflow/.local/lib/python3.8/site-packages/airflow/example_dags/example_short_circuit_decorator.py
[2025-01-23T12:07:05.913+0000] {logging_mixin.py:151} INFO - [2025-01-23T12:07:05.913+0000] {dag.py:2907} INFO - Sync 1 DAGs
[2025-01-23T12:07:05.946+0000] {logging_mixin.py:151} INFO - [2025-01-23T12:07:05.946+0000] {dag.py:3677} INFO - Setting next_dagrun for example_short_circuit_decorator to 2025-01-22T12:07:05.945904+00:00, run_after=2025-01-23T12:07:05.945904+00:00
[2025-01-23T12:07:05.972+0000] {processor.py:179} INFO - Processing /home/airflow/.local/lib/python3.8/site-packages/airflow/example_dags/example_short_circuit_decorator.py took 0.086 seconds
[2025-01-23T12:07:36.398+0000] {processor.py:157} INFO - Started process (PID=582) to work on /home/airflow/.local/lib/python3.8/site-packages/airflow/example_dags/example_short_circuit_decorator.py
[2025-01-23T12:07:36.399+0000] {processor.py:829} INFO - Processing file /home/airflow/.local/lib/python3.8/site-packages/airflow/example_dags/example_short_circuit_decorator.py for tasks to queue
[2025-01-23T12:07:36.400+0000] {logging_mixin.py:151} INFO - [2025-01-23T12:07:36.400+0000] {dagbag.py:539} INFO - Filling up the DagBag from /home/airflow/.local/lib/python3.8/site-packages/airflow/example_dags/example_short_circuit_decorator.py
[2025-01-23T12:07:36.406+0000] {processor.py:839} INFO - DAG(s) dict_keys(['example_short_circuit_decorator']) retrieved from /home/airflow/.local/lib/python3.8/site-packages/airflow/example_dags/example_short_circuit_decorator.py
[2025-01-23T12:07:36.422+0000] {logging_mixin.py:151} INFO - [2025-01-23T12:07:36.422+0000] {dag.py:2907} INFO - Sync 1 DAGs
[2025-01-23T12:07:36.436+0000] {logging_mixin.py:151} INFO - [2025-01-23T12:07:36.435+0000] {dag.py:3677} INFO - Setting next_dagrun for example_short_circuit_decorator to 2025-01-22T12:07:36.435744+00:00, run_after=2025-01-23T12:07:36.435744+00:00
[2025-01-23T12:07:36.535+0000] {processor.py:179} INFO - Processing /home/airflow/.local/lib/python3.8/site-packages/airflow/example_dags/example_short_circuit_decorator.py took 0.140 seconds
[2025-01-23T12:08:06.563+0000] {processor.py:157} INFO - Started process (PID=827) to work on /home/airflow/.local/lib/python3.8/site-packages/airflow/example_dags/example_short_circuit_decorator.py
[2025-01-23T12:08:06.564+0000] {processor.py:829} INFO - Processing file /home/airflow/.local/lib/python3.8/site-packages/airflow/example_dags/example_short_circuit_decorator.py for tasks to queue
[2025-01-23T12:08:06.564+0000] {logging_mixin.py:151} INFO - [2025-01-23T12:08:06.564+0000] {dagbag.py:539} INFO - Filling up the DagBag from /home/airflow/.local/lib/python3.8/site-packages/airflow/example_dags/example_short_circuit_decorator.py
[2025-01-23T12:08:06.570+0000] {processor.py:839} INFO - DAG(s) dict_keys(['example_short_circuit_decorator']) retrieved from /home/airflow/.local/lib/python3.8/site-packages/airflow/example_dags/example_short_circuit_decorator.py
[2025-01-23T12:08:06.584+0000] {logging_mixin.py:151} INFO - [2025-01-23T12:08:06.584+0000] {dag.py:2907} INFO - Sync 1 DAGs
[2025-01-23T12:08:06.596+0000] {logging_mixin.py:151} INFO - [2025-01-23T12:08:06.596+0000] {dag.py:3677} INFO - Setting next_dagrun for example_short_circuit_decorator to 2025-01-22T12:08:06.596472+00:00, run_after=2025-01-23T12:08:06.596472+00:00
[2025-01-23T12:08:06.607+0000] {processor.py:179} INFO - Processing /home/airflow/.local/lib/python3.8/site-packages/airflow/example_dags/example_short_circuit_decorator.py took 0.046 seconds
[2025-01-23T12:08:37.734+0000] {processor.py:157} INFO - Started process (PID=1069) to work on /home/airflow/.local/lib/python3.8/site-packages/airflow/example_dags/example_short_circuit_decorator.py
[2025-01-23T12:08:37.735+0000] {processor.py:829} INFO - Processing file /home/airflow/.local/lib/python3.8/site-packages/airflow/example_dags/example_short_circuit_decorator.py for tasks to queue
[2025-01-23T12:08:37.736+0000] {logging_mixin.py:151} INFO - [2025-01-23T12:08:37.735+0000] {dagbag.py:539} INFO - Filling up the DagBag from /home/airflow/.local/lib/python3.8/site-packages/airflow/example_dags/example_short_circuit_decorator.py
[2025-01-23T12:08:37.742+0000] {processor.py:839} INFO - DAG(s) dict_keys(['example_short_circuit_decorator']) retrieved from /home/airflow/.local/lib/python3.8/site-packages/airflow/example_dags/example_short_circuit_decorator.py
[2025-01-23T12:08:37.759+0000] {logging_mixin.py:151} INFO - [2025-01-23T12:08:37.758+0000] {dag.py:2907} INFO - Sync 1 DAGs
[2025-01-23T12:08:37.773+0000] {logging_mixin.py:151} INFO - [2025-01-23T12:08:37.773+0000] {dag.py:3677} INFO - Setting next_dagrun for example_short_circuit_decorator to 2025-01-22T12:08:37.773364+00:00, run_after=2025-01-23T12:08:37.773364+00:00
[2025-01-23T12:08:37.787+0000] {processor.py:179} INFO - Processing /home/airflow/.local/lib/python3.8/site-packages/airflow/example_dags/example_short_circuit_decorator.py took 0.055 seconds
[2025-01-23T12:09:08.855+0000] {processor.py:157} INFO - Started process (PID=1312) to work on /home/airflow/.local/lib/python3.8/site-packages/airflow/example_dags/example_short_circuit_decorator.py
[2025-01-23T12:09:08.856+0000] {processor.py:829} INFO - Processing file /home/airflow/.local/lib/python3.8/site-packages/airflow/example_dags/example_short_circuit_decorator.py for tasks to queue
[2025-01-23T12:09:08.857+0000] {logging_mixin.py:151} INFO - [2025-01-23T12:09:08.856+0000] {dagbag.py:539} INFO - Filling up the DagBag from /home/airflow/.local/lib/python3.8/site-packages/airflow/example_dags/example_short_circuit_decorator.py
[2025-01-23T12:09:08.863+0000] {processor.py:839} INFO - DAG(s) dict_keys(['example_short_circuit_decorator']) retrieved from /home/airflow/.local/lib/python3.8/site-packages/airflow/example_dags/example_short_circuit_decorator.py
[2025-01-23T12:09:08.880+0000] {logging_mixin.py:151} INFO - [2025-01-23T12:09:08.880+0000] {dag.py:2907} INFO - Sync 1 DAGs
[2025-01-23T12:09:08.895+0000] {logging_mixin.py:151} INFO - [2025-01-23T12:09:08.895+0000] {dag.py:3677} INFO - Setting next_dagrun for example_short_circuit_decorator to 2025-01-22T12:09:08.895394+00:00, run_after=2025-01-23T12:09:08.895394+00:00
[2025-01-23T12:09:08.909+0000] {processor.py:179} INFO - Processing /home/airflow/.local/lib/python3.8/site-packages/airflow/example_dags/example_short_circuit_decorator.py took 0.057 seconds
[2025-01-23T12:09:38.964+0000] {processor.py:157} INFO - Started process (PID=1555) to work on /home/airflow/.local/lib/python3.8/site-packages/airflow/example_dags/example_short_circuit_decorator.py
[2025-01-23T12:09:38.965+0000] {processor.py:829} INFO - Processing file /home/airflow/.local/lib/python3.8/site-packages/airflow/example_dags/example_short_circuit_decorator.py for tasks to queue
[2025-01-23T12:09:38.966+0000] {logging_mixin.py:151} INFO - [2025-01-23T12:09:38.965+0000] {dagbag.py:539} INFO - Filling up the DagBag from /home/airflow/.local/lib/python3.8/site-packages/airflow/example_dags/example_short_circuit_decorator.py
[2025-01-23T12:09:38.972+0000] {processor.py:839} INFO - DAG(s) dict_keys(['example_short_circuit_decorator']) retrieved from /home/airflow/.local/lib/python3.8/site-packages/airflow/example_dags/example_short_circuit_decorator.py
[2025-01-23T12:09:38.987+0000] {logging_mixin.py:151} INFO - [2025-01-23T12:09:38.987+0000] {dag.py:2907} INFO - Sync 1 DAGs
[2025-01-23T12:09:39.001+0000] {logging_mixin.py:151} INFO - [2025-01-23T12:09:39.001+0000] {dag.py:3677} INFO - Setting next_dagrun for example_short_circuit_decorator to 2025-01-22T12:09:39.000851+00:00, run_after=2025-01-23T12:09:39.000851+00:00
[2025-01-23T12:09:39.016+0000] {processor.py:179} INFO - Processing /home/airflow/.local/lib/python3.8/site-packages/airflow/example_dags/example_short_circuit_decorator.py took 0.054 seconds
[2025-01-23T12:10:10.288+0000] {processor.py:157} INFO - Started process (PID=1798) to work on /home/airflow/.local/lib/python3.8/site-packages/airflow/example_dags/example_short_circuit_decorator.py
[2025-01-23T12:10:10.290+0000] {processor.py:829} INFO - Processing file /home/airflow/.local/lib/python3.8/site-packages/airflow/example_dags/example_short_circuit_decorator.py for tasks to queue
[2025-01-23T12:10:10.291+0000] {logging_mixin.py:151} INFO - [2025-01-23T12:10:10.290+0000] {dagbag.py:539} INFO - Filling up the DagBag from /home/airflow/.local/lib/python3.8/site-packages/airflow/example_dags/example_short_circuit_decorator.py
[2025-01-23T12:10:10.298+0000] {processor.py:839} INFO - DAG(s) dict_keys(['example_short_circuit_decorator']) retrieved from /home/airflow/.local/lib/python3.8/site-packages/airflow/example_dags/example_short_circuit_decorator.py
[2025-01-23T12:10:10.320+0000] {logging_mixin.py:151} INFO - [2025-01-23T12:10:10.319+0000] {dag.py:2907} INFO - Sync 1 DAGs
[2025-01-23T12:10:10.340+0000] {logging_mixin.py:151} INFO - [2025-01-23T12:10:10.340+0000] {dag.py:3677} INFO - Setting next_dagrun for example_short_circuit_decorator to 2025-01-22T12:10:10.339903+00:00, run_after=2025-01-23T12:10:10.339903+00:00
[2025-01-23T12:10:10.359+0000] {processor.py:179} INFO - Processing /home/airflow/.local/lib/python3.8/site-packages/airflow/example_dags/example_short_circuit_decorator.py took 0.073 seconds
[2025-01-23T12:10:40.799+0000] {processor.py:157} INFO - Started process (PID=2041) to work on /home/airflow/.local/lib/python3.8/site-packages/airflow/example_dags/example_short_circuit_decorator.py
[2025-01-23T12:10:40.800+0000] {processor.py:829} INFO - Processing file /home/airflow/.local/lib/python3.8/site-packages/airflow/example_dags/example_short_circuit_decorator.py for tasks to queue
[2025-01-23T12:10:40.800+0000] {logging_mixin.py:151} INFO - [2025-01-23T12:10:40.800+0000] {dagbag.py:539} INFO - Filling up the DagBag from /home/airflow/.local/lib/python3.8/site-packages/airflow/example_dags/example_short_circuit_decorator.py
[2025-01-23T12:10:40.810+0000] {processor.py:839} INFO - DAG(s) dict_keys(['example_short_circuit_decorator']) retrieved from /home/airflow/.local/lib/python3.8/site-packages/airflow/example_dags/example_short_circuit_decorator.py
[2025-01-23T12:10:40.835+0000] {logging_mixin.py:151} INFO - [2025-01-23T12:10:40.835+0000] {dag.py:2907} INFO - Sync 1 DAGs
[2025-01-23T12:10:40.855+0000] {logging_mixin.py:151} INFO - [2025-01-23T12:10:40.855+0000] {dag.py:3677} INFO - Setting next_dagrun for example_short_circuit_decorator to 2025-01-22T12:10:40.855010+00:00, run_after=2025-01-23T12:10:40.855010+00:00
[2025-01-23T12:10:40.886+0000] {processor.py:179} INFO - Processing /home/airflow/.local/lib/python3.8/site-packages/airflow/example_dags/example_short_circuit_decorator.py took 0.090 seconds
[2025-01-23T12:11:11.244+0000] {processor.py:157} INFO - Started process (PID=2284) to work on /home/airflow/.local/lib/python3.8/site-packages/airflow/example_dags/example_short_circuit_decorator.py
[2025-01-23T12:11:11.245+0000] {processor.py:829} INFO - Processing file /home/airflow/.local/lib/python3.8/site-packages/airflow/example_dags/example_short_circuit_decorator.py for tasks to queue
[2025-01-23T12:11:11.246+0000] {logging_mixin.py:151} INFO - [2025-01-23T12:11:11.246+0000] {dagbag.py:539} INFO - Filling up the DagBag from /home/airflow/.local/lib/python3.8/site-packages/airflow/example_dags/example_short_circuit_decorator.py
[2025-01-23T12:11:11.254+0000] {processor.py:839} INFO - DAG(s) dict_keys(['example_short_circuit_decorator']) retrieved from /home/airflow/.local/lib/python3.8/site-packages/airflow/example_dags/example_short_circuit_decorator.py
[2025-01-23T12:11:11.272+0000] {logging_mixin.py:151} INFO - [2025-01-23T12:11:11.272+0000] {dag.py:2907} INFO - Sync 1 DAGs
[2025-01-23T12:11:11.288+0000] {logging_mixin.py:151} INFO - [2025-01-23T12:11:11.288+0000] {dag.py:3677} INFO - Setting next_dagrun for example_short_circuit_decorator to 2025-01-22T12:11:11.287900+00:00, run_after=2025-01-23T12:11:11.287900+00:00
[2025-01-23T12:11:11.307+0000] {processor.py:179} INFO - Processing /home/airflow/.local/lib/python3.8/site-packages/airflow/example_dags/example_short_circuit_decorator.py took 0.065 seconds
