[2025-01-23T12:07:05.189+0000] {processor.py:157} INFO - Started process (PID=263) to work on /home/airflow/.local/lib/python3.8/site-packages/airflow/example_dags/example_task_group_decorator.py
[2025-01-23T12:07:05.189+0000] {processor.py:829} INFO - Processing file /home/airflow/.local/lib/python3.8/site-packages/airflow/example_dags/example_task_group_decorator.py for tasks to queue
[2025-01-23T12:07:05.190+0000] {logging_mixin.py:151} INFO - [2025-01-23T12:07:05.189+0000] {dagbag.py:539} INFO - Filling up the DagBag from /home/airflow/.local/lib/python3.8/site-packages/airflow/example_dags/example_task_group_decorator.py
[2025-01-23T12:07:05.204+0000] {processor.py:839} INFO - DAG(s) dict_keys(['example_task_group_decorator']) retrieved from /home/airflow/.local/lib/python3.8/site-packages/airflow/example_dags/example_task_group_decorator.py
[2025-01-23T12:07:05.218+0000] {logging_mixin.py:151} INFO - [2025-01-23T12:07:05.217+0000] {dag.py:2907} INFO - Sync 1 DAGs
[2025-01-23T12:07:05.237+0000] {logging_mixin.py:151} INFO - [2025-01-23T12:07:05.237+0000] {dag.py:3677} INFO - Setting next_dagrun for example_task_group_decorator to 2025-01-22T12:07:05.237315+00:00, run_after=2025-01-23T12:07:05.237315+00:00
[2025-01-23T12:07:05.262+0000] {processor.py:179} INFO - Processing /home/airflow/.local/lib/python3.8/site-packages/airflow/example_dags/example_task_group_decorator.py took 0.075 seconds
[2025-01-23T12:07:35.482+0000] {processor.py:157} INFO - Started process (PID=505) to work on /home/airflow/.local/lib/python3.8/site-packages/airflow/example_dags/example_task_group_decorator.py
[2025-01-23T12:07:35.483+0000] {processor.py:829} INFO - Processing file /home/airflow/.local/lib/python3.8/site-packages/airflow/example_dags/example_task_group_decorator.py for tasks to queue
[2025-01-23T12:07:35.483+0000] {logging_mixin.py:151} INFO - [2025-01-23T12:07:35.483+0000] {dagbag.py:539} INFO - Filling up the DagBag from /home/airflow/.local/lib/python3.8/site-packages/airflow/example_dags/example_task_group_decorator.py
[2025-01-23T12:07:35.492+0000] {processor.py:839} INFO - DAG(s) dict_keys(['example_task_group_decorator']) retrieved from /home/airflow/.local/lib/python3.8/site-packages/airflow/example_dags/example_task_group_decorator.py
[2025-01-23T12:07:35.508+0000] {logging_mixin.py:151} INFO - [2025-01-23T12:07:35.507+0000] {dag.py:2907} INFO - Sync 1 DAGs
[2025-01-23T12:07:35.520+0000] {logging_mixin.py:151} INFO - [2025-01-23T12:07:35.520+0000] {dag.py:3677} INFO - Setting next_dagrun for example_task_group_decorator to 2025-01-22T12:07:35.520308+00:00, run_after=2025-01-23T12:07:35.520308+00:00
[2025-01-23T12:07:35.534+0000] {processor.py:179} INFO - Processing /home/airflow/.local/lib/python3.8/site-packages/airflow/example_dags/example_task_group_decorator.py took 0.054 seconds
[2025-01-23T12:08:05.983+0000] {processor.py:157} INFO - Started process (PID=748) to work on /home/airflow/.local/lib/python3.8/site-packages/airflow/example_dags/example_task_group_decorator.py
[2025-01-23T12:08:05.985+0000] {processor.py:829} INFO - Processing file /home/airflow/.local/lib/python3.8/site-packages/airflow/example_dags/example_task_group_decorator.py for tasks to queue
[2025-01-23T12:08:05.986+0000] {logging_mixin.py:151} INFO - [2025-01-23T12:08:05.985+0000] {dagbag.py:539} INFO - Filling up the DagBag from /home/airflow/.local/lib/python3.8/site-packages/airflow/example_dags/example_task_group_decorator.py
[2025-01-23T12:08:05.996+0000] {processor.py:839} INFO - DAG(s) dict_keys(['example_task_group_decorator']) retrieved from /home/airflow/.local/lib/python3.8/site-packages/airflow/example_dags/example_task_group_decorator.py
[2025-01-23T12:08:06.012+0000] {logging_mixin.py:151} INFO - [2025-01-23T12:08:06.011+0000] {dag.py:2907} INFO - Sync 1 DAGs
[2025-01-23T12:08:06.028+0000] {logging_mixin.py:151} INFO - [2025-01-23T12:08:06.028+0000] {dag.py:3677} INFO - Setting next_dagrun for example_task_group_decorator to 2025-01-22T12:08:06.027749+00:00, run_after=2025-01-23T12:08:06.027749+00:00
[2025-01-23T12:08:06.044+0000] {processor.py:179} INFO - Processing /home/airflow/.local/lib/python3.8/site-packages/airflow/example_dags/example_task_group_decorator.py took 0.064 seconds
[2025-01-23T12:08:37.059+0000] {processor.py:157} INFO - Started process (PID=1001) to work on /home/airflow/.local/lib/python3.8/site-packages/airflow/example_dags/example_task_group_decorator.py
[2025-01-23T12:08:37.060+0000] {processor.py:829} INFO - Processing file /home/airflow/.local/lib/python3.8/site-packages/airflow/example_dags/example_task_group_decorator.py for tasks to queue
[2025-01-23T12:08:37.060+0000] {logging_mixin.py:151} INFO - [2025-01-23T12:08:37.060+0000] {dagbag.py:539} INFO - Filling up the DagBag from /home/airflow/.local/lib/python3.8/site-packages/airflow/example_dags/example_task_group_decorator.py
[2025-01-23T12:08:37.070+0000] {processor.py:839} INFO - DAG(s) dict_keys(['example_task_group_decorator']) retrieved from /home/airflow/.local/lib/python3.8/site-packages/airflow/example_dags/example_task_group_decorator.py
[2025-01-23T12:08:37.087+0000] {logging_mixin.py:151} INFO - [2025-01-23T12:08:37.087+0000] {dag.py:2907} INFO - Sync 1 DAGs
[2025-01-23T12:08:37.103+0000] {logging_mixin.py:151} INFO - [2025-01-23T12:08:37.102+0000] {dag.py:3677} INFO - Setting next_dagrun for example_task_group_decorator to 2025-01-22T12:08:37.102767+00:00, run_after=2025-01-23T12:08:37.102767+00:00
[2025-01-23T12:08:37.115+0000] {processor.py:179} INFO - Processing /home/airflow/.local/lib/python3.8/site-packages/airflow/example_dags/example_task_group_decorator.py took 0.059 seconds
[2025-01-23T12:09:08.238+0000] {processor.py:157} INFO - Started process (PID=1242) to work on /home/airflow/.local/lib/python3.8/site-packages/airflow/example_dags/example_task_group_decorator.py
[2025-01-23T12:09:08.240+0000] {processor.py:829} INFO - Processing file /home/airflow/.local/lib/python3.8/site-packages/airflow/example_dags/example_task_group_decorator.py for tasks to queue
[2025-01-23T12:09:08.241+0000] {logging_mixin.py:151} INFO - [2025-01-23T12:09:08.241+0000] {dagbag.py:539} INFO - Filling up the DagBag from /home/airflow/.local/lib/python3.8/site-packages/airflow/example_dags/example_task_group_decorator.py
[2025-01-23T12:09:08.251+0000] {processor.py:839} INFO - DAG(s) dict_keys(['example_task_group_decorator']) retrieved from /home/airflow/.local/lib/python3.8/site-packages/airflow/example_dags/example_task_group_decorator.py
[2025-01-23T12:09:08.280+0000] {logging_mixin.py:151} INFO - [2025-01-23T12:09:08.279+0000] {dag.py:2907} INFO - Sync 1 DAGs
[2025-01-23T12:09:08.301+0000] {logging_mixin.py:151} INFO - [2025-01-23T12:09:08.300+0000] {dag.py:3677} INFO - Setting next_dagrun for example_task_group_decorator to 2025-01-22T12:09:08.300807+00:00, run_after=2025-01-23T12:09:08.300807+00:00
[2025-01-23T12:09:08.316+0000] {processor.py:179} INFO - Processing /home/airflow/.local/lib/python3.8/site-packages/airflow/example_dags/example_task_group_decorator.py took 0.080 seconds
[2025-01-23T12:09:38.425+0000] {processor.py:157} INFO - Started process (PID=1485) to work on /home/airflow/.local/lib/python3.8/site-packages/airflow/example_dags/example_task_group_decorator.py
[2025-01-23T12:09:38.426+0000] {processor.py:829} INFO - Processing file /home/airflow/.local/lib/python3.8/site-packages/airflow/example_dags/example_task_group_decorator.py for tasks to queue
[2025-01-23T12:09:38.427+0000] {logging_mixin.py:151} INFO - [2025-01-23T12:09:38.427+0000] {dagbag.py:539} INFO - Filling up the DagBag from /home/airflow/.local/lib/python3.8/site-packages/airflow/example_dags/example_task_group_decorator.py
[2025-01-23T12:09:38.436+0000] {processor.py:839} INFO - DAG(s) dict_keys(['example_task_group_decorator']) retrieved from /home/airflow/.local/lib/python3.8/site-packages/airflow/example_dags/example_task_group_decorator.py
[2025-01-23T12:09:38.452+0000] {logging_mixin.py:151} INFO - [2025-01-23T12:09:38.452+0000] {dag.py:2907} INFO - Sync 1 DAGs
[2025-01-23T12:09:38.466+0000] {logging_mixin.py:151} INFO - [2025-01-23T12:09:38.466+0000] {dag.py:3677} INFO - Setting next_dagrun for example_task_group_decorator to 2025-01-22T12:09:38.466516+00:00, run_after=2025-01-23T12:09:38.466516+00:00
[2025-01-23T12:09:38.480+0000] {processor.py:179} INFO - Processing /home/airflow/.local/lib/python3.8/site-packages/airflow/example_dags/example_task_group_decorator.py took 0.057 seconds
[2025-01-23T12:10:09.612+0000] {processor.py:157} INFO - Started process (PID=1730) to work on /home/airflow/.local/lib/python3.8/site-packages/airflow/example_dags/example_task_group_decorator.py
[2025-01-23T12:10:09.613+0000] {processor.py:829} INFO - Processing file /home/airflow/.local/lib/python3.8/site-packages/airflow/example_dags/example_task_group_decorator.py for tasks to queue
[2025-01-23T12:10:09.614+0000] {logging_mixin.py:151} INFO - [2025-01-23T12:10:09.613+0000] {dagbag.py:539} INFO - Filling up the DagBag from /home/airflow/.local/lib/python3.8/site-packages/airflow/example_dags/example_task_group_decorator.py
[2025-01-23T12:10:09.623+0000] {processor.py:839} INFO - DAG(s) dict_keys(['example_task_group_decorator']) retrieved from /home/airflow/.local/lib/python3.8/site-packages/airflow/example_dags/example_task_group_decorator.py
[2025-01-23T12:10:09.640+0000] {logging_mixin.py:151} INFO - [2025-01-23T12:10:09.640+0000] {dag.py:2907} INFO - Sync 1 DAGs
[2025-01-23T12:10:09.655+0000] {logging_mixin.py:151} INFO - [2025-01-23T12:10:09.655+0000] {dag.py:3677} INFO - Setting next_dagrun for example_task_group_decorator to 2025-01-22T12:10:09.655697+00:00, run_after=2025-01-23T12:10:09.655697+00:00
[2025-01-23T12:10:09.672+0000] {processor.py:179} INFO - Processing /home/airflow/.local/lib/python3.8/site-packages/airflow/example_dags/example_task_group_decorator.py took 0.062 seconds
[2025-01-23T12:10:39.977+0000] {processor.py:157} INFO - Started process (PID=1973) to work on /home/airflow/.local/lib/python3.8/site-packages/airflow/example_dags/example_task_group_decorator.py
[2025-01-23T12:10:39.978+0000] {processor.py:829} INFO - Processing file /home/airflow/.local/lib/python3.8/site-packages/airflow/example_dags/example_task_group_decorator.py for tasks to queue
[2025-01-23T12:10:39.978+0000] {logging_mixin.py:151} INFO - [2025-01-23T12:10:39.978+0000] {dagbag.py:539} INFO - Filling up the DagBag from /home/airflow/.local/lib/python3.8/site-packages/airflow/example_dags/example_task_group_decorator.py
[2025-01-23T12:10:39.988+0000] {processor.py:839} INFO - DAG(s) dict_keys(['example_task_group_decorator']) retrieved from /home/airflow/.local/lib/python3.8/site-packages/airflow/example_dags/example_task_group_decorator.py
[2025-01-23T12:10:40.007+0000] {logging_mixin.py:151} INFO - [2025-01-23T12:10:40.007+0000] {dag.py:2907} INFO - Sync 1 DAGs
[2025-01-23T12:10:40.023+0000] {logging_mixin.py:151} INFO - [2025-01-23T12:10:40.023+0000] {dag.py:3677} INFO - Setting next_dagrun for example_task_group_decorator to 2025-01-22T12:10:40.023185+00:00, run_after=2025-01-23T12:10:40.023185+00:00
[2025-01-23T12:10:40.043+0000] {processor.py:179} INFO - Processing /home/airflow/.local/lib/python3.8/site-packages/airflow/example_dags/example_task_group_decorator.py took 0.071 seconds
[2025-01-23T12:11:10.599+0000] {processor.py:157} INFO - Started process (PID=2214) to work on /home/airflow/.local/lib/python3.8/site-packages/airflow/example_dags/example_task_group_decorator.py
[2025-01-23T12:11:10.600+0000] {processor.py:829} INFO - Processing file /home/airflow/.local/lib/python3.8/site-packages/airflow/example_dags/example_task_group_decorator.py for tasks to queue
[2025-01-23T12:11:10.601+0000] {logging_mixin.py:151} INFO - [2025-01-23T12:11:10.601+0000] {dagbag.py:539} INFO - Filling up the DagBag from /home/airflow/.local/lib/python3.8/site-packages/airflow/example_dags/example_task_group_decorator.py
[2025-01-23T12:11:10.610+0000] {processor.py:839} INFO - DAG(s) dict_keys(['example_task_group_decorator']) retrieved from /home/airflow/.local/lib/python3.8/site-packages/airflow/example_dags/example_task_group_decorator.py
[2025-01-23T12:11:10.628+0000] {logging_mixin.py:151} INFO - [2025-01-23T12:11:10.627+0000] {dag.py:2907} INFO - Sync 1 DAGs
[2025-01-23T12:11:10.643+0000] {logging_mixin.py:151} INFO - [2025-01-23T12:11:10.643+0000] {dag.py:3677} INFO - Setting next_dagrun for example_task_group_decorator to 2025-01-22T12:11:10.643221+00:00, run_after=2025-01-23T12:11:10.643221+00:00
[2025-01-23T12:11:10.660+0000] {processor.py:179} INFO - Processing /home/airflow/.local/lib/python3.8/site-packages/airflow/example_dags/example_task_group_decorator.py took 0.064 seconds
