[2025-01-23T12:07:03.698+0000] {processor.py:157} INFO - Started process (PID=223) to work on /home/airflow/.local/lib/python3.8/site-packages/airflow/example_dags/example_short_circuit_operator.py
[2025-01-23T12:07:03.699+0000] {processor.py:829} INFO - Processing file /home/airflow/.local/lib/python3.8/site-packages/airflow/example_dags/example_short_circuit_operator.py for tasks to queue
[2025-01-23T12:07:03.700+0000] {logging_mixin.py:151} INFO - [2025-01-23T12:07:03.700+0000] {dagbag.py:539} INFO - Filling up the DagBag from /home/airflow/.local/lib/python3.8/site-packages/airflow/example_dags/example_short_circuit_operator.py
[2025-01-23T12:07:03.710+0000] {processor.py:839} INFO - DAG(s) dict_keys(['example_short_circuit_operator']) retrieved from /home/airflow/.local/lib/python3.8/site-packages/airflow/example_dags/example_short_circuit_operator.py
[2025-01-23T12:07:03.724+0000] {logging_mixin.py:151} INFO - [2025-01-23T12:07:03.723+0000] {dag.py:2907} INFO - Sync 1 DAGs
[2025-01-23T12:07:03.751+0000] {logging_mixin.py:151} INFO - [2025-01-23T12:07:03.750+0000] {dag.py:3677} INFO - Setting next_dagrun for example_short_circuit_operator to 2025-01-22T12:07:03.750166+00:00, run_after=2025-01-23T12:07:03.750166+00:00
[2025-01-23T12:07:03.775+0000] {processor.py:179} INFO - Processing /home/airflow/.local/lib/python3.8/site-packages/airflow/example_dags/example_short_circuit_operator.py took 0.080 seconds
[2025-01-23T12:07:34.006+0000] {processor.py:157} INFO - Started process (PID=467) to work on /home/airflow/.local/lib/python3.8/site-packages/airflow/example_dags/example_short_circuit_operator.py
[2025-01-23T12:07:34.006+0000] {processor.py:829} INFO - Processing file /home/airflow/.local/lib/python3.8/site-packages/airflow/example_dags/example_short_circuit_operator.py for tasks to queue
[2025-01-23T12:07:34.007+0000] {logging_mixin.py:151} INFO - [2025-01-23T12:07:34.007+0000] {dagbag.py:539} INFO - Filling up the DagBag from /home/airflow/.local/lib/python3.8/site-packages/airflow/example_dags/example_short_circuit_operator.py
[2025-01-23T12:07:34.012+0000] {processor.py:839} INFO - DAG(s) dict_keys(['example_short_circuit_operator']) retrieved from /home/airflow/.local/lib/python3.8/site-packages/airflow/example_dags/example_short_circuit_operator.py
[2025-01-23T12:07:34.028+0000] {logging_mixin.py:151} INFO - [2025-01-23T12:07:34.027+0000] {dag.py:2907} INFO - Sync 1 DAGs
[2025-01-23T12:07:34.041+0000] {logging_mixin.py:151} INFO - [2025-01-23T12:07:34.041+0000] {dag.py:3677} INFO - Setting next_dagrun for example_short_circuit_operator to 2025-01-22T12:07:34.041214+00:00, run_after=2025-01-23T12:07:34.041214+00:00
[2025-01-23T12:07:34.056+0000] {processor.py:179} INFO - Processing /home/airflow/.local/lib/python3.8/site-packages/airflow/example_dags/example_short_circuit_operator.py took 0.052 seconds
[2025-01-23T12:08:04.396+0000] {processor.py:157} INFO - Started process (PID=708) to work on /home/airflow/.local/lib/python3.8/site-packages/airflow/example_dags/example_short_circuit_operator.py
[2025-01-23T12:08:04.397+0000] {processor.py:829} INFO - Processing file /home/airflow/.local/lib/python3.8/site-packages/airflow/example_dags/example_short_circuit_operator.py for tasks to queue
[2025-01-23T12:08:04.398+0000] {logging_mixin.py:151} INFO - [2025-01-23T12:08:04.398+0000] {dagbag.py:539} INFO - Filling up the DagBag from /home/airflow/.local/lib/python3.8/site-packages/airflow/example_dags/example_short_circuit_operator.py
[2025-01-23T12:08:04.404+0000] {processor.py:839} INFO - DAG(s) dict_keys(['example_short_circuit_operator']) retrieved from /home/airflow/.local/lib/python3.8/site-packages/airflow/example_dags/example_short_circuit_operator.py
[2025-01-23T12:08:04.500+0000] {logging_mixin.py:151} INFO - [2025-01-23T12:08:04.500+0000] {dag.py:2907} INFO - Sync 1 DAGs
[2025-01-23T12:08:04.515+0000] {logging_mixin.py:151} INFO - [2025-01-23T12:08:04.515+0000] {dag.py:3677} INFO - Setting next_dagrun for example_short_circuit_operator to 2025-01-22T12:08:04.515541+00:00, run_after=2025-01-23T12:08:04.515541+00:00
[2025-01-23T12:08:04.531+0000] {processor.py:179} INFO - Processing /home/airflow/.local/lib/python3.8/site-packages/airflow/example_dags/example_short_circuit_operator.py took 0.137 seconds
[2025-01-23T12:08:34.597+0000] {processor.py:157} INFO - Started process (PID=953) to work on /home/airflow/.local/lib/python3.8/site-packages/airflow/example_dags/example_short_circuit_operator.py
[2025-01-23T12:08:34.598+0000] {processor.py:829} INFO - Processing file /home/airflow/.local/lib/python3.8/site-packages/airflow/example_dags/example_short_circuit_operator.py for tasks to queue
[2025-01-23T12:08:34.598+0000] {logging_mixin.py:151} INFO - [2025-01-23T12:08:34.598+0000] {dagbag.py:539} INFO - Filling up the DagBag from /home/airflow/.local/lib/python3.8/site-packages/airflow/example_dags/example_short_circuit_operator.py
[2025-01-23T12:08:34.603+0000] {processor.py:839} INFO - DAG(s) dict_keys(['example_short_circuit_operator']) retrieved from /home/airflow/.local/lib/python3.8/site-packages/airflow/example_dags/example_short_circuit_operator.py
[2025-01-23T12:08:34.620+0000] {logging_mixin.py:151} INFO - [2025-01-23T12:08:34.620+0000] {dag.py:2907} INFO - Sync 1 DAGs
[2025-01-23T12:08:34.634+0000] {logging_mixin.py:151} INFO - [2025-01-23T12:08:34.634+0000] {dag.py:3677} INFO - Setting next_dagrun for example_short_circuit_operator to 2025-01-22T12:08:34.634505+00:00, run_after=2025-01-23T12:08:34.634505+00:00
[2025-01-23T12:08:34.648+0000] {processor.py:179} INFO - Processing /home/airflow/.local/lib/python3.8/site-packages/airflow/example_dags/example_short_circuit_operator.py took 0.052 seconds
[2025-01-23T12:09:04.692+0000] {processor.py:157} INFO - Started process (PID=1195) to work on /home/airflow/.local/lib/python3.8/site-packages/airflow/example_dags/example_short_circuit_operator.py
[2025-01-23T12:09:04.692+0000] {processor.py:829} INFO - Processing file /home/airflow/.local/lib/python3.8/site-packages/airflow/example_dags/example_short_circuit_operator.py for tasks to queue
[2025-01-23T12:09:04.693+0000] {logging_mixin.py:151} INFO - [2025-01-23T12:09:04.693+0000] {dagbag.py:539} INFO - Filling up the DagBag from /home/airflow/.local/lib/python3.8/site-packages/airflow/example_dags/example_short_circuit_operator.py
[2025-01-23T12:09:04.698+0000] {processor.py:839} INFO - DAG(s) dict_keys(['example_short_circuit_operator']) retrieved from /home/airflow/.local/lib/python3.8/site-packages/airflow/example_dags/example_short_circuit_operator.py
[2025-01-23T12:09:04.717+0000] {logging_mixin.py:151} INFO - [2025-01-23T12:09:04.717+0000] {dag.py:2907} INFO - Sync 1 DAGs
[2025-01-23T12:09:04.733+0000] {logging_mixin.py:151} INFO - [2025-01-23T12:09:04.733+0000] {dag.py:3677} INFO - Setting next_dagrun for example_short_circuit_operator to 2025-01-22T12:09:04.733203+00:00, run_after=2025-01-23T12:09:04.733203+00:00
[2025-01-23T12:09:04.748+0000] {processor.py:179} INFO - Processing /home/airflow/.local/lib/python3.8/site-packages/airflow/example_dags/example_short_circuit_operator.py took 0.059 seconds
[2025-01-23T12:09:34.986+0000] {processor.py:157} INFO - Started process (PID=1438) to work on /home/airflow/.local/lib/python3.8/site-packages/airflow/example_dags/example_short_circuit_operator.py
[2025-01-23T12:09:34.986+0000] {processor.py:829} INFO - Processing file /home/airflow/.local/lib/python3.8/site-packages/airflow/example_dags/example_short_circuit_operator.py for tasks to queue
[2025-01-23T12:09:34.987+0000] {logging_mixin.py:151} INFO - [2025-01-23T12:09:34.987+0000] {dagbag.py:539} INFO - Filling up the DagBag from /home/airflow/.local/lib/python3.8/site-packages/airflow/example_dags/example_short_circuit_operator.py
[2025-01-23T12:09:34.993+0000] {processor.py:839} INFO - DAG(s) dict_keys(['example_short_circuit_operator']) retrieved from /home/airflow/.local/lib/python3.8/site-packages/airflow/example_dags/example_short_circuit_operator.py
[2025-01-23T12:09:35.011+0000] {logging_mixin.py:151} INFO - [2025-01-23T12:09:35.011+0000] {dag.py:2907} INFO - Sync 1 DAGs
[2025-01-23T12:09:35.026+0000] {logging_mixin.py:151} INFO - [2025-01-23T12:09:35.026+0000] {dag.py:3677} INFO - Setting next_dagrun for example_short_circuit_operator to 2025-01-22T12:09:35.025824+00:00, run_after=2025-01-23T12:09:35.025824+00:00
[2025-01-23T12:09:35.042+0000] {processor.py:179} INFO - Processing /home/airflow/.local/lib/python3.8/site-packages/airflow/example_dags/example_short_circuit_operator.py took 0.059 seconds
[2025-01-23T12:10:05.094+0000] {processor.py:157} INFO - Started process (PID=1680) to work on /home/airflow/.local/lib/python3.8/site-packages/airflow/example_dags/example_short_circuit_operator.py
[2025-01-23T12:10:05.094+0000] {processor.py:829} INFO - Processing file /home/airflow/.local/lib/python3.8/site-packages/airflow/example_dags/example_short_circuit_operator.py for tasks to queue
[2025-01-23T12:10:05.095+0000] {logging_mixin.py:151} INFO - [2025-01-23T12:10:05.095+0000] {dagbag.py:539} INFO - Filling up the DagBag from /home/airflow/.local/lib/python3.8/site-packages/airflow/example_dags/example_short_circuit_operator.py
[2025-01-23T12:10:05.101+0000] {processor.py:839} INFO - DAG(s) dict_keys(['example_short_circuit_operator']) retrieved from /home/airflow/.local/lib/python3.8/site-packages/airflow/example_dags/example_short_circuit_operator.py
[2025-01-23T12:10:05.116+0000] {logging_mixin.py:151} INFO - [2025-01-23T12:10:05.116+0000] {dag.py:2907} INFO - Sync 1 DAGs
[2025-01-23T12:10:05.129+0000] {logging_mixin.py:151} INFO - [2025-01-23T12:10:05.129+0000] {dag.py:3677} INFO - Setting next_dagrun for example_short_circuit_operator to 2025-01-22T12:10:05.129553+00:00, run_after=2025-01-23T12:10:05.129553+00:00
[2025-01-23T12:10:05.143+0000] {processor.py:179} INFO - Processing /home/airflow/.local/lib/python3.8/site-packages/airflow/example_dags/example_short_circuit_operator.py took 0.052 seconds
[2025-01-23T12:10:35.456+0000] {processor.py:157} INFO - Started process (PID=1924) to work on /home/airflow/.local/lib/python3.8/site-packages/airflow/example_dags/example_short_circuit_operator.py
[2025-01-23T12:10:35.457+0000] {processor.py:829} INFO - Processing file /home/airflow/.local/lib/python3.8/site-packages/airflow/example_dags/example_short_circuit_operator.py for tasks to queue
[2025-01-23T12:10:35.458+0000] {logging_mixin.py:151} INFO - [2025-01-23T12:10:35.457+0000] {dagbag.py:539} INFO - Filling up the DagBag from /home/airflow/.local/lib/python3.8/site-packages/airflow/example_dags/example_short_circuit_operator.py
[2025-01-23T12:10:35.462+0000] {processor.py:839} INFO - DAG(s) dict_keys(['example_short_circuit_operator']) retrieved from /home/airflow/.local/lib/python3.8/site-packages/airflow/example_dags/example_short_circuit_operator.py
[2025-01-23T12:10:35.479+0000] {logging_mixin.py:151} INFO - [2025-01-23T12:10:35.479+0000] {dag.py:2907} INFO - Sync 1 DAGs
[2025-01-23T12:10:35.494+0000] {logging_mixin.py:151} INFO - [2025-01-23T12:10:35.494+0000] {dag.py:3677} INFO - Setting next_dagrun for example_short_circuit_operator to 2025-01-22T12:10:35.493976+00:00, run_after=2025-01-23T12:10:35.493976+00:00
[2025-01-23T12:10:35.509+0000] {processor.py:179} INFO - Processing /home/airflow/.local/lib/python3.8/site-packages/airflow/example_dags/example_short_circuit_operator.py took 0.055 seconds
[2025-01-23T12:11:06.110+0000] {processor.py:157} INFO - Started process (PID=2167) to work on /home/airflow/.local/lib/python3.8/site-packages/airflow/example_dags/example_short_circuit_operator.py
[2025-01-23T12:11:06.110+0000] {processor.py:829} INFO - Processing file /home/airflow/.local/lib/python3.8/site-packages/airflow/example_dags/example_short_circuit_operator.py for tasks to queue
[2025-01-23T12:11:06.111+0000] {logging_mixin.py:151} INFO - [2025-01-23T12:11:06.111+0000] {dagbag.py:539} INFO - Filling up the DagBag from /home/airflow/.local/lib/python3.8/site-packages/airflow/example_dags/example_short_circuit_operator.py
[2025-01-23T12:11:06.117+0000] {processor.py:839} INFO - DAG(s) dict_keys(['example_short_circuit_operator']) retrieved from /home/airflow/.local/lib/python3.8/site-packages/airflow/example_dags/example_short_circuit_operator.py
[2025-01-23T12:11:06.134+0000] {logging_mixin.py:151} INFO - [2025-01-23T12:11:06.133+0000] {dag.py:2907} INFO - Sync 1 DAGs
[2025-01-23T12:11:06.148+0000] {logging_mixin.py:151} INFO - [2025-01-23T12:11:06.148+0000] {dag.py:3677} INFO - Setting next_dagrun for example_short_circuit_operator to 2025-01-22T12:11:06.148579+00:00, run_after=2025-01-23T12:11:06.148579+00:00
[2025-01-23T12:11:06.165+0000] {processor.py:179} INFO - Processing /home/airflow/.local/lib/python3.8/site-packages/airflow/example_dags/example_short_circuit_operator.py took 0.058 seconds
