[2025-01-23T12:07:05.652+0000] {processor.py:157} INFO - Started process (PID=308) to work on /home/airflow/.local/lib/python3.8/site-packages/airflow/example_dags/example_branch_operator.py
[2025-01-23T12:07:05.652+0000] {processor.py:829} INFO - Processing file /home/airflow/.local/lib/python3.8/site-packages/airflow/example_dags/example_branch_operator.py for tasks to queue
[2025-01-23T12:07:05.653+0000] {logging_mixin.py:151} INFO - [2025-01-23T12:07:05.653+0000] {dagbag.py:539} INFO - Filling up the DagBag from /home/airflow/.local/lib/python3.8/site-packages/airflow/example_dags/example_branch_operator.py
[2025-01-23T12:07:05.661+0000] {processor.py:839} INFO - DAG(s) dict_keys(['example_branch_operator']) retrieved from /home/airflow/.local/lib/python3.8/site-packages/airflow/example_dags/example_branch_operator.py
[2025-01-23T12:07:05.675+0000] {logging_mixin.py:151} INFO - [2025-01-23T12:07:05.675+0000] {dag.py:2907} INFO - Sync 1 DAGs
[2025-01-23T12:07:05.699+0000] {logging_mixin.py:151} INFO - [2025-01-23T12:07:05.698+0000] {dag.py:3677} INFO - Setting next_dagrun for example_branch_operator to 2025-01-22T00:00:00+00:00, run_after=2025-01-23T00:00:00+00:00
[2025-01-23T12:07:05.720+0000] {processor.py:179} INFO - Processing /home/airflow/.local/lib/python3.8/site-packages/airflow/example_dags/example_branch_operator.py took 0.071 seconds
[2025-01-23T12:07:35.931+0000] {processor.py:157} INFO - Started process (PID=550) to work on /home/airflow/.local/lib/python3.8/site-packages/airflow/example_dags/example_branch_operator.py
[2025-01-23T12:07:35.936+0000] {processor.py:829} INFO - Processing file /home/airflow/.local/lib/python3.8/site-packages/airflow/example_dags/example_branch_operator.py for tasks to queue
[2025-01-23T12:07:35.937+0000] {logging_mixin.py:151} INFO - [2025-01-23T12:07:35.936+0000] {dagbag.py:539} INFO - Filling up the DagBag from /home/airflow/.local/lib/python3.8/site-packages/airflow/example_dags/example_branch_operator.py
[2025-01-23T12:07:35.942+0000] {processor.py:839} INFO - DAG(s) dict_keys(['example_branch_operator']) retrieved from /home/airflow/.local/lib/python3.8/site-packages/airflow/example_dags/example_branch_operator.py
[2025-01-23T12:07:35.960+0000] {logging_mixin.py:151} INFO - [2025-01-23T12:07:35.960+0000] {dag.py:2907} INFO - Sync 1 DAGs
[2025-01-23T12:07:35.979+0000] {logging_mixin.py:151} INFO - [2025-01-23T12:07:35.979+0000] {dag.py:3677} INFO - Setting next_dagrun for example_branch_operator to 2025-01-22T00:00:00+00:00, run_after=2025-01-23T00:00:00+00:00
[2025-01-23T12:07:36.081+0000] {processor.py:179} INFO - Processing /home/airflow/.local/lib/python3.8/site-packages/airflow/example_dags/example_branch_operator.py took 0.152 seconds
[2025-01-23T12:08:06.345+0000] {processor.py:157} INFO - Started process (PID=800) to work on /home/airflow/.local/lib/python3.8/site-packages/airflow/example_dags/example_branch_operator.py
[2025-01-23T12:08:06.346+0000] {processor.py:829} INFO - Processing file /home/airflow/.local/lib/python3.8/site-packages/airflow/example_dags/example_branch_operator.py for tasks to queue
[2025-01-23T12:08:06.346+0000] {logging_mixin.py:151} INFO - [2025-01-23T12:08:06.346+0000] {dagbag.py:539} INFO - Filling up the DagBag from /home/airflow/.local/lib/python3.8/site-packages/airflow/example_dags/example_branch_operator.py
[2025-01-23T12:08:06.351+0000] {processor.py:839} INFO - DAG(s) dict_keys(['example_branch_operator']) retrieved from /home/airflow/.local/lib/python3.8/site-packages/airflow/example_dags/example_branch_operator.py
[2025-01-23T12:08:06.367+0000] {logging_mixin.py:151} INFO - [2025-01-23T12:08:06.367+0000] {dag.py:2907} INFO - Sync 1 DAGs
[2025-01-23T12:08:06.380+0000] {logging_mixin.py:151} INFO - [2025-01-23T12:08:06.380+0000] {dag.py:3677} INFO - Setting next_dagrun for example_branch_operator to 2025-01-22T00:00:00+00:00, run_after=2025-01-23T00:00:00+00:00
[2025-01-23T12:08:06.396+0000] {processor.py:179} INFO - Processing /home/airflow/.local/lib/python3.8/site-packages/airflow/example_dags/example_branch_operator.py took 0.053 seconds
[2025-01-23T12:08:37.517+0000] {processor.py:157} INFO - Started process (PID=1046) to work on /home/airflow/.local/lib/python3.8/site-packages/airflow/example_dags/example_branch_operator.py
[2025-01-23T12:08:37.518+0000] {processor.py:829} INFO - Processing file /home/airflow/.local/lib/python3.8/site-packages/airflow/example_dags/example_branch_operator.py for tasks to queue
[2025-01-23T12:08:37.519+0000] {logging_mixin.py:151} INFO - [2025-01-23T12:08:37.519+0000] {dagbag.py:539} INFO - Filling up the DagBag from /home/airflow/.local/lib/python3.8/site-packages/airflow/example_dags/example_branch_operator.py
[2025-01-23T12:08:37.526+0000] {processor.py:839} INFO - DAG(s) dict_keys(['example_branch_operator']) retrieved from /home/airflow/.local/lib/python3.8/site-packages/airflow/example_dags/example_branch_operator.py
[2025-01-23T12:08:37.543+0000] {logging_mixin.py:151} INFO - [2025-01-23T12:08:37.543+0000] {dag.py:2907} INFO - Sync 1 DAGs
[2025-01-23T12:08:37.559+0000] {logging_mixin.py:151} INFO - [2025-01-23T12:08:37.559+0000] {dag.py:3677} INFO - Setting next_dagrun for example_branch_operator to 2025-01-22T00:00:00+00:00, run_after=2025-01-23T00:00:00+00:00
[2025-01-23T12:08:37.573+0000] {processor.py:179} INFO - Processing /home/airflow/.local/lib/python3.8/site-packages/airflow/example_dags/example_branch_operator.py took 0.058 seconds
[2025-01-23T12:09:08.669+0000] {processor.py:157} INFO - Started process (PID=1287) to work on /home/airflow/.local/lib/python3.8/site-packages/airflow/example_dags/example_branch_operator.py
[2025-01-23T12:09:08.670+0000] {processor.py:829} INFO - Processing file /home/airflow/.local/lib/python3.8/site-packages/airflow/example_dags/example_branch_operator.py for tasks to queue
[2025-01-23T12:09:08.671+0000] {logging_mixin.py:151} INFO - [2025-01-23T12:09:08.670+0000] {dagbag.py:539} INFO - Filling up the DagBag from /home/airflow/.local/lib/python3.8/site-packages/airflow/example_dags/example_branch_operator.py
[2025-01-23T12:09:08.678+0000] {processor.py:839} INFO - DAG(s) dict_keys(['example_branch_operator']) retrieved from /home/airflow/.local/lib/python3.8/site-packages/airflow/example_dags/example_branch_operator.py
[2025-01-23T12:09:08.697+0000] {logging_mixin.py:151} INFO - [2025-01-23T12:09:08.697+0000] {dag.py:2907} INFO - Sync 1 DAGs
[2025-01-23T12:09:08.715+0000] {logging_mixin.py:151} INFO - [2025-01-23T12:09:08.715+0000] {dag.py:3677} INFO - Setting next_dagrun for example_branch_operator to 2025-01-22T00:00:00+00:00, run_after=2025-01-23T00:00:00+00:00
[2025-01-23T12:09:08.732+0000] {processor.py:179} INFO - Processing /home/airflow/.local/lib/python3.8/site-packages/airflow/example_dags/example_branch_operator.py took 0.066 seconds
[2025-01-23T12:09:38.775+0000] {processor.py:157} INFO - Started process (PID=1530) to work on /home/airflow/.local/lib/python3.8/site-packages/airflow/example_dags/example_branch_operator.py
[2025-01-23T12:09:38.776+0000] {processor.py:829} INFO - Processing file /home/airflow/.local/lib/python3.8/site-packages/airflow/example_dags/example_branch_operator.py for tasks to queue
[2025-01-23T12:09:38.777+0000] {logging_mixin.py:151} INFO - [2025-01-23T12:09:38.777+0000] {dagbag.py:539} INFO - Filling up the DagBag from /home/airflow/.local/lib/python3.8/site-packages/airflow/example_dags/example_branch_operator.py
[2025-01-23T12:09:38.783+0000] {processor.py:839} INFO - DAG(s) dict_keys(['example_branch_operator']) retrieved from /home/airflow/.local/lib/python3.8/site-packages/airflow/example_dags/example_branch_operator.py
[2025-01-23T12:09:38.803+0000] {logging_mixin.py:151} INFO - [2025-01-23T12:09:38.802+0000] {dag.py:2907} INFO - Sync 1 DAGs
[2025-01-23T12:09:38.817+0000] {logging_mixin.py:151} INFO - [2025-01-23T12:09:38.816+0000] {dag.py:3677} INFO - Setting next_dagrun for example_branch_operator to 2025-01-22T00:00:00+00:00, run_after=2025-01-23T00:00:00+00:00
[2025-01-23T12:09:38.830+0000] {processor.py:179} INFO - Processing /home/airflow/.local/lib/python3.8/site-packages/airflow/example_dags/example_branch_operator.py took 0.057 seconds
[2025-01-23T12:10:10.090+0000] {processor.py:157} INFO - Started process (PID=1773) to work on /home/airflow/.local/lib/python3.8/site-packages/airflow/example_dags/example_branch_operator.py
[2025-01-23T12:10:10.091+0000] {processor.py:829} INFO - Processing file /home/airflow/.local/lib/python3.8/site-packages/airflow/example_dags/example_branch_operator.py for tasks to queue
[2025-01-23T12:10:10.092+0000] {logging_mixin.py:151} INFO - [2025-01-23T12:10:10.091+0000] {dagbag.py:539} INFO - Filling up the DagBag from /home/airflow/.local/lib/python3.8/site-packages/airflow/example_dags/example_branch_operator.py
[2025-01-23T12:10:10.099+0000] {processor.py:839} INFO - DAG(s) dict_keys(['example_branch_operator']) retrieved from /home/airflow/.local/lib/python3.8/site-packages/airflow/example_dags/example_branch_operator.py
[2025-01-23T12:10:10.118+0000] {logging_mixin.py:151} INFO - [2025-01-23T12:10:10.118+0000] {dag.py:2907} INFO - Sync 1 DAGs
[2025-01-23T12:10:10.135+0000] {logging_mixin.py:151} INFO - [2025-01-23T12:10:10.135+0000] {dag.py:3677} INFO - Setting next_dagrun for example_branch_operator to 2025-01-22T00:00:00+00:00, run_after=2025-01-23T00:00:00+00:00
[2025-01-23T12:10:10.153+0000] {processor.py:179} INFO - Processing /home/airflow/.local/lib/python3.8/site-packages/airflow/example_dags/example_branch_operator.py took 0.065 seconds
[2025-01-23T12:10:40.540+0000] {processor.py:157} INFO - Started process (PID=2016) to work on /home/airflow/.local/lib/python3.8/site-packages/airflow/example_dags/example_branch_operator.py
[2025-01-23T12:10:40.541+0000] {processor.py:829} INFO - Processing file /home/airflow/.local/lib/python3.8/site-packages/airflow/example_dags/example_branch_operator.py for tasks to queue
[2025-01-23T12:10:40.542+0000] {logging_mixin.py:151} INFO - [2025-01-23T12:10:40.542+0000] {dagbag.py:539} INFO - Filling up the DagBag from /home/airflow/.local/lib/python3.8/site-packages/airflow/example_dags/example_branch_operator.py
[2025-01-23T12:10:40.549+0000] {processor.py:839} INFO - DAG(s) dict_keys(['example_branch_operator']) retrieved from /home/airflow/.local/lib/python3.8/site-packages/airflow/example_dags/example_branch_operator.py
[2025-01-23T12:10:40.572+0000] {logging_mixin.py:151} INFO - [2025-01-23T12:10:40.572+0000] {dag.py:2907} INFO - Sync 1 DAGs
[2025-01-23T12:10:40.589+0000] {logging_mixin.py:151} INFO - [2025-01-23T12:10:40.589+0000] {dag.py:3677} INFO - Setting next_dagrun for example_branch_operator to 2025-01-22T00:00:00+00:00, run_after=2025-01-23T00:00:00+00:00
[2025-01-23T12:10:40.606+0000] {processor.py:179} INFO - Processing /home/airflow/.local/lib/python3.8/site-packages/airflow/example_dags/example_branch_operator.py took 0.069 seconds
[2025-01-23T12:11:10.992+0000] {processor.py:157} INFO - Started process (PID=2259) to work on /home/airflow/.local/lib/python3.8/site-packages/airflow/example_dags/example_branch_operator.py
[2025-01-23T12:11:10.993+0000] {processor.py:829} INFO - Processing file /home/airflow/.local/lib/python3.8/site-packages/airflow/example_dags/example_branch_operator.py for tasks to queue
[2025-01-23T12:11:10.994+0000] {logging_mixin.py:151} INFO - [2025-01-23T12:11:10.993+0000] {dagbag.py:539} INFO - Filling up the DagBag from /home/airflow/.local/lib/python3.8/site-packages/airflow/example_dags/example_branch_operator.py
[2025-01-23T12:11:11.002+0000] {processor.py:839} INFO - DAG(s) dict_keys(['example_branch_operator']) retrieved from /home/airflow/.local/lib/python3.8/site-packages/airflow/example_dags/example_branch_operator.py
[2025-01-23T12:11:11.020+0000] {logging_mixin.py:151} INFO - [2025-01-23T12:11:11.020+0000] {dag.py:2907} INFO - Sync 1 DAGs
[2025-01-23T12:11:11.040+0000] {logging_mixin.py:151} INFO - [2025-01-23T12:11:11.040+0000] {dag.py:3677} INFO - Setting next_dagrun for example_branch_operator to 2025-01-22T00:00:00+00:00, run_after=2025-01-23T00:00:00+00:00
[2025-01-23T12:11:11.062+0000] {processor.py:179} INFO - Processing /home/airflow/.local/lib/python3.8/site-packages/airflow/example_dags/example_branch_operator.py took 0.072 seconds
