[2025-01-23T12:07:06.110+0000] {processor.py:157} INFO - Started process (PID=359) to work on /home/airflow/.local/lib/python3.8/site-packages/airflow/example_dags/example_external_task_marker_dag.py
[2025-01-23T12:07:06.111+0000] {processor.py:829} INFO - Processing file /home/airflow/.local/lib/python3.8/site-packages/airflow/example_dags/example_external_task_marker_dag.py for tasks to queue
[2025-01-23T12:07:06.112+0000] {logging_mixin.py:151} INFO - [2025-01-23T12:07:06.112+0000] {dagbag.py:539} INFO - Filling up the DagBag from /home/airflow/.local/lib/python3.8/site-packages/airflow/example_dags/example_external_task_marker_dag.py
[2025-01-23T12:07:06.119+0000] {processor.py:839} INFO - DAG(s) dict_keys(['example_external_task_marker_parent', 'example_external_task_marker_child']) retrieved from /home/airflow/.local/lib/python3.8/site-packages/airflow/example_dags/example_external_task_marker_dag.py
[2025-01-23T12:07:06.135+0000] {logging_mixin.py:151} INFO - [2025-01-23T12:07:06.135+0000] {dag.py:2907} INFO - Sync 2 DAGs
[2025-01-23T12:07:06.149+0000] {logging_mixin.py:151} INFO - [2025-01-23T12:07:06.149+0000] {dag.py:3677} INFO - Setting next_dagrun for example_external_task_marker_child to None, run_after=None
[2025-01-23T12:07:06.152+0000] {logging_mixin.py:151} INFO - [2025-01-23T12:07:06.152+0000] {dag.py:3677} INFO - Setting next_dagrun for example_external_task_marker_parent to None, run_after=None
[2025-01-23T12:07:06.172+0000] {processor.py:179} INFO - Processing /home/airflow/.local/lib/python3.8/site-packages/airflow/example_dags/example_external_task_marker_dag.py took 0.065 seconds
[2025-01-23T12:07:36.703+0000] {processor.py:157} INFO - Started process (PID=602) to work on /home/airflow/.local/lib/python3.8/site-packages/airflow/example_dags/example_external_task_marker_dag.py
[2025-01-23T12:07:36.704+0000] {processor.py:829} INFO - Processing file /home/airflow/.local/lib/python3.8/site-packages/airflow/example_dags/example_external_task_marker_dag.py for tasks to queue
[2025-01-23T12:07:36.704+0000] {logging_mixin.py:151} INFO - [2025-01-23T12:07:36.704+0000] {dagbag.py:539} INFO - Filling up the DagBag from /home/airflow/.local/lib/python3.8/site-packages/airflow/example_dags/example_external_task_marker_dag.py
[2025-01-23T12:07:36.709+0000] {processor.py:839} INFO - DAG(s) dict_keys(['example_external_task_marker_child', 'example_external_task_marker_parent']) retrieved from /home/airflow/.local/lib/python3.8/site-packages/airflow/example_dags/example_external_task_marker_dag.py
[2025-01-23T12:07:36.729+0000] {logging_mixin.py:151} INFO - [2025-01-23T12:07:36.729+0000] {dag.py:2907} INFO - Sync 2 DAGs
[2025-01-23T12:07:36.737+0000] {logging_mixin.py:151} INFO - [2025-01-23T12:07:36.737+0000] {dag.py:3677} INFO - Setting next_dagrun for example_external_task_marker_child to None, run_after=None
[2025-01-23T12:07:36.741+0000] {logging_mixin.py:151} INFO - [2025-01-23T12:07:36.740+0000] {dag.py:3677} INFO - Setting next_dagrun for example_external_task_marker_parent to None, run_after=None
[2025-01-23T12:07:36.838+0000] {processor.py:179} INFO - Processing /home/airflow/.local/lib/python3.8/site-packages/airflow/example_dags/example_external_task_marker_dag.py took 0.137 seconds
[2025-01-23T12:08:07.707+0000] {processor.py:157} INFO - Started process (PID=845) to work on /home/airflow/.local/lib/python3.8/site-packages/airflow/example_dags/example_external_task_marker_dag.py
[2025-01-23T12:08:07.708+0000] {processor.py:829} INFO - Processing file /home/airflow/.local/lib/python3.8/site-packages/airflow/example_dags/example_external_task_marker_dag.py for tasks to queue
[2025-01-23T12:08:07.708+0000] {logging_mixin.py:151} INFO - [2025-01-23T12:08:07.708+0000] {dagbag.py:539} INFO - Filling up the DagBag from /home/airflow/.local/lib/python3.8/site-packages/airflow/example_dags/example_external_task_marker_dag.py
[2025-01-23T12:08:07.712+0000] {processor.py:839} INFO - DAG(s) dict_keys(['example_external_task_marker_child', 'example_external_task_marker_parent']) retrieved from /home/airflow/.local/lib/python3.8/site-packages/airflow/example_dags/example_external_task_marker_dag.py
[2025-01-23T12:08:07.730+0000] {logging_mixin.py:151} INFO - [2025-01-23T12:08:07.729+0000] {dag.py:2907} INFO - Sync 2 DAGs
[2025-01-23T12:08:07.737+0000] {logging_mixin.py:151} INFO - [2025-01-23T12:08:07.737+0000] {dag.py:3677} INFO - Setting next_dagrun for example_external_task_marker_child to None, run_after=None
[2025-01-23T12:08:07.739+0000] {logging_mixin.py:151} INFO - [2025-01-23T12:08:07.739+0000] {dag.py:3677} INFO - Setting next_dagrun for example_external_task_marker_parent to None, run_after=None
[2025-01-23T12:08:07.751+0000] {processor.py:179} INFO - Processing /home/airflow/.local/lib/python3.8/site-packages/airflow/example_dags/example_external_task_marker_dag.py took 0.046 seconds
[2025-01-23T12:08:37.870+0000] {processor.py:157} INFO - Started process (PID=1089) to work on /home/airflow/.local/lib/python3.8/site-packages/airflow/example_dags/example_external_task_marker_dag.py
[2025-01-23T12:08:37.871+0000] {processor.py:829} INFO - Processing file /home/airflow/.local/lib/python3.8/site-packages/airflow/example_dags/example_external_task_marker_dag.py for tasks to queue
[2025-01-23T12:08:37.871+0000] {logging_mixin.py:151} INFO - [2025-01-23T12:08:37.871+0000] {dagbag.py:539} INFO - Filling up the DagBag from /home/airflow/.local/lib/python3.8/site-packages/airflow/example_dags/example_external_task_marker_dag.py
[2025-01-23T12:08:37.875+0000] {processor.py:839} INFO - DAG(s) dict_keys(['example_external_task_marker_child', 'example_external_task_marker_parent']) retrieved from /home/airflow/.local/lib/python3.8/site-packages/airflow/example_dags/example_external_task_marker_dag.py
[2025-01-23T12:08:37.894+0000] {logging_mixin.py:151} INFO - [2025-01-23T12:08:37.894+0000] {dag.py:2907} INFO - Sync 2 DAGs
[2025-01-23T12:08:37.903+0000] {logging_mixin.py:151} INFO - [2025-01-23T12:08:37.903+0000] {dag.py:3677} INFO - Setting next_dagrun for example_external_task_marker_child to None, run_after=None
[2025-01-23T12:08:37.905+0000] {logging_mixin.py:151} INFO - [2025-01-23T12:08:37.905+0000] {dag.py:3677} INFO - Setting next_dagrun for example_external_task_marker_parent to None, run_after=None
[2025-01-23T12:08:37.919+0000] {processor.py:179} INFO - Processing /home/airflow/.local/lib/python3.8/site-packages/airflow/example_dags/example_external_task_marker_dag.py took 0.051 seconds
[2025-01-23T12:09:09.072+0000] {processor.py:157} INFO - Started process (PID=1332) to work on /home/airflow/.local/lib/python3.8/site-packages/airflow/example_dags/example_external_task_marker_dag.py
[2025-01-23T12:09:09.073+0000] {processor.py:829} INFO - Processing file /home/airflow/.local/lib/python3.8/site-packages/airflow/example_dags/example_external_task_marker_dag.py for tasks to queue
[2025-01-23T12:09:09.074+0000] {logging_mixin.py:151} INFO - [2025-01-23T12:09:09.074+0000] {dagbag.py:539} INFO - Filling up the DagBag from /home/airflow/.local/lib/python3.8/site-packages/airflow/example_dags/example_external_task_marker_dag.py
[2025-01-23T12:09:09.079+0000] {processor.py:839} INFO - DAG(s) dict_keys(['example_external_task_marker_child', 'example_external_task_marker_parent']) retrieved from /home/airflow/.local/lib/python3.8/site-packages/airflow/example_dags/example_external_task_marker_dag.py
[2025-01-23T12:09:09.099+0000] {logging_mixin.py:151} INFO - [2025-01-23T12:09:09.099+0000] {dag.py:2907} INFO - Sync 2 DAGs
[2025-01-23T12:09:09.109+0000] {logging_mixin.py:151} INFO - [2025-01-23T12:09:09.109+0000] {dag.py:3677} INFO - Setting next_dagrun for example_external_task_marker_child to None, run_after=None
[2025-01-23T12:09:09.112+0000] {logging_mixin.py:151} INFO - [2025-01-23T12:09:09.112+0000] {dag.py:3677} INFO - Setting next_dagrun for example_external_task_marker_parent to None, run_after=None
[2025-01-23T12:09:09.127+0000] {processor.py:179} INFO - Processing /home/airflow/.local/lib/python3.8/site-packages/airflow/example_dags/example_external_task_marker_dag.py took 0.057 seconds
[2025-01-23T12:09:39.149+0000] {processor.py:157} INFO - Started process (PID=1575) to work on /home/airflow/.local/lib/python3.8/site-packages/airflow/example_dags/example_external_task_marker_dag.py
[2025-01-23T12:09:39.150+0000] {processor.py:829} INFO - Processing file /home/airflow/.local/lib/python3.8/site-packages/airflow/example_dags/example_external_task_marker_dag.py for tasks to queue
[2025-01-23T12:09:39.151+0000] {logging_mixin.py:151} INFO - [2025-01-23T12:09:39.150+0000] {dagbag.py:539} INFO - Filling up the DagBag from /home/airflow/.local/lib/python3.8/site-packages/airflow/example_dags/example_external_task_marker_dag.py
[2025-01-23T12:09:39.154+0000] {processor.py:839} INFO - DAG(s) dict_keys(['example_external_task_marker_child', 'example_external_task_marker_parent']) retrieved from /home/airflow/.local/lib/python3.8/site-packages/airflow/example_dags/example_external_task_marker_dag.py
[2025-01-23T12:09:39.173+0000] {logging_mixin.py:151} INFO - [2025-01-23T12:09:39.173+0000] {dag.py:2907} INFO - Sync 2 DAGs
[2025-01-23T12:09:39.182+0000] {logging_mixin.py:151} INFO - [2025-01-23T12:09:39.181+0000] {dag.py:3677} INFO - Setting next_dagrun for example_external_task_marker_child to None, run_after=None
[2025-01-23T12:09:39.184+0000] {logging_mixin.py:151} INFO - [2025-01-23T12:09:39.184+0000] {dag.py:3677} INFO - Setting next_dagrun for example_external_task_marker_parent to None, run_after=None
[2025-01-23T12:09:39.198+0000] {processor.py:179} INFO - Processing /home/airflow/.local/lib/python3.8/site-packages/airflow/example_dags/example_external_task_marker_dag.py took 0.051 seconds
[2025-01-23T12:10:10.483+0000] {processor.py:157} INFO - Started process (PID=1818) to work on /home/airflow/.local/lib/python3.8/site-packages/airflow/example_dags/example_external_task_marker_dag.py
[2025-01-23T12:10:10.484+0000] {processor.py:829} INFO - Processing file /home/airflow/.local/lib/python3.8/site-packages/airflow/example_dags/example_external_task_marker_dag.py for tasks to queue
[2025-01-23T12:10:10.485+0000] {logging_mixin.py:151} INFO - [2025-01-23T12:10:10.485+0000] {dagbag.py:539} INFO - Filling up the DagBag from /home/airflow/.local/lib/python3.8/site-packages/airflow/example_dags/example_external_task_marker_dag.py
[2025-01-23T12:10:10.491+0000] {processor.py:839} INFO - DAG(s) dict_keys(['example_external_task_marker_parent', 'example_external_task_marker_child']) retrieved from /home/airflow/.local/lib/python3.8/site-packages/airflow/example_dags/example_external_task_marker_dag.py
[2025-01-23T12:10:10.513+0000] {logging_mixin.py:151} INFO - [2025-01-23T12:10:10.513+0000] {dag.py:2907} INFO - Sync 2 DAGs
[2025-01-23T12:10:10.526+0000] {logging_mixin.py:151} INFO - [2025-01-23T12:10:10.525+0000] {dag.py:3677} INFO - Setting next_dagrun for example_external_task_marker_child to None, run_after=None
[2025-01-23T12:10:10.528+0000] {logging_mixin.py:151} INFO - [2025-01-23T12:10:10.528+0000] {dag.py:3677} INFO - Setting next_dagrun for example_external_task_marker_parent to None, run_after=None
[2025-01-23T12:10:10.542+0000] {processor.py:179} INFO - Processing /home/airflow/.local/lib/python3.8/site-packages/airflow/example_dags/example_external_task_marker_dag.py took 0.063 seconds
[2025-01-23T12:10:41.057+0000] {processor.py:157} INFO - Started process (PID=2061) to work on /home/airflow/.local/lib/python3.8/site-packages/airflow/example_dags/example_external_task_marker_dag.py
[2025-01-23T12:10:41.060+0000] {processor.py:829} INFO - Processing file /home/airflow/.local/lib/python3.8/site-packages/airflow/example_dags/example_external_task_marker_dag.py for tasks to queue
[2025-01-23T12:10:41.061+0000] {logging_mixin.py:151} INFO - [2025-01-23T12:10:41.061+0000] {dagbag.py:539} INFO - Filling up the DagBag from /home/airflow/.local/lib/python3.8/site-packages/airflow/example_dags/example_external_task_marker_dag.py
[2025-01-23T12:10:41.073+0000] {processor.py:839} INFO - DAG(s) dict_keys(['example_external_task_marker_child', 'example_external_task_marker_parent']) retrieved from /home/airflow/.local/lib/python3.8/site-packages/airflow/example_dags/example_external_task_marker_dag.py
[2025-01-23T12:10:41.099+0000] {logging_mixin.py:151} INFO - [2025-01-23T12:10:41.099+0000] {dag.py:2907} INFO - Sync 2 DAGs
[2025-01-23T12:10:41.108+0000] {logging_mixin.py:151} INFO - [2025-01-23T12:10:41.107+0000] {dag.py:3677} INFO - Setting next_dagrun for example_external_task_marker_child to None, run_after=None
[2025-01-23T12:10:41.111+0000] {logging_mixin.py:151} INFO - [2025-01-23T12:10:41.111+0000] {dag.py:3677} INFO - Setting next_dagrun for example_external_task_marker_parent to None, run_after=None
[2025-01-23T12:10:41.128+0000] {processor.py:179} INFO - Processing /home/airflow/.local/lib/python3.8/site-packages/airflow/example_dags/example_external_task_marker_dag.py took 0.075 seconds
[2025-01-23T12:11:11.414+0000] {processor.py:157} INFO - Started process (PID=2304) to work on /home/airflow/.local/lib/python3.8/site-packages/airflow/example_dags/example_external_task_marker_dag.py
[2025-01-23T12:11:11.415+0000] {processor.py:829} INFO - Processing file /home/airflow/.local/lib/python3.8/site-packages/airflow/example_dags/example_external_task_marker_dag.py for tasks to queue
[2025-01-23T12:11:11.416+0000] {logging_mixin.py:151} INFO - [2025-01-23T12:11:11.416+0000] {dagbag.py:539} INFO - Filling up the DagBag from /home/airflow/.local/lib/python3.8/site-packages/airflow/example_dags/example_external_task_marker_dag.py
[2025-01-23T12:11:11.420+0000] {processor.py:839} INFO - DAG(s) dict_keys(['example_external_task_marker_parent', 'example_external_task_marker_child']) retrieved from /home/airflow/.local/lib/python3.8/site-packages/airflow/example_dags/example_external_task_marker_dag.py
[2025-01-23T12:11:11.444+0000] {logging_mixin.py:151} INFO - [2025-01-23T12:11:11.444+0000] {dag.py:2907} INFO - Sync 2 DAGs
[2025-01-23T12:11:11.456+0000] {logging_mixin.py:151} INFO - [2025-01-23T12:11:11.456+0000] {dag.py:3677} INFO - Setting next_dagrun for example_external_task_marker_child to None, run_after=None
[2025-01-23T12:11:11.459+0000] {logging_mixin.py:151} INFO - [2025-01-23T12:11:11.459+0000] {dag.py:3677} INFO - Setting next_dagrun for example_external_task_marker_parent to None, run_after=None
[2025-01-23T12:11:11.475+0000] {processor.py:179} INFO - Processing /home/airflow/.local/lib/python3.8/site-packages/airflow/example_dags/example_external_task_marker_dag.py took 0.065 seconds
