[2025-01-23T12:07:05.481+0000] {processor.py:157} INFO - Started process (PID=288) to work on /home/airflow/.local/lib/python3.8/site-packages/airflow/example_dags/example_time_delta_sensor_async.py
[2025-01-23T12:07:05.482+0000] {processor.py:829} INFO - Processing file /home/airflow/.local/lib/python3.8/site-packages/airflow/example_dags/example_time_delta_sensor_async.py for tasks to queue
[2025-01-23T12:07:05.483+0000] {logging_mixin.py:151} INFO - [2025-01-23T12:07:05.482+0000] {dagbag.py:539} INFO - Filling up the DagBag from /home/airflow/.local/lib/python3.8/site-packages/airflow/example_dags/example_time_delta_sensor_async.py
[2025-01-23T12:07:05.486+0000] {processor.py:839} INFO - DAG(s) dict_keys(['example_time_delta_sensor_async']) retrieved from /home/airflow/.local/lib/python3.8/site-packages/airflow/example_dags/example_time_delta_sensor_async.py
[2025-01-23T12:07:05.499+0000] {logging_mixin.py:151} INFO - [2025-01-23T12:07:05.499+0000] {dag.py:2907} INFO - Sync 1 DAGs
[2025-01-23T12:07:05.512+0000] {logging_mixin.py:151} INFO - [2025-01-23T12:07:05.512+0000] {dag.py:3677} INFO - Setting next_dagrun for example_time_delta_sensor_async to None, run_after=None
[2025-01-23T12:07:05.533+0000] {processor.py:179} INFO - Processing /home/airflow/.local/lib/python3.8/site-packages/airflow/example_dags/example_time_delta_sensor_async.py took 0.056 seconds
[2025-01-23T12:07:35.758+0000] {processor.py:157} INFO - Started process (PID=530) to work on /home/airflow/.local/lib/python3.8/site-packages/airflow/example_dags/example_time_delta_sensor_async.py
[2025-01-23T12:07:35.760+0000] {processor.py:829} INFO - Processing file /home/airflow/.local/lib/python3.8/site-packages/airflow/example_dags/example_time_delta_sensor_async.py for tasks to queue
[2025-01-23T12:07:35.760+0000] {logging_mixin.py:151} INFO - [2025-01-23T12:07:35.760+0000] {dagbag.py:539} INFO - Filling up the DagBag from /home/airflow/.local/lib/python3.8/site-packages/airflow/example_dags/example_time_delta_sensor_async.py
[2025-01-23T12:07:35.763+0000] {processor.py:839} INFO - DAG(s) dict_keys(['example_time_delta_sensor_async']) retrieved from /home/airflow/.local/lib/python3.8/site-packages/airflow/example_dags/example_time_delta_sensor_async.py
[2025-01-23T12:07:35.785+0000] {logging_mixin.py:151} INFO - [2025-01-23T12:07:35.785+0000] {dag.py:2907} INFO - Sync 1 DAGs
[2025-01-23T12:07:35.793+0000] {logging_mixin.py:151} INFO - [2025-01-23T12:07:35.793+0000] {dag.py:3677} INFO - Setting next_dagrun for example_time_delta_sensor_async to None, run_after=None
[2025-01-23T12:07:35.812+0000] {processor.py:179} INFO - Processing /home/airflow/.local/lib/python3.8/site-packages/airflow/example_dags/example_time_delta_sensor_async.py took 0.055 seconds
[2025-01-23T12:08:06.229+0000] {processor.py:157} INFO - Started process (PID=780) to work on /home/airflow/.local/lib/python3.8/site-packages/airflow/example_dags/example_time_delta_sensor_async.py
[2025-01-23T12:08:06.229+0000] {processor.py:829} INFO - Processing file /home/airflow/.local/lib/python3.8/site-packages/airflow/example_dags/example_time_delta_sensor_async.py for tasks to queue
[2025-01-23T12:08:06.230+0000] {logging_mixin.py:151} INFO - [2025-01-23T12:08:06.230+0000] {dagbag.py:539} INFO - Filling up the DagBag from /home/airflow/.local/lib/python3.8/site-packages/airflow/example_dags/example_time_delta_sensor_async.py
[2025-01-23T12:08:06.233+0000] {processor.py:839} INFO - DAG(s) dict_keys(['example_time_delta_sensor_async']) retrieved from /home/airflow/.local/lib/python3.8/site-packages/airflow/example_dags/example_time_delta_sensor_async.py
[2025-01-23T12:08:06.247+0000] {logging_mixin.py:151} INFO - [2025-01-23T12:08:06.247+0000] {dag.py:2907} INFO - Sync 1 DAGs
[2025-01-23T12:08:06.255+0000] {logging_mixin.py:151} INFO - [2025-01-23T12:08:06.255+0000] {dag.py:3677} INFO - Setting next_dagrun for example_time_delta_sensor_async to None, run_after=None
[2025-01-23T12:08:06.269+0000] {processor.py:179} INFO - Processing /home/airflow/.local/lib/python3.8/site-packages/airflow/example_dags/example_time_delta_sensor_async.py took 0.042 seconds
[2025-01-23T12:08:37.310+0000] {processor.py:157} INFO - Started process (PID=1024) to work on /home/airflow/.local/lib/python3.8/site-packages/airflow/example_dags/example_time_delta_sensor_async.py
[2025-01-23T12:08:37.310+0000] {processor.py:829} INFO - Processing file /home/airflow/.local/lib/python3.8/site-packages/airflow/example_dags/example_time_delta_sensor_async.py for tasks to queue
[2025-01-23T12:08:37.311+0000] {logging_mixin.py:151} INFO - [2025-01-23T12:08:37.311+0000] {dagbag.py:539} INFO - Filling up the DagBag from /home/airflow/.local/lib/python3.8/site-packages/airflow/example_dags/example_time_delta_sensor_async.py
[2025-01-23T12:08:37.314+0000] {processor.py:839} INFO - DAG(s) dict_keys(['example_time_delta_sensor_async']) retrieved from /home/airflow/.local/lib/python3.8/site-packages/airflow/example_dags/example_time_delta_sensor_async.py
[2025-01-23T12:08:37.331+0000] {logging_mixin.py:151} INFO - [2025-01-23T12:08:37.331+0000] {dag.py:2907} INFO - Sync 1 DAGs
[2025-01-23T12:08:37.341+0000] {logging_mixin.py:151} INFO - [2025-01-23T12:08:37.341+0000] {dag.py:3677} INFO - Setting next_dagrun for example_time_delta_sensor_async to None, run_after=None
[2025-01-23T12:08:37.357+0000] {processor.py:179} INFO - Processing /home/airflow/.local/lib/python3.8/site-packages/airflow/example_dags/example_time_delta_sensor_async.py took 0.050 seconds
[2025-01-23T12:09:08.527+0000] {processor.py:157} INFO - Started process (PID=1267) to work on /home/airflow/.local/lib/python3.8/site-packages/airflow/example_dags/example_time_delta_sensor_async.py
[2025-01-23T12:09:08.528+0000] {processor.py:829} INFO - Processing file /home/airflow/.local/lib/python3.8/site-packages/airflow/example_dags/example_time_delta_sensor_async.py for tasks to queue
[2025-01-23T12:09:08.528+0000] {logging_mixin.py:151} INFO - [2025-01-23T12:09:08.528+0000] {dagbag.py:539} INFO - Filling up the DagBag from /home/airflow/.local/lib/python3.8/site-packages/airflow/example_dags/example_time_delta_sensor_async.py
[2025-01-23T12:09:08.531+0000] {processor.py:839} INFO - DAG(s) dict_keys(['example_time_delta_sensor_async']) retrieved from /home/airflow/.local/lib/python3.8/site-packages/airflow/example_dags/example_time_delta_sensor_async.py
[2025-01-23T12:09:08.549+0000] {logging_mixin.py:151} INFO - [2025-01-23T12:09:08.549+0000] {dag.py:2907} INFO - Sync 1 DAGs
[2025-01-23T12:09:08.558+0000] {logging_mixin.py:151} INFO - [2025-01-23T12:09:08.557+0000] {dag.py:3677} INFO - Setting next_dagrun for example_time_delta_sensor_async to None, run_after=None
[2025-01-23T12:09:08.576+0000] {processor.py:179} INFO - Processing /home/airflow/.local/lib/python3.8/site-packages/airflow/example_dags/example_time_delta_sensor_async.py took 0.052 seconds
[2025-01-23T12:09:38.652+0000] {processor.py:157} INFO - Started process (PID=1510) to work on /home/airflow/.local/lib/python3.8/site-packages/airflow/example_dags/example_time_delta_sensor_async.py
[2025-01-23T12:09:38.653+0000] {processor.py:829} INFO - Processing file /home/airflow/.local/lib/python3.8/site-packages/airflow/example_dags/example_time_delta_sensor_async.py for tasks to queue
[2025-01-23T12:09:38.653+0000] {logging_mixin.py:151} INFO - [2025-01-23T12:09:38.653+0000] {dagbag.py:539} INFO - Filling up the DagBag from /home/airflow/.local/lib/python3.8/site-packages/airflow/example_dags/example_time_delta_sensor_async.py
[2025-01-23T12:09:38.656+0000] {processor.py:839} INFO - DAG(s) dict_keys(['example_time_delta_sensor_async']) retrieved from /home/airflow/.local/lib/python3.8/site-packages/airflow/example_dags/example_time_delta_sensor_async.py
[2025-01-23T12:09:38.671+0000] {logging_mixin.py:151} INFO - [2025-01-23T12:09:38.670+0000] {dag.py:2907} INFO - Sync 1 DAGs
[2025-01-23T12:09:38.678+0000] {logging_mixin.py:151} INFO - [2025-01-23T12:09:38.678+0000] {dag.py:3677} INFO - Setting next_dagrun for example_time_delta_sensor_async to None, run_after=None
[2025-01-23T12:09:38.692+0000] {processor.py:179} INFO - Processing /home/airflow/.local/lib/python3.8/site-packages/airflow/example_dags/example_time_delta_sensor_async.py took 0.042 seconds
[2025-01-23T12:10:09.944+0000] {processor.py:157} INFO - Started process (PID=1755) to work on /home/airflow/.local/lib/python3.8/site-packages/airflow/example_dags/example_time_delta_sensor_async.py
[2025-01-23T12:10:09.945+0000] {processor.py:829} INFO - Processing file /home/airflow/.local/lib/python3.8/site-packages/airflow/example_dags/example_time_delta_sensor_async.py for tasks to queue
[2025-01-23T12:10:09.946+0000] {logging_mixin.py:151} INFO - [2025-01-23T12:10:09.946+0000] {dagbag.py:539} INFO - Filling up the DagBag from /home/airflow/.local/lib/python3.8/site-packages/airflow/example_dags/example_time_delta_sensor_async.py
[2025-01-23T12:10:09.949+0000] {processor.py:839} INFO - DAG(s) dict_keys(['example_time_delta_sensor_async']) retrieved from /home/airflow/.local/lib/python3.8/site-packages/airflow/example_dags/example_time_delta_sensor_async.py
[2025-01-23T12:10:09.964+0000] {logging_mixin.py:151} INFO - [2025-01-23T12:10:09.964+0000] {dag.py:2907} INFO - Sync 1 DAGs
[2025-01-23T12:10:09.974+0000] {logging_mixin.py:151} INFO - [2025-01-23T12:10:09.973+0000] {dag.py:3677} INFO - Setting next_dagrun for example_time_delta_sensor_async to None, run_after=None
[2025-01-23T12:10:09.992+0000] {processor.py:179} INFO - Processing /home/airflow/.local/lib/python3.8/site-packages/airflow/example_dags/example_time_delta_sensor_async.py took 0.052 seconds
[2025-01-23T12:10:40.290+0000] {processor.py:157} INFO - Started process (PID=1996) to work on /home/airflow/.local/lib/python3.8/site-packages/airflow/example_dags/example_time_delta_sensor_async.py
[2025-01-23T12:10:40.295+0000] {processor.py:829} INFO - Processing file /home/airflow/.local/lib/python3.8/site-packages/airflow/example_dags/example_time_delta_sensor_async.py for tasks to queue
[2025-01-23T12:10:40.296+0000] {logging_mixin.py:151} INFO - [2025-01-23T12:10:40.296+0000] {dagbag.py:539} INFO - Filling up the DagBag from /home/airflow/.local/lib/python3.8/site-packages/airflow/example_dags/example_time_delta_sensor_async.py
[2025-01-23T12:10:40.302+0000] {processor.py:839} INFO - DAG(s) dict_keys(['example_time_delta_sensor_async']) retrieved from /home/airflow/.local/lib/python3.8/site-packages/airflow/example_dags/example_time_delta_sensor_async.py
[2025-01-23T12:10:40.335+0000] {logging_mixin.py:151} INFO - [2025-01-23T12:10:40.335+0000] {dag.py:2907} INFO - Sync 1 DAGs
[2025-01-23T12:10:40.353+0000] {logging_mixin.py:151} INFO - [2025-01-23T12:10:40.352+0000] {dag.py:3677} INFO - Setting next_dagrun for example_time_delta_sensor_async to None, run_after=None
[2025-01-23T12:10:40.389+0000] {processor.py:179} INFO - Processing /home/airflow/.local/lib/python3.8/site-packages/airflow/example_dags/example_time_delta_sensor_async.py took 0.104 seconds
[2025-01-23T12:11:10.860+0000] {processor.py:157} INFO - Started process (PID=2239) to work on /home/airflow/.local/lib/python3.8/site-packages/airflow/example_dags/example_time_delta_sensor_async.py
[2025-01-23T12:11:10.861+0000] {processor.py:829} INFO - Processing file /home/airflow/.local/lib/python3.8/site-packages/airflow/example_dags/example_time_delta_sensor_async.py for tasks to queue
[2025-01-23T12:11:10.862+0000] {logging_mixin.py:151} INFO - [2025-01-23T12:11:10.861+0000] {dagbag.py:539} INFO - Filling up the DagBag from /home/airflow/.local/lib/python3.8/site-packages/airflow/example_dags/example_time_delta_sensor_async.py
[2025-01-23T12:11:10.866+0000] {processor.py:839} INFO - DAG(s) dict_keys(['example_time_delta_sensor_async']) retrieved from /home/airflow/.local/lib/python3.8/site-packages/airflow/example_dags/example_time_delta_sensor_async.py
[2025-01-23T12:11:10.884+0000] {logging_mixin.py:151} INFO - [2025-01-23T12:11:10.884+0000] {dag.py:2907} INFO - Sync 1 DAGs
[2025-01-23T12:11:10.893+0000] {logging_mixin.py:151} INFO - [2025-01-23T12:11:10.892+0000] {dag.py:3677} INFO - Setting next_dagrun for example_time_delta_sensor_async to None, run_after=None
[2025-01-23T12:11:10.907+0000] {processor.py:179} INFO - Processing /home/airflow/.local/lib/python3.8/site-packages/airflow/example_dags/example_time_delta_sensor_async.py took 0.051 seconds
