[2025-01-23T12:07:04.983+0000] {processor.py:157} INFO - Started process (PID=245) to work on /home/airflow/.local/lib/python3.8/site-packages/airflow/example_dags/example_latest_only.py
[2025-01-23T12:07:04.984+0000] {processor.py:829} INFO - Processing file /home/airflow/.local/lib/python3.8/site-packages/airflow/example_dags/example_latest_only.py for tasks to queue
[2025-01-23T12:07:04.984+0000] {logging_mixin.py:151} INFO - [2025-01-23T12:07:04.984+0000] {dagbag.py:539} INFO - Filling up the DagBag from /home/airflow/.local/lib/python3.8/site-packages/airflow/example_dags/example_latest_only.py
[2025-01-23T12:07:04.990+0000] {processor.py:839} INFO - DAG(s) dict_keys(['latest_only']) retrieved from /home/airflow/.local/lib/python3.8/site-packages/airflow/example_dags/example_latest_only.py
[2025-01-23T12:07:05.003+0000] {logging_mixin.py:151} INFO - [2025-01-23T12:07:05.003+0000] {dag.py:2907} INFO - Sync 1 DAGs
[2025-01-23T12:07:05.021+0000] {logging_mixin.py:151} INFO - [2025-01-23T12:07:05.021+0000] {dag.py:3677} INFO - Setting next_dagrun for latest_only to 2025-01-23T08:07:05.021427+00:00, run_after=2025-01-23T12:07:05.021427+00:00
[2025-01-23T12:07:05.041+0000] {processor.py:179} INFO - Processing /home/airflow/.local/lib/python3.8/site-packages/airflow/example_dags/example_latest_only.py took 0.061 seconds
[2025-01-23T12:07:35.340+0000] {processor.py:157} INFO - Started process (PID=487) to work on /home/airflow/.local/lib/python3.8/site-packages/airflow/example_dags/example_latest_only.py
[2025-01-23T12:07:35.340+0000] {processor.py:829} INFO - Processing file /home/airflow/.local/lib/python3.8/site-packages/airflow/example_dags/example_latest_only.py for tasks to queue
[2025-01-23T12:07:35.341+0000] {logging_mixin.py:151} INFO - [2025-01-23T12:07:35.341+0000] {dagbag.py:539} INFO - Filling up the DagBag from /home/airflow/.local/lib/python3.8/site-packages/airflow/example_dags/example_latest_only.py
[2025-01-23T12:07:35.344+0000] {processor.py:839} INFO - DAG(s) dict_keys(['latest_only']) retrieved from /home/airflow/.local/lib/python3.8/site-packages/airflow/example_dags/example_latest_only.py
[2025-01-23T12:07:35.356+0000] {logging_mixin.py:151} INFO - [2025-01-23T12:07:35.356+0000] {dag.py:2907} INFO - Sync 1 DAGs
[2025-01-23T12:07:35.368+0000] {logging_mixin.py:151} INFO - [2025-01-23T12:07:35.368+0000] {dag.py:3677} INFO - Setting next_dagrun for latest_only to 2025-01-23T08:07:35.368650+00:00, run_after=2025-01-23T12:07:35.368650+00:00
[2025-01-23T12:07:35.380+0000] {processor.py:179} INFO - Processing /home/airflow/.local/lib/python3.8/site-packages/airflow/example_dags/example_latest_only.py took 0.043 seconds
[2025-01-23T12:08:05.833+0000] {processor.py:157} INFO - Started process (PID=730) to work on /home/airflow/.local/lib/python3.8/site-packages/airflow/example_dags/example_latest_only.py
[2025-01-23T12:08:05.833+0000] {processor.py:829} INFO - Processing file /home/airflow/.local/lib/python3.8/site-packages/airflow/example_dags/example_latest_only.py for tasks to queue
[2025-01-23T12:08:05.834+0000] {logging_mixin.py:151} INFO - [2025-01-23T12:08:05.834+0000] {dagbag.py:539} INFO - Filling up the DagBag from /home/airflow/.local/lib/python3.8/site-packages/airflow/example_dags/example_latest_only.py
[2025-01-23T12:08:05.837+0000] {processor.py:839} INFO - DAG(s) dict_keys(['latest_only']) retrieved from /home/airflow/.local/lib/python3.8/site-packages/airflow/example_dags/example_latest_only.py
[2025-01-23T12:08:05.849+0000] {logging_mixin.py:151} INFO - [2025-01-23T12:08:05.849+0000] {dag.py:2907} INFO - Sync 1 DAGs
[2025-01-23T12:08:05.861+0000] {logging_mixin.py:151} INFO - [2025-01-23T12:08:05.861+0000] {dag.py:3677} INFO - Setting next_dagrun for latest_only to 2025-01-23T08:08:05.861361+00:00, run_after=2025-01-23T12:08:05.861361+00:00
[2025-01-23T12:08:05.872+0000] {processor.py:179} INFO - Processing /home/airflow/.local/lib/python3.8/site-packages/airflow/example_dags/example_latest_only.py took 0.041 seconds
[2025-01-23T12:08:36.889+0000] {processor.py:157} INFO - Started process (PID=979) to work on /home/airflow/.local/lib/python3.8/site-packages/airflow/example_dags/example_latest_only.py
[2025-01-23T12:08:36.890+0000] {processor.py:829} INFO - Processing file /home/airflow/.local/lib/python3.8/site-packages/airflow/example_dags/example_latest_only.py for tasks to queue
[2025-01-23T12:08:36.891+0000] {logging_mixin.py:151} INFO - [2025-01-23T12:08:36.890+0000] {dagbag.py:539} INFO - Filling up the DagBag from /home/airflow/.local/lib/python3.8/site-packages/airflow/example_dags/example_latest_only.py
[2025-01-23T12:08:36.895+0000] {processor.py:839} INFO - DAG(s) dict_keys(['latest_only']) retrieved from /home/airflow/.local/lib/python3.8/site-packages/airflow/example_dags/example_latest_only.py
[2025-01-23T12:08:36.911+0000] {logging_mixin.py:151} INFO - [2025-01-23T12:08:36.911+0000] {dag.py:2907} INFO - Sync 1 DAGs
[2025-01-23T12:08:36.928+0000] {logging_mixin.py:151} INFO - [2025-01-23T12:08:36.928+0000] {dag.py:3677} INFO - Setting next_dagrun for latest_only to 2025-01-23T08:08:36.928506+00:00, run_after=2025-01-23T12:08:36.928506+00:00
[2025-01-23T12:08:36.945+0000] {processor.py:179} INFO - Processing /home/airflow/.local/lib/python3.8/site-packages/airflow/example_dags/example_latest_only.py took 0.059 seconds
[2025-01-23T12:09:08.047+0000] {processor.py:157} INFO - Started process (PID=1224) to work on /home/airflow/.local/lib/python3.8/site-packages/airflow/example_dags/example_latest_only.py
[2025-01-23T12:09:08.048+0000] {processor.py:829} INFO - Processing file /home/airflow/.local/lib/python3.8/site-packages/airflow/example_dags/example_latest_only.py for tasks to queue
[2025-01-23T12:09:08.049+0000] {logging_mixin.py:151} INFO - [2025-01-23T12:09:08.049+0000] {dagbag.py:539} INFO - Filling up the DagBag from /home/airflow/.local/lib/python3.8/site-packages/airflow/example_dags/example_latest_only.py
[2025-01-23T12:09:08.053+0000] {processor.py:839} INFO - DAG(s) dict_keys(['latest_only']) retrieved from /home/airflow/.local/lib/python3.8/site-packages/airflow/example_dags/example_latest_only.py
[2025-01-23T12:09:08.072+0000] {logging_mixin.py:151} INFO - [2025-01-23T12:09:08.072+0000] {dag.py:2907} INFO - Sync 1 DAGs
[2025-01-23T12:09:08.092+0000] {logging_mixin.py:151} INFO - [2025-01-23T12:09:08.092+0000] {dag.py:3677} INFO - Setting next_dagrun for latest_only to 2025-01-23T08:09:08.092211+00:00, run_after=2025-01-23T12:09:08.092211+00:00
[2025-01-23T12:09:08.112+0000] {processor.py:179} INFO - Processing /home/airflow/.local/lib/python3.8/site-packages/airflow/example_dags/example_latest_only.py took 0.067 seconds
[2025-01-23T12:09:38.285+0000] {processor.py:157} INFO - Started process (PID=1467) to work on /home/airflow/.local/lib/python3.8/site-packages/airflow/example_dags/example_latest_only.py
[2025-01-23T12:09:38.286+0000] {processor.py:829} INFO - Processing file /home/airflow/.local/lib/python3.8/site-packages/airflow/example_dags/example_latest_only.py for tasks to queue
[2025-01-23T12:09:38.286+0000] {logging_mixin.py:151} INFO - [2025-01-23T12:09:38.286+0000] {dagbag.py:539} INFO - Filling up the DagBag from /home/airflow/.local/lib/python3.8/site-packages/airflow/example_dags/example_latest_only.py
[2025-01-23T12:09:38.290+0000] {processor.py:839} INFO - DAG(s) dict_keys(['latest_only']) retrieved from /home/airflow/.local/lib/python3.8/site-packages/airflow/example_dags/example_latest_only.py
[2025-01-23T12:09:38.302+0000] {logging_mixin.py:151} INFO - [2025-01-23T12:09:38.301+0000] {dag.py:2907} INFO - Sync 1 DAGs
[2025-01-23T12:09:38.313+0000] {logging_mixin.py:151} INFO - [2025-01-23T12:09:38.313+0000] {dag.py:3677} INFO - Setting next_dagrun for latest_only to 2025-01-23T08:09:38.313440+00:00, run_after=2025-01-23T12:09:38.313440+00:00
[2025-01-23T12:09:38.324+0000] {processor.py:179} INFO - Processing /home/airflow/.local/lib/python3.8/site-packages/airflow/example_dags/example_latest_only.py took 0.041 seconds
[2025-01-23T12:10:09.436+0000] {processor.py:157} INFO - Started process (PID=1708) to work on /home/airflow/.local/lib/python3.8/site-packages/airflow/example_dags/example_latest_only.py
[2025-01-23T12:10:09.437+0000] {processor.py:829} INFO - Processing file /home/airflow/.local/lib/python3.8/site-packages/airflow/example_dags/example_latest_only.py for tasks to queue
[2025-01-23T12:10:09.438+0000] {logging_mixin.py:151} INFO - [2025-01-23T12:10:09.438+0000] {dagbag.py:539} INFO - Filling up the DagBag from /home/airflow/.local/lib/python3.8/site-packages/airflow/example_dags/example_latest_only.py
[2025-01-23T12:10:09.441+0000] {processor.py:839} INFO - DAG(s) dict_keys(['latest_only']) retrieved from /home/airflow/.local/lib/python3.8/site-packages/airflow/example_dags/example_latest_only.py
[2025-01-23T12:10:09.463+0000] {logging_mixin.py:151} INFO - [2025-01-23T12:10:09.463+0000] {dag.py:2907} INFO - Sync 1 DAGs
[2025-01-23T12:10:09.480+0000] {logging_mixin.py:151} INFO - [2025-01-23T12:10:09.480+0000] {dag.py:3677} INFO - Setting next_dagrun for latest_only to 2025-01-23T08:10:09.480385+00:00, run_after=2025-01-23T12:10:09.480385+00:00
[2025-01-23T12:10:09.498+0000] {processor.py:179} INFO - Processing /home/airflow/.local/lib/python3.8/site-packages/airflow/example_dags/example_latest_only.py took 0.065 seconds
[2025-01-23T12:10:39.789+0000] {processor.py:157} INFO - Started process (PID=1951) to work on /home/airflow/.local/lib/python3.8/site-packages/airflow/example_dags/example_latest_only.py
[2025-01-23T12:10:39.790+0000] {processor.py:829} INFO - Processing file /home/airflow/.local/lib/python3.8/site-packages/airflow/example_dags/example_latest_only.py for tasks to queue
[2025-01-23T12:10:39.791+0000] {logging_mixin.py:151} INFO - [2025-01-23T12:10:39.791+0000] {dagbag.py:539} INFO - Filling up the DagBag from /home/airflow/.local/lib/python3.8/site-packages/airflow/example_dags/example_latest_only.py
[2025-01-23T12:10:39.799+0000] {processor.py:839} INFO - DAG(s) dict_keys(['latest_only']) retrieved from /home/airflow/.local/lib/python3.8/site-packages/airflow/example_dags/example_latest_only.py
[2025-01-23T12:10:39.819+0000] {logging_mixin.py:151} INFO - [2025-01-23T12:10:39.819+0000] {dag.py:2907} INFO - Sync 1 DAGs
[2025-01-23T12:10:39.835+0000] {logging_mixin.py:151} INFO - [2025-01-23T12:10:39.835+0000] {dag.py:3677} INFO - Setting next_dagrun for latest_only to 2025-01-23T08:10:39.835165+00:00, run_after=2025-01-23T12:10:39.835165+00:00
[2025-01-23T12:10:39.853+0000] {processor.py:179} INFO - Processing /home/airflow/.local/lib/python3.8/site-packages/airflow/example_dags/example_latest_only.py took 0.066 seconds
[2025-01-23T12:11:10.437+0000] {processor.py:157} INFO - Started process (PID=2196) to work on /home/airflow/.local/lib/python3.8/site-packages/airflow/example_dags/example_latest_only.py
[2025-01-23T12:11:10.438+0000] {processor.py:829} INFO - Processing file /home/airflow/.local/lib/python3.8/site-packages/airflow/example_dags/example_latest_only.py for tasks to queue
[2025-01-23T12:11:10.438+0000] {logging_mixin.py:151} INFO - [2025-01-23T12:11:10.438+0000] {dagbag.py:539} INFO - Filling up the DagBag from /home/airflow/.local/lib/python3.8/site-packages/airflow/example_dags/example_latest_only.py
[2025-01-23T12:11:10.442+0000] {processor.py:839} INFO - DAG(s) dict_keys(['latest_only']) retrieved from /home/airflow/.local/lib/python3.8/site-packages/airflow/example_dags/example_latest_only.py
[2025-01-23T12:11:10.456+0000] {logging_mixin.py:151} INFO - [2025-01-23T12:11:10.456+0000] {dag.py:2907} INFO - Sync 1 DAGs
[2025-01-23T12:11:10.471+0000] {logging_mixin.py:151} INFO - [2025-01-23T12:11:10.471+0000] {dag.py:3677} INFO - Setting next_dagrun for latest_only to 2025-01-23T08:11:10.471594+00:00, run_after=2025-01-23T12:11:10.471594+00:00
[2025-01-23T12:11:10.484+0000] {processor.py:179} INFO - Processing /home/airflow/.local/lib/python3.8/site-packages/airflow/example_dags/example_latest_only.py took 0.049 seconds
