[2025-01-23T12:07:03.381+0000] {processor.py:157} INFO - Started process (PID=193) to work on /home/airflow/.local/lib/python3.8/site-packages/airflow/example_dags/example_skip_dag.py
[2025-01-23T12:07:03.382+0000] {processor.py:829} INFO - Processing file /home/airflow/.local/lib/python3.8/site-packages/airflow/example_dags/example_skip_dag.py for tasks to queue
[2025-01-23T12:07:03.383+0000] {logging_mixin.py:151} INFO - [2025-01-23T12:07:03.383+0000] {dagbag.py:539} INFO - Filling up the DagBag from /home/airflow/.local/lib/python3.8/site-packages/airflow/example_dags/example_skip_dag.py
[2025-01-23T12:07:03.395+0000] {processor.py:839} INFO - DAG(s) dict_keys(['example_skip_dag']) retrieved from /home/airflow/.local/lib/python3.8/site-packages/airflow/example_dags/example_skip_dag.py
[2025-01-23T12:07:03.410+0000] {logging_mixin.py:151} INFO - [2025-01-23T12:07:03.410+0000] {dag.py:2907} INFO - Sync 1 DAGs
[2025-01-23T12:07:03.438+0000] {logging_mixin.py:151} INFO - [2025-01-23T12:07:03.438+0000] {dag.py:3677} INFO - Setting next_dagrun for example_skip_dag to 2025-01-22T12:07:03.438458+00:00, run_after=2025-01-23T12:07:03.438458+00:00
[2025-01-23T12:07:03.461+0000] {processor.py:179} INFO - Processing /home/airflow/.local/lib/python3.8/site-packages/airflow/example_dags/example_skip_dag.py took 0.084 seconds
[2025-01-23T12:07:33.675+0000] {processor.py:157} INFO - Started process (PID=435) to work on /home/airflow/.local/lib/python3.8/site-packages/airflow/example_dags/example_skip_dag.py
[2025-01-23T12:07:33.675+0000] {processor.py:829} INFO - Processing file /home/airflow/.local/lib/python3.8/site-packages/airflow/example_dags/example_skip_dag.py for tasks to queue
[2025-01-23T12:07:33.676+0000] {logging_mixin.py:151} INFO - [2025-01-23T12:07:33.676+0000] {dagbag.py:539} INFO - Filling up the DagBag from /home/airflow/.local/lib/python3.8/site-packages/airflow/example_dags/example_skip_dag.py
[2025-01-23T12:07:33.681+0000] {processor.py:839} INFO - DAG(s) dict_keys(['example_skip_dag']) retrieved from /home/airflow/.local/lib/python3.8/site-packages/airflow/example_dags/example_skip_dag.py
[2025-01-23T12:07:33.695+0000] {logging_mixin.py:151} INFO - [2025-01-23T12:07:33.695+0000] {dag.py:2907} INFO - Sync 1 DAGs
[2025-01-23T12:07:33.709+0000] {logging_mixin.py:151} INFO - [2025-01-23T12:07:33.709+0000] {dag.py:3677} INFO - Setting next_dagrun for example_skip_dag to 2025-01-22T12:07:33.709633+00:00, run_after=2025-01-23T12:07:33.709633+00:00
[2025-01-23T12:07:33.725+0000] {processor.py:179} INFO - Processing /home/airflow/.local/lib/python3.8/site-packages/airflow/example_dags/example_skip_dag.py took 0.053 seconds
[2025-01-23T12:08:03.837+0000] {processor.py:157} INFO - Started process (PID=673) to work on /home/airflow/.local/lib/python3.8/site-packages/airflow/example_dags/example_skip_dag.py
[2025-01-23T12:08:03.838+0000] {processor.py:829} INFO - Processing file /home/airflow/.local/lib/python3.8/site-packages/airflow/example_dags/example_skip_dag.py for tasks to queue
[2025-01-23T12:08:03.839+0000] {logging_mixin.py:151} INFO - [2025-01-23T12:08:03.838+0000] {dagbag.py:539} INFO - Filling up the DagBag from /home/airflow/.local/lib/python3.8/site-packages/airflow/example_dags/example_skip_dag.py
[2025-01-23T12:08:03.844+0000] {processor.py:839} INFO - DAG(s) dict_keys(['example_skip_dag']) retrieved from /home/airflow/.local/lib/python3.8/site-packages/airflow/example_dags/example_skip_dag.py
[2025-01-23T12:08:03.946+0000] {logging_mixin.py:151} INFO - [2025-01-23T12:08:03.946+0000] {dag.py:2907} INFO - Sync 1 DAGs
[2025-01-23T12:08:03.959+0000] {logging_mixin.py:151} INFO - [2025-01-23T12:08:03.959+0000] {dag.py:3677} INFO - Setting next_dagrun for example_skip_dag to 2025-01-22T12:08:03.959657+00:00, run_after=2025-01-23T12:08:03.959657+00:00
[2025-01-23T12:08:03.974+0000] {processor.py:179} INFO - Processing /home/airflow/.local/lib/python3.8/site-packages/airflow/example_dags/example_skip_dag.py took 0.139 seconds
[2025-01-23T12:08:34.334+0000] {processor.py:157} INFO - Started process (PID=921) to work on /home/airflow/.local/lib/python3.8/site-packages/airflow/example_dags/example_skip_dag.py
[2025-01-23T12:08:34.335+0000] {processor.py:829} INFO - Processing file /home/airflow/.local/lib/python3.8/site-packages/airflow/example_dags/example_skip_dag.py for tasks to queue
[2025-01-23T12:08:34.336+0000] {logging_mixin.py:151} INFO - [2025-01-23T12:08:34.336+0000] {dagbag.py:539} INFO - Filling up the DagBag from /home/airflow/.local/lib/python3.8/site-packages/airflow/example_dags/example_skip_dag.py
[2025-01-23T12:08:34.342+0000] {processor.py:839} INFO - DAG(s) dict_keys(['example_skip_dag']) retrieved from /home/airflow/.local/lib/python3.8/site-packages/airflow/example_dags/example_skip_dag.py
[2025-01-23T12:08:34.359+0000] {logging_mixin.py:151} INFO - [2025-01-23T12:08:34.359+0000] {dag.py:2907} INFO - Sync 1 DAGs
[2025-01-23T12:08:34.374+0000] {logging_mixin.py:151} INFO - [2025-01-23T12:08:34.374+0000] {dag.py:3677} INFO - Setting next_dagrun for example_skip_dag to 2025-01-22T12:08:34.374158+00:00, run_after=2025-01-23T12:08:34.374158+00:00
[2025-01-23T12:08:34.391+0000] {processor.py:179} INFO - Processing /home/airflow/.local/lib/python3.8/site-packages/airflow/example_dags/example_skip_dag.py took 0.059 seconds
[2025-01-23T12:09:04.473+0000] {processor.py:157} INFO - Started process (PID=1165) to work on /home/airflow/.local/lib/python3.8/site-packages/airflow/example_dags/example_skip_dag.py
[2025-01-23T12:09:04.474+0000] {processor.py:829} INFO - Processing file /home/airflow/.local/lib/python3.8/site-packages/airflow/example_dags/example_skip_dag.py for tasks to queue
[2025-01-23T12:09:04.475+0000] {logging_mixin.py:151} INFO - [2025-01-23T12:09:04.474+0000] {dagbag.py:539} INFO - Filling up the DagBag from /home/airflow/.local/lib/python3.8/site-packages/airflow/example_dags/example_skip_dag.py
[2025-01-23T12:09:04.480+0000] {processor.py:839} INFO - DAG(s) dict_keys(['example_skip_dag']) retrieved from /home/airflow/.local/lib/python3.8/site-packages/airflow/example_dags/example_skip_dag.py
[2025-01-23T12:09:04.496+0000] {logging_mixin.py:151} INFO - [2025-01-23T12:09:04.496+0000] {dag.py:2907} INFO - Sync 1 DAGs
[2025-01-23T12:09:04.512+0000] {logging_mixin.py:151} INFO - [2025-01-23T12:09:04.512+0000] {dag.py:3677} INFO - Setting next_dagrun for example_skip_dag to 2025-01-22T12:09:04.511907+00:00, run_after=2025-01-23T12:09:04.511907+00:00
[2025-01-23T12:09:04.526+0000] {processor.py:179} INFO - Processing /home/airflow/.local/lib/python3.8/site-packages/airflow/example_dags/example_skip_dag.py took 0.055 seconds
[2025-01-23T12:09:34.735+0000] {processor.py:157} INFO - Started process (PID=1408) to work on /home/airflow/.local/lib/python3.8/site-packages/airflow/example_dags/example_skip_dag.py
[2025-01-23T12:09:34.736+0000] {processor.py:829} INFO - Processing file /home/airflow/.local/lib/python3.8/site-packages/airflow/example_dags/example_skip_dag.py for tasks to queue
[2025-01-23T12:09:34.737+0000] {logging_mixin.py:151} INFO - [2025-01-23T12:09:34.736+0000] {dagbag.py:539} INFO - Filling up the DagBag from /home/airflow/.local/lib/python3.8/site-packages/airflow/example_dags/example_skip_dag.py
[2025-01-23T12:09:34.744+0000] {processor.py:839} INFO - DAG(s) dict_keys(['example_skip_dag']) retrieved from /home/airflow/.local/lib/python3.8/site-packages/airflow/example_dags/example_skip_dag.py
[2025-01-23T12:09:34.763+0000] {logging_mixin.py:151} INFO - [2025-01-23T12:09:34.763+0000] {dag.py:2907} INFO - Sync 1 DAGs
[2025-01-23T12:09:34.781+0000] {logging_mixin.py:151} INFO - [2025-01-23T12:09:34.781+0000] {dag.py:3677} INFO - Setting next_dagrun for example_skip_dag to 2025-01-22T12:09:34.780668+00:00, run_after=2025-01-23T12:09:34.780668+00:00
[2025-01-23T12:09:34.798+0000] {processor.py:179} INFO - Processing /home/airflow/.local/lib/python3.8/site-packages/airflow/example_dags/example_skip_dag.py took 0.067 seconds
[2025-01-23T12:10:04.835+0000] {processor.py:157} INFO - Started process (PID=1650) to work on /home/airflow/.local/lib/python3.8/site-packages/airflow/example_dags/example_skip_dag.py
[2025-01-23T12:10:04.836+0000] {processor.py:829} INFO - Processing file /home/airflow/.local/lib/python3.8/site-packages/airflow/example_dags/example_skip_dag.py for tasks to queue
[2025-01-23T12:10:04.837+0000] {logging_mixin.py:151} INFO - [2025-01-23T12:10:04.837+0000] {dagbag.py:539} INFO - Filling up the DagBag from /home/airflow/.local/lib/python3.8/site-packages/airflow/example_dags/example_skip_dag.py
[2025-01-23T12:10:04.842+0000] {processor.py:839} INFO - DAG(s) dict_keys(['example_skip_dag']) retrieved from /home/airflow/.local/lib/python3.8/site-packages/airflow/example_dags/example_skip_dag.py
[2025-01-23T12:10:04.859+0000] {logging_mixin.py:151} INFO - [2025-01-23T12:10:04.859+0000] {dag.py:2907} INFO - Sync 1 DAGs
[2025-01-23T12:10:04.874+0000] {logging_mixin.py:151} INFO - [2025-01-23T12:10:04.874+0000] {dag.py:3677} INFO - Setting next_dagrun for example_skip_dag to 2025-01-22T12:10:04.874321+00:00, run_after=2025-01-23T12:10:04.874321+00:00
[2025-01-23T12:10:04.888+0000] {processor.py:179} INFO - Processing /home/airflow/.local/lib/python3.8/site-packages/airflow/example_dags/example_skip_dag.py took 0.055 seconds
[2025-01-23T12:10:35.238+0000] {processor.py:157} INFO - Started process (PID=1894) to work on /home/airflow/.local/lib/python3.8/site-packages/airflow/example_dags/example_skip_dag.py
[2025-01-23T12:10:35.239+0000] {processor.py:829} INFO - Processing file /home/airflow/.local/lib/python3.8/site-packages/airflow/example_dags/example_skip_dag.py for tasks to queue
[2025-01-23T12:10:35.240+0000] {logging_mixin.py:151} INFO - [2025-01-23T12:10:35.240+0000] {dagbag.py:539} INFO - Filling up the DagBag from /home/airflow/.local/lib/python3.8/site-packages/airflow/example_dags/example_skip_dag.py
[2025-01-23T12:10:35.244+0000] {processor.py:839} INFO - DAG(s) dict_keys(['example_skip_dag']) retrieved from /home/airflow/.local/lib/python3.8/site-packages/airflow/example_dags/example_skip_dag.py
[2025-01-23T12:10:35.259+0000] {logging_mixin.py:151} INFO - [2025-01-23T12:10:35.259+0000] {dag.py:2907} INFO - Sync 1 DAGs
[2025-01-23T12:10:35.273+0000] {logging_mixin.py:151} INFO - [2025-01-23T12:10:35.273+0000] {dag.py:3677} INFO - Setting next_dagrun for example_skip_dag to 2025-01-22T12:10:35.273521+00:00, run_after=2025-01-23T12:10:35.273521+00:00
[2025-01-23T12:10:35.288+0000] {processor.py:179} INFO - Processing /home/airflow/.local/lib/python3.8/site-packages/airflow/example_dags/example_skip_dag.py took 0.052 seconds
[2025-01-23T12:11:05.892+0000] {processor.py:157} INFO - Started process (PID=2137) to work on /home/airflow/.local/lib/python3.8/site-packages/airflow/example_dags/example_skip_dag.py
[2025-01-23T12:11:05.893+0000] {processor.py:829} INFO - Processing file /home/airflow/.local/lib/python3.8/site-packages/airflow/example_dags/example_skip_dag.py for tasks to queue
[2025-01-23T12:11:05.894+0000] {logging_mixin.py:151} INFO - [2025-01-23T12:11:05.894+0000] {dagbag.py:539} INFO - Filling up the DagBag from /home/airflow/.local/lib/python3.8/site-packages/airflow/example_dags/example_skip_dag.py
[2025-01-23T12:11:05.899+0000] {processor.py:839} INFO - DAG(s) dict_keys(['example_skip_dag']) retrieved from /home/airflow/.local/lib/python3.8/site-packages/airflow/example_dags/example_skip_dag.py
[2025-01-23T12:11:05.916+0000] {logging_mixin.py:151} INFO - [2025-01-23T12:11:05.916+0000] {dag.py:2907} INFO - Sync 1 DAGs
[2025-01-23T12:11:05.935+0000] {logging_mixin.py:151} INFO - [2025-01-23T12:11:05.935+0000] {dag.py:3677} INFO - Setting next_dagrun for example_skip_dag to 2025-01-22T12:11:05.934845+00:00, run_after=2025-01-23T12:11:05.934845+00:00
[2025-01-23T12:11:05.948+0000] {processor.py:179} INFO - Processing /home/airflow/.local/lib/python3.8/site-packages/airflow/example_dags/example_skip_dag.py took 0.058 seconds
