[2025-01-23T12:07:05.830+0000] {processor.py:157} INFO - Started process (PID=328) to work on /home/airflow/.local/lib/python3.8/site-packages/airflow/example_dags/example_datasets.py
[2025-01-23T12:07:05.831+0000] {processor.py:829} INFO - Processing file /home/airflow/.local/lib/python3.8/site-packages/airflow/example_dags/example_datasets.py for tasks to queue
[2025-01-23T12:07:05.832+0000] {logging_mixin.py:151} INFO - [2025-01-23T12:07:05.832+0000] {dagbag.py:539} INFO - Filling up the DagBag from /home/airflow/.local/lib/python3.8/site-packages/airflow/example_dags/example_datasets.py
[2025-01-23T12:07:05.841+0000] {processor.py:839} INFO - DAG(s) dict_keys(['dataset_produces_2', 'dataset_consumes_unknown_never_scheduled', 'dataset_consumes_1_and_2', 'dataset_consumes_1', 'dataset_consumes_1_never_scheduled', 'dataset_produces_1']) retrieved from /home/airflow/.local/lib/python3.8/site-packages/airflow/example_dags/example_datasets.py
[2025-01-23T12:07:05.858+0000] {logging_mixin.py:151} INFO - [2025-01-23T12:07:05.858+0000] {dag.py:2907} INFO - Sync 6 DAGs
[2025-01-23T12:07:05.881+0000] {logging_mixin.py:151} INFO - [2025-01-23T12:07:05.881+0000] {dag.py:3677} INFO - Setting next_dagrun for dataset_consumes_1 to None, run_after=None
[2025-01-23T12:07:05.885+0000] {logging_mixin.py:151} INFO - [2025-01-23T12:07:05.885+0000] {dag.py:3677} INFO - Setting next_dagrun for dataset_consumes_1_and_2 to None, run_after=None
[2025-01-23T12:07:05.886+0000] {logging_mixin.py:151} INFO - [2025-01-23T12:07:05.886+0000] {dag.py:3677} INFO - Setting next_dagrun for dataset_consumes_1_never_scheduled to None, run_after=None
[2025-01-23T12:07:05.887+0000] {logging_mixin.py:151} INFO - [2025-01-23T12:07:05.887+0000] {dag.py:3677} INFO - Setting next_dagrun for dataset_consumes_unknown_never_scheduled to None, run_after=None
[2025-01-23T12:07:05.890+0000] {logging_mixin.py:151} INFO - [2025-01-23T12:07:05.890+0000] {dag.py:3677} INFO - Setting next_dagrun for dataset_produces_1 to 2025-01-22T00:00:00+00:00, run_after=2025-01-23T00:00:00+00:00
[2025-01-23T12:07:05.892+0000] {logging_mixin.py:151} INFO - [2025-01-23T12:07:05.891+0000] {dag.py:3677} INFO - Setting next_dagrun for dataset_produces_2 to None, run_after=None
[2025-01-23T12:07:05.932+0000] {processor.py:179} INFO - Processing /home/airflow/.local/lib/python3.8/site-packages/airflow/example_dags/example_datasets.py took 0.104 seconds
[2025-01-23T12:07:36.267+0000] {processor.py:157} INFO - Started process (PID=577) to work on /home/airflow/.local/lib/python3.8/site-packages/airflow/example_dags/example_datasets.py
[2025-01-23T12:07:36.268+0000] {processor.py:829} INFO - Processing file /home/airflow/.local/lib/python3.8/site-packages/airflow/example_dags/example_datasets.py for tasks to queue
[2025-01-23T12:07:36.268+0000] {logging_mixin.py:151} INFO - [2025-01-23T12:07:36.268+0000] {dagbag.py:539} INFO - Filling up the DagBag from /home/airflow/.local/lib/python3.8/site-packages/airflow/example_dags/example_datasets.py
[2025-01-23T12:07:36.274+0000] {processor.py:839} INFO - DAG(s) dict_keys(['dataset_consumes_1', 'dataset_consumes_unknown_never_scheduled', 'dataset_produces_2', 'dataset_produces_1', 'dataset_consumes_1_never_scheduled', 'dataset_consumes_1_and_2']) retrieved from /home/airflow/.local/lib/python3.8/site-packages/airflow/example_dags/example_datasets.py
[2025-01-23T12:07:36.305+0000] {logging_mixin.py:151} INFO - [2025-01-23T12:07:36.304+0000] {dag.py:2907} INFO - Sync 6 DAGs
[2025-01-23T12:07:36.322+0000] {logging_mixin.py:151} INFO - [2025-01-23T12:07:36.321+0000] {dag.py:3677} INFO - Setting next_dagrun for dataset_consumes_1 to None, run_after=None
[2025-01-23T12:07:36.405+0000] {logging_mixin.py:151} INFO - [2025-01-23T12:07:36.405+0000] {dag.py:3677} INFO - Setting next_dagrun for dataset_consumes_1_and_2 to None, run_after=None
[2025-01-23T12:07:36.406+0000] {logging_mixin.py:151} INFO - [2025-01-23T12:07:36.406+0000] {dag.py:3677} INFO - Setting next_dagrun for dataset_consumes_1_never_scheduled to None, run_after=None
[2025-01-23T12:07:36.407+0000] {logging_mixin.py:151} INFO - [2025-01-23T12:07:36.407+0000] {dag.py:3677} INFO - Setting next_dagrun for dataset_consumes_unknown_never_scheduled to None, run_after=None
[2025-01-23T12:07:36.409+0000] {logging_mixin.py:151} INFO - [2025-01-23T12:07:36.409+0000] {dag.py:3677} INFO - Setting next_dagrun for dataset_produces_1 to 2025-01-22T00:00:00+00:00, run_after=2025-01-23T00:00:00+00:00
[2025-01-23T12:07:36.410+0000] {logging_mixin.py:151} INFO - [2025-01-23T12:07:36.410+0000] {dag.py:3677} INFO - Setting next_dagrun for dataset_produces_2 to None, run_after=None
[2025-01-23T12:07:36.432+0000] {processor.py:179} INFO - Processing /home/airflow/.local/lib/python3.8/site-packages/airflow/example_dags/example_datasets.py took 0.167 seconds
[2025-01-23T12:08:06.479+0000] {processor.py:157} INFO - Started process (PID=820) to work on /home/airflow/.local/lib/python3.8/site-packages/airflow/example_dags/example_datasets.py
[2025-01-23T12:08:06.480+0000] {processor.py:829} INFO - Processing file /home/airflow/.local/lib/python3.8/site-packages/airflow/example_dags/example_datasets.py for tasks to queue
[2025-01-23T12:08:06.481+0000] {logging_mixin.py:151} INFO - [2025-01-23T12:08:06.481+0000] {dagbag.py:539} INFO - Filling up the DagBag from /home/airflow/.local/lib/python3.8/site-packages/airflow/example_dags/example_datasets.py
[2025-01-23T12:08:06.487+0000] {processor.py:839} INFO - DAG(s) dict_keys(['dataset_produces_2', 'dataset_consumes_1_and_2', 'dataset_consumes_unknown_never_scheduled', 'dataset_consumes_1', 'dataset_produces_1', 'dataset_consumes_1_never_scheduled']) retrieved from /home/airflow/.local/lib/python3.8/site-packages/airflow/example_dags/example_datasets.py
[2025-01-23T12:08:06.511+0000] {logging_mixin.py:151} INFO - [2025-01-23T12:08:06.511+0000] {dag.py:2907} INFO - Sync 6 DAGs
[2025-01-23T12:08:06.526+0000] {logging_mixin.py:151} INFO - [2025-01-23T12:08:06.526+0000] {dag.py:3677} INFO - Setting next_dagrun for dataset_consumes_1 to None, run_after=None
[2025-01-23T12:08:06.528+0000] {logging_mixin.py:151} INFO - [2025-01-23T12:08:06.528+0000] {dag.py:3677} INFO - Setting next_dagrun for dataset_consumes_1_and_2 to None, run_after=None
[2025-01-23T12:08:06.528+0000] {logging_mixin.py:151} INFO - [2025-01-23T12:08:06.528+0000] {dag.py:3677} INFO - Setting next_dagrun for dataset_consumes_1_never_scheduled to None, run_after=None
[2025-01-23T12:08:06.529+0000] {logging_mixin.py:151} INFO - [2025-01-23T12:08:06.529+0000] {dag.py:3677} INFO - Setting next_dagrun for dataset_consumes_unknown_never_scheduled to None, run_after=None
[2025-01-23T12:08:06.530+0000] {logging_mixin.py:151} INFO - [2025-01-23T12:08:06.530+0000] {dag.py:3677} INFO - Setting next_dagrun for dataset_produces_1 to 2025-01-22T00:00:00+00:00, run_after=2025-01-23T00:00:00+00:00
[2025-01-23T12:08:06.531+0000] {logging_mixin.py:151} INFO - [2025-01-23T12:08:06.531+0000] {dag.py:3677} INFO - Setting next_dagrun for dataset_produces_2 to None, run_after=None
[2025-01-23T12:08:06.549+0000] {processor.py:179} INFO - Processing /home/airflow/.local/lib/python3.8/site-packages/airflow/example_dags/example_datasets.py took 0.071 seconds
[2025-01-23T12:08:37.660+0000] {processor.py:157} INFO - Started process (PID=1064) to work on /home/airflow/.local/lib/python3.8/site-packages/airflow/example_dags/example_datasets.py
[2025-01-23T12:08:37.661+0000] {processor.py:829} INFO - Processing file /home/airflow/.local/lib/python3.8/site-packages/airflow/example_dags/example_datasets.py for tasks to queue
[2025-01-23T12:08:37.662+0000] {logging_mixin.py:151} INFO - [2025-01-23T12:08:37.662+0000] {dagbag.py:539} INFO - Filling up the DagBag from /home/airflow/.local/lib/python3.8/site-packages/airflow/example_dags/example_datasets.py
[2025-01-23T12:08:37.669+0000] {processor.py:839} INFO - DAG(s) dict_keys(['dataset_consumes_1', 'dataset_produces_1', 'dataset_consumes_unknown_never_scheduled', 'dataset_consumes_1_and_2', 'dataset_produces_2', 'dataset_consumes_1_never_scheduled']) retrieved from /home/airflow/.local/lib/python3.8/site-packages/airflow/example_dags/example_datasets.py
[2025-01-23T12:08:37.697+0000] {logging_mixin.py:151} INFO - [2025-01-23T12:08:37.697+0000] {dag.py:2907} INFO - Sync 6 DAGs
[2025-01-23T12:08:37.713+0000] {logging_mixin.py:151} INFO - [2025-01-23T12:08:37.713+0000] {dag.py:3677} INFO - Setting next_dagrun for dataset_consumes_1 to None, run_after=None
[2025-01-23T12:08:37.715+0000] {logging_mixin.py:151} INFO - [2025-01-23T12:08:37.715+0000] {dag.py:3677} INFO - Setting next_dagrun for dataset_consumes_1_and_2 to None, run_after=None
[2025-01-23T12:08:37.717+0000] {logging_mixin.py:151} INFO - [2025-01-23T12:08:37.717+0000] {dag.py:3677} INFO - Setting next_dagrun for dataset_consumes_1_never_scheduled to None, run_after=None
[2025-01-23T12:08:37.719+0000] {logging_mixin.py:151} INFO - [2025-01-23T12:08:37.718+0000] {dag.py:3677} INFO - Setting next_dagrun for dataset_consumes_unknown_never_scheduled to None, run_after=None
[2025-01-23T12:08:37.720+0000] {logging_mixin.py:151} INFO - [2025-01-23T12:08:37.720+0000] {dag.py:3677} INFO - Setting next_dagrun for dataset_produces_1 to 2025-01-22T00:00:00+00:00, run_after=2025-01-23T00:00:00+00:00
[2025-01-23T12:08:37.721+0000] {logging_mixin.py:151} INFO - [2025-01-23T12:08:37.721+0000] {dag.py:3677} INFO - Setting next_dagrun for dataset_produces_2 to None, run_after=None
[2025-01-23T12:08:37.747+0000] {processor.py:179} INFO - Processing /home/airflow/.local/lib/python3.8/site-packages/airflow/example_dags/example_datasets.py took 0.090 seconds
[2025-01-23T12:09:08.830+0000] {processor.py:157} INFO - Started process (PID=1307) to work on /home/airflow/.local/lib/python3.8/site-packages/airflow/example_dags/example_datasets.py
[2025-01-23T12:09:08.830+0000] {processor.py:829} INFO - Processing file /home/airflow/.local/lib/python3.8/site-packages/airflow/example_dags/example_datasets.py for tasks to queue
[2025-01-23T12:09:08.831+0000] {logging_mixin.py:151} INFO - [2025-01-23T12:09:08.831+0000] {dagbag.py:539} INFO - Filling up the DagBag from /home/airflow/.local/lib/python3.8/site-packages/airflow/example_dags/example_datasets.py
[2025-01-23T12:09:08.837+0000] {processor.py:839} INFO - DAG(s) dict_keys(['dataset_consumes_1_and_2', 'dataset_produces_1', 'dataset_consumes_1', 'dataset_produces_2', 'dataset_consumes_unknown_never_scheduled', 'dataset_consumes_1_never_scheduled']) retrieved from /home/airflow/.local/lib/python3.8/site-packages/airflow/example_dags/example_datasets.py
[2025-01-23T12:09:08.865+0000] {logging_mixin.py:151} INFO - [2025-01-23T12:09:08.865+0000] {dag.py:2907} INFO - Sync 6 DAGs
[2025-01-23T12:09:08.882+0000] {logging_mixin.py:151} INFO - [2025-01-23T12:09:08.882+0000] {dag.py:3677} INFO - Setting next_dagrun for dataset_consumes_1 to None, run_after=None
[2025-01-23T12:09:08.885+0000] {logging_mixin.py:151} INFO - [2025-01-23T12:09:08.884+0000] {dag.py:3677} INFO - Setting next_dagrun for dataset_consumes_1_and_2 to None, run_after=None
[2025-01-23T12:09:08.885+0000] {logging_mixin.py:151} INFO - [2025-01-23T12:09:08.885+0000] {dag.py:3677} INFO - Setting next_dagrun for dataset_consumes_1_never_scheduled to None, run_after=None
[2025-01-23T12:09:08.886+0000] {logging_mixin.py:151} INFO - [2025-01-23T12:09:08.886+0000] {dag.py:3677} INFO - Setting next_dagrun for dataset_consumes_unknown_never_scheduled to None, run_after=None
[2025-01-23T12:09:08.888+0000] {logging_mixin.py:151} INFO - [2025-01-23T12:09:08.888+0000] {dag.py:3677} INFO - Setting next_dagrun for dataset_produces_1 to 2025-01-22T00:00:00+00:00, run_after=2025-01-23T00:00:00+00:00
[2025-01-23T12:09:08.889+0000] {logging_mixin.py:151} INFO - [2025-01-23T12:09:08.889+0000] {dag.py:3677} INFO - Setting next_dagrun for dataset_produces_2 to None, run_after=None
[2025-01-23T12:09:08.913+0000] {processor.py:179} INFO - Processing /home/airflow/.local/lib/python3.8/site-packages/airflow/example_dags/example_datasets.py took 0.086 seconds
[2025-01-23T12:09:38.961+0000] {processor.py:157} INFO - Started process (PID=1552) to work on /home/airflow/.local/lib/python3.8/site-packages/airflow/example_dags/example_datasets.py
[2025-01-23T12:09:38.961+0000] {processor.py:829} INFO - Processing file /home/airflow/.local/lib/python3.8/site-packages/airflow/example_dags/example_datasets.py for tasks to queue
[2025-01-23T12:09:38.962+0000] {logging_mixin.py:151} INFO - [2025-01-23T12:09:38.962+0000] {dagbag.py:539} INFO - Filling up the DagBag from /home/airflow/.local/lib/python3.8/site-packages/airflow/example_dags/example_datasets.py
[2025-01-23T12:09:38.968+0000] {processor.py:839} INFO - DAG(s) dict_keys(['dataset_consumes_1_and_2', 'dataset_produces_2', 'dataset_consumes_unknown_never_scheduled', 'dataset_produces_1', 'dataset_consumes_1', 'dataset_consumes_1_never_scheduled']) retrieved from /home/airflow/.local/lib/python3.8/site-packages/airflow/example_dags/example_datasets.py
[2025-01-23T12:09:38.994+0000] {logging_mixin.py:151} INFO - [2025-01-23T12:09:38.993+0000] {dag.py:2907} INFO - Sync 6 DAGs
[2025-01-23T12:09:39.009+0000] {logging_mixin.py:151} INFO - [2025-01-23T12:09:39.008+0000] {dag.py:3677} INFO - Setting next_dagrun for dataset_consumes_1 to None, run_after=None
[2025-01-23T12:09:39.011+0000] {logging_mixin.py:151} INFO - [2025-01-23T12:09:39.010+0000] {dag.py:3677} INFO - Setting next_dagrun for dataset_consumes_1_and_2 to None, run_after=None
[2025-01-23T12:09:39.011+0000] {logging_mixin.py:151} INFO - [2025-01-23T12:09:39.011+0000] {dag.py:3677} INFO - Setting next_dagrun for dataset_consumes_1_never_scheduled to None, run_after=None
[2025-01-23T12:09:39.012+0000] {logging_mixin.py:151} INFO - [2025-01-23T12:09:39.012+0000] {dag.py:3677} INFO - Setting next_dagrun for dataset_consumes_unknown_never_scheduled to None, run_after=None
[2025-01-23T12:09:39.014+0000] {logging_mixin.py:151} INFO - [2025-01-23T12:09:39.014+0000] {dag.py:3677} INFO - Setting next_dagrun for dataset_produces_1 to 2025-01-22T00:00:00+00:00, run_after=2025-01-23T00:00:00+00:00
[2025-01-23T12:09:39.014+0000] {logging_mixin.py:151} INFO - [2025-01-23T12:09:39.014+0000] {dag.py:3677} INFO - Setting next_dagrun for dataset_produces_2 to None, run_after=None
[2025-01-23T12:09:39.039+0000] {processor.py:179} INFO - Processing /home/airflow/.local/lib/python3.8/site-packages/airflow/example_dags/example_datasets.py took 0.081 seconds
[2025-01-23T12:10:10.263+0000] {processor.py:157} INFO - Started process (PID=1793) to work on /home/airflow/.local/lib/python3.8/site-packages/airflow/example_dags/example_datasets.py
[2025-01-23T12:10:10.264+0000] {processor.py:829} INFO - Processing file /home/airflow/.local/lib/python3.8/site-packages/airflow/example_dags/example_datasets.py for tasks to queue
[2025-01-23T12:10:10.264+0000] {logging_mixin.py:151} INFO - [2025-01-23T12:10:10.264+0000] {dagbag.py:539} INFO - Filling up the DagBag from /home/airflow/.local/lib/python3.8/site-packages/airflow/example_dags/example_datasets.py
[2025-01-23T12:10:10.273+0000] {processor.py:839} INFO - DAG(s) dict_keys(['dataset_produces_2', 'dataset_produces_1', 'dataset_consumes_1', 'dataset_consumes_1_and_2', 'dataset_consumes_1_never_scheduled', 'dataset_consumes_unknown_never_scheduled']) retrieved from /home/airflow/.local/lib/python3.8/site-packages/airflow/example_dags/example_datasets.py
[2025-01-23T12:10:10.309+0000] {logging_mixin.py:151} INFO - [2025-01-23T12:10:10.309+0000] {dag.py:2907} INFO - Sync 6 DAGs
[2025-01-23T12:10:10.330+0000] {logging_mixin.py:151} INFO - [2025-01-23T12:10:10.330+0000] {dag.py:3677} INFO - Setting next_dagrun for dataset_consumes_1 to None, run_after=None
[2025-01-23T12:10:10.334+0000] {logging_mixin.py:151} INFO - [2025-01-23T12:10:10.334+0000] {dag.py:3677} INFO - Setting next_dagrun for dataset_consumes_1_and_2 to None, run_after=None
[2025-01-23T12:10:10.336+0000] {logging_mixin.py:151} INFO - [2025-01-23T12:10:10.336+0000] {dag.py:3677} INFO - Setting next_dagrun for dataset_consumes_1_never_scheduled to None, run_after=None
[2025-01-23T12:10:10.337+0000] {logging_mixin.py:151} INFO - [2025-01-23T12:10:10.337+0000] {dag.py:3677} INFO - Setting next_dagrun for dataset_consumes_unknown_never_scheduled to None, run_after=None
[2025-01-23T12:10:10.340+0000] {logging_mixin.py:151} INFO - [2025-01-23T12:10:10.340+0000] {dag.py:3677} INFO - Setting next_dagrun for dataset_produces_1 to 2025-01-22T00:00:00+00:00, run_after=2025-01-23T00:00:00+00:00
[2025-01-23T12:10:10.341+0000] {logging_mixin.py:151} INFO - [2025-01-23T12:10:10.341+0000] {dag.py:3677} INFO - Setting next_dagrun for dataset_produces_2 to None, run_after=None
[2025-01-23T12:10:10.377+0000] {processor.py:179} INFO - Processing /home/airflow/.local/lib/python3.8/site-packages/airflow/example_dags/example_datasets.py took 0.116 seconds
[2025-01-23T12:10:40.724+0000] {processor.py:157} INFO - Started process (PID=2036) to work on /home/airflow/.local/lib/python3.8/site-packages/airflow/example_dags/example_datasets.py
[2025-01-23T12:10:40.725+0000] {processor.py:829} INFO - Processing file /home/airflow/.local/lib/python3.8/site-packages/airflow/example_dags/example_datasets.py for tasks to queue
[2025-01-23T12:10:40.726+0000] {logging_mixin.py:151} INFO - [2025-01-23T12:10:40.725+0000] {dagbag.py:539} INFO - Filling up the DagBag from /home/airflow/.local/lib/python3.8/site-packages/airflow/example_dags/example_datasets.py
[2025-01-23T12:10:40.735+0000] {processor.py:839} INFO - DAG(s) dict_keys(['dataset_consumes_1_never_scheduled', 'dataset_consumes_1', 'dataset_consumes_1_and_2', 'dataset_produces_1', 'dataset_produces_2', 'dataset_consumes_unknown_never_scheduled']) retrieved from /home/airflow/.local/lib/python3.8/site-packages/airflow/example_dags/example_datasets.py
[2025-01-23T12:10:40.771+0000] {logging_mixin.py:151} INFO - [2025-01-23T12:10:40.770+0000] {dag.py:2907} INFO - Sync 6 DAGs
[2025-01-23T12:10:40.789+0000] {logging_mixin.py:151} INFO - [2025-01-23T12:10:40.789+0000] {dag.py:3677} INFO - Setting next_dagrun for dataset_consumes_1 to None, run_after=None
[2025-01-23T12:10:40.794+0000] {logging_mixin.py:151} INFO - [2025-01-23T12:10:40.794+0000] {dag.py:3677} INFO - Setting next_dagrun for dataset_consumes_1_and_2 to None, run_after=None
[2025-01-23T12:10:40.797+0000] {logging_mixin.py:151} INFO - [2025-01-23T12:10:40.797+0000] {dag.py:3677} INFO - Setting next_dagrun for dataset_consumes_1_never_scheduled to None, run_after=None
[2025-01-23T12:10:40.798+0000] {logging_mixin.py:151} INFO - [2025-01-23T12:10:40.798+0000] {dag.py:3677} INFO - Setting next_dagrun for dataset_consumes_unknown_never_scheduled to None, run_after=None
[2025-01-23T12:10:40.800+0000] {logging_mixin.py:151} INFO - [2025-01-23T12:10:40.799+0000] {dag.py:3677} INFO - Setting next_dagrun for dataset_produces_1 to 2025-01-22T00:00:00+00:00, run_after=2025-01-23T00:00:00+00:00
[2025-01-23T12:10:40.801+0000] {logging_mixin.py:151} INFO - [2025-01-23T12:10:40.801+0000] {dag.py:3677} INFO - Setting next_dagrun for dataset_produces_2 to None, run_after=None
[2025-01-23T12:10:40.841+0000] {processor.py:179} INFO - Processing /home/airflow/.local/lib/python3.8/site-packages/airflow/example_dags/example_datasets.py took 0.119 seconds
[2025-01-23T12:11:11.180+0000] {processor.py:157} INFO - Started process (PID=2279) to work on /home/airflow/.local/lib/python3.8/site-packages/airflow/example_dags/example_datasets.py
[2025-01-23T12:11:11.181+0000] {processor.py:829} INFO - Processing file /home/airflow/.local/lib/python3.8/site-packages/airflow/example_dags/example_datasets.py for tasks to queue
[2025-01-23T12:11:11.182+0000] {logging_mixin.py:151} INFO - [2025-01-23T12:11:11.182+0000] {dagbag.py:539} INFO - Filling up the DagBag from /home/airflow/.local/lib/python3.8/site-packages/airflow/example_dags/example_datasets.py
[2025-01-23T12:11:11.188+0000] {processor.py:839} INFO - DAG(s) dict_keys(['dataset_produces_1', 'dataset_consumes_unknown_never_scheduled', 'dataset_consumes_1_never_scheduled', 'dataset_consumes_1_and_2', 'dataset_consumes_1', 'dataset_produces_2']) retrieved from /home/airflow/.local/lib/python3.8/site-packages/airflow/example_dags/example_datasets.py
[2025-01-23T12:11:11.220+0000] {logging_mixin.py:151} INFO - [2025-01-23T12:11:11.220+0000] {dag.py:2907} INFO - Sync 6 DAGs
[2025-01-23T12:11:11.239+0000] {logging_mixin.py:151} INFO - [2025-01-23T12:11:11.238+0000] {dag.py:3677} INFO - Setting next_dagrun for dataset_consumes_1 to None, run_after=None
[2025-01-23T12:11:11.242+0000] {logging_mixin.py:151} INFO - [2025-01-23T12:11:11.242+0000] {dag.py:3677} INFO - Setting next_dagrun for dataset_consumes_1_and_2 to None, run_after=None
[2025-01-23T12:11:11.244+0000] {logging_mixin.py:151} INFO - [2025-01-23T12:11:11.243+0000] {dag.py:3677} INFO - Setting next_dagrun for dataset_consumes_1_never_scheduled to None, run_after=None
[2025-01-23T12:11:11.245+0000] {logging_mixin.py:151} INFO - [2025-01-23T12:11:11.244+0000] {dag.py:3677} INFO - Setting next_dagrun for dataset_consumes_unknown_never_scheduled to None, run_after=None
[2025-01-23T12:11:11.246+0000] {logging_mixin.py:151} INFO - [2025-01-23T12:11:11.246+0000] {dag.py:3677} INFO - Setting next_dagrun for dataset_produces_1 to 2025-01-22T00:00:00+00:00, run_after=2025-01-23T00:00:00+00:00
[2025-01-23T12:11:11.248+0000] {logging_mixin.py:151} INFO - [2025-01-23T12:11:11.248+0000] {dag.py:3677} INFO - Setting next_dagrun for dataset_produces_2 to None, run_after=None
[2025-01-23T12:11:11.281+0000] {processor.py:179} INFO - Processing /home/airflow/.local/lib/python3.8/site-packages/airflow/example_dags/example_datasets.py took 0.105 seconds
