[2025-01-23T12:07:05.333+0000] {processor.py:157} INFO - Started process (PID=278) to work on /home/airflow/.local/lib/python3.8/site-packages/airflow/example_dags/example_branch_labels.py
[2025-01-23T12:07:05.334+0000] {processor.py:829} INFO - Processing file /home/airflow/.local/lib/python3.8/site-packages/airflow/example_dags/example_branch_labels.py for tasks to queue
[2025-01-23T12:07:05.335+0000] {logging_mixin.py:151} INFO - [2025-01-23T12:07:05.334+0000] {dagbag.py:539} INFO - Filling up the DagBag from /home/airflow/.local/lib/python3.8/site-packages/airflow/example_dags/example_branch_labels.py
[2025-01-23T12:07:05.343+0000] {processor.py:839} INFO - DAG(s) dict_keys(['example_branch_labels']) retrieved from /home/airflow/.local/lib/python3.8/site-packages/airflow/example_dags/example_branch_labels.py
[2025-01-23T12:07:05.355+0000] {logging_mixin.py:151} INFO - [2025-01-23T12:07:05.354+0000] {dag.py:2907} INFO - Sync 1 DAGs
[2025-01-23T12:07:05.375+0000] {logging_mixin.py:151} INFO - [2025-01-23T12:07:05.374+0000] {dag.py:3677} INFO - Setting next_dagrun for example_branch_labels to 2025-01-22T00:00:00+00:00, run_after=2025-01-23T00:00:00+00:00
[2025-01-23T12:07:05.395+0000] {processor.py:179} INFO - Processing /home/airflow/.local/lib/python3.8/site-packages/airflow/example_dags/example_branch_labels.py took 0.067 seconds
[2025-01-23T12:07:35.608+0000] {processor.py:157} INFO - Started process (PID=520) to work on /home/airflow/.local/lib/python3.8/site-packages/airflow/example_dags/example_branch_labels.py
[2025-01-23T12:07:35.609+0000] {processor.py:829} INFO - Processing file /home/airflow/.local/lib/python3.8/site-packages/airflow/example_dags/example_branch_labels.py for tasks to queue
[2025-01-23T12:07:35.610+0000] {logging_mixin.py:151} INFO - [2025-01-23T12:07:35.609+0000] {dagbag.py:539} INFO - Filling up the DagBag from /home/airflow/.local/lib/python3.8/site-packages/airflow/example_dags/example_branch_labels.py
[2025-01-23T12:07:35.615+0000] {processor.py:839} INFO - DAG(s) dict_keys(['example_branch_labels']) retrieved from /home/airflow/.local/lib/python3.8/site-packages/airflow/example_dags/example_branch_labels.py
[2025-01-23T12:07:35.634+0000] {logging_mixin.py:151} INFO - [2025-01-23T12:07:35.634+0000] {dag.py:2907} INFO - Sync 1 DAGs
[2025-01-23T12:07:35.651+0000] {logging_mixin.py:151} INFO - [2025-01-23T12:07:35.651+0000] {dag.py:3677} INFO - Setting next_dagrun for example_branch_labels to 2025-01-22T00:00:00+00:00, run_after=2025-01-23T00:00:00+00:00
[2025-01-23T12:07:35.666+0000] {processor.py:179} INFO - Processing /home/airflow/.local/lib/python3.8/site-packages/airflow/example_dags/example_branch_labels.py took 0.060 seconds
[2025-01-23T12:08:06.105+0000] {processor.py:157} INFO - Started process (PID=763) to work on /home/airflow/.local/lib/python3.8/site-packages/airflow/example_dags/example_branch_labels.py
[2025-01-23T12:08:06.106+0000] {processor.py:829} INFO - Processing file /home/airflow/.local/lib/python3.8/site-packages/airflow/example_dags/example_branch_labels.py for tasks to queue
[2025-01-23T12:08:06.106+0000] {logging_mixin.py:151} INFO - [2025-01-23T12:08:06.106+0000] {dagbag.py:539} INFO - Filling up the DagBag from /home/airflow/.local/lib/python3.8/site-packages/airflow/example_dags/example_branch_labels.py
[2025-01-23T12:08:06.111+0000] {processor.py:839} INFO - DAG(s) dict_keys(['example_branch_labels']) retrieved from /home/airflow/.local/lib/python3.8/site-packages/airflow/example_dags/example_branch_labels.py
[2025-01-23T12:08:06.126+0000] {logging_mixin.py:151} INFO - [2025-01-23T12:08:06.126+0000] {dag.py:2907} INFO - Sync 1 DAGs
[2025-01-23T12:08:06.149+0000] {logging_mixin.py:151} INFO - [2025-01-23T12:08:06.149+0000] {dag.py:3677} INFO - Setting next_dagrun for example_branch_labels to 2025-01-22T00:00:00+00:00, run_after=2025-01-23T00:00:00+00:00
[2025-01-23T12:08:06.166+0000] {processor.py:179} INFO - Processing /home/airflow/.local/lib/python3.8/site-packages/airflow/example_dags/example_branch_labels.py took 0.063 seconds
[2025-01-23T12:08:37.212+0000] {processor.py:157} INFO - Started process (PID=1014) to work on /home/airflow/.local/lib/python3.8/site-packages/airflow/example_dags/example_branch_labels.py
[2025-01-23T12:08:37.214+0000] {processor.py:829} INFO - Processing file /home/airflow/.local/lib/python3.8/site-packages/airflow/example_dags/example_branch_labels.py for tasks to queue
[2025-01-23T12:08:37.214+0000] {logging_mixin.py:151} INFO - [2025-01-23T12:08:37.214+0000] {dagbag.py:539} INFO - Filling up the DagBag from /home/airflow/.local/lib/python3.8/site-packages/airflow/example_dags/example_branch_labels.py
[2025-01-23T12:08:37.220+0000] {processor.py:839} INFO - DAG(s) dict_keys(['example_branch_labels']) retrieved from /home/airflow/.local/lib/python3.8/site-packages/airflow/example_dags/example_branch_labels.py
[2025-01-23T12:08:37.238+0000] {logging_mixin.py:151} INFO - [2025-01-23T12:08:37.238+0000] {dag.py:2907} INFO - Sync 1 DAGs
[2025-01-23T12:08:37.255+0000] {logging_mixin.py:151} INFO - [2025-01-23T12:08:37.254+0000] {dag.py:3677} INFO - Setting next_dagrun for example_branch_labels to 2025-01-22T00:00:00+00:00, run_after=2025-01-23T00:00:00+00:00
[2025-01-23T12:08:37.272+0000] {processor.py:179} INFO - Processing /home/airflow/.local/lib/python3.8/site-packages/airflow/example_dags/example_branch_labels.py took 0.062 seconds
[2025-01-23T12:09:08.359+0000] {processor.py:157} INFO - Started process (PID=1257) to work on /home/airflow/.local/lib/python3.8/site-packages/airflow/example_dags/example_branch_labels.py
[2025-01-23T12:09:08.360+0000] {processor.py:829} INFO - Processing file /home/airflow/.local/lib/python3.8/site-packages/airflow/example_dags/example_branch_labels.py for tasks to queue
[2025-01-23T12:09:08.360+0000] {logging_mixin.py:151} INFO - [2025-01-23T12:09:08.360+0000] {dagbag.py:539} INFO - Filling up the DagBag from /home/airflow/.local/lib/python3.8/site-packages/airflow/example_dags/example_branch_labels.py
[2025-01-23T12:09:08.367+0000] {processor.py:839} INFO - DAG(s) dict_keys(['example_branch_labels']) retrieved from /home/airflow/.local/lib/python3.8/site-packages/airflow/example_dags/example_branch_labels.py
[2025-01-23T12:09:08.387+0000] {logging_mixin.py:151} INFO - [2025-01-23T12:09:08.387+0000] {dag.py:2907} INFO - Sync 1 DAGs
[2025-01-23T12:09:08.411+0000] {logging_mixin.py:151} INFO - [2025-01-23T12:09:08.411+0000] {dag.py:3677} INFO - Setting next_dagrun for example_branch_labels to 2025-01-22T00:00:00+00:00, run_after=2025-01-23T00:00:00+00:00
[2025-01-23T12:09:08.427+0000] {processor.py:179} INFO - Processing /home/airflow/.local/lib/python3.8/site-packages/airflow/example_dags/example_branch_labels.py took 0.070 seconds
[2025-01-23T12:09:38.499+0000] {processor.py:157} INFO - Started process (PID=1495) to work on /home/airflow/.local/lib/python3.8/site-packages/airflow/example_dags/example_branch_labels.py
[2025-01-23T12:09:38.500+0000] {processor.py:829} INFO - Processing file /home/airflow/.local/lib/python3.8/site-packages/airflow/example_dags/example_branch_labels.py for tasks to queue
[2025-01-23T12:09:38.501+0000] {logging_mixin.py:151} INFO - [2025-01-23T12:09:38.500+0000] {dagbag.py:539} INFO - Filling up the DagBag from /home/airflow/.local/lib/python3.8/site-packages/airflow/example_dags/example_branch_labels.py
[2025-01-23T12:09:38.505+0000] {processor.py:839} INFO - DAG(s) dict_keys(['example_branch_labels']) retrieved from /home/airflow/.local/lib/python3.8/site-packages/airflow/example_dags/example_branch_labels.py
[2025-01-23T12:09:38.521+0000] {logging_mixin.py:151} INFO - [2025-01-23T12:09:38.520+0000] {dag.py:2907} INFO - Sync 1 DAGs
[2025-01-23T12:09:38.536+0000] {logging_mixin.py:151} INFO - [2025-01-23T12:09:38.536+0000] {dag.py:3677} INFO - Setting next_dagrun for example_branch_labels to 2025-01-22T00:00:00+00:00, run_after=2025-01-23T00:00:00+00:00
[2025-01-23T12:09:38.549+0000] {processor.py:179} INFO - Processing /home/airflow/.local/lib/python3.8/site-packages/airflow/example_dags/example_branch_labels.py took 0.052 seconds
[2025-01-23T12:10:09.775+0000] {processor.py:157} INFO - Started process (PID=1743) to work on /home/airflow/.local/lib/python3.8/site-packages/airflow/example_dags/example_branch_labels.py
[2025-01-23T12:10:09.776+0000] {processor.py:829} INFO - Processing file /home/airflow/.local/lib/python3.8/site-packages/airflow/example_dags/example_branch_labels.py for tasks to queue
[2025-01-23T12:10:09.777+0000] {logging_mixin.py:151} INFO - [2025-01-23T12:10:09.777+0000] {dagbag.py:539} INFO - Filling up the DagBag from /home/airflow/.local/lib/python3.8/site-packages/airflow/example_dags/example_branch_labels.py
[2025-01-23T12:10:09.785+0000] {processor.py:839} INFO - DAG(s) dict_keys(['example_branch_labels']) retrieved from /home/airflow/.local/lib/python3.8/site-packages/airflow/example_dags/example_branch_labels.py
[2025-01-23T12:10:09.806+0000] {logging_mixin.py:151} INFO - [2025-01-23T12:10:09.806+0000] {dag.py:2907} INFO - Sync 1 DAGs
[2025-01-23T12:10:09.822+0000] {logging_mixin.py:151} INFO - [2025-01-23T12:10:09.822+0000] {dag.py:3677} INFO - Setting next_dagrun for example_branch_labels to 2025-01-22T00:00:00+00:00, run_after=2025-01-23T00:00:00+00:00
[2025-01-23T12:10:09.837+0000] {processor.py:179} INFO - Processing /home/airflow/.local/lib/python3.8/site-packages/airflow/example_dags/example_branch_labels.py took 0.064 seconds
[2025-01-23T12:10:40.162+0000] {processor.py:157} INFO - Started process (PID=1986) to work on /home/airflow/.local/lib/python3.8/site-packages/airflow/example_dags/example_branch_labels.py
[2025-01-23T12:10:40.163+0000] {processor.py:829} INFO - Processing file /home/airflow/.local/lib/python3.8/site-packages/airflow/example_dags/example_branch_labels.py for tasks to queue
[2025-01-23T12:10:40.164+0000] {logging_mixin.py:151} INFO - [2025-01-23T12:10:40.163+0000] {dagbag.py:539} INFO - Filling up the DagBag from /home/airflow/.local/lib/python3.8/site-packages/airflow/example_dags/example_branch_labels.py
[2025-01-23T12:10:40.171+0000] {processor.py:839} INFO - DAG(s) dict_keys(['example_branch_labels']) retrieved from /home/airflow/.local/lib/python3.8/site-packages/airflow/example_dags/example_branch_labels.py
[2025-01-23T12:10:40.195+0000] {logging_mixin.py:151} INFO - [2025-01-23T12:10:40.194+0000] {dag.py:2907} INFO - Sync 1 DAGs
[2025-01-23T12:10:40.213+0000] {logging_mixin.py:151} INFO - [2025-01-23T12:10:40.213+0000] {dag.py:3677} INFO - Setting next_dagrun for example_branch_labels to 2025-01-22T00:00:00+00:00, run_after=2025-01-23T00:00:00+00:00
[2025-01-23T12:10:40.234+0000] {processor.py:179} INFO - Processing /home/airflow/.local/lib/python3.8/site-packages/airflow/example_dags/example_branch_labels.py took 0.076 seconds
[2025-01-23T12:11:10.731+0000] {processor.py:157} INFO - Started process (PID=2229) to work on /home/airflow/.local/lib/python3.8/site-packages/airflow/example_dags/example_branch_labels.py
[2025-01-23T12:11:10.732+0000] {processor.py:829} INFO - Processing file /home/airflow/.local/lib/python3.8/site-packages/airflow/example_dags/example_branch_labels.py for tasks to queue
[2025-01-23T12:11:10.733+0000] {logging_mixin.py:151} INFO - [2025-01-23T12:11:10.733+0000] {dagbag.py:539} INFO - Filling up the DagBag from /home/airflow/.local/lib/python3.8/site-packages/airflow/example_dags/example_branch_labels.py
[2025-01-23T12:11:10.738+0000] {processor.py:839} INFO - DAG(s) dict_keys(['example_branch_labels']) retrieved from /home/airflow/.local/lib/python3.8/site-packages/airflow/example_dags/example_branch_labels.py
[2025-01-23T12:11:10.754+0000] {logging_mixin.py:151} INFO - [2025-01-23T12:11:10.754+0000] {dag.py:2907} INFO - Sync 1 DAGs
[2025-01-23T12:11:10.773+0000] {logging_mixin.py:151} INFO - [2025-01-23T12:11:10.773+0000] {dag.py:3677} INFO - Setting next_dagrun for example_branch_labels to 2025-01-22T00:00:00+00:00, run_after=2025-01-23T00:00:00+00:00
[2025-01-23T12:11:10.792+0000] {processor.py:179} INFO - Processing /home/airflow/.local/lib/python3.8/site-packages/airflow/example_dags/example_branch_labels.py took 0.064 seconds
