[2025-01-23T12:07:05.066+0000] {processor.py:157} INFO - Started process (PID=250) to work on /home/airflow/.local/lib/python3.8/site-packages/airflow/example_dags/tutorial.py
[2025-01-23T12:07:05.067+0000] {processor.py:829} INFO - Processing file /home/airflow/.local/lib/python3.8/site-packages/airflow/example_dags/tutorial.py for tasks to queue
[2025-01-23T12:07:05.068+0000] {logging_mixin.py:151} INFO - [2025-01-23T12:07:05.068+0000] {dagbag.py:539} INFO - Filling up the DagBag from /home/airflow/.local/lib/python3.8/site-packages/airflow/example_dags/tutorial.py
[2025-01-23T12:07:05.075+0000] {processor.py:839} INFO - DAG(s) dict_keys(['tutorial']) retrieved from /home/airflow/.local/lib/python3.8/site-packages/airflow/example_dags/tutorial.py
[2025-01-23T12:07:05.088+0000] {logging_mixin.py:151} INFO - [2025-01-23T12:07:05.088+0000] {dag.py:2907} INFO - Sync 1 DAGs
[2025-01-23T12:07:05.108+0000] {logging_mixin.py:151} INFO - [2025-01-23T12:07:05.107+0000] {dag.py:3677} INFO - Setting next_dagrun for tutorial to 2025-01-22T12:07:05.107331+00:00, run_after=2025-01-23T12:07:05.107331+00:00
[2025-01-23T12:07:05.128+0000] {processor.py:179} INFO - Processing /home/airflow/.local/lib/python3.8/site-packages/airflow/example_dags/tutorial.py took 0.067 seconds
[2025-01-23T12:07:35.398+0000] {processor.py:157} INFO - Started process (PID=492) to work on /home/airflow/.local/lib/python3.8/site-packages/airflow/example_dags/tutorial.py
[2025-01-23T12:07:35.399+0000] {processor.py:829} INFO - Processing file /home/airflow/.local/lib/python3.8/site-packages/airflow/example_dags/tutorial.py for tasks to queue
[2025-01-23T12:07:35.400+0000] {logging_mixin.py:151} INFO - [2025-01-23T12:07:35.400+0000] {dagbag.py:539} INFO - Filling up the DagBag from /home/airflow/.local/lib/python3.8/site-packages/airflow/example_dags/tutorial.py
[2025-01-23T12:07:35.404+0000] {processor.py:839} INFO - DAG(s) dict_keys(['tutorial']) retrieved from /home/airflow/.local/lib/python3.8/site-packages/airflow/example_dags/tutorial.py
[2025-01-23T12:07:35.418+0000] {logging_mixin.py:151} INFO - [2025-01-23T12:07:35.418+0000] {dag.py:2907} INFO - Sync 1 DAGs
[2025-01-23T12:07:35.432+0000] {logging_mixin.py:151} INFO - [2025-01-23T12:07:35.432+0000] {dag.py:3677} INFO - Setting next_dagrun for tutorial to 2025-01-22T12:07:35.432638+00:00, run_after=2025-01-23T12:07:35.432638+00:00
[2025-01-23T12:07:35.448+0000] {processor.py:179} INFO - Processing /home/airflow/.local/lib/python3.8/site-packages/airflow/example_dags/tutorial.py took 0.052 seconds
[2025-01-23T12:08:05.887+0000] {processor.py:157} INFO - Started process (PID=735) to work on /home/airflow/.local/lib/python3.8/site-packages/airflow/example_dags/tutorial.py
[2025-01-23T12:08:05.888+0000] {processor.py:829} INFO - Processing file /home/airflow/.local/lib/python3.8/site-packages/airflow/example_dags/tutorial.py for tasks to queue
[2025-01-23T12:08:05.888+0000] {logging_mixin.py:151} INFO - [2025-01-23T12:08:05.888+0000] {dagbag.py:539} INFO - Filling up the DagBag from /home/airflow/.local/lib/python3.8/site-packages/airflow/example_dags/tutorial.py
[2025-01-23T12:08:05.892+0000] {processor.py:839} INFO - DAG(s) dict_keys(['tutorial']) retrieved from /home/airflow/.local/lib/python3.8/site-packages/airflow/example_dags/tutorial.py
[2025-01-23T12:08:05.905+0000] {logging_mixin.py:151} INFO - [2025-01-23T12:08:05.905+0000] {dag.py:2907} INFO - Sync 1 DAGs
[2025-01-23T12:08:05.919+0000] {logging_mixin.py:151} INFO - [2025-01-23T12:08:05.919+0000] {dag.py:3677} INFO - Setting next_dagrun for tutorial to 2025-01-22T12:08:05.919457+00:00, run_after=2025-01-23T12:08:05.919457+00:00
[2025-01-23T12:08:05.936+0000] {processor.py:179} INFO - Processing /home/airflow/.local/lib/python3.8/site-packages/airflow/example_dags/tutorial.py took 0.051 seconds
[2025-01-23T12:08:36.914+0000] {processor.py:157} INFO - Started process (PID=984) to work on /home/airflow/.local/lib/python3.8/site-packages/airflow/example_dags/tutorial.py
[2025-01-23T12:08:36.915+0000] {processor.py:829} INFO - Processing file /home/airflow/.local/lib/python3.8/site-packages/airflow/example_dags/tutorial.py for tasks to queue
[2025-01-23T12:08:36.916+0000] {logging_mixin.py:151} INFO - [2025-01-23T12:08:36.916+0000] {dagbag.py:539} INFO - Filling up the DagBag from /home/airflow/.local/lib/python3.8/site-packages/airflow/example_dags/tutorial.py
[2025-01-23T12:08:36.921+0000] {processor.py:839} INFO - DAG(s) dict_keys(['tutorial']) retrieved from /home/airflow/.local/lib/python3.8/site-packages/airflow/example_dags/tutorial.py
[2025-01-23T12:08:36.937+0000] {logging_mixin.py:151} INFO - [2025-01-23T12:08:36.937+0000] {dag.py:2907} INFO - Sync 1 DAGs
[2025-01-23T12:08:36.952+0000] {logging_mixin.py:151} INFO - [2025-01-23T12:08:36.952+0000] {dag.py:3677} INFO - Setting next_dagrun for tutorial to 2025-01-22T12:08:36.952375+00:00, run_after=2025-01-23T12:08:36.952375+00:00
[2025-01-23T12:08:36.968+0000] {processor.py:179} INFO - Processing /home/airflow/.local/lib/python3.8/site-packages/airflow/example_dags/tutorial.py took 0.056 seconds
[2025-01-23T12:09:08.059+0000] {processor.py:157} INFO - Started process (PID=1227) to work on /home/airflow/.local/lib/python3.8/site-packages/airflow/example_dags/tutorial.py
[2025-01-23T12:09:08.061+0000] {processor.py:829} INFO - Processing file /home/airflow/.local/lib/python3.8/site-packages/airflow/example_dags/tutorial.py for tasks to queue
[2025-01-23T12:09:08.061+0000] {logging_mixin.py:151} INFO - [2025-01-23T12:09:08.061+0000] {dagbag.py:539} INFO - Filling up the DagBag from /home/airflow/.local/lib/python3.8/site-packages/airflow/example_dags/tutorial.py
[2025-01-23T12:09:08.066+0000] {processor.py:839} INFO - DAG(s) dict_keys(['tutorial']) retrieved from /home/airflow/.local/lib/python3.8/site-packages/airflow/example_dags/tutorial.py
[2025-01-23T12:09:08.084+0000] {logging_mixin.py:151} INFO - [2025-01-23T12:09:08.084+0000] {dag.py:2907} INFO - Sync 1 DAGs
[2025-01-23T12:09:08.102+0000] {logging_mixin.py:151} INFO - [2025-01-23T12:09:08.102+0000] {dag.py:3677} INFO - Setting next_dagrun for tutorial to 2025-01-22T12:09:08.102188+00:00, run_after=2025-01-23T12:09:08.102188+00:00
[2025-01-23T12:09:08.120+0000] {processor.py:179} INFO - Processing /home/airflow/.local/lib/python3.8/site-packages/airflow/example_dags/tutorial.py took 0.064 seconds
[2025-01-23T12:09:38.338+0000] {processor.py:157} INFO - Started process (PID=1472) to work on /home/airflow/.local/lib/python3.8/site-packages/airflow/example_dags/tutorial.py
[2025-01-23T12:09:38.338+0000] {processor.py:829} INFO - Processing file /home/airflow/.local/lib/python3.8/site-packages/airflow/example_dags/tutorial.py for tasks to queue
[2025-01-23T12:09:38.339+0000] {logging_mixin.py:151} INFO - [2025-01-23T12:09:38.339+0000] {dagbag.py:539} INFO - Filling up the DagBag from /home/airflow/.local/lib/python3.8/site-packages/airflow/example_dags/tutorial.py
[2025-01-23T12:09:38.344+0000] {processor.py:839} INFO - DAG(s) dict_keys(['tutorial']) retrieved from /home/airflow/.local/lib/python3.8/site-packages/airflow/example_dags/tutorial.py
[2025-01-23T12:09:38.358+0000] {logging_mixin.py:151} INFO - [2025-01-23T12:09:38.358+0000] {dag.py:2907} INFO - Sync 1 DAGs
[2025-01-23T12:09:38.372+0000] {logging_mixin.py:151} INFO - [2025-01-23T12:09:38.372+0000] {dag.py:3677} INFO - Setting next_dagrun for tutorial to 2025-01-22T12:09:38.372146+00:00, run_after=2025-01-23T12:09:38.372146+00:00
[2025-01-23T12:09:38.389+0000] {processor.py:179} INFO - Processing /home/airflow/.local/lib/python3.8/site-packages/airflow/example_dags/tutorial.py took 0.054 seconds
[2025-01-23T12:10:09.455+0000] {processor.py:157} INFO - Started process (PID=1713) to work on /home/airflow/.local/lib/python3.8/site-packages/airflow/example_dags/tutorial.py
[2025-01-23T12:10:09.456+0000] {processor.py:829} INFO - Processing file /home/airflow/.local/lib/python3.8/site-packages/airflow/example_dags/tutorial.py for tasks to queue
[2025-01-23T12:10:09.456+0000] {logging_mixin.py:151} INFO - [2025-01-23T12:10:09.456+0000] {dagbag.py:539} INFO - Filling up the DagBag from /home/airflow/.local/lib/python3.8/site-packages/airflow/example_dags/tutorial.py
[2025-01-23T12:10:09.461+0000] {processor.py:839} INFO - DAG(s) dict_keys(['tutorial']) retrieved from /home/airflow/.local/lib/python3.8/site-packages/airflow/example_dags/tutorial.py
[2025-01-23T12:10:09.479+0000] {logging_mixin.py:151} INFO - [2025-01-23T12:10:09.478+0000] {dag.py:2907} INFO - Sync 1 DAGs
[2025-01-23T12:10:09.494+0000] {logging_mixin.py:151} INFO - [2025-01-23T12:10:09.493+0000] {dag.py:3677} INFO - Setting next_dagrun for tutorial to 2025-01-22T12:10:09.493728+00:00, run_after=2025-01-23T12:10:09.493728+00:00
[2025-01-23T12:10:09.511+0000] {processor.py:179} INFO - Processing /home/airflow/.local/lib/python3.8/site-packages/airflow/example_dags/tutorial.py took 0.059 seconds
[2025-01-23T12:10:39.814+0000] {processor.py:157} INFO - Started process (PID=1956) to work on /home/airflow/.local/lib/python3.8/site-packages/airflow/example_dags/tutorial.py
[2025-01-23T12:10:39.815+0000] {processor.py:829} INFO - Processing file /home/airflow/.local/lib/python3.8/site-packages/airflow/example_dags/tutorial.py for tasks to queue
[2025-01-23T12:10:39.816+0000] {logging_mixin.py:151} INFO - [2025-01-23T12:10:39.815+0000] {dagbag.py:539} INFO - Filling up the DagBag from /home/airflow/.local/lib/python3.8/site-packages/airflow/example_dags/tutorial.py
[2025-01-23T12:10:39.821+0000] {processor.py:839} INFO - DAG(s) dict_keys(['tutorial']) retrieved from /home/airflow/.local/lib/python3.8/site-packages/airflow/example_dags/tutorial.py
[2025-01-23T12:10:39.839+0000] {logging_mixin.py:151} INFO - [2025-01-23T12:10:39.839+0000] {dag.py:2907} INFO - Sync 1 DAGs
[2025-01-23T12:10:39.856+0000] {logging_mixin.py:151} INFO - [2025-01-23T12:10:39.856+0000] {dag.py:3677} INFO - Setting next_dagrun for tutorial to 2025-01-22T12:10:39.856443+00:00, run_after=2025-01-23T12:10:39.856443+00:00
[2025-01-23T12:10:39.876+0000] {processor.py:179} INFO - Processing /home/airflow/.local/lib/python3.8/site-packages/airflow/example_dags/tutorial.py took 0.064 seconds
[2025-01-23T12:11:10.502+0000] {processor.py:157} INFO - Started process (PID=2201) to work on /home/airflow/.local/lib/python3.8/site-packages/airflow/example_dags/tutorial.py
[2025-01-23T12:11:10.503+0000] {processor.py:829} INFO - Processing file /home/airflow/.local/lib/python3.8/site-packages/airflow/example_dags/tutorial.py for tasks to queue
[2025-01-23T12:11:10.503+0000] {logging_mixin.py:151} INFO - [2025-01-23T12:11:10.503+0000] {dagbag.py:539} INFO - Filling up the DagBag from /home/airflow/.local/lib/python3.8/site-packages/airflow/example_dags/tutorial.py
[2025-01-23T12:11:10.508+0000] {processor.py:839} INFO - DAG(s) dict_keys(['tutorial']) retrieved from /home/airflow/.local/lib/python3.8/site-packages/airflow/example_dags/tutorial.py
[2025-01-23T12:11:10.523+0000] {logging_mixin.py:151} INFO - [2025-01-23T12:11:10.523+0000] {dag.py:2907} INFO - Sync 1 DAGs
[2025-01-23T12:11:10.539+0000] {logging_mixin.py:151} INFO - [2025-01-23T12:11:10.539+0000] {dag.py:3677} INFO - Setting next_dagrun for tutorial to 2025-01-22T12:11:10.538783+00:00, run_after=2025-01-23T12:11:10.538783+00:00
[2025-01-23T12:11:10.554+0000] {processor.py:179} INFO - Processing /home/airflow/.local/lib/python3.8/site-packages/airflow/example_dags/tutorial.py took 0.055 seconds
