[2025-01-23T12:07:06.179+0000] {processor.py:157} INFO - Started process (PID=364) to work on /home/airflow/.local/lib/python3.8/site-packages/airflow/example_dags/tutorial_taskflow_api.py
[2025-01-23T12:07:06.180+0000] {processor.py:829} INFO - Processing file /home/airflow/.local/lib/python3.8/site-packages/airflow/example_dags/tutorial_taskflow_api.py for tasks to queue
[2025-01-23T12:07:06.182+0000] {logging_mixin.py:151} INFO - [2025-01-23T12:07:06.181+0000] {dagbag.py:539} INFO - Filling up the DagBag from /home/airflow/.local/lib/python3.8/site-packages/airflow/example_dags/tutorial_taskflow_api.py
[2025-01-23T12:07:06.187+0000] {processor.py:839} INFO - DAG(s) dict_keys(['tutorial_taskflow_api']) retrieved from /home/airflow/.local/lib/python3.8/site-packages/airflow/example_dags/tutorial_taskflow_api.py
[2025-01-23T12:07:06.199+0000] {logging_mixin.py:151} INFO - [2025-01-23T12:07:06.199+0000] {dag.py:2907} INFO - Sync 1 DAGs
[2025-01-23T12:07:06.212+0000] {logging_mixin.py:151} INFO - [2025-01-23T12:07:06.211+0000] {dag.py:3677} INFO - Setting next_dagrun for tutorial_taskflow_api to None, run_after=None
[2025-01-23T12:07:06.236+0000] {processor.py:179} INFO - Processing /home/airflow/.local/lib/python3.8/site-packages/airflow/example_dags/tutorial_taskflow_api.py took 0.059 seconds
[2025-01-23T12:07:36.777+0000] {processor.py:157} INFO - Started process (PID=607) to work on /home/airflow/.local/lib/python3.8/site-packages/airflow/example_dags/tutorial_taskflow_api.py
[2025-01-23T12:07:36.778+0000] {processor.py:829} INFO - Processing file /home/airflow/.local/lib/python3.8/site-packages/airflow/example_dags/tutorial_taskflow_api.py for tasks to queue
[2025-01-23T12:07:36.779+0000] {logging_mixin.py:151} INFO - [2025-01-23T12:07:36.778+0000] {dagbag.py:539} INFO - Filling up the DagBag from /home/airflow/.local/lib/python3.8/site-packages/airflow/example_dags/tutorial_taskflow_api.py
[2025-01-23T12:07:36.782+0000] {processor.py:839} INFO - DAG(s) dict_keys(['tutorial_taskflow_api']) retrieved from /home/airflow/.local/lib/python3.8/site-packages/airflow/example_dags/tutorial_taskflow_api.py
[2025-01-23T12:07:36.800+0000] {logging_mixin.py:151} INFO - [2025-01-23T12:07:36.800+0000] {dag.py:2907} INFO - Sync 1 DAGs
[2025-01-23T12:07:36.809+0000] {logging_mixin.py:151} INFO - [2025-01-23T12:07:36.809+0000] {dag.py:3677} INFO - Setting next_dagrun for tutorial_taskflow_api to None, run_after=None
[2025-01-23T12:07:36.902+0000] {processor.py:179} INFO - Processing /home/airflow/.local/lib/python3.8/site-packages/airflow/example_dags/tutorial_taskflow_api.py took 0.127 seconds
[2025-01-23T12:08:07.727+0000] {processor.py:157} INFO - Started process (PID=850) to work on /home/airflow/.local/lib/python3.8/site-packages/airflow/example_dags/tutorial_taskflow_api.py
[2025-01-23T12:08:07.728+0000] {processor.py:829} INFO - Processing file /home/airflow/.local/lib/python3.8/site-packages/airflow/example_dags/tutorial_taskflow_api.py for tasks to queue
[2025-01-23T12:08:07.728+0000] {logging_mixin.py:151} INFO - [2025-01-23T12:08:07.728+0000] {dagbag.py:539} INFO - Filling up the DagBag from /home/airflow/.local/lib/python3.8/site-packages/airflow/example_dags/tutorial_taskflow_api.py
[2025-01-23T12:08:07.732+0000] {processor.py:839} INFO - DAG(s) dict_keys(['tutorial_taskflow_api']) retrieved from /home/airflow/.local/lib/python3.8/site-packages/airflow/example_dags/tutorial_taskflow_api.py
[2025-01-23T12:08:07.747+0000] {logging_mixin.py:151} INFO - [2025-01-23T12:08:07.747+0000] {dag.py:2907} INFO - Sync 1 DAGs
[2025-01-23T12:08:07.754+0000] {logging_mixin.py:151} INFO - [2025-01-23T12:08:07.754+0000] {dag.py:3677} INFO - Setting next_dagrun for tutorial_taskflow_api to None, run_after=None
[2025-01-23T12:08:07.767+0000] {processor.py:179} INFO - Processing /home/airflow/.local/lib/python3.8/site-packages/airflow/example_dags/tutorial_taskflow_api.py took 0.042 seconds
[2025-01-23T12:08:37.929+0000] {processor.py:157} INFO - Started process (PID=1094) to work on /home/airflow/.local/lib/python3.8/site-packages/airflow/example_dags/tutorial_taskflow_api.py
[2025-01-23T12:08:37.930+0000] {processor.py:829} INFO - Processing file /home/airflow/.local/lib/python3.8/site-packages/airflow/example_dags/tutorial_taskflow_api.py for tasks to queue
[2025-01-23T12:08:37.931+0000] {logging_mixin.py:151} INFO - [2025-01-23T12:08:37.931+0000] {dagbag.py:539} INFO - Filling up the DagBag from /home/airflow/.local/lib/python3.8/site-packages/airflow/example_dags/tutorial_taskflow_api.py
[2025-01-23T12:08:37.937+0000] {processor.py:839} INFO - DAG(s) dict_keys(['tutorial_taskflow_api']) retrieved from /home/airflow/.local/lib/python3.8/site-packages/airflow/example_dags/tutorial_taskflow_api.py
[2025-01-23T12:08:37.953+0000] {logging_mixin.py:151} INFO - [2025-01-23T12:08:37.952+0000] {dag.py:2907} INFO - Sync 1 DAGs
[2025-01-23T12:08:37.963+0000] {logging_mixin.py:151} INFO - [2025-01-23T12:08:37.963+0000] {dag.py:3677} INFO - Setting next_dagrun for tutorial_taskflow_api to None, run_after=None
[2025-01-23T12:08:37.980+0000] {processor.py:179} INFO - Processing /home/airflow/.local/lib/python3.8/site-packages/airflow/example_dags/tutorial_taskflow_api.py took 0.053 seconds
[2025-01-23T12:09:09.105+0000] {processor.py:157} INFO - Started process (PID=1337) to work on /home/airflow/.local/lib/python3.8/site-packages/airflow/example_dags/tutorial_taskflow_api.py
[2025-01-23T12:09:09.106+0000] {processor.py:829} INFO - Processing file /home/airflow/.local/lib/python3.8/site-packages/airflow/example_dags/tutorial_taskflow_api.py for tasks to queue
[2025-01-23T12:09:09.107+0000] {logging_mixin.py:151} INFO - [2025-01-23T12:09:09.107+0000] {dagbag.py:539} INFO - Filling up the DagBag from /home/airflow/.local/lib/python3.8/site-packages/airflow/example_dags/tutorial_taskflow_api.py
[2025-01-23T12:09:09.112+0000] {processor.py:839} INFO - DAG(s) dict_keys(['tutorial_taskflow_api']) retrieved from /home/airflow/.local/lib/python3.8/site-packages/airflow/example_dags/tutorial_taskflow_api.py
[2025-01-23T12:09:09.129+0000] {logging_mixin.py:151} INFO - [2025-01-23T12:09:09.129+0000] {dag.py:2907} INFO - Sync 1 DAGs
[2025-01-23T12:09:09.140+0000] {logging_mixin.py:151} INFO - [2025-01-23T12:09:09.139+0000] {dag.py:3677} INFO - Setting next_dagrun for tutorial_taskflow_api to None, run_after=None
[2025-01-23T12:09:09.158+0000] {processor.py:179} INFO - Processing /home/airflow/.local/lib/python3.8/site-packages/airflow/example_dags/tutorial_taskflow_api.py took 0.055 seconds
[2025-01-23T12:09:39.215+0000] {processor.py:157} INFO - Started process (PID=1580) to work on /home/airflow/.local/lib/python3.8/site-packages/airflow/example_dags/tutorial_taskflow_api.py
[2025-01-23T12:09:39.216+0000] {processor.py:829} INFO - Processing file /home/airflow/.local/lib/python3.8/site-packages/airflow/example_dags/tutorial_taskflow_api.py for tasks to queue
[2025-01-23T12:09:39.217+0000] {logging_mixin.py:151} INFO - [2025-01-23T12:09:39.216+0000] {dagbag.py:539} INFO - Filling up the DagBag from /home/airflow/.local/lib/python3.8/site-packages/airflow/example_dags/tutorial_taskflow_api.py
[2025-01-23T12:09:39.221+0000] {processor.py:839} INFO - DAG(s) dict_keys(['tutorial_taskflow_api']) retrieved from /home/airflow/.local/lib/python3.8/site-packages/airflow/example_dags/tutorial_taskflow_api.py
[2025-01-23T12:09:39.236+0000] {logging_mixin.py:151} INFO - [2025-01-23T12:09:39.236+0000] {dag.py:2907} INFO - Sync 1 DAGs
[2025-01-23T12:09:39.244+0000] {logging_mixin.py:151} INFO - [2025-01-23T12:09:39.244+0000] {dag.py:3677} INFO - Setting next_dagrun for tutorial_taskflow_api to None, run_after=None
[2025-01-23T12:09:39.259+0000] {processor.py:179} INFO - Processing /home/airflow/.local/lib/python3.8/site-packages/airflow/example_dags/tutorial_taskflow_api.py took 0.045 seconds
[2025-01-23T12:10:10.559+0000] {processor.py:157} INFO - Started process (PID=1825) to work on /home/airflow/.local/lib/python3.8/site-packages/airflow/example_dags/tutorial_taskflow_api.py
[2025-01-23T12:10:10.560+0000] {processor.py:829} INFO - Processing file /home/airflow/.local/lib/python3.8/site-packages/airflow/example_dags/tutorial_taskflow_api.py for tasks to queue
[2025-01-23T12:10:10.561+0000] {logging_mixin.py:151} INFO - [2025-01-23T12:10:10.561+0000] {dagbag.py:539} INFO - Filling up the DagBag from /home/airflow/.local/lib/python3.8/site-packages/airflow/example_dags/tutorial_taskflow_api.py
[2025-01-23T12:10:10.567+0000] {processor.py:839} INFO - DAG(s) dict_keys(['tutorial_taskflow_api']) retrieved from /home/airflow/.local/lib/python3.8/site-packages/airflow/example_dags/tutorial_taskflow_api.py
[2025-01-23T12:10:10.583+0000] {logging_mixin.py:151} INFO - [2025-01-23T12:10:10.583+0000] {dag.py:2907} INFO - Sync 1 DAGs
[2025-01-23T12:10:10.592+0000] {logging_mixin.py:151} INFO - [2025-01-23T12:10:10.591+0000] {dag.py:3677} INFO - Setting next_dagrun for tutorial_taskflow_api to None, run_after=None
[2025-01-23T12:10:10.611+0000] {processor.py:179} INFO - Processing /home/airflow/.local/lib/python3.8/site-packages/airflow/example_dags/tutorial_taskflow_api.py took 0.053 seconds
[2025-01-23T12:10:41.142+0000] {processor.py:157} INFO - Started process (PID=2068) to work on /home/airflow/.local/lib/python3.8/site-packages/airflow/example_dags/tutorial_taskflow_api.py
[2025-01-23T12:10:41.143+0000] {processor.py:829} INFO - Processing file /home/airflow/.local/lib/python3.8/site-packages/airflow/example_dags/tutorial_taskflow_api.py for tasks to queue
[2025-01-23T12:10:41.144+0000] {logging_mixin.py:151} INFO - [2025-01-23T12:10:41.144+0000] {dagbag.py:539} INFO - Filling up the DagBag from /home/airflow/.local/lib/python3.8/site-packages/airflow/example_dags/tutorial_taskflow_api.py
[2025-01-23T12:10:41.149+0000] {processor.py:839} INFO - DAG(s) dict_keys(['tutorial_taskflow_api']) retrieved from /home/airflow/.local/lib/python3.8/site-packages/airflow/example_dags/tutorial_taskflow_api.py
[2025-01-23T12:10:41.167+0000] {logging_mixin.py:151} INFO - [2025-01-23T12:10:41.167+0000] {dag.py:2907} INFO - Sync 1 DAGs
[2025-01-23T12:10:41.175+0000] {logging_mixin.py:151} INFO - [2025-01-23T12:10:41.175+0000] {dag.py:3677} INFO - Setting next_dagrun for tutorial_taskflow_api to None, run_after=None
[2025-01-23T12:10:41.189+0000] {processor.py:179} INFO - Processing /home/airflow/.local/lib/python3.8/site-packages/airflow/example_dags/tutorial_taskflow_api.py took 0.050 seconds
[2025-01-23T12:11:11.494+0000] {processor.py:157} INFO - Started process (PID=2311) to work on /home/airflow/.local/lib/python3.8/site-packages/airflow/example_dags/tutorial_taskflow_api.py
[2025-01-23T12:11:11.495+0000] {processor.py:829} INFO - Processing file /home/airflow/.local/lib/python3.8/site-packages/airflow/example_dags/tutorial_taskflow_api.py for tasks to queue
[2025-01-23T12:11:11.495+0000] {logging_mixin.py:151} INFO - [2025-01-23T12:11:11.495+0000] {dagbag.py:539} INFO - Filling up the DagBag from /home/airflow/.local/lib/python3.8/site-packages/airflow/example_dags/tutorial_taskflow_api.py
[2025-01-23T12:11:11.500+0000] {processor.py:839} INFO - DAG(s) dict_keys(['tutorial_taskflow_api']) retrieved from /home/airflow/.local/lib/python3.8/site-packages/airflow/example_dags/tutorial_taskflow_api.py
[2025-01-23T12:11:11.517+0000] {logging_mixin.py:151} INFO - [2025-01-23T12:11:11.517+0000] {dag.py:2907} INFO - Sync 1 DAGs
[2025-01-23T12:11:11.525+0000] {logging_mixin.py:151} INFO - [2025-01-23T12:11:11.525+0000] {dag.py:3677} INFO - Setting next_dagrun for tutorial_taskflow_api to None, run_after=None
[2025-01-23T12:11:11.541+0000] {processor.py:179} INFO - Processing /home/airflow/.local/lib/python3.8/site-packages/airflow/example_dags/tutorial_taskflow_api.py took 0.049 seconds
