[2025-01-23T12:07:05.558+0000] {processor.py:157} INFO - Started process (PID=298) to work on /home/airflow/.local/lib/python3.8/site-packages/airflow/example_dags/tutorial_dag.py
[2025-01-23T12:07:05.559+0000] {processor.py:829} INFO - Processing file /home/airflow/.local/lib/python3.8/site-packages/airflow/example_dags/tutorial_dag.py for tasks to queue
[2025-01-23T12:07:05.560+0000] {logging_mixin.py:151} INFO - [2025-01-23T12:07:05.559+0000] {dagbag.py:539} INFO - Filling up the DagBag from /home/airflow/.local/lib/python3.8/site-packages/airflow/example_dags/tutorial_dag.py
[2025-01-23T12:07:05.566+0000] {processor.py:839} INFO - DAG(s) dict_keys(['tutorial_dag']) retrieved from /home/airflow/.local/lib/python3.8/site-packages/airflow/example_dags/tutorial_dag.py
[2025-01-23T12:07:05.582+0000] {logging_mixin.py:151} INFO - [2025-01-23T12:07:05.582+0000] {dag.py:2907} INFO - Sync 1 DAGs
[2025-01-23T12:07:05.600+0000] {logging_mixin.py:151} INFO - [2025-01-23T12:07:05.600+0000] {dag.py:3677} INFO - Setting next_dagrun for tutorial_dag to None, run_after=None
[2025-01-23T12:07:05.628+0000] {processor.py:179} INFO - Processing /home/airflow/.local/lib/python3.8/site-packages/airflow/example_dags/tutorial_dag.py took 0.072 seconds
[2025-01-23T12:07:35.832+0000] {processor.py:157} INFO - Started process (PID=540) to work on /home/airflow/.local/lib/python3.8/site-packages/airflow/example_dags/tutorial_dag.py
[2025-01-23T12:07:35.833+0000] {processor.py:829} INFO - Processing file /home/airflow/.local/lib/python3.8/site-packages/airflow/example_dags/tutorial_dag.py for tasks to queue
[2025-01-23T12:07:35.833+0000] {logging_mixin.py:151} INFO - [2025-01-23T12:07:35.833+0000] {dagbag.py:539} INFO - Filling up the DagBag from /home/airflow/.local/lib/python3.8/site-packages/airflow/example_dags/tutorial_dag.py
[2025-01-23T12:07:35.836+0000] {processor.py:839} INFO - DAG(s) dict_keys(['tutorial_dag']) retrieved from /home/airflow/.local/lib/python3.8/site-packages/airflow/example_dags/tutorial_dag.py
[2025-01-23T12:07:35.853+0000] {logging_mixin.py:151} INFO - [2025-01-23T12:07:35.853+0000] {dag.py:2907} INFO - Sync 1 DAGs
[2025-01-23T12:07:35.862+0000] {logging_mixin.py:151} INFO - [2025-01-23T12:07:35.862+0000] {dag.py:3677} INFO - Setting next_dagrun for tutorial_dag to None, run_after=None
[2025-01-23T12:07:35.880+0000] {processor.py:179} INFO - Processing /home/airflow/.local/lib/python3.8/site-packages/airflow/example_dags/tutorial_dag.py took 0.050 seconds
[2025-01-23T12:08:06.286+0000] {processor.py:157} INFO - Started process (PID=790) to work on /home/airflow/.local/lib/python3.8/site-packages/airflow/example_dags/tutorial_dag.py
[2025-01-23T12:08:06.286+0000] {processor.py:829} INFO - Processing file /home/airflow/.local/lib/python3.8/site-packages/airflow/example_dags/tutorial_dag.py for tasks to queue
[2025-01-23T12:08:06.287+0000] {logging_mixin.py:151} INFO - [2025-01-23T12:08:06.287+0000] {dagbag.py:539} INFO - Filling up the DagBag from /home/airflow/.local/lib/python3.8/site-packages/airflow/example_dags/tutorial_dag.py
[2025-01-23T12:08:06.290+0000] {processor.py:839} INFO - DAG(s) dict_keys(['tutorial_dag']) retrieved from /home/airflow/.local/lib/python3.8/site-packages/airflow/example_dags/tutorial_dag.py
[2025-01-23T12:08:06.305+0000] {logging_mixin.py:151} INFO - [2025-01-23T12:08:06.305+0000] {dag.py:2907} INFO - Sync 1 DAGs
[2025-01-23T12:08:06.312+0000] {logging_mixin.py:151} INFO - [2025-01-23T12:08:06.312+0000] {dag.py:3677} INFO - Setting next_dagrun for tutorial_dag to None, run_after=None
[2025-01-23T12:08:06.327+0000] {processor.py:179} INFO - Processing /home/airflow/.local/lib/python3.8/site-packages/airflow/example_dags/tutorial_dag.py took 0.044 seconds
[2025-01-23T12:08:37.388+0000] {processor.py:157} INFO - Started process (PID=1034) to work on /home/airflow/.local/lib/python3.8/site-packages/airflow/example_dags/tutorial_dag.py
[2025-01-23T12:08:37.389+0000] {processor.py:829} INFO - Processing file /home/airflow/.local/lib/python3.8/site-packages/airflow/example_dags/tutorial_dag.py for tasks to queue
[2025-01-23T12:08:37.390+0000] {logging_mixin.py:151} INFO - [2025-01-23T12:08:37.390+0000] {dagbag.py:539} INFO - Filling up the DagBag from /home/airflow/.local/lib/python3.8/site-packages/airflow/example_dags/tutorial_dag.py
[2025-01-23T12:08:37.393+0000] {processor.py:839} INFO - DAG(s) dict_keys(['tutorial_dag']) retrieved from /home/airflow/.local/lib/python3.8/site-packages/airflow/example_dags/tutorial_dag.py
[2025-01-23T12:08:37.411+0000] {logging_mixin.py:151} INFO - [2025-01-23T12:08:37.410+0000] {dag.py:2907} INFO - Sync 1 DAGs
[2025-01-23T12:08:37.418+0000] {logging_mixin.py:151} INFO - [2025-01-23T12:08:37.418+0000] {dag.py:3677} INFO - Setting next_dagrun for tutorial_dag to None, run_after=None
[2025-01-23T12:08:37.433+0000] {processor.py:179} INFO - Processing /home/airflow/.local/lib/python3.8/site-packages/airflow/example_dags/tutorial_dag.py took 0.048 seconds
[2025-01-23T12:09:08.597+0000] {processor.py:157} INFO - Started process (PID=1277) to work on /home/airflow/.local/lib/python3.8/site-packages/airflow/example_dags/tutorial_dag.py
[2025-01-23T12:09:08.598+0000] {processor.py:829} INFO - Processing file /home/airflow/.local/lib/python3.8/site-packages/airflow/example_dags/tutorial_dag.py for tasks to queue
[2025-01-23T12:09:08.599+0000] {logging_mixin.py:151} INFO - [2025-01-23T12:09:08.599+0000] {dagbag.py:539} INFO - Filling up the DagBag from /home/airflow/.local/lib/python3.8/site-packages/airflow/example_dags/tutorial_dag.py
[2025-01-23T12:09:08.602+0000] {processor.py:839} INFO - DAG(s) dict_keys(['tutorial_dag']) retrieved from /home/airflow/.local/lib/python3.8/site-packages/airflow/example_dags/tutorial_dag.py
[2025-01-23T12:09:08.622+0000] {logging_mixin.py:151} INFO - [2025-01-23T12:09:08.621+0000] {dag.py:2907} INFO - Sync 1 DAGs
[2025-01-23T12:09:08.631+0000] {logging_mixin.py:151} INFO - [2025-01-23T12:09:08.631+0000] {dag.py:3677} INFO - Setting next_dagrun for tutorial_dag to None, run_after=None
[2025-01-23T12:09:08.649+0000] {processor.py:179} INFO - Processing /home/airflow/.local/lib/python3.8/site-packages/airflow/example_dags/tutorial_dag.py took 0.054 seconds
[2025-01-23T12:09:38.712+0000] {processor.py:157} INFO - Started process (PID=1520) to work on /home/airflow/.local/lib/python3.8/site-packages/airflow/example_dags/tutorial_dag.py
[2025-01-23T12:09:38.713+0000] {processor.py:829} INFO - Processing file /home/airflow/.local/lib/python3.8/site-packages/airflow/example_dags/tutorial_dag.py for tasks to queue
[2025-01-23T12:09:38.714+0000] {logging_mixin.py:151} INFO - [2025-01-23T12:09:38.714+0000] {dagbag.py:539} INFO - Filling up the DagBag from /home/airflow/.local/lib/python3.8/site-packages/airflow/example_dags/tutorial_dag.py
[2025-01-23T12:09:38.717+0000] {processor.py:839} INFO - DAG(s) dict_keys(['tutorial_dag']) retrieved from /home/airflow/.local/lib/python3.8/site-packages/airflow/example_dags/tutorial_dag.py
[2025-01-23T12:09:38.733+0000] {logging_mixin.py:151} INFO - [2025-01-23T12:09:38.733+0000] {dag.py:2907} INFO - Sync 1 DAGs
[2025-01-23T12:09:38.740+0000] {logging_mixin.py:151} INFO - [2025-01-23T12:09:38.740+0000] {dag.py:3677} INFO - Setting next_dagrun for tutorial_dag to None, run_after=None
[2025-01-23T12:09:38.754+0000] {processor.py:179} INFO - Processing /home/airflow/.local/lib/python3.8/site-packages/airflow/example_dags/tutorial_dag.py took 0.044 seconds
[2025-01-23T12:10:10.015+0000] {processor.py:157} INFO - Started process (PID=1763) to work on /home/airflow/.local/lib/python3.8/site-packages/airflow/example_dags/tutorial_dag.py
[2025-01-23T12:10:10.015+0000] {processor.py:829} INFO - Processing file /home/airflow/.local/lib/python3.8/site-packages/airflow/example_dags/tutorial_dag.py for tasks to queue
[2025-01-23T12:10:10.016+0000] {logging_mixin.py:151} INFO - [2025-01-23T12:10:10.016+0000] {dagbag.py:539} INFO - Filling up the DagBag from /home/airflow/.local/lib/python3.8/site-packages/airflow/example_dags/tutorial_dag.py
[2025-01-23T12:10:10.020+0000] {processor.py:839} INFO - DAG(s) dict_keys(['tutorial_dag']) retrieved from /home/airflow/.local/lib/python3.8/site-packages/airflow/example_dags/tutorial_dag.py
[2025-01-23T12:10:10.039+0000] {logging_mixin.py:151} INFO - [2025-01-23T12:10:10.039+0000] {dag.py:2907} INFO - Sync 1 DAGs
[2025-01-23T12:10:10.049+0000] {logging_mixin.py:151} INFO - [2025-01-23T12:10:10.049+0000] {dag.py:3677} INFO - Setting next_dagrun for tutorial_dag to None, run_after=None
[2025-01-23T12:10:10.071+0000] {processor.py:179} INFO - Processing /home/airflow/.local/lib/python3.8/site-packages/airflow/example_dags/tutorial_dag.py took 0.059 seconds
[2025-01-23T12:10:40.440+0000] {processor.py:157} INFO - Started process (PID=2006) to work on /home/airflow/.local/lib/python3.8/site-packages/airflow/example_dags/tutorial_dag.py
[2025-01-23T12:10:40.442+0000] {processor.py:829} INFO - Processing file /home/airflow/.local/lib/python3.8/site-packages/airflow/example_dags/tutorial_dag.py for tasks to queue
[2025-01-23T12:10:40.444+0000] {logging_mixin.py:151} INFO - [2025-01-23T12:10:40.444+0000] {dagbag.py:539} INFO - Filling up the DagBag from /home/airflow/.local/lib/python3.8/site-packages/airflow/example_dags/tutorial_dag.py
[2025-01-23T12:10:40.452+0000] {processor.py:839} INFO - DAG(s) dict_keys(['tutorial_dag']) retrieved from /home/airflow/.local/lib/python3.8/site-packages/airflow/example_dags/tutorial_dag.py
[2025-01-23T12:10:40.482+0000] {logging_mixin.py:151} INFO - [2025-01-23T12:10:40.482+0000] {dag.py:2907} INFO - Sync 1 DAGs
[2025-01-23T12:10:40.492+0000] {logging_mixin.py:151} INFO - [2025-01-23T12:10:40.492+0000] {dag.py:3677} INFO - Setting next_dagrun for tutorial_dag to None, run_after=None
[2025-01-23T12:10:40.512+0000] {processor.py:179} INFO - Processing /home/airflow/.local/lib/python3.8/site-packages/airflow/example_dags/tutorial_dag.py took 0.078 seconds
[2025-01-23T12:11:10.926+0000] {processor.py:157} INFO - Started process (PID=2249) to work on /home/airflow/.local/lib/python3.8/site-packages/airflow/example_dags/tutorial_dag.py
[2025-01-23T12:11:10.927+0000] {processor.py:829} INFO - Processing file /home/airflow/.local/lib/python3.8/site-packages/airflow/example_dags/tutorial_dag.py for tasks to queue
[2025-01-23T12:11:10.928+0000] {logging_mixin.py:151} INFO - [2025-01-23T12:11:10.927+0000] {dagbag.py:539} INFO - Filling up the DagBag from /home/airflow/.local/lib/python3.8/site-packages/airflow/example_dags/tutorial_dag.py
[2025-01-23T12:11:10.931+0000] {processor.py:839} INFO - DAG(s) dict_keys(['tutorial_dag']) retrieved from /home/airflow/.local/lib/python3.8/site-packages/airflow/example_dags/tutorial_dag.py
[2025-01-23T12:11:10.950+0000] {logging_mixin.py:151} INFO - [2025-01-23T12:11:10.950+0000] {dag.py:2907} INFO - Sync 1 DAGs
[2025-01-23T12:11:10.958+0000] {logging_mixin.py:151} INFO - [2025-01-23T12:11:10.958+0000] {dag.py:3677} INFO - Setting next_dagrun for tutorial_dag to None, run_after=None
[2025-01-23T12:11:10.973+0000] {processor.py:179} INFO - Processing /home/airflow/.local/lib/python3.8/site-packages/airflow/example_dags/tutorial_dag.py took 0.049 seconds
